<?xml version="1.0" encoding="UTF-8"?>
<testsuite xmlns:xsi="http://www.w3.org/2001/XMLSchema-instance" xsi:noNamespaceSchemaLocation="https://maven.apache.org/surefire/maven-surefire-plugin/xsd/surefire-test-report-3.0.xsd" version="3.0" name="store.aurora.CouponRepositoryTest" time="5.23" tests="7" errors="0" skipped="0" failures="0">
  <properties>
    <property name="sonar.projectName" value="5rora-coupon-api"/>
    <property name="java.specification.version" value="21"/>
    <property name="sonar.host.url" value="http://133.186.241.167:9000"/>
    <property name="sun.jnu.encoding" value="UTF-8"/>
    <property name="java.class.path" value="/Users/asdf/5rora-coupon-api/target/test-classes:/Users/asdf/5rora-coupon-api/target/classes:/Users/asdf/.m2/repository/org/springframework/boot/spring-boot-starter-actuator/3.3.0/spring-boot-starter-actuator-3.3.0.jar:/Users/asdf/.m2/repository/org/springframework/boot/spring-boot-actuator-autoconfigure/3.3.0/spring-boot-actuator-autoconfigure-3.3.0.jar:/Users/asdf/.m2/repository/org/springframework/boot/spring-boot-actuator/3.3.0/spring-boot-actuator-3.3.0.jar:/Users/asdf/.m2/repository/com/fasterxml/jackson/core/jackson-databind/2.17.1/jackson-databind-2.17.1.jar:/Users/asdf/.m2/repository/com/fasterxml/jackson/datatype/jackson-datatype-jsr310/2.17.1/jackson-datatype-jsr310-2.17.1.jar:/Users/asdf/.m2/repository/io/micrometer/micrometer-observation/1.13.0/micrometer-observation-1.13.0.jar:/Users/asdf/.m2/repository/io/micrometer/micrometer-commons/1.13.0/micrometer-commons-1.13.0.jar:/Users/asdf/.m2/repository/io/micrometer/micrometer-jakarta9/1.13.0/micrometer-jakarta9-1.13.0.jar:/Users/asdf/.m2/repository/io/micrometer/micrometer-core/1.13.0/micrometer-core-1.13.0.jar:/Users/asdf/.m2/repository/org/hdrhistogram/HdrHistogram/2.2.1/HdrHistogram-2.2.1.jar:/Users/asdf/.m2/repository/org/latencyutils/LatencyUtils/2.0.3/LatencyUtils-2.0.3.jar:/Users/asdf/.m2/repository/ch/qos/logback/logback-classic/1.5.6/logback-classic-1.5.6.jar:/Users/asdf/.m2/repository/ch/qos/logback/logback-core/1.5.6/logback-core-1.5.6.jar:/Users/asdf/.m2/repository/org/slf4j/slf4j-api/2.0.13/slf4j-api-2.0.13.jar:/Users/asdf/.m2/repository/org/springframework/cloud/spring-cloud-starter-netflix-eureka-client/4.1.2/spring-cloud-starter-netflix-eureka-client-4.1.2.jar:/Users/asdf/.m2/repository/org/springframework/cloud/spring-cloud-starter/4.1.3/spring-cloud-starter-4.1.3.jar:/Users/asdf/.m2/repository/org/springframework/cloud/spring-cloud-context/4.1.3/spring-cloud-context-4.1.3.jar:/Users/asdf/.m2/repository/org/springframework/security/spring-security-rsa/1.1.3/spring-security-rsa-1.1.3.jar:/Users/asdf/.m2/repository/org/bouncycastle/bcprov-jdk18on/1.78/bcprov-jdk18on-1.78.jar:/Users/asdf/.m2/repository/org/springframework/cloud/spring-cloud-netflix-eureka-client/4.1.2/spring-cloud-netflix-eureka-client-4.1.2.jar:/Users/asdf/.m2/repository/org/apache/httpcomponents/client5/httpclient5/5.3.1/httpclient5-5.3.1.jar:/Users/asdf/.m2/repository/org/apache/httpcomponents/core5/httpcore5/5.2.4/httpcore5-5.2.4.jar:/Users/asdf/.m2/repository/org/apache/httpcomponents/core5/httpcore5-h2/5.2.4/httpcore5-h2-5.2.4.jar:/Users/asdf/.m2/repository/com/netflix/eureka/eureka-client/2.0.2/eureka-client-2.0.2.jar:/Users/asdf/.m2/repository/com/netflix/netflix-commons/netflix-eventbus/0.3.0/netflix-eventbus-0.3.0.jar:/Users/asdf/.m2/repository/com/netflix/netflix-commons/netflix-infix/0.3.0/netflix-infix-0.3.0.jar:/Users/asdf/.m2/repository/commons-jxpath/commons-jxpath/1.3/commons-jxpath-1.3.jar:/Users/asdf/.m2/repository/joda-time/joda-time/2.3/joda-time-2.3.jar:/Users/asdf/.m2/repository/org/antlr/antlr-runtime/3.4/antlr-runtime-3.4.jar:/Users/asdf/.m2/repository/org/antlr/stringtemplate/3.2.1/stringtemplate-3.2.1.jar:/Users/asdf/.m2/repository/antlr/antlr/2.7.7/antlr-2.7.7.jar:/Users/asdf/.m2/repository/com/google/code/gson/gson/2.10.1/gson-2.10.1.jar:/Users/asdf/.m2/repository/org/apache/commons/commons-math/2.2/commons-math-2.2.jar:/Users/asdf/.m2/repository/com/thoughtworks/xstream/xstream/1.4.19/xstream-1.4.19.jar:/Users/asdf/.m2/repository/io/github/x-stream/mxparser/1.2.2/mxparser-1.2.2.jar:/Users/asdf/.m2/repository/xmlpull/xmlpull/1.1.3.1/xmlpull-1.1.3.1.jar:/Users/asdf/.m2/repository/jakarta/ws/rs/jakarta.ws.rs-api/3.1.0/jakarta.ws.rs-api-3.1.0.jar:/Users/asdf/.m2/repository/jakarta/inject/jakarta.inject-api/2.0.1/jakarta.inject-api-2.0.1.jar:/Users/asdf/.m2/repository/com/netflix/servo/servo-core/0.12.21/servo-core-0.12.21.jar:/Users/asdf/.m2/repository/com/google/guava/guava/19.0/guava-19.0.jar:/Users/asdf/.m2/repository/commons-configuration/commons-configuration/1.10/commons-configuration-1.10.jar:/Users/asdf/.m2/repository/commons-lang/commons-lang/2.6/commons-lang-2.6.jar:/Users/asdf/.m2/repository/com/fasterxml/jackson/core/jackson-annotations/2.17.1/jackson-annotations-2.17.1.jar:/Users/asdf/.m2/repository/com/fasterxml/jackson/core/jackson-core/2.17.1/jackson-core-2.17.1.jar:/Users/asdf/.m2/repository/org/codehaus/jettison/jettison/1.5.4/jettison-1.5.4.jar:/Users/asdf/.m2/repository/com/netflix/eureka/eureka-core/2.0.2/eureka-core-2.0.2.jar:/Users/asdf/.m2/repository/com/fasterxml/woodstox/woodstox-core/6.2.1/woodstox-core-6.2.1.jar:/Users/asdf/.m2/repository/org/codehaus/woodstox/stax2-api/4.2.1/stax2-api-4.2.1.jar:/Users/asdf/.m2/repository/org/springframework/cloud/spring-cloud-starter-loadbalancer/4.1.3/spring-cloud-starter-loadbalancer-4.1.3.jar:/Users/asdf/.m2/repository/org/springframework/cloud/spring-cloud-loadbalancer/4.1.3/spring-cloud-loadbalancer-4.1.3.jar:/Users/asdf/.m2/repository/io/projectreactor/reactor-core/3.6.6/reactor-core-3.6.6.jar:/Users/asdf/.m2/repository/org/reactivestreams/reactive-streams/1.0.4/reactive-streams-1.0.4.jar:/Users/asdf/.m2/repository/io/projectreactor/addons/reactor-extra/3.5.1/reactor-extra-3.5.1.jar:/Users/asdf/.m2/repository/org/springframework/boot/spring-boot-starter-cache/3.3.0/spring-boot-starter-cache-3.3.0.jar:/Users/asdf/.m2/repository/org/springframework/spring-context-support/6.1.8/spring-context-support-6.1.8.jar:/Users/asdf/.m2/repository/com/stoyanr/evictor/1.0.0/evictor-1.0.0.jar:/Users/asdf/.m2/repository/org/springframework/cloud/spring-cloud-starter-openfeign/4.1.2/spring-cloud-starter-openfeign-4.1.2.jar:/Users/asdf/.m2/repository/org/springframework/cloud/spring-cloud-openfeign-core/4.1.2/spring-cloud-openfeign-core-4.1.2.jar:/Users/asdf/.m2/repository/io/github/openfeign/form/feign-form-spring/3.8.0/feign-form-spring-3.8.0.jar:/Users/asdf/.m2/repository/io/github/openfeign/form/feign-form/3.8.0/feign-form-3.8.0.jar:/Users/asdf/.m2/repository/commons-fileupload/commons-fileupload/1.5/commons-fileupload-1.5.jar:/Users/asdf/.m2/repository/commons-io/commons-io/2.11.0/commons-io-2.11.0.jar:/Users/asdf/.m2/repository/org/springframework/spring-web/6.1.8/spring-web-6.1.8.jar:/Users/asdf/.m2/repository/org/springframework/cloud/spring-cloud-commons/4.1.3/spring-cloud-commons-4.1.3.jar:/Users/asdf/.m2/repository/org/springframework/security/spring-security-crypto/6.3.0/spring-security-crypto-6.3.0.jar:/Users/asdf/.m2/repository/io/github/openfeign/feign-core/13.2.1/feign-core-13.2.1.jar:/Users/asdf/.m2/repository/io/github/openfeign/feign-slf4j/13.2.1/feign-slf4j-13.2.1.jar:/Users/asdf/.m2/repository/org/springframework/boot/spring-boot-starter-validation/3.3.0/spring-boot-starter-validation-3.3.0.jar:/Users/asdf/.m2/repository/org/apache/tomcat/embed/tomcat-embed-el/10.1.24/tomcat-embed-el-10.1.24.jar:/Users/asdf/.m2/repository/org/hibernate/validator/hibernate-validator/8.0.1.Final/hibernate-validator-8.0.1.Final.jar:/Users/asdf/.m2/repository/jakarta/validation/jakarta.validation-api/3.0.2/jakarta.validation-api-3.0.2.jar:/Users/asdf/.m2/repository/org/jboss/logging/jboss-logging/3.5.3.Final/jboss-logging-3.5.3.Final.jar:/Users/asdf/.m2/repository/com/fasterxml/classmate/1.7.0/classmate-1.7.0.jar:/Users/asdf/.m2/repository/org/springframework/spring-core/6.1.8/spring-core-6.1.8.jar:/Users/asdf/.m2/repository/org/springframework/spring-jcl/6.1.8/spring-jcl-6.1.8.jar:/Users/asdf/.m2/repository/org/springframework/spring-context/6.1.8/spring-context-6.1.8.jar:/Users/asdf/.m2/repository/org/springframework/spring-aop/6.1.8/spring-aop-6.1.8.jar:/Users/asdf/.m2/repository/org/springframework/spring-expression/6.1.8/spring-expression-6.1.8.jar:/Users/asdf/.m2/repository/org/springframework/spring-beans/6.1.8/spring-beans-6.1.8.jar:/Users/asdf/.m2/repository/org/springframework/boot/spring-boot-starter/3.3.0/spring-boot-starter-3.3.0.jar:/Users/asdf/.m2/repository/org/springframework/boot/spring-boot/3.3.0/spring-boot-3.3.0.jar:/Users/asdf/.m2/repository/org/springframework/boot/spring-boot-autoconfigure/3.3.0/spring-boot-autoconfigure-3.3.0.jar:/Users/asdf/.m2/repository/org/springframework/boot/spring-boot-starter-logging/3.3.0/spring-boot-starter-logging-3.3.0.jar:/Users/asdf/.m2/repository/org/apache/logging/log4j/log4j-to-slf4j/2.23.1/log4j-to-slf4j-2.23.1.jar:/Users/asdf/.m2/repository/org/apache/logging/log4j/log4j-api/2.23.1/log4j-api-2.23.1.jar:/Users/asdf/.m2/repository/org/slf4j/jul-to-slf4j/2.0.13/jul-to-slf4j-2.0.13.jar:/Users/asdf/.m2/repository/jakarta/annotation/jakarta.annotation-api/2.1.1/jakarta.annotation-api-2.1.1.jar:/Users/asdf/.m2/repository/org/yaml/snakeyaml/2.2/snakeyaml-2.2.jar:/Users/asdf/.m2/repository/org/springframework/boot/spring-boot-starter-web/3.3.0/spring-boot-starter-web-3.3.0.jar:/Users/asdf/.m2/repository/org/springframework/boot/spring-boot-starter-json/3.3.0/spring-boot-starter-json-3.3.0.jar:/Users/asdf/.m2/repository/com/fasterxml/jackson/datatype/jackson-datatype-jdk8/2.17.1/jackson-datatype-jdk8-2.17.1.jar:/Users/asdf/.m2/repository/com/fasterxml/jackson/module/jackson-module-parameter-names/2.17.1/jackson-module-parameter-names-2.17.1.jar:/Users/asdf/.m2/repository/org/springframework/boot/spring-boot-starter-tomcat/3.3.0/spring-boot-starter-tomcat-3.3.0.jar:/Users/asdf/.m2/repository/org/apache/tomcat/embed/tomcat-embed-core/10.1.24/tomcat-embed-core-10.1.24.jar:/Users/asdf/.m2/repository/org/apache/tomcat/embed/tomcat-embed-websocket/10.1.24/tomcat-embed-websocket-10.1.24.jar:/Users/asdf/.m2/repository/org/springframework/spring-webmvc/6.1.8/spring-webmvc-6.1.8.jar:/Users/asdf/.m2/repository/com/h2database/h2/2.2.224/h2-2.2.224.jar:/Users/asdf/.m2/repository/org/projectlombok/lombok/1.18.32/lombok-1.18.32.jar:/Users/asdf/.m2/repository/org/springframework/boot/spring-boot-starter-data-jpa/3.3.0/spring-boot-starter-data-jpa-3.3.0.jar:/Users/asdf/.m2/repository/org/springframework/boot/spring-boot-starter-aop/3.3.0/spring-boot-starter-aop-3.3.0.jar:/Users/asdf/.m2/repository/org/aspectj/aspectjweaver/1.9.22/aspectjweaver-1.9.22.jar:/Users/asdf/.m2/repository/org/springframework/boot/spring-boot-starter-jdbc/3.3.0/spring-boot-starter-jdbc-3.3.0.jar:/Users/asdf/.m2/repository/com/zaxxer/HikariCP/5.1.0/HikariCP-5.1.0.jar:/Users/asdf/.m2/repository/org/springframework/spring-jdbc/6.1.8/spring-jdbc-6.1.8.jar:/Users/asdf/.m2/repository/org/hibernate/orm/hibernate-core/6.5.2.Final/hibernate-core-6.5.2.Final.jar:/Users/asdf/.m2/repository/jakarta/persistence/jakarta.persistence-api/3.1.0/jakarta.persistence-api-3.1.0.jar:/Users/asdf/.m2/repository/jakarta/transaction/jakarta.transaction-api/2.0.1/jakarta.transaction-api-2.0.1.jar:/Users/asdf/.m2/repository/org/hibernate/common/hibernate-commons-annotations/6.0.6.Final/hibernate-commons-annotations-6.0.6.Final.jar:/Users/asdf/.m2/repository/io/smallrye/jandex/3.1.2/jandex-3.1.2.jar:/Users/asdf/.m2/repository/org/glassfish/jaxb/jaxb-runtime/4.0.5/jaxb-runtime-4.0.5.jar:/Users/asdf/.m2/repository/org/glassfish/jaxb/jaxb-core/4.0.5/jaxb-core-4.0.5.jar:/Users/asdf/.m2/repository/org/eclipse/angus/angus-activation/2.0.2/angus-activation-2.0.2.jar:/Users/asdf/.m2/repository/org/glassfish/jaxb/txw2/4.0.5/txw2-4.0.5.jar:/Users/asdf/.m2/repository/com/sun/istack/istack-commons-runtime/4.1.2/istack-commons-runtime-4.1.2.jar:/Users/asdf/.m2/repository/org/antlr/antlr4-runtime/4.13.0/antlr4-runtime-4.13.0.jar:/Users/asdf/.m2/repository/org/springframework/data/spring-data-jpa/3.3.0/spring-data-jpa-3.3.0.jar:/Users/asdf/.m2/repository/org/springframework/data/spring-data-commons/3.3.0/spring-data-commons-3.3.0.jar:/Users/asdf/.m2/repository/org/springframework/spring-orm/6.1.8/spring-orm-6.1.8.jar:/Users/asdf/.m2/repository/org/springframework/spring-tx/6.1.8/spring-tx-6.1.8.jar:/Users/asdf/.m2/repository/org/springframework/spring-aspects/6.1.8/spring-aspects-6.1.8.jar:/Users/asdf/.m2/repository/com/mysql/mysql-connector-j/8.0.32/mysql-connector-j-8.0.32.jar:/Users/asdf/.m2/repository/org/springframework/boot/spring-boot-starter-test/3.3.0/spring-boot-starter-test-3.3.0.jar:/Users/asdf/.m2/repository/org/springframework/boot/spring-boot-test/3.3.0/spring-boot-test-3.3.0.jar:/Users/asdf/.m2/repository/org/springframework/boot/spring-boot-test-autoconfigure/3.3.0/spring-boot-test-autoconfigure-3.3.0.jar:/Users/asdf/.m2/repository/com/jayway/jsonpath/json-path/2.9.0/json-path-2.9.0.jar:/Users/asdf/.m2/repository/jakarta/xml/bind/jakarta.xml.bind-api/4.0.2/jakarta.xml.bind-api-4.0.2.jar:/Users/asdf/.m2/repository/jakarta/activation/jakarta.activation-api/2.1.3/jakarta.activation-api-2.1.3.jar:/Users/asdf/.m2/repository/net/minidev/json-smart/2.5.1/json-smart-2.5.1.jar:/Users/asdf/.m2/repository/net/minidev/accessors-smart/2.5.1/accessors-smart-2.5.1.jar:/Users/asdf/.m2/repository/org/ow2/asm/asm/9.6/asm-9.6.jar:/Users/asdf/.m2/repository/org/assertj/assertj-core/3.25.3/assertj-core-3.25.3.jar:/Users/asdf/.m2/repository/org/awaitility/awaitility/4.2.1/awaitility-4.2.1.jar:/Users/asdf/.m2/repository/org/hamcrest/hamcrest/2.2/hamcrest-2.2.jar:/Users/asdf/.m2/repository/org/junit/jupiter/junit-jupiter/5.10.2/junit-jupiter-5.10.2.jar:/Users/asdf/.m2/repository/org/junit/jupiter/junit-jupiter-api/5.10.2/junit-jupiter-api-5.10.2.jar:/Users/asdf/.m2/repository/org/opentest4j/opentest4j/1.3.0/opentest4j-1.3.0.jar:/Users/asdf/.m2/repository/org/junit/platform/junit-platform-commons/1.10.2/junit-platform-commons-1.10.2.jar:/Users/asdf/.m2/repository/org/apiguardian/apiguardian-api/1.1.2/apiguardian-api-1.1.2.jar:/Users/asdf/.m2/repository/org/junit/jupiter/junit-jupiter-params/5.10.2/junit-jupiter-params-5.10.2.jar:/Users/asdf/.m2/repository/org/junit/jupiter/junit-jupiter-engine/5.10.2/junit-jupiter-engine-5.10.2.jar:/Users/asdf/.m2/repository/org/junit/platform/junit-platform-engine/1.10.2/junit-platform-engine-1.10.2.jar:/Users/asdf/.m2/repository/org/mockito/mockito-junit-jupiter/5.11.0/mockito-junit-jupiter-5.11.0.jar:/Users/asdf/.m2/repository/org/skyscreamer/jsonassert/1.5.1/jsonassert-1.5.1.jar:/Users/asdf/.m2/repository/com/vaadin/external/google/android-json/0.0.20131108.vaadin1/android-json-0.0.20131108.vaadin1.jar:/Users/asdf/.m2/repository/org/springframework/spring-test/6.1.8/spring-test-6.1.8.jar:/Users/asdf/.m2/repository/org/xmlunit/xmlunit-core/2.9.1/xmlunit-core-2.9.1.jar:/Users/asdf/.m2/repository/org/mockito/mockito-core/5.11.0/mockito-core-5.11.0.jar:/Users/asdf/.m2/repository/net/bytebuddy/byte-buddy/1.14.16/byte-buddy-1.14.16.jar:/Users/asdf/.m2/repository/org/objenesis/objenesis/3.3/objenesis-3.3.jar:/Users/asdf/.m2/repository/net/bytebuddy/byte-buddy-agent/1.14.16/byte-buddy-agent-1.14.16.jar:/Users/asdf/.m2/repository/com/toast/java/logncrash/logback/logncrash-java-sdk3/3.0.5/logncrash-java-sdk3-3.0.5.jar:/Users/asdf/.m2/repository/org/json/json/20240303/json-20240303.jar:/Users/asdf/.m2/repository/org/apache/httpcomponents/httpclient/4.5.14/httpclient-4.5.14.jar:/Users/asdf/.m2/repository/org/apache/httpcomponents/httpcore/4.4.16/httpcore-4.4.16.jar:/Users/asdf/.m2/repository/commons-logging/commons-logging/1.2/commons-logging-1.2.jar:/Users/asdf/.m2/repository/commons-codec/commons-codec/1.16.1/commons-codec-1.16.1.jar:"/>
    <property name="java.vm.vendor" value="Eclipse Adoptium"/>
    <property name="sun.arch.data.model" value="64"/>
    <property name="java.vendor.url" value="https://adoptium.net/"/>
    <property name="user.timezone" value="Asia/Seoul"/>
    <property name="org.jboss.logging.provider" value="slf4j"/>
    <property name="os.name" value="Mac OS X"/>
    <property name="java.vm.specification.version" value="21"/>
    <property name="sun.java.launcher" value="SUN_STANDARD"/>
    <property name="user.country" value="KR"/>
    <property name="sun.boot.library.path" value="/Library/Java/JavaVirtualMachines/temurin-21.jdk/Contents/Home/lib"/>
    <property name="sun.java.command" value="/Users/asdf/5rora-coupon-api/target/surefire/surefirebooter-20241224133402987_3.jar /Users/asdf/5rora-coupon-api/target/surefire 2024-12-24T13-34-02_839-jvmRun1 surefire-20241224133402987_1tmp surefire_0-20241224133402987_2tmp"/>
    <property name="http.nonProxyHosts" value="local|*.local|169.254/16|*.169.254/16"/>
    <property name="jdk.debug" value="release"/>
    <property name="surefire.test.class.path" value="/Users/asdf/5rora-coupon-api/target/test-classes:/Users/asdf/5rora-coupon-api/target/classes:/Users/asdf/.m2/repository/org/springframework/boot/spring-boot-starter-actuator/3.3.0/spring-boot-starter-actuator-3.3.0.jar:/Users/asdf/.m2/repository/org/springframework/boot/spring-boot-actuator-autoconfigure/3.3.0/spring-boot-actuator-autoconfigure-3.3.0.jar:/Users/asdf/.m2/repository/org/springframework/boot/spring-boot-actuator/3.3.0/spring-boot-actuator-3.3.0.jar:/Users/asdf/.m2/repository/com/fasterxml/jackson/core/jackson-databind/2.17.1/jackson-databind-2.17.1.jar:/Users/asdf/.m2/repository/com/fasterxml/jackson/datatype/jackson-datatype-jsr310/2.17.1/jackson-datatype-jsr310-2.17.1.jar:/Users/asdf/.m2/repository/io/micrometer/micrometer-observation/1.13.0/micrometer-observation-1.13.0.jar:/Users/asdf/.m2/repository/io/micrometer/micrometer-commons/1.13.0/micrometer-commons-1.13.0.jar:/Users/asdf/.m2/repository/io/micrometer/micrometer-jakarta9/1.13.0/micrometer-jakarta9-1.13.0.jar:/Users/asdf/.m2/repository/io/micrometer/micrometer-core/1.13.0/micrometer-core-1.13.0.jar:/Users/asdf/.m2/repository/org/hdrhistogram/HdrHistogram/2.2.1/HdrHistogram-2.2.1.jar:/Users/asdf/.m2/repository/org/latencyutils/LatencyUtils/2.0.3/LatencyUtils-2.0.3.jar:/Users/asdf/.m2/repository/ch/qos/logback/logback-classic/1.5.6/logback-classic-1.5.6.jar:/Users/asdf/.m2/repository/ch/qos/logback/logback-core/1.5.6/logback-core-1.5.6.jar:/Users/asdf/.m2/repository/org/slf4j/slf4j-api/2.0.13/slf4j-api-2.0.13.jar:/Users/asdf/.m2/repository/org/springframework/cloud/spring-cloud-starter-netflix-eureka-client/4.1.2/spring-cloud-starter-netflix-eureka-client-4.1.2.jar:/Users/asdf/.m2/repository/org/springframework/cloud/spring-cloud-starter/4.1.3/spring-cloud-starter-4.1.3.jar:/Users/asdf/.m2/repository/org/springframework/cloud/spring-cloud-context/4.1.3/spring-cloud-context-4.1.3.jar:/Users/asdf/.m2/repository/org/springframework/security/spring-security-rsa/1.1.3/spring-security-rsa-1.1.3.jar:/Users/asdf/.m2/repository/org/bouncycastle/bcprov-jdk18on/1.78/bcprov-jdk18on-1.78.jar:/Users/asdf/.m2/repository/org/springframework/cloud/spring-cloud-netflix-eureka-client/4.1.2/spring-cloud-netflix-eureka-client-4.1.2.jar:/Users/asdf/.m2/repository/org/apache/httpcomponents/client5/httpclient5/5.3.1/httpclient5-5.3.1.jar:/Users/asdf/.m2/repository/org/apache/httpcomponents/core5/httpcore5/5.2.4/httpcore5-5.2.4.jar:/Users/asdf/.m2/repository/org/apache/httpcomponents/core5/httpcore5-h2/5.2.4/httpcore5-h2-5.2.4.jar:/Users/asdf/.m2/repository/com/netflix/eureka/eureka-client/2.0.2/eureka-client-2.0.2.jar:/Users/asdf/.m2/repository/com/netflix/netflix-commons/netflix-eventbus/0.3.0/netflix-eventbus-0.3.0.jar:/Users/asdf/.m2/repository/com/netflix/netflix-commons/netflix-infix/0.3.0/netflix-infix-0.3.0.jar:/Users/asdf/.m2/repository/commons-jxpath/commons-jxpath/1.3/commons-jxpath-1.3.jar:/Users/asdf/.m2/repository/joda-time/joda-time/2.3/joda-time-2.3.jar:/Users/asdf/.m2/repository/org/antlr/antlr-runtime/3.4/antlr-runtime-3.4.jar:/Users/asdf/.m2/repository/org/antlr/stringtemplate/3.2.1/stringtemplate-3.2.1.jar:/Users/asdf/.m2/repository/antlr/antlr/2.7.7/antlr-2.7.7.jar:/Users/asdf/.m2/repository/com/google/code/gson/gson/2.10.1/gson-2.10.1.jar:/Users/asdf/.m2/repository/org/apache/commons/commons-math/2.2/commons-math-2.2.jar:/Users/asdf/.m2/repository/com/thoughtworks/xstream/xstream/1.4.19/xstream-1.4.19.jar:/Users/asdf/.m2/repository/io/github/x-stream/mxparser/1.2.2/mxparser-1.2.2.jar:/Users/asdf/.m2/repository/xmlpull/xmlpull/1.1.3.1/xmlpull-1.1.3.1.jar:/Users/asdf/.m2/repository/jakarta/ws/rs/jakarta.ws.rs-api/3.1.0/jakarta.ws.rs-api-3.1.0.jar:/Users/asdf/.m2/repository/jakarta/inject/jakarta.inject-api/2.0.1/jakarta.inject-api-2.0.1.jar:/Users/asdf/.m2/repository/com/netflix/servo/servo-core/0.12.21/servo-core-0.12.21.jar:/Users/asdf/.m2/repository/com/google/guava/guava/19.0/guava-19.0.jar:/Users/asdf/.m2/repository/commons-configuration/commons-configuration/1.10/commons-configuration-1.10.jar:/Users/asdf/.m2/repository/commons-lang/commons-lang/2.6/commons-lang-2.6.jar:/Users/asdf/.m2/repository/com/fasterxml/jackson/core/jackson-annotations/2.17.1/jackson-annotations-2.17.1.jar:/Users/asdf/.m2/repository/com/fasterxml/jackson/core/jackson-core/2.17.1/jackson-core-2.17.1.jar:/Users/asdf/.m2/repository/org/codehaus/jettison/jettison/1.5.4/jettison-1.5.4.jar:/Users/asdf/.m2/repository/com/netflix/eureka/eureka-core/2.0.2/eureka-core-2.0.2.jar:/Users/asdf/.m2/repository/com/fasterxml/woodstox/woodstox-core/6.2.1/woodstox-core-6.2.1.jar:/Users/asdf/.m2/repository/org/codehaus/woodstox/stax2-api/4.2.1/stax2-api-4.2.1.jar:/Users/asdf/.m2/repository/org/springframework/cloud/spring-cloud-starter-loadbalancer/4.1.3/spring-cloud-starter-loadbalancer-4.1.3.jar:/Users/asdf/.m2/repository/org/springframework/cloud/spring-cloud-loadbalancer/4.1.3/spring-cloud-loadbalancer-4.1.3.jar:/Users/asdf/.m2/repository/io/projectreactor/reactor-core/3.6.6/reactor-core-3.6.6.jar:/Users/asdf/.m2/repository/org/reactivestreams/reactive-streams/1.0.4/reactive-streams-1.0.4.jar:/Users/asdf/.m2/repository/io/projectreactor/addons/reactor-extra/3.5.1/reactor-extra-3.5.1.jar:/Users/asdf/.m2/repository/org/springframework/boot/spring-boot-starter-cache/3.3.0/spring-boot-starter-cache-3.3.0.jar:/Users/asdf/.m2/repository/org/springframework/spring-context-support/6.1.8/spring-context-support-6.1.8.jar:/Users/asdf/.m2/repository/com/stoyanr/evictor/1.0.0/evictor-1.0.0.jar:/Users/asdf/.m2/repository/org/springframework/cloud/spring-cloud-starter-openfeign/4.1.2/spring-cloud-starter-openfeign-4.1.2.jar:/Users/asdf/.m2/repository/org/springframework/cloud/spring-cloud-openfeign-core/4.1.2/spring-cloud-openfeign-core-4.1.2.jar:/Users/asdf/.m2/repository/io/github/openfeign/form/feign-form-spring/3.8.0/feign-form-spring-3.8.0.jar:/Users/asdf/.m2/repository/io/github/openfeign/form/feign-form/3.8.0/feign-form-3.8.0.jar:/Users/asdf/.m2/repository/commons-fileupload/commons-fileupload/1.5/commons-fileupload-1.5.jar:/Users/asdf/.m2/repository/commons-io/commons-io/2.11.0/commons-io-2.11.0.jar:/Users/asdf/.m2/repository/org/springframework/spring-web/6.1.8/spring-web-6.1.8.jar:/Users/asdf/.m2/repository/org/springframework/cloud/spring-cloud-commons/4.1.3/spring-cloud-commons-4.1.3.jar:/Users/asdf/.m2/repository/org/springframework/security/spring-security-crypto/6.3.0/spring-security-crypto-6.3.0.jar:/Users/asdf/.m2/repository/io/github/openfeign/feign-core/13.2.1/feign-core-13.2.1.jar:/Users/asdf/.m2/repository/io/github/openfeign/feign-slf4j/13.2.1/feign-slf4j-13.2.1.jar:/Users/asdf/.m2/repository/org/springframework/boot/spring-boot-starter-validation/3.3.0/spring-boot-starter-validation-3.3.0.jar:/Users/asdf/.m2/repository/org/apache/tomcat/embed/tomcat-embed-el/10.1.24/tomcat-embed-el-10.1.24.jar:/Users/asdf/.m2/repository/org/hibernate/validator/hibernate-validator/8.0.1.Final/hibernate-validator-8.0.1.Final.jar:/Users/asdf/.m2/repository/jakarta/validation/jakarta.validation-api/3.0.2/jakarta.validation-api-3.0.2.jar:/Users/asdf/.m2/repository/org/jboss/logging/jboss-logging/3.5.3.Final/jboss-logging-3.5.3.Final.jar:/Users/asdf/.m2/repository/com/fasterxml/classmate/1.7.0/classmate-1.7.0.jar:/Users/asdf/.m2/repository/org/springframework/spring-core/6.1.8/spring-core-6.1.8.jar:/Users/asdf/.m2/repository/org/springframework/spring-jcl/6.1.8/spring-jcl-6.1.8.jar:/Users/asdf/.m2/repository/org/springframework/spring-context/6.1.8/spring-context-6.1.8.jar:/Users/asdf/.m2/repository/org/springframework/spring-aop/6.1.8/spring-aop-6.1.8.jar:/Users/asdf/.m2/repository/org/springframework/spring-expression/6.1.8/spring-expression-6.1.8.jar:/Users/asdf/.m2/repository/org/springframework/spring-beans/6.1.8/spring-beans-6.1.8.jar:/Users/asdf/.m2/repository/org/springframework/boot/spring-boot-starter/3.3.0/spring-boot-starter-3.3.0.jar:/Users/asdf/.m2/repository/org/springframework/boot/spring-boot/3.3.0/spring-boot-3.3.0.jar:/Users/asdf/.m2/repository/org/springframework/boot/spring-boot-autoconfigure/3.3.0/spring-boot-autoconfigure-3.3.0.jar:/Users/asdf/.m2/repository/org/springframework/boot/spring-boot-starter-logging/3.3.0/spring-boot-starter-logging-3.3.0.jar:/Users/asdf/.m2/repository/org/apache/logging/log4j/log4j-to-slf4j/2.23.1/log4j-to-slf4j-2.23.1.jar:/Users/asdf/.m2/repository/org/apache/logging/log4j/log4j-api/2.23.1/log4j-api-2.23.1.jar:/Users/asdf/.m2/repository/org/slf4j/jul-to-slf4j/2.0.13/jul-to-slf4j-2.0.13.jar:/Users/asdf/.m2/repository/jakarta/annotation/jakarta.annotation-api/2.1.1/jakarta.annotation-api-2.1.1.jar:/Users/asdf/.m2/repository/org/yaml/snakeyaml/2.2/snakeyaml-2.2.jar:/Users/asdf/.m2/repository/org/springframework/boot/spring-boot-starter-web/3.3.0/spring-boot-starter-web-3.3.0.jar:/Users/asdf/.m2/repository/org/springframework/boot/spring-boot-starter-json/3.3.0/spring-boot-starter-json-3.3.0.jar:/Users/asdf/.m2/repository/com/fasterxml/jackson/datatype/jackson-datatype-jdk8/2.17.1/jackson-datatype-jdk8-2.17.1.jar:/Users/asdf/.m2/repository/com/fasterxml/jackson/module/jackson-module-parameter-names/2.17.1/jackson-module-parameter-names-2.17.1.jar:/Users/asdf/.m2/repository/org/springframework/boot/spring-boot-starter-tomcat/3.3.0/spring-boot-starter-tomcat-3.3.0.jar:/Users/asdf/.m2/repository/org/apache/tomcat/embed/tomcat-embed-core/10.1.24/tomcat-embed-core-10.1.24.jar:/Users/asdf/.m2/repository/org/apache/tomcat/embed/tomcat-embed-websocket/10.1.24/tomcat-embed-websocket-10.1.24.jar:/Users/asdf/.m2/repository/org/springframework/spring-webmvc/6.1.8/spring-webmvc-6.1.8.jar:/Users/asdf/.m2/repository/com/h2database/h2/2.2.224/h2-2.2.224.jar:/Users/asdf/.m2/repository/org/projectlombok/lombok/1.18.32/lombok-1.18.32.jar:/Users/asdf/.m2/repository/org/springframework/boot/spring-boot-starter-data-jpa/3.3.0/spring-boot-starter-data-jpa-3.3.0.jar:/Users/asdf/.m2/repository/org/springframework/boot/spring-boot-starter-aop/3.3.0/spring-boot-starter-aop-3.3.0.jar:/Users/asdf/.m2/repository/org/aspectj/aspectjweaver/1.9.22/aspectjweaver-1.9.22.jar:/Users/asdf/.m2/repository/org/springframework/boot/spring-boot-starter-jdbc/3.3.0/spring-boot-starter-jdbc-3.3.0.jar:/Users/asdf/.m2/repository/com/zaxxer/HikariCP/5.1.0/HikariCP-5.1.0.jar:/Users/asdf/.m2/repository/org/springframework/spring-jdbc/6.1.8/spring-jdbc-6.1.8.jar:/Users/asdf/.m2/repository/org/hibernate/orm/hibernate-core/6.5.2.Final/hibernate-core-6.5.2.Final.jar:/Users/asdf/.m2/repository/jakarta/persistence/jakarta.persistence-api/3.1.0/jakarta.persistence-api-3.1.0.jar:/Users/asdf/.m2/repository/jakarta/transaction/jakarta.transaction-api/2.0.1/jakarta.transaction-api-2.0.1.jar:/Users/asdf/.m2/repository/org/hibernate/common/hibernate-commons-annotations/6.0.6.Final/hibernate-commons-annotations-6.0.6.Final.jar:/Users/asdf/.m2/repository/io/smallrye/jandex/3.1.2/jandex-3.1.2.jar:/Users/asdf/.m2/repository/org/glassfish/jaxb/jaxb-runtime/4.0.5/jaxb-runtime-4.0.5.jar:/Users/asdf/.m2/repository/org/glassfish/jaxb/jaxb-core/4.0.5/jaxb-core-4.0.5.jar:/Users/asdf/.m2/repository/org/eclipse/angus/angus-activation/2.0.2/angus-activation-2.0.2.jar:/Users/asdf/.m2/repository/org/glassfish/jaxb/txw2/4.0.5/txw2-4.0.5.jar:/Users/asdf/.m2/repository/com/sun/istack/istack-commons-runtime/4.1.2/istack-commons-runtime-4.1.2.jar:/Users/asdf/.m2/repository/org/antlr/antlr4-runtime/4.13.0/antlr4-runtime-4.13.0.jar:/Users/asdf/.m2/repository/org/springframework/data/spring-data-jpa/3.3.0/spring-data-jpa-3.3.0.jar:/Users/asdf/.m2/repository/org/springframework/data/spring-data-commons/3.3.0/spring-data-commons-3.3.0.jar:/Users/asdf/.m2/repository/org/springframework/spring-orm/6.1.8/spring-orm-6.1.8.jar:/Users/asdf/.m2/repository/org/springframework/spring-tx/6.1.8/spring-tx-6.1.8.jar:/Users/asdf/.m2/repository/org/springframework/spring-aspects/6.1.8/spring-aspects-6.1.8.jar:/Users/asdf/.m2/repository/com/mysql/mysql-connector-j/8.0.32/mysql-connector-j-8.0.32.jar:/Users/asdf/.m2/repository/org/springframework/boot/spring-boot-starter-test/3.3.0/spring-boot-starter-test-3.3.0.jar:/Users/asdf/.m2/repository/org/springframework/boot/spring-boot-test/3.3.0/spring-boot-test-3.3.0.jar:/Users/asdf/.m2/repository/org/springframework/boot/spring-boot-test-autoconfigure/3.3.0/spring-boot-test-autoconfigure-3.3.0.jar:/Users/asdf/.m2/repository/com/jayway/jsonpath/json-path/2.9.0/json-path-2.9.0.jar:/Users/asdf/.m2/repository/jakarta/xml/bind/jakarta.xml.bind-api/4.0.2/jakarta.xml.bind-api-4.0.2.jar:/Users/asdf/.m2/repository/jakarta/activation/jakarta.activation-api/2.1.3/jakarta.activation-api-2.1.3.jar:/Users/asdf/.m2/repository/net/minidev/json-smart/2.5.1/json-smart-2.5.1.jar:/Users/asdf/.m2/repository/net/minidev/accessors-smart/2.5.1/accessors-smart-2.5.1.jar:/Users/asdf/.m2/repository/org/ow2/asm/asm/9.6/asm-9.6.jar:/Users/asdf/.m2/repository/org/assertj/assertj-core/3.25.3/assertj-core-3.25.3.jar:/Users/asdf/.m2/repository/org/awaitility/awaitility/4.2.1/awaitility-4.2.1.jar:/Users/asdf/.m2/repository/org/hamcrest/hamcrest/2.2/hamcrest-2.2.jar:/Users/asdf/.m2/repository/org/junit/jupiter/junit-jupiter/5.10.2/junit-jupiter-5.10.2.jar:/Users/asdf/.m2/repository/org/junit/jupiter/junit-jupiter-api/5.10.2/junit-jupiter-api-5.10.2.jar:/Users/asdf/.m2/repository/org/opentest4j/opentest4j/1.3.0/opentest4j-1.3.0.jar:/Users/asdf/.m2/repository/org/junit/platform/junit-platform-commons/1.10.2/junit-platform-commons-1.10.2.jar:/Users/asdf/.m2/repository/org/apiguardian/apiguardian-api/1.1.2/apiguardian-api-1.1.2.jar:/Users/asdf/.m2/repository/org/junit/jupiter/junit-jupiter-params/5.10.2/junit-jupiter-params-5.10.2.jar:/Users/asdf/.m2/repository/org/junit/jupiter/junit-jupiter-engine/5.10.2/junit-jupiter-engine-5.10.2.jar:/Users/asdf/.m2/repository/org/junit/platform/junit-platform-engine/1.10.2/junit-platform-engine-1.10.2.jar:/Users/asdf/.m2/repository/org/mockito/mockito-junit-jupiter/5.11.0/mockito-junit-jupiter-5.11.0.jar:/Users/asdf/.m2/repository/org/skyscreamer/jsonassert/1.5.1/jsonassert-1.5.1.jar:/Users/asdf/.m2/repository/com/vaadin/external/google/android-json/0.0.20131108.vaadin1/android-json-0.0.20131108.vaadin1.jar:/Users/asdf/.m2/repository/org/springframework/spring-test/6.1.8/spring-test-6.1.8.jar:/Users/asdf/.m2/repository/org/xmlunit/xmlunit-core/2.9.1/xmlunit-core-2.9.1.jar:/Users/asdf/.m2/repository/org/mockito/mockito-core/5.11.0/mockito-core-5.11.0.jar:/Users/asdf/.m2/repository/net/bytebuddy/byte-buddy/1.14.16/byte-buddy-1.14.16.jar:/Users/asdf/.m2/repository/org/objenesis/objenesis/3.3/objenesis-3.3.jar:/Users/asdf/.m2/repository/net/bytebuddy/byte-buddy-agent/1.14.16/byte-buddy-agent-1.14.16.jar:/Users/asdf/.m2/repository/com/toast/java/logncrash/logback/logncrash-java-sdk3/3.0.5/logncrash-java-sdk3-3.0.5.jar:/Users/asdf/.m2/repository/org/json/json/20240303/json-20240303.jar:/Users/asdf/.m2/repository/org/apache/httpcomponents/httpclient/4.5.14/httpclient-4.5.14.jar:/Users/asdf/.m2/repository/org/apache/httpcomponents/httpcore/4.4.16/httpcore-4.4.16.jar:/Users/asdf/.m2/repository/commons-logging/commons-logging/1.2/commons-logging-1.2.jar:/Users/asdf/.m2/repository/commons-codec/commons-codec/1.16.1/commons-codec-1.16.1.jar:"/>
    <property name="sun.cpu.endian" value="little"/>
    <property name="user.home" value="/Users/asdf"/>
    <property name="user.language" value="ko"/>
    <property name="java.specification.vendor" value="Oracle Corporation"/>
    <property name="java.version.date" value="2024-07-16"/>
    <property name="java.home" value="/Library/Java/JavaVirtualMachines/temurin-21.jdk/Contents/Home"/>
    <property name="file.separator" value="/"/>
    <property name="basedir" value="/Users/asdf/5rora-coupon-api"/>
    <property name="java.vm.compressedOopsMode" value="Zero based"/>
    <property name="line.separator" value="&#10;"/>
    <property name="java.vm.specification.vendor" value="Oracle Corporation"/>
    <property name="java.specification.name" value="Java Platform API Specification"/>
    <property name="FILE_LOG_CHARSET" value="UTF-8"/>
    <property name="java.awt.headless" value="true"/>
    <property name="apple.awt.application.name" value="ForkedBooter"/>
    <property name="surefire.real.class.path" value="/Users/asdf/5rora-coupon-api/target/surefire/surefirebooter-20241224133402987_3.jar"/>
    <property name="sun.management.compiler" value="HotSpot 64-Bit Tiered Compilers"/>
    <property name="ftp.nonProxyHosts" value="local|*.local|169.254/16|*.169.254/16"/>
    <property name="java.runtime.version" value="21.0.4+7-LTS"/>
    <property name="user.name" value="asdf"/>
    <property name="stdout.encoding" value="UTF-8"/>
    <property name="path.separator" value=":"/>
    <property name="os.version" value="15.1.1"/>
    <property name="java.runtime.name" value="OpenJDK Runtime Environment"/>
    <property name="file.encoding" value="UTF-8"/>
    <property name="java.vm.name" value="OpenJDK 64-Bit Server VM"/>
    <property name="java.vendor.version" value="Temurin-21.0.4+7"/>
    <property name="localRepository" value="/Users/asdf/.m2/repository"/>
    <property name="java.vendor.url.bug" value="https://github.com/adoptium/adoptium-support/issues"/>
    <property name="java.io.tmpdir" value="/var/folders/2w/25njghln2jg4jkb_c8_jvkbm0000gn/T/"/>
    <property name="sonar.token" value="sqp_3dcfb9d19ae0a177dddb11c782680e5ca834884b"/>
    <property name="com.zaxxer.hikari.pool_number" value="2"/>
    <property name="java.version" value="21.0.4"/>
    <property name="user.dir" value="/Users/asdf/5rora-coupon-api"/>
    <property name="os.arch" value="x86_64"/>
    <property name="java.vm.specification.name" value="Java Virtual Machine Specification"/>
    <property name="PID" value="39006"/>
    <property name="CONSOLE_LOG_CHARSET" value="UTF-8"/>
    <property name="native.encoding" value="UTF-8"/>
    <property name="sonar.projectKey" value="5rora-coupon-api"/>
    <property name="java.library.path" value="/Users/asdf/Library/Java/Extensions:/Library/Java/Extensions:/Network/Library/Java/Extensions:/System/Library/Java/Extensions:/usr/lib/java:."/>
    <property name="java.vm.info" value="mixed mode"/>
    <property name="stderr.encoding" value="UTF-8"/>
    <property name="java.vendor" value="Eclipse Adoptium"/>
    <property name="java.vm.version" value="21.0.4+7-LTS"/>
    <property name="sun.io.unicode.encoding" value="UnicodeBig"/>
    <property name="socksNonProxyHosts" value="local|*.local|169.254/16|*.169.254/16"/>
    <property name="java.class.version" value="65.0"/>
    <property name="LOGGED_APPLICATION_NAME" value="[coupon-api] "/>
  </properties>
  <testcase name="testFindByUserId" classname="store.aurora.CouponRepositoryTest" time="0.365">
    <system-out><![CDATA[2024-12-24 13:34:44 [main] &amp#27;[34mINFO &amp#27;[0;39m &amp#27;[36mo.s.t.c.s.AnnotationConfigContextLoaderUtils&amp#27;[0;39m - Could not detect default configuration classes for test class [store.aurora.CouponRepositoryTest]: CouponRepositoryTest does not declare any static, non-private, non-final, nested classes annotated with @Configuration.
2024-12-24 13:34:44 [main] &amp#27;[34mINFO &amp#27;[0;39m &amp#27;[36mo.s.b.t.c.SpringBootTestContextBootstrapper&amp#27;[0;39m - Found @SpringBootConfiguration store.aurora.CouponApplication for test class store.aurora.CouponRepositoryTest
[INFO] logback-appender close.
  .   ____          _            __ _ _
 /\\ / ___'_ __ _ _(_)_ __  __ _ \ \ \ \
( ( )\___ | '_ | '_| | '_ \/ _` | \ \ \ \
 \\/  ___)| |_)| | | | | || (_| |  ) ) ) )
  '  |____| .__|_| |_|_| |_\__, | / / / /
 =========|_|==============|___/=/_/_/_/

 :: Spring Boot ::                (v3.3.0)

2024-12-24 13:34:45 [main] &amp#27;[31mWARN &amp#27;[0;39m &amp#27;[36mo.s.b.t.j.DuplicateJsonObjectContextCustomizerFactory$DuplicateJsonObjectContextCustomizer&amp#27;[0;39m - 

Found multiple occurrences of org.json.JSONObject on the class path:

	jar:file:/Users/asdf/.m2/repository/com/vaadin/external/google/android-json/0.0.20131108.vaadin1/android-json-0.0.20131108.vaadin1.jar!/org/json/JSONObject.class
	jar:file:/Users/asdf/.m2/repository/org/json/json/20240303/json-20240303.jar!/org/json/JSONObject.class

You may wish to exclude one of them to ensure predictable runtime behavior

2024-12-24 13:34:45 [main] &amp#27;[34mINFO &amp#27;[0;39m &amp#27;[36mstore.aurora.CouponRepositoryTest&amp#27;[0;39m - Starting CouponRepositoryTest using Java 21.0.4 with PID 39006 (started by asdf in /Users/asdf/5rora-coupon-api)
2024-12-24 13:34:45 [main] &amp#27;[34mINFO &amp#27;[0;39m &amp#27;[36mstore.aurora.CouponRepositoryTest&amp#27;[0;39m - The following 1 profile is active: "dev"
2024-12-24 13:34:45 [main] &amp#27;[34mINFO &amp#27;[0;39m &amp#27;[36mo.s.d.r.c.RepositoryConfigurationDelegate&amp#27;[0;39m - Bootstrapping Spring Data JPA repositories in DEFAULT mode.
2024-12-24 13:34:45 [main] &amp#27;[34mINFO &amp#27;[0;39m &amp#27;[36mo.s.d.r.c.RepositoryConfigurationDelegate&amp#27;[0;39m - Finished Spring Data repository scanning in 29 ms. Found 5 JPA repository interfaces.
2024-12-24 13:34:45 [main] &amp#27;[34mINFO &amp#27;[0;39m &amp#27;[36mo.s.b.t.a.j.TestDatabaseAutoConfiguration$EmbeddedDataSourceBeanFactoryPostProcessor&amp#27;[0;39m - Replacing 'dataSource' DataSource bean with embedded version
2024-12-24 13:34:45 [main] &amp#27;[34mINFO &amp#27;[0;39m &amp#27;[36mo.s.j.d.e.EmbeddedDatabaseFactory&amp#27;[0;39m - Starting embedded database: url='jdbc:h2:mem:62a20106-f7c0-4309-80d0-de8dc9a5fc3c;DB_CLOSE_DELAY=-1;DB_CLOSE_ON_EXIT=false', username='sa'
2024-12-24 13:34:45 [main] &amp#27;[34mINFO &amp#27;[0;39m &amp#27;[36mo.h.jpa.internal.util.LogHelper&amp#27;[0;39m - HHH000204: Processing PersistenceUnitInfo [name: default]
2024-12-24 13:34:45 [main] &amp#27;[34mINFO &amp#27;[0;39m &amp#27;[36mo.h.c.i.RegionFactoryInitiator&amp#27;[0;39m - HHH000026: Second-level cache disabled
2024-12-24 13:34:45 [main] &amp#27;[34mINFO &amp#27;[0;39m &amp#27;[36mo.s.o.j.p.SpringPersistenceUnitInfo&amp#27;[0;39m - No LoadTimeWeaver setup: ignoring JPA class transformer
2024-12-24 13:34:46 [main] &amp#27;[34mINFO &amp#27;[0;39m &amp#27;[36mo.h.e.t.j.p.i.JtaPlatformInitiator&amp#27;[0;39m - HHH000489: No JTA platform available (set 'hibernate.transaction.jta.platform' to enable JTA platform integration)
&amp#27;[35m[Hibernate]&amp#27;[0m 
    &amp#27;[34mdrop&amp#27;[0m &amp#27;[34mtable&amp#27;[0m &amp#27;[34mif&amp#27;[0m &amp#27;[34mexists&amp#27;[0m book_policy &amp#27;[34mcascade&amp#27;[0m 
&amp#27;[35m[Hibernate]&amp#27;[0m 
    &amp#27;[34mdrop&amp#27;[0m &amp#27;[34mtable&amp#27;[0m &amp#27;[34mif&amp#27;[0m &amp#27;[34mexists&amp#27;[0m category_policy &amp#27;[34mcascade&amp#27;[0m 
&amp#27;[35m[Hibernate]&amp#27;[0m 
    &amp#27;[34mdrop&amp#27;[0m &amp#27;[34mtable&amp#27;[0m &amp#27;[34mif&amp#27;[0m &amp#27;[34mexists&amp#27;[0m coupon_policy &amp#27;[34mcascade&amp#27;[0m 
&amp#27;[35m[Hibernate]&amp#27;[0m 
    &amp#27;[34mdrop&amp#27;[0m &amp#27;[34mtable&amp#27;[0m &amp#27;[34mif&amp#27;[0m &amp#27;[34mexists&amp#27;[0m discount_rule &amp#27;[34mcascade&amp#27;[0m 
&amp#27;[35m[Hibernate]&amp#27;[0m 
    &amp#27;[34mdrop&amp#27;[0m &amp#27;[34mtable&amp#27;[0m &amp#27;[34mif&amp#27;[0m &amp#27;[34mexists&amp#27;[0m user_coupon &amp#27;[34mcascade&amp#27;[0m 
&amp#27;[35m[Hibernate]&amp#27;[0m 
    &amp#27;[34mcreate&amp#27;[0m &amp#27;[34mtable&amp#27;[0m book_policy (
        book_coupon &amp#27;[34mbigint&amp#27;[0m generated &amp#27;[34mby&amp#27;[0m &amp#27;[34mdefault&amp#27;[0m &amp#27;[34mas&amp#27;[0m &amp#27;[34midentity&amp#27;[0m,
        book_id &amp#27;[34mbigint&amp#27;[0m &amp#27;[34mnot&amp#27;[0m &amp#27;[34mnull&amp#27;[0m,
        policy_id &amp#27;[34mbigint&amp#27;[0m &amp#27;[34mnot&amp#27;[0m &amp#27;[34mnull&amp#27;[0m,
        &amp#27;[34mprimary&amp#27;[0m &amp#27;[34mkey&amp#27;[0m (book_coupon)
    )
&amp#27;[35m[Hibernate]&amp#27;[0m 
    &amp#27;[34mcreate&amp#27;[0m &amp#27;[34mtable&amp#27;[0m category_policy (
        category_coupon &amp#27;[34mbigint&amp#27;[0m generated &amp#27;[34mby&amp#27;[0m &amp#27;[34mdefault&amp#27;[0m &amp#27;[34mas&amp#27;[0m &amp#27;[34midentity&amp#27;[0m,
        category_id &amp#27;[34mbigint&amp#27;[0m &amp#27;[34mnot&amp#27;[0m &amp#27;[34mnull&amp#27;[0m,
        policy_id &amp#27;[34mbigint&amp#27;[0m &amp#27;[34mnot&amp#27;[0m &amp#27;[34mnull&amp#27;[0m,
        &amp#27;[34mprimary&amp#27;[0m &amp#27;[34mkey&amp#27;[0m (category_coupon)
    )
&amp#27;[35m[Hibernate]&amp#27;[0m 
    &amp#27;[34mcreate&amp#27;[0m &amp#27;[34mtable&amp#27;[0m coupon_policy (
        sale_type tinyint &amp#27;[34mnot&amp#27;[0m &amp#27;[34mnull&amp#27;[0m &amp#27;[34mcheck&amp#27;[0m (sale_type &amp#27;[34mbetween&amp#27;[0m 0 &amp#27;[34mand&amp#27;[0m 1),
        discount_id &amp#27;[34mbigint&amp#27;[0m &amp#27;[34mnot&amp#27;[0m &amp#27;[34mnull&amp#27;[0m,
        policy_id &amp#27;[34mbigint&amp#27;[0m generated &amp#27;[34mby&amp#27;[0m &amp#27;[34mdefault&amp#27;[0m &amp#27;[34mas&amp#27;[0m &amp#27;[34midentity&amp#27;[0m,
        policy_name &amp#27;[34mvarchar&amp#27;[0m(255) &amp#27;[34mnot&amp#27;[0m &amp#27;[34mnull&amp#27;[0m,
        &amp#27;[34mprimary&amp#27;[0m &amp#27;[34mkey&amp#27;[0m (policy_id)
    )
&amp#27;[35m[Hibernate]&amp#27;[0m 
    &amp#27;[34mcreate&amp#27;[0m &amp#27;[34mtable&amp#27;[0m discount_rule (
        max_sale &amp#27;[34minteger&amp#27;[0m,
        need_cost &amp#27;[34minteger&amp#27;[0m,
        sale_amount &amp#27;[34minteger&amp#27;[0m,
        sale_percent &amp#27;[34minteger&amp#27;[0m,
        discount_id &amp#27;[34mbigint&amp#27;[0m generated &amp#27;[34mby&amp#27;[0m &amp#27;[34mdefault&amp#27;[0m &amp#27;[34mas&amp#27;[0m &amp#27;[34midentity&amp#27;[0m,
        &amp#27;[34mprimary&amp#27;[0m &amp#27;[34mkey&amp#27;[0m (discount_id)
    )
&amp#27;[35m[Hibernate]&amp#27;[0m 
    &amp#27;[34mcreate&amp#27;[0m &amp#27;[34mtable&amp#27;[0m user_coupon (
        change_period &amp#27;[34mdate&amp#27;[0m,
        end_date &amp#27;[34mdate&amp#27;[0m,
        start_date &amp#27;[34mdate&amp#27;[0m &amp#27;[34mnot&amp#27;[0m &amp#27;[34mnull&amp#27;[0m,
        coupon_id &amp#27;[34mbigint&amp#27;[0m generated &amp#27;[34mby&amp#27;[0m &amp#27;[34mdefault&amp#27;[0m &amp#27;[34mas&amp#27;[0m &amp#27;[34midentity&amp#27;[0m,
        policy_id &amp#27;[34mbigint&amp#27;[0m &amp#27;[34mnot&amp#27;[0m &amp#27;[34mnull&amp#27;[0m,
        user_id &amp#27;[34mbigint&amp#27;[0m &amp#27;[34mnot&amp#27;[0m &amp#27;[34mnull&amp#27;[0m,
        coupon_state ENUM(&amp#27;[36m'LIVE'&amp#27;[0m, &amp#27;[36m'USED'&amp#27;[0m, &amp#27;[36m'TIMEOUT'&amp#27;[0m) &amp#27;[34mDEFAULT&amp#27;[0m &amp#27;[36m'LIVE'&amp#27;[0m,
        &amp#27;[34mprimary&amp#27;[0m &amp#27;[34mkey&amp#27;[0m (coupon_id)
    )
&amp#27;[35m[Hibernate]&amp#27;[0m 
    &amp#27;[34malter&amp#27;[0m &amp#27;[34mtable&amp#27;[0m &amp#27;[34mif&amp#27;[0m &amp#27;[34mexists&amp#27;[0m book_policy 
       &amp#27;[34madd&amp#27;[0m &amp#27;[34mconstraint&amp#27;[0m FKk3vq2qtftgngkusggcumqpn0r 
       &amp#27;[34mforeign&amp#27;[0m &amp#27;[34mkey&amp#27;[0m (policy_id) 
       &amp#27;[34mreferences&amp#27;[0m coupon_policy
&amp#27;[35m[Hibernate]&amp#27;[0m 
    &amp#27;[34malter&amp#27;[0m &amp#27;[34mtable&amp#27;[0m &amp#27;[34mif&amp#27;[0m &amp#27;[34mexists&amp#27;[0m category_policy 
       &amp#27;[34madd&amp#27;[0m &amp#27;[34mconstraint&amp#27;[0m FKkygve14cjq0cwdddrfmsix2r 
       &amp#27;[34mforeign&amp#27;[0m &amp#27;[34mkey&amp#27;[0m (policy_id) 
       &amp#27;[34mreferences&amp#27;[0m coupon_policy
&amp#27;[35m[Hibernate]&amp#27;[0m 
    &amp#27;[34malter&amp#27;[0m &amp#27;[34mtable&amp#27;[0m &amp#27;[34mif&amp#27;[0m &amp#27;[34mexists&amp#27;[0m coupon_policy 
       &amp#27;[34madd&amp#27;[0m &amp#27;[34mconstraint&amp#27;[0m FKr0ka0sjj7rugqusu99b6pfr6s 
       &amp#27;[34mforeign&amp#27;[0m &amp#27;[34mkey&amp#27;[0m (discount_id) 
       &amp#27;[34mreferences&amp#27;[0m discount_rule
&amp#27;[35m[Hibernate]&amp#27;[0m 
    &amp#27;[34malter&amp#27;[0m &amp#27;[34mtable&amp#27;[0m &amp#27;[34mif&amp#27;[0m &amp#27;[34mexists&amp#27;[0m user_coupon 
       &amp#27;[34madd&amp#27;[0m &amp#27;[34mconstraint&amp#27;[0m FKsamxnfsj7b3wwxyw5gt69sfe1 
       &amp#27;[34mforeign&amp#27;[0m &amp#27;[34mkey&amp#27;[0m (policy_id) 
       &amp#27;[34mreferences&amp#27;[0m coupon_policy
2024-12-24 13:34:46 [main] &amp#27;[34mINFO &amp#27;[0;39m &amp#27;[36mo.s.o.j.LocalContainerEntityManagerFactoryBean&amp#27;[0;39m - Initialized JPA EntityManagerFactory for persistence unit 'default'
2024-12-24 13:34:46 [main] &amp#27;[34mINFO &amp#27;[0;39m &amp#27;[36mo.s.d.j.r.query.QueryEnhancerFactory&amp#27;[0;39m - Hibernate is in classpath; If applicable, HQL parser will be used.
2024-12-24 13:34:48 [main] &amp#27;[34mINFO &amp#27;[0;39m &amp#27;[36mstore.aurora.CouponRepositoryTest&amp#27;[0;39m - Started CouponRepositoryTest in 3.584 seconds (process running for 45.352)
&amp#27;[35m[Hibernate]&amp#27;[0m 
    /* &amp#27;[34minsert&amp#27;[0m &amp#27;[34mfor&amp#27;[0m
        store.aurora.domain.DiscountRule */&amp#27;[34minsert&amp#27;[0m 
    &amp#27;[34minto&amp#27;[0m
        discount_rule (max_sale, need_cost, sale_amount, sale_percent, discount_id) 
    &amp#27;[34mvalues&amp#27;[0m
        (?, ?, ?, ?, &amp#27;[34mdefault&amp#27;[0m)
&amp#27;[35m[Hibernate]&amp#27;[0m 
    /* &amp#27;[34minsert&amp#27;[0m &amp#27;[34mfor&amp#27;[0m
        store.aurora.domain.CouponPolicy */&amp#27;[34minsert&amp#27;[0m 
    &amp#27;[34minto&amp#27;[0m
        coupon_policy (discount_id, policy_name, sale_type, policy_id) 
    &amp#27;[34mvalues&amp#27;[0m
        (?, ?, ?, &amp#27;[34mdefault&amp#27;[0m)
&amp#27;[35m[Hibernate]&amp#27;[0m 
    /* &amp#27;[34minsert&amp#27;[0m &amp#27;[34mfor&amp#27;[0m
        store.aurora.domain.UserCoupon */&amp#27;[34minsert&amp#27;[0m 
    &amp#27;[34minto&amp#27;[0m
        user_coupon (coupon_state, end_date, policy_id, start_date, change_period, user_id, coupon_id) 
    &amp#27;[34mvalues&amp#27;[0m
        (?, ?, ?, ?, ?, ?, &amp#27;[34mdefault&amp#27;[0m)
&amp#27;[35m[Hibernate]&amp#27;[0m 
    /* &amp#27;[34minsert&amp#27;[0m &amp#27;[34mfor&amp#27;[0m
        store.aurora.domain.UserCoupon */&amp#27;[34minsert&amp#27;[0m 
    &amp#27;[34minto&amp#27;[0m
        user_coupon (coupon_state, end_date, policy_id, start_date, change_period, user_id, coupon_id) 
    &amp#27;[34mvalues&amp#27;[0m
        (?, ?, ?, ?, ?, ?, &amp#27;[34mdefault&amp#27;[0m)
&amp#27;[35m[Hibernate]&amp#27;[0m 
    /* <criteria> */ &amp#27;[34mselect&amp#27;[0m
        uc1_0.coupon_id,
        uc1_0.coupon_state,
        uc1_0.end_date,
        uc1_0.policy_id,
        uc1_0.start_date,
        uc1_0.change_period,
        uc1_0.user_id 
    &amp#27;[34mfrom&amp#27;[0m
        user_coupon uc1_0 
    &amp#27;[34mwhere&amp#27;[0m
        uc1_0.user_id=?
]]></system-out>
  </testcase>
  <testcase name="testFindAvailableCoupons" classname="store.aurora.CouponRepositoryTest" time="0.062">
    <system-out><![CDATA[&amp#27;[35m[Hibernate]&amp#27;[0m 
    /* &amp#27;[34mSELECT&amp#27;[0m
        uc 
    &amp#27;[34mFROM&amp#27;[0m
        UserCoupon uc 
    &amp#27;[34mJOIN&amp#27;[0m
        uc.policy cp 
    &amp#27;[34mLEFT&amp#27;[0m &amp#27;[34mJOIN&amp#27;[0m
        cp.bookPolicies bp 
    &amp#27;[34mLEFT&amp#27;[0m &amp#27;[34mJOIN&amp#27;[0m
        cp.categoryPolicies cpCat 
    &amp#27;[34mWHERE&amp#27;[0m
        uc.userId = :userId 
        &amp#27;[34mAND&amp#27;[0m uc.couponState = &amp#27;[36m'LIVE'&amp#27;[0m 
        &amp#27;[34mAND&amp#27;[0m (
            (
                bp.bookId &amp#27;[34mIS&amp#27;[0m &amp#27;[34mNULL&amp#27;[0m 
                &amp#27;[34mOR&amp#27;[0m bp.bookId = :bookId
            )   
            &amp#27;[34mOR&amp#27;[0m   (
                cpCat.categoryId &amp#27;[34mIS&amp#27;[0m &amp#27;[34mNULL&amp#27;[0m 
                &amp#27;[34mOR&amp#27;[0m cpCat.categoryId &amp#27;[34mIN&amp#27;[0m :categoryIds
            ) 
        ) 
        &amp#27;[34mAND&amp#27;[0m (
            cp.discountRule.needCost &amp#27;[34mIS&amp#27;[0m &amp#27;[34mNULL&amp#27;[0m 
            &amp#27;[34mOR&amp#27;[0m cp.discountRule.needCost <= :totalPrice
        ) */ &amp#27;[34mselect&amp#27;[0m
            uc1_0.coupon_id,
            uc1_0.coupon_state,
            uc1_0.end_date,
            uc1_0.policy_id,
            uc1_0.start_date,
            uc1_0.change_period,
            uc1_0.user_id 
        &amp#27;[34mfrom&amp#27;[0m
            user_coupon uc1_0 
        &amp#27;[34mjoin&amp#27;[0m
            coupon_policy p1_0 
                &amp#27;[34mon&amp#27;[0m p1_0.policy_id=uc1_0.policy_id 
        &amp#27;[34mleft&amp#27;[0m &amp#27;[34mjoin&amp#27;[0m
            book_policy bp1_0 
                &amp#27;[34mon&amp#27;[0m p1_0.policy_id=bp1_0.policy_id 
        &amp#27;[34mleft&amp#27;[0m &amp#27;[34mjoin&amp#27;[0m
            category_policy cp1_0 
                &amp#27;[34mon&amp#27;[0m p1_0.policy_id=cp1_0.policy_id 
        &amp#27;[34mjoin&amp#27;[0m
            discount_rule dr1_0 
                &amp#27;[34mon&amp#27;[0m dr1_0.discount_id=p1_0.discount_id 
        &amp#27;[34mwhere&amp#27;[0m
            uc1_0.user_id=? 
            &amp#27;[34mand&amp#27;[0m uc1_0.coupon_state=&amp#27;[36m'LIVE'&amp#27;[0m 
            &amp#27;[34mand&amp#27;[0m (
                (
                    bp1_0.book_id &amp#27;[34mis&amp#27;[0m &amp#27;[34mnull&amp#27;[0m 
                    &amp#27;[34mor&amp#27;[0m bp1_0.book_id=?
                ) 
                &amp#27;[34mor&amp#27;[0m (
                    cp1_0.category_id &amp#27;[34mis&amp#27;[0m &amp#27;[34mnull&amp#27;[0m 
                    &amp#27;[34mor&amp#27;[0m cp1_0.category_id &amp#27;[34min&amp#27;[0m (?, ?)
                )
            ) 
            &amp#27;[34mand&amp#27;[0m (
                dr1_0.need_cost &amp#27;[34mis&amp#27;[0m &amp#27;[34mnull&amp#27;[0m 
                &amp#27;[34mor&amp#27;[0m dr1_0.need_cost<=?
            )
]]></system-out>
  </testcase>
  <testcase name="testUpdateCouponStateByUserIds" classname="store.aurora.CouponRepositoryTest" time="0.072">
    <system-out><![CDATA[&amp#27;[35m[Hibernate]&amp#27;[0m 
    /* &amp#27;[34mUPDATE&amp#27;[0m
        UserCoupon uc 
    &amp#27;[34mSET&amp#27;[0m
        uc.couponState = :couponState 
    &amp#27;[34mWHERE&amp#27;[0m
        uc.userId &amp#27;[34mIN&amp#27;[0m :userIds */ &amp#27;[34mupdate&amp#27;[0m user_coupon uc1_0 
    &amp#27;[34mset&amp#27;[0m
        coupon_state=? 
    &amp#27;[34mwhere&amp#27;[0m
        uc1_0.user_id &amp#27;[34min&amp#27;[0m (?, ?)
&amp#27;[35m[Hibernate]&amp#27;[0m 
    /* <criteria> */ &amp#27;[34mselect&amp#27;[0m
        uc1_0.coupon_id,
        uc1_0.coupon_state,
        uc1_0.end_date,
        uc1_0.policy_id,
        uc1_0.start_date,
        uc1_0.change_period,
        uc1_0.user_id 
    &amp#27;[34mfrom&amp#27;[0m
        user_coupon uc1_0 
    &amp#27;[34mwhere&amp#27;[0m
        uc1_0.user_id &amp#27;[34min&amp#27;[0m (?, ?)
]]></system-out>
  </testcase>
  <testcase name="testUpdateExpiredCoupons" classname="store.aurora.CouponRepositoryTest" time="0.042">
    <system-out><![CDATA[&amp#27;[35m[Hibernate]&amp#27;[0m 
    /* &amp#27;[34mUPDATE&amp#27;[0m
        UserCoupon u 
    &amp#27;[34mSET&amp#27;[0m
        u.couponState = &amp#27;[36m'timeout'&amp#27;[0m,
        u.usedDate = &amp#27;[34mCURRENT_DATE&amp#27;[0m 
    &amp#27;[34mWHERE&amp#27;[0m
        u.endDate < &amp#27;[34mCURRENT_DATE&amp#27;[0m 
        &amp#27;[34mAND&amp#27;[0m u.couponState = &amp#27;[36m'live'&amp#27;[0m */ &amp#27;[34mupdate&amp#27;[0m user_coupon uc1_0 
    &amp#27;[34mset&amp#27;[0m
        coupon_state=&amp#27;[36m'timeout'&amp#27;[0m,
        change_period=&amp#27;[34mcurrent_date&amp#27;[0m 
    &amp#27;[34mwhere&amp#27;[0m
        uc1_0.end_date<&amp#27;[34mcurrent_date&amp#27;[0m 
        &amp#27;[34mand&amp#27;[0m uc1_0.coupon_state=&amp#27;[36m'live'&amp#27;[0m
&amp#27;[35m[Hibernate]&amp#27;[0m 
    /* <criteria> */ &amp#27;[34mselect&amp#27;[0m
        uc1_0.coupon_id,
        uc1_0.coupon_state,
        uc1_0.end_date,
        uc1_0.policy_id,
        uc1_0.start_date,
        uc1_0.change_period,
        uc1_0.user_id 
    &amp#27;[34mfrom&amp#27;[0m
        user_coupon uc1_0
]]></system-out>
  </testcase>
  <testcase name="testUpdateCouponEndDateByUserIds" classname="store.aurora.CouponRepositoryTest" time="0.032">
    <system-out><![CDATA[&amp#27;[35m[Hibernate]&amp#27;[0m 
    /* &amp#27;[34mUPDATE&amp#27;[0m
        UserCoupon uc 
    &amp#27;[34mSET&amp#27;[0m
        uc.endDate = :endDate 
    &amp#27;[34mWHERE&amp#27;[0m
        uc.userId &amp#27;[34mIN&amp#27;[0m :userIds */ &amp#27;[34mupdate&amp#27;[0m user_coupon uc1_0 
    &amp#27;[34mset&amp#27;[0m
        end_date=? 
    &amp#27;[34mwhere&amp#27;[0m
        uc1_0.user_id &amp#27;[34min&amp#27;[0m (?, ?)
&amp#27;[35m[Hibernate]&amp#27;[0m 
    /* <criteria> */ &amp#27;[34mselect&amp#27;[0m
        uc1_0.coupon_id,
        uc1_0.coupon_state,
        uc1_0.end_date,
        uc1_0.policy_id,
        uc1_0.start_date,
        uc1_0.change_period,
        uc1_0.user_id 
    &amp#27;[34mfrom&amp#27;[0m
        user_coupon uc1_0 
    &amp#27;[34mwhere&amp#27;[0m
        uc1_0.coupon_id &amp#27;[34min&amp#27;[0m (?, ?)
]]></system-out>
  </testcase>
  <testcase name="testUpdateCouponPolicyByUserIds" classname="store.aurora.CouponRepositoryTest" time="0.037">
    <system-out><![CDATA[&amp#27;[35m[Hibernate]&amp#27;[0m 
    /* &amp#27;[34mUPDATE&amp#27;[0m
        UserCoupon uc 
    &amp#27;[34mSET&amp#27;[0m
        uc.policy = (&amp#27;[34mSELECT&amp#27;[0m
            p 
        &amp#27;[34mFROM&amp#27;[0m
            CouponPolicy p 
        &amp#27;[34mWHERE&amp#27;[0m
            p.id = :policyId) 
    &amp#27;[34mWHERE&amp#27;[0m
        uc.userId &amp#27;[34mIN&amp#27;[0m :userIds 
        &amp#27;[34mAND&amp#27;[0m &amp#27;[34mEXISTS&amp#27;[0m (&amp#27;[34mSELECT&amp#27;[0m
            1 
        &amp#27;[34mFROM&amp#27;[0m
            CouponPolicy p 
        &amp#27;[34mWHERE&amp#27;[0m
            p.id = :policyId) */ &amp#27;[34mupdate&amp#27;[0m user_coupon uc1_0 
    &amp#27;[34mset&amp#27;[0m
        policy_id=(&amp#27;[34mselect&amp#27;[0m
            cp1_0.policy_id 
        &amp#27;[34mfrom&amp#27;[0m
            coupon_policy cp1_0 
        &amp#27;[34mwhere&amp#27;[0m
            cp1_0.policy_id=?) 
    &amp#27;[34mwhere&amp#27;[0m
        uc1_0.user_id &amp#27;[34min&amp#27;[0m (?, ?) 
        &amp#27;[34mand&amp#27;[0m &amp#27;[34mexists&amp#27;[0m(&amp#27;[34mselect&amp#27;[0m
            1 
        &amp#27;[34mfrom&amp#27;[0m
            coupon_policy cp2_0 
        &amp#27;[34mwhere&amp#27;[0m
            cp2_0.policy_id=?)
&amp#27;[35m[Hibernate]&amp#27;[0m 
    /* <criteria> */ &amp#27;[34mselect&amp#27;[0m
        uc1_0.coupon_id,
        uc1_0.coupon_state,
        uc1_0.end_date,
        uc1_0.policy_id,
        uc1_0.start_date,
        uc1_0.change_period,
        uc1_0.user_id 
    &amp#27;[34mfrom&amp#27;[0m
        user_coupon uc1_0 
    &amp#27;[34mwhere&amp#27;[0m
        uc1_0.coupon_id &amp#27;[34min&amp#27;[0m (?, ?)
]]></system-out>
  </testcase>
  <testcase name="testDeleteExpiredCoupons" classname="store.aurora.CouponRepositoryTest" time="0.037">
    <system-out><![CDATA[&amp#27;[35m[Hibernate]&amp#27;[0m 
    /* &amp#27;[34mDELETE&amp#27;[0m 
    &amp#27;[34mFROM&amp#27;[0m
        UserCoupon u 
    &amp#27;[34mWHERE&amp#27;[0m
        u.couponState &amp#27;[34mIN&amp#27;[0m (:usedState, :timeoutState) 
        &amp#27;[34mAND&amp#27;[0m u.usedDate < :ninetyDaysAgo */ &amp#27;[34mdelete&amp#27;[0m 
    &amp#27;[34mfrom&amp#27;[0m
        user_coupon uc1_0 
    &amp#27;[34mwhere&amp#27;[0m
        uc1_0.coupon_state &amp#27;[34min&amp#27;[0m (?, ?) 
        &amp#27;[34mand&amp#27;[0m uc1_0.change_period<?
&amp#27;[35m[Hibernate]&amp#27;[0m 
    /* <criteria> */ &amp#27;[34mselect&amp#27;[0m
        uc1_0.coupon_id,
        uc1_0.coupon_state,
        uc1_0.end_date,
        uc1_0.policy_id,
        uc1_0.start_date,
        uc1_0.change_period,
        uc1_0.user_id 
    &amp#27;[34mfrom&amp#27;[0m
        user_coupon uc1_0
]]></system-out>
  </testcase>
</testsuite>