<?xml version="1.0" encoding="UTF-8"?>
<testsuite xmlns:xsi="http://www.w3.org/2001/XMLSchema-instance" xsi:noNamespaceSchemaLocation="https://maven.apache.org/surefire/maven-surefire-plugin/xsd/surefire-test-report-3.0.xsd" version="3.0" name="store.aurora.CouponRepositoryTest" time="11.429" tests="5" errors="0" skipped="0" failures="0">
  <properties>
    <property name="sonar.projectName" value="5rora-coupon-api"/>
    <property name="java.specification.version" value="21"/>
    <property name="sonar.host.url" value="http://133.186.241.167:9000"/>
    <property name="sun.jnu.encoding" value="UTF-8"/>
    <property name="java.class.path" value="/Users/asdf/5rora-coupon-api/target/test-classes:/Users/asdf/5rora-coupon-api/target/classes:/Users/asdf/.m2/repository/org/springframework/boot/spring-boot-starter-actuator/3.3.0/spring-boot-starter-actuator-3.3.0.jar:/Users/asdf/.m2/repository/org/springframework/boot/spring-boot-actuator-autoconfigure/3.3.0/spring-boot-actuator-autoconfigure-3.3.0.jar:/Users/asdf/.m2/repository/org/springframework/boot/spring-boot-actuator/3.3.0/spring-boot-actuator-3.3.0.jar:/Users/asdf/.m2/repository/com/fasterxml/jackson/core/jackson-databind/2.17.1/jackson-databind-2.17.1.jar:/Users/asdf/.m2/repository/com/fasterxml/jackson/datatype/jackson-datatype-jsr310/2.17.1/jackson-datatype-jsr310-2.17.1.jar:/Users/asdf/.m2/repository/io/micrometer/micrometer-observation/1.13.0/micrometer-observation-1.13.0.jar:/Users/asdf/.m2/repository/io/micrometer/micrometer-commons/1.13.0/micrometer-commons-1.13.0.jar:/Users/asdf/.m2/repository/io/micrometer/micrometer-jakarta9/1.13.0/micrometer-jakarta9-1.13.0.jar:/Users/asdf/.m2/repository/io/micrometer/micrometer-core/1.13.0/micrometer-core-1.13.0.jar:/Users/asdf/.m2/repository/org/hdrhistogram/HdrHistogram/2.2.1/HdrHistogram-2.2.1.jar:/Users/asdf/.m2/repository/org/latencyutils/LatencyUtils/2.0.3/LatencyUtils-2.0.3.jar:/Users/asdf/.m2/repository/ch/qos/logback/logback-classic/1.5.6/logback-classic-1.5.6.jar:/Users/asdf/.m2/repository/ch/qos/logback/logback-core/1.5.6/logback-core-1.5.6.jar:/Users/asdf/.m2/repository/org/slf4j/slf4j-api/2.0.13/slf4j-api-2.0.13.jar:/Users/asdf/.m2/repository/org/springframework/cloud/spring-cloud-starter-netflix-eureka-client/4.1.2/spring-cloud-starter-netflix-eureka-client-4.1.2.jar:/Users/asdf/.m2/repository/org/springframework/cloud/spring-cloud-starter/4.1.3/spring-cloud-starter-4.1.3.jar:/Users/asdf/.m2/repository/org/springframework/cloud/spring-cloud-context/4.1.3/spring-cloud-context-4.1.3.jar:/Users/asdf/.m2/repository/org/springframework/security/spring-security-rsa/1.1.3/spring-security-rsa-1.1.3.jar:/Users/asdf/.m2/repository/org/bouncycastle/bcprov-jdk18on/1.78/bcprov-jdk18on-1.78.jar:/Users/asdf/.m2/repository/org/springframework/cloud/spring-cloud-netflix-eureka-client/4.1.2/spring-cloud-netflix-eureka-client-4.1.2.jar:/Users/asdf/.m2/repository/org/apache/httpcomponents/client5/httpclient5/5.3.1/httpclient5-5.3.1.jar:/Users/asdf/.m2/repository/org/apache/httpcomponents/core5/httpcore5/5.2.4/httpcore5-5.2.4.jar:/Users/asdf/.m2/repository/org/apache/httpcomponents/core5/httpcore5-h2/5.2.4/httpcore5-h2-5.2.4.jar:/Users/asdf/.m2/repository/com/netflix/eureka/eureka-client/2.0.2/eureka-client-2.0.2.jar:/Users/asdf/.m2/repository/com/netflix/netflix-commons/netflix-eventbus/0.3.0/netflix-eventbus-0.3.0.jar:/Users/asdf/.m2/repository/com/netflix/netflix-commons/netflix-infix/0.3.0/netflix-infix-0.3.0.jar:/Users/asdf/.m2/repository/commons-jxpath/commons-jxpath/1.3/commons-jxpath-1.3.jar:/Users/asdf/.m2/repository/joda-time/joda-time/2.3/joda-time-2.3.jar:/Users/asdf/.m2/repository/org/antlr/antlr-runtime/3.4/antlr-runtime-3.4.jar:/Users/asdf/.m2/repository/org/antlr/stringtemplate/3.2.1/stringtemplate-3.2.1.jar:/Users/asdf/.m2/repository/antlr/antlr/2.7.7/antlr-2.7.7.jar:/Users/asdf/.m2/repository/com/google/code/gson/gson/2.10.1/gson-2.10.1.jar:/Users/asdf/.m2/repository/org/apache/commons/commons-math/2.2/commons-math-2.2.jar:/Users/asdf/.m2/repository/com/thoughtworks/xstream/xstream/1.4.19/xstream-1.4.19.jar:/Users/asdf/.m2/repository/io/github/x-stream/mxparser/1.2.2/mxparser-1.2.2.jar:/Users/asdf/.m2/repository/xmlpull/xmlpull/1.1.3.1/xmlpull-1.1.3.1.jar:/Users/asdf/.m2/repository/jakarta/ws/rs/jakarta.ws.rs-api/3.1.0/jakarta.ws.rs-api-3.1.0.jar:/Users/asdf/.m2/repository/jakarta/inject/jakarta.inject-api/2.0.1/jakarta.inject-api-2.0.1.jar:/Users/asdf/.m2/repository/com/netflix/servo/servo-core/0.12.21/servo-core-0.12.21.jar:/Users/asdf/.m2/repository/com/google/guava/guava/19.0/guava-19.0.jar:/Users/asdf/.m2/repository/org/apache/httpcomponents/httpclient/4.5.3/httpclient-4.5.3.jar:/Users/asdf/.m2/repository/org/apache/httpcomponents/httpcore/4.4.16/httpcore-4.4.16.jar:/Users/asdf/.m2/repository/commons-codec/commons-codec/1.16.1/commons-codec-1.16.1.jar:/Users/asdf/.m2/repository/commons-configuration/commons-configuration/1.10/commons-configuration-1.10.jar:/Users/asdf/.m2/repository/commons-lang/commons-lang/2.6/commons-lang-2.6.jar:/Users/asdf/.m2/repository/com/fasterxml/jackson/core/jackson-annotations/2.17.1/jackson-annotations-2.17.1.jar:/Users/asdf/.m2/repository/com/fasterxml/jackson/core/jackson-core/2.17.1/jackson-core-2.17.1.jar:/Users/asdf/.m2/repository/org/codehaus/jettison/jettison/1.5.4/jettison-1.5.4.jar:/Users/asdf/.m2/repository/com/netflix/eureka/eureka-core/2.0.2/eureka-core-2.0.2.jar:/Users/asdf/.m2/repository/com/fasterxml/woodstox/woodstox-core/6.2.1/woodstox-core-6.2.1.jar:/Users/asdf/.m2/repository/org/codehaus/woodstox/stax2-api/4.2.1/stax2-api-4.2.1.jar:/Users/asdf/.m2/repository/org/springframework/cloud/spring-cloud-starter-loadbalancer/4.1.3/spring-cloud-starter-loadbalancer-4.1.3.jar:/Users/asdf/.m2/repository/org/springframework/cloud/spring-cloud-loadbalancer/4.1.3/spring-cloud-loadbalancer-4.1.3.jar:/Users/asdf/.m2/repository/io/projectreactor/reactor-core/3.6.6/reactor-core-3.6.6.jar:/Users/asdf/.m2/repository/org/reactivestreams/reactive-streams/1.0.4/reactive-streams-1.0.4.jar:/Users/asdf/.m2/repository/io/projectreactor/addons/reactor-extra/3.5.1/reactor-extra-3.5.1.jar:/Users/asdf/.m2/repository/org/springframework/boot/spring-boot-starter-cache/3.3.0/spring-boot-starter-cache-3.3.0.jar:/Users/asdf/.m2/repository/org/springframework/spring-context-support/6.1.8/spring-context-support-6.1.8.jar:/Users/asdf/.m2/repository/com/stoyanr/evictor/1.0.0/evictor-1.0.0.jar:/Users/asdf/.m2/repository/org/springframework/cloud/spring-cloud-starter-openfeign/4.1.2/spring-cloud-starter-openfeign-4.1.2.jar:/Users/asdf/.m2/repository/org/springframework/cloud/spring-cloud-openfeign-core/4.1.2/spring-cloud-openfeign-core-4.1.2.jar:/Users/asdf/.m2/repository/io/github/openfeign/form/feign-form-spring/3.8.0/feign-form-spring-3.8.0.jar:/Users/asdf/.m2/repository/io/github/openfeign/form/feign-form/3.8.0/feign-form-3.8.0.jar:/Users/asdf/.m2/repository/commons-fileupload/commons-fileupload/1.5/commons-fileupload-1.5.jar:/Users/asdf/.m2/repository/commons-io/commons-io/2.11.0/commons-io-2.11.0.jar:/Users/asdf/.m2/repository/org/springframework/spring-web/6.1.8/spring-web-6.1.8.jar:/Users/asdf/.m2/repository/org/springframework/cloud/spring-cloud-commons/4.1.3/spring-cloud-commons-4.1.3.jar:/Users/asdf/.m2/repository/org/springframework/security/spring-security-crypto/6.3.0/spring-security-crypto-6.3.0.jar:/Users/asdf/.m2/repository/io/github/openfeign/feign-core/13.2.1/feign-core-13.2.1.jar:/Users/asdf/.m2/repository/io/github/openfeign/feign-slf4j/13.2.1/feign-slf4j-13.2.1.jar:/Users/asdf/.m2/repository/org/springframework/boot/spring-boot-starter-validation/3.3.0/spring-boot-starter-validation-3.3.0.jar:/Users/asdf/.m2/repository/org/apache/tomcat/embed/tomcat-embed-el/10.1.24/tomcat-embed-el-10.1.24.jar:/Users/asdf/.m2/repository/org/hibernate/validator/hibernate-validator/8.0.1.Final/hibernate-validator-8.0.1.Final.jar:/Users/asdf/.m2/repository/jakarta/validation/jakarta.validation-api/3.0.2/jakarta.validation-api-3.0.2.jar:/Users/asdf/.m2/repository/org/jboss/logging/jboss-logging/3.5.3.Final/jboss-logging-3.5.3.Final.jar:/Users/asdf/.m2/repository/com/fasterxml/classmate/1.7.0/classmate-1.7.0.jar:/Users/asdf/.m2/repository/org/springframework/spring-core/6.1.8/spring-core-6.1.8.jar:/Users/asdf/.m2/repository/org/springframework/spring-jcl/6.1.8/spring-jcl-6.1.8.jar:/Users/asdf/.m2/repository/org/springframework/spring-context/6.1.8/spring-context-6.1.8.jar:/Users/asdf/.m2/repository/org/springframework/spring-aop/6.1.8/spring-aop-6.1.8.jar:/Users/asdf/.m2/repository/org/springframework/spring-expression/6.1.8/spring-expression-6.1.8.jar:/Users/asdf/.m2/repository/org/springframework/spring-beans/6.1.8/spring-beans-6.1.8.jar:/Users/asdf/.m2/repository/org/springframework/boot/spring-boot-starter/3.3.0/spring-boot-starter-3.3.0.jar:/Users/asdf/.m2/repository/org/springframework/boot/spring-boot/3.3.0/spring-boot-3.3.0.jar:/Users/asdf/.m2/repository/org/springframework/boot/spring-boot-autoconfigure/3.3.0/spring-boot-autoconfigure-3.3.0.jar:/Users/asdf/.m2/repository/org/springframework/boot/spring-boot-starter-logging/3.3.0/spring-boot-starter-logging-3.3.0.jar:/Users/asdf/.m2/repository/org/apache/logging/log4j/log4j-to-slf4j/2.23.1/log4j-to-slf4j-2.23.1.jar:/Users/asdf/.m2/repository/org/apache/logging/log4j/log4j-api/2.23.1/log4j-api-2.23.1.jar:/Users/asdf/.m2/repository/org/slf4j/jul-to-slf4j/2.0.13/jul-to-slf4j-2.0.13.jar:/Users/asdf/.m2/repository/jakarta/annotation/jakarta.annotation-api/2.1.1/jakarta.annotation-api-2.1.1.jar:/Users/asdf/.m2/repository/org/yaml/snakeyaml/2.2/snakeyaml-2.2.jar:/Users/asdf/.m2/repository/org/springframework/boot/spring-boot-starter-web/3.3.0/spring-boot-starter-web-3.3.0.jar:/Users/asdf/.m2/repository/org/springframework/boot/spring-boot-starter-json/3.3.0/spring-boot-starter-json-3.3.0.jar:/Users/asdf/.m2/repository/com/fasterxml/jackson/datatype/jackson-datatype-jdk8/2.17.1/jackson-datatype-jdk8-2.17.1.jar:/Users/asdf/.m2/repository/com/fasterxml/jackson/module/jackson-module-parameter-names/2.17.1/jackson-module-parameter-names-2.17.1.jar:/Users/asdf/.m2/repository/org/springframework/boot/spring-boot-starter-tomcat/3.3.0/spring-boot-starter-tomcat-3.3.0.jar:/Users/asdf/.m2/repository/org/apache/tomcat/embed/tomcat-embed-core/10.1.24/tomcat-embed-core-10.1.24.jar:/Users/asdf/.m2/repository/org/apache/tomcat/embed/tomcat-embed-websocket/10.1.24/tomcat-embed-websocket-10.1.24.jar:/Users/asdf/.m2/repository/org/springframework/spring-webmvc/6.1.8/spring-webmvc-6.1.8.jar:/Users/asdf/.m2/repository/com/h2database/h2/2.2.224/h2-2.2.224.jar:/Users/asdf/.m2/repository/org/projectlombok/lombok/1.18.32/lombok-1.18.32.jar:/Users/asdf/.m2/repository/org/springframework/boot/spring-boot-starter-test/3.3.0/spring-boot-starter-test-3.3.0.jar:/Users/asdf/.m2/repository/org/springframework/boot/spring-boot-test/3.3.0/spring-boot-test-3.3.0.jar:/Users/asdf/.m2/repository/org/springframework/boot/spring-boot-test-autoconfigure/3.3.0/spring-boot-test-autoconfigure-3.3.0.jar:/Users/asdf/.m2/repository/com/jayway/jsonpath/json-path/2.9.0/json-path-2.9.0.jar:/Users/asdf/.m2/repository/jakarta/xml/bind/jakarta.xml.bind-api/4.0.2/jakarta.xml.bind-api-4.0.2.jar:/Users/asdf/.m2/repository/jakarta/activation/jakarta.activation-api/2.1.3/jakarta.activation-api-2.1.3.jar:/Users/asdf/.m2/repository/net/minidev/json-smart/2.5.1/json-smart-2.5.1.jar:/Users/asdf/.m2/repository/net/minidev/accessors-smart/2.5.1/accessors-smart-2.5.1.jar:/Users/asdf/.m2/repository/org/ow2/asm/asm/9.6/asm-9.6.jar:/Users/asdf/.m2/repository/org/assertj/assertj-core/3.25.3/assertj-core-3.25.3.jar:/Users/asdf/.m2/repository/net/bytebuddy/byte-buddy/1.14.16/byte-buddy-1.14.16.jar:/Users/asdf/.m2/repository/org/awaitility/awaitility/4.2.1/awaitility-4.2.1.jar:/Users/asdf/.m2/repository/org/hamcrest/hamcrest/2.2/hamcrest-2.2.jar:/Users/asdf/.m2/repository/org/junit/jupiter/junit-jupiter/5.10.2/junit-jupiter-5.10.2.jar:/Users/asdf/.m2/repository/org/junit/jupiter/junit-jupiter-api/5.10.2/junit-jupiter-api-5.10.2.jar:/Users/asdf/.m2/repository/org/opentest4j/opentest4j/1.3.0/opentest4j-1.3.0.jar:/Users/asdf/.m2/repository/org/junit/platform/junit-platform-commons/1.10.2/junit-platform-commons-1.10.2.jar:/Users/asdf/.m2/repository/org/apiguardian/apiguardian-api/1.1.2/apiguardian-api-1.1.2.jar:/Users/asdf/.m2/repository/org/junit/jupiter/junit-jupiter-params/5.10.2/junit-jupiter-params-5.10.2.jar:/Users/asdf/.m2/repository/org/junit/jupiter/junit-jupiter-engine/5.10.2/junit-jupiter-engine-5.10.2.jar:/Users/asdf/.m2/repository/org/junit/platform/junit-platform-engine/1.10.2/junit-platform-engine-1.10.2.jar:/Users/asdf/.m2/repository/org/mockito/mockito-core/5.11.0/mockito-core-5.11.0.jar:/Users/asdf/.m2/repository/org/objenesis/objenesis/3.3/objenesis-3.3.jar:/Users/asdf/.m2/repository/org/mockito/mockito-junit-jupiter/5.11.0/mockito-junit-jupiter-5.11.0.jar:/Users/asdf/.m2/repository/org/skyscreamer/jsonassert/1.5.1/jsonassert-1.5.1.jar:/Users/asdf/.m2/repository/com/vaadin/external/google/android-json/0.0.20131108.vaadin1/android-json-0.0.20131108.vaadin1.jar:/Users/asdf/.m2/repository/org/springframework/spring-test/6.1.8/spring-test-6.1.8.jar:/Users/asdf/.m2/repository/org/xmlunit/xmlunit-core/2.9.1/xmlunit-core-2.9.1.jar:/Users/asdf/.m2/repository/org/springframework/boot/spring-boot-starter-data-jpa/3.3.0/spring-boot-starter-data-jpa-3.3.0.jar:/Users/asdf/.m2/repository/org/springframework/boot/spring-boot-starter-aop/3.3.0/spring-boot-starter-aop-3.3.0.jar:/Users/asdf/.m2/repository/org/aspectj/aspectjweaver/1.9.22/aspectjweaver-1.9.22.jar:/Users/asdf/.m2/repository/org/springframework/boot/spring-boot-starter-jdbc/3.3.0/spring-boot-starter-jdbc-3.3.0.jar:/Users/asdf/.m2/repository/com/zaxxer/HikariCP/5.1.0/HikariCP-5.1.0.jar:/Users/asdf/.m2/repository/org/springframework/spring-jdbc/6.1.8/spring-jdbc-6.1.8.jar:/Users/asdf/.m2/repository/org/hibernate/orm/hibernate-core/6.5.2.Final/hibernate-core-6.5.2.Final.jar:/Users/asdf/.m2/repository/jakarta/persistence/jakarta.persistence-api/3.1.0/jakarta.persistence-api-3.1.0.jar:/Users/asdf/.m2/repository/jakarta/transaction/jakarta.transaction-api/2.0.1/jakarta.transaction-api-2.0.1.jar:/Users/asdf/.m2/repository/org/hibernate/common/hibernate-commons-annotations/6.0.6.Final/hibernate-commons-annotations-6.0.6.Final.jar:/Users/asdf/.m2/repository/io/smallrye/jandex/3.1.2/jandex-3.1.2.jar:/Users/asdf/.m2/repository/org/glassfish/jaxb/jaxb-runtime/4.0.5/jaxb-runtime-4.0.5.jar:/Users/asdf/.m2/repository/org/glassfish/jaxb/jaxb-core/4.0.5/jaxb-core-4.0.5.jar:/Users/asdf/.m2/repository/org/eclipse/angus/angus-activation/2.0.2/angus-activation-2.0.2.jar:/Users/asdf/.m2/repository/org/glassfish/jaxb/txw2/4.0.5/txw2-4.0.5.jar:/Users/asdf/.m2/repository/com/sun/istack/istack-commons-runtime/4.1.2/istack-commons-runtime-4.1.2.jar:/Users/asdf/.m2/repository/org/antlr/antlr4-runtime/4.13.0/antlr4-runtime-4.13.0.jar:/Users/asdf/.m2/repository/org/springframework/data/spring-data-jpa/3.3.0/spring-data-jpa-3.3.0.jar:/Users/asdf/.m2/repository/org/springframework/data/spring-data-commons/3.3.0/spring-data-commons-3.3.0.jar:/Users/asdf/.m2/repository/org/springframework/spring-orm/6.1.8/spring-orm-6.1.8.jar:/Users/asdf/.m2/repository/org/springframework/spring-tx/6.1.8/spring-tx-6.1.8.jar:/Users/asdf/.m2/repository/org/springframework/spring-aspects/6.1.8/spring-aspects-6.1.8.jar:/Users/asdf/.m2/repository/com/mysql/mysql-connector-j/8.0.32/mysql-connector-j-8.0.32.jar:/Users/asdf/.m2/repository/net/bytebuddy/byte-buddy-agent/1.14.16/byte-buddy-agent-1.14.16.jar:"/>
    <property name="java.vm.vendor" value="Eclipse Adoptium"/>
    <property name="sun.arch.data.model" value="64"/>
    <property name="java.vendor.url" value="https://adoptium.net/"/>
    <property name="user.timezone" value="Asia/Seoul"/>
    <property name="org.jboss.logging.provider" value="slf4j"/>
    <property name="os.name" value="Mac OS X"/>
    <property name="java.vm.specification.version" value="21"/>
    <property name="sun.java.launcher" value="SUN_STANDARD"/>
    <property name="user.country" value="KR"/>
    <property name="sun.boot.library.path" value="/Library/Java/JavaVirtualMachines/temurin-21.jdk/Contents/Home/lib"/>
    <property name="sun.java.command" value="/Users/asdf/5rora-coupon-api/target/surefire/surefirebooter-20241218103105729_3.jar /Users/asdf/5rora-coupon-api/target/surefire 2024-12-18T10-31-05_589-jvmRun1 surefire-20241218103105729_1tmp surefire_0-20241218103105729_2tmp"/>
    <property name="http.nonProxyHosts" value="local|*.local|169.254/16|*.169.254/16"/>
    <property name="jdk.debug" value="release"/>
    <property name="surefire.test.class.path" value="/Users/asdf/5rora-coupon-api/target/test-classes:/Users/asdf/5rora-coupon-api/target/classes:/Users/asdf/.m2/repository/org/springframework/boot/spring-boot-starter-actuator/3.3.0/spring-boot-starter-actuator-3.3.0.jar:/Users/asdf/.m2/repository/org/springframework/boot/spring-boot-actuator-autoconfigure/3.3.0/spring-boot-actuator-autoconfigure-3.3.0.jar:/Users/asdf/.m2/repository/org/springframework/boot/spring-boot-actuator/3.3.0/spring-boot-actuator-3.3.0.jar:/Users/asdf/.m2/repository/com/fasterxml/jackson/core/jackson-databind/2.17.1/jackson-databind-2.17.1.jar:/Users/asdf/.m2/repository/com/fasterxml/jackson/datatype/jackson-datatype-jsr310/2.17.1/jackson-datatype-jsr310-2.17.1.jar:/Users/asdf/.m2/repository/io/micrometer/micrometer-observation/1.13.0/micrometer-observation-1.13.0.jar:/Users/asdf/.m2/repository/io/micrometer/micrometer-commons/1.13.0/micrometer-commons-1.13.0.jar:/Users/asdf/.m2/repository/io/micrometer/micrometer-jakarta9/1.13.0/micrometer-jakarta9-1.13.0.jar:/Users/asdf/.m2/repository/io/micrometer/micrometer-core/1.13.0/micrometer-core-1.13.0.jar:/Users/asdf/.m2/repository/org/hdrhistogram/HdrHistogram/2.2.1/HdrHistogram-2.2.1.jar:/Users/asdf/.m2/repository/org/latencyutils/LatencyUtils/2.0.3/LatencyUtils-2.0.3.jar:/Users/asdf/.m2/repository/ch/qos/logback/logback-classic/1.5.6/logback-classic-1.5.6.jar:/Users/asdf/.m2/repository/ch/qos/logback/logback-core/1.5.6/logback-core-1.5.6.jar:/Users/asdf/.m2/repository/org/slf4j/slf4j-api/2.0.13/slf4j-api-2.0.13.jar:/Users/asdf/.m2/repository/org/springframework/cloud/spring-cloud-starter-netflix-eureka-client/4.1.2/spring-cloud-starter-netflix-eureka-client-4.1.2.jar:/Users/asdf/.m2/repository/org/springframework/cloud/spring-cloud-starter/4.1.3/spring-cloud-starter-4.1.3.jar:/Users/asdf/.m2/repository/org/springframework/cloud/spring-cloud-context/4.1.3/spring-cloud-context-4.1.3.jar:/Users/asdf/.m2/repository/org/springframework/security/spring-security-rsa/1.1.3/spring-security-rsa-1.1.3.jar:/Users/asdf/.m2/repository/org/bouncycastle/bcprov-jdk18on/1.78/bcprov-jdk18on-1.78.jar:/Users/asdf/.m2/repository/org/springframework/cloud/spring-cloud-netflix-eureka-client/4.1.2/spring-cloud-netflix-eureka-client-4.1.2.jar:/Users/asdf/.m2/repository/org/apache/httpcomponents/client5/httpclient5/5.3.1/httpclient5-5.3.1.jar:/Users/asdf/.m2/repository/org/apache/httpcomponents/core5/httpcore5/5.2.4/httpcore5-5.2.4.jar:/Users/asdf/.m2/repository/org/apache/httpcomponents/core5/httpcore5-h2/5.2.4/httpcore5-h2-5.2.4.jar:/Users/asdf/.m2/repository/com/netflix/eureka/eureka-client/2.0.2/eureka-client-2.0.2.jar:/Users/asdf/.m2/repository/com/netflix/netflix-commons/netflix-eventbus/0.3.0/netflix-eventbus-0.3.0.jar:/Users/asdf/.m2/repository/com/netflix/netflix-commons/netflix-infix/0.3.0/netflix-infix-0.3.0.jar:/Users/asdf/.m2/repository/commons-jxpath/commons-jxpath/1.3/commons-jxpath-1.3.jar:/Users/asdf/.m2/repository/joda-time/joda-time/2.3/joda-time-2.3.jar:/Users/asdf/.m2/repository/org/antlr/antlr-runtime/3.4/antlr-runtime-3.4.jar:/Users/asdf/.m2/repository/org/antlr/stringtemplate/3.2.1/stringtemplate-3.2.1.jar:/Users/asdf/.m2/repository/antlr/antlr/2.7.7/antlr-2.7.7.jar:/Users/asdf/.m2/repository/com/google/code/gson/gson/2.10.1/gson-2.10.1.jar:/Users/asdf/.m2/repository/org/apache/commons/commons-math/2.2/commons-math-2.2.jar:/Users/asdf/.m2/repository/com/thoughtworks/xstream/xstream/1.4.19/xstream-1.4.19.jar:/Users/asdf/.m2/repository/io/github/x-stream/mxparser/1.2.2/mxparser-1.2.2.jar:/Users/asdf/.m2/repository/xmlpull/xmlpull/1.1.3.1/xmlpull-1.1.3.1.jar:/Users/asdf/.m2/repository/jakarta/ws/rs/jakarta.ws.rs-api/3.1.0/jakarta.ws.rs-api-3.1.0.jar:/Users/asdf/.m2/repository/jakarta/inject/jakarta.inject-api/2.0.1/jakarta.inject-api-2.0.1.jar:/Users/asdf/.m2/repository/com/netflix/servo/servo-core/0.12.21/servo-core-0.12.21.jar:/Users/asdf/.m2/repository/com/google/guava/guava/19.0/guava-19.0.jar:/Users/asdf/.m2/repository/org/apache/httpcomponents/httpclient/4.5.3/httpclient-4.5.3.jar:/Users/asdf/.m2/repository/org/apache/httpcomponents/httpcore/4.4.16/httpcore-4.4.16.jar:/Users/asdf/.m2/repository/commons-codec/commons-codec/1.16.1/commons-codec-1.16.1.jar:/Users/asdf/.m2/repository/commons-configuration/commons-configuration/1.10/commons-configuration-1.10.jar:/Users/asdf/.m2/repository/commons-lang/commons-lang/2.6/commons-lang-2.6.jar:/Users/asdf/.m2/repository/com/fasterxml/jackson/core/jackson-annotations/2.17.1/jackson-annotations-2.17.1.jar:/Users/asdf/.m2/repository/com/fasterxml/jackson/core/jackson-core/2.17.1/jackson-core-2.17.1.jar:/Users/asdf/.m2/repository/org/codehaus/jettison/jettison/1.5.4/jettison-1.5.4.jar:/Users/asdf/.m2/repository/com/netflix/eureka/eureka-core/2.0.2/eureka-core-2.0.2.jar:/Users/asdf/.m2/repository/com/fasterxml/woodstox/woodstox-core/6.2.1/woodstox-core-6.2.1.jar:/Users/asdf/.m2/repository/org/codehaus/woodstox/stax2-api/4.2.1/stax2-api-4.2.1.jar:/Users/asdf/.m2/repository/org/springframework/cloud/spring-cloud-starter-loadbalancer/4.1.3/spring-cloud-starter-loadbalancer-4.1.3.jar:/Users/asdf/.m2/repository/org/springframework/cloud/spring-cloud-loadbalancer/4.1.3/spring-cloud-loadbalancer-4.1.3.jar:/Users/asdf/.m2/repository/io/projectreactor/reactor-core/3.6.6/reactor-core-3.6.6.jar:/Users/asdf/.m2/repository/org/reactivestreams/reactive-streams/1.0.4/reactive-streams-1.0.4.jar:/Users/asdf/.m2/repository/io/projectreactor/addons/reactor-extra/3.5.1/reactor-extra-3.5.1.jar:/Users/asdf/.m2/repository/org/springframework/boot/spring-boot-starter-cache/3.3.0/spring-boot-starter-cache-3.3.0.jar:/Users/asdf/.m2/repository/org/springframework/spring-context-support/6.1.8/spring-context-support-6.1.8.jar:/Users/asdf/.m2/repository/com/stoyanr/evictor/1.0.0/evictor-1.0.0.jar:/Users/asdf/.m2/repository/org/springframework/cloud/spring-cloud-starter-openfeign/4.1.2/spring-cloud-starter-openfeign-4.1.2.jar:/Users/asdf/.m2/repository/org/springframework/cloud/spring-cloud-openfeign-core/4.1.2/spring-cloud-openfeign-core-4.1.2.jar:/Users/asdf/.m2/repository/io/github/openfeign/form/feign-form-spring/3.8.0/feign-form-spring-3.8.0.jar:/Users/asdf/.m2/repository/io/github/openfeign/form/feign-form/3.8.0/feign-form-3.8.0.jar:/Users/asdf/.m2/repository/commons-fileupload/commons-fileupload/1.5/commons-fileupload-1.5.jar:/Users/asdf/.m2/repository/commons-io/commons-io/2.11.0/commons-io-2.11.0.jar:/Users/asdf/.m2/repository/org/springframework/spring-web/6.1.8/spring-web-6.1.8.jar:/Users/asdf/.m2/repository/org/springframework/cloud/spring-cloud-commons/4.1.3/spring-cloud-commons-4.1.3.jar:/Users/asdf/.m2/repository/org/springframework/security/spring-security-crypto/6.3.0/spring-security-crypto-6.3.0.jar:/Users/asdf/.m2/repository/io/github/openfeign/feign-core/13.2.1/feign-core-13.2.1.jar:/Users/asdf/.m2/repository/io/github/openfeign/feign-slf4j/13.2.1/feign-slf4j-13.2.1.jar:/Users/asdf/.m2/repository/org/springframework/boot/spring-boot-starter-validation/3.3.0/spring-boot-starter-validation-3.3.0.jar:/Users/asdf/.m2/repository/org/apache/tomcat/embed/tomcat-embed-el/10.1.24/tomcat-embed-el-10.1.24.jar:/Users/asdf/.m2/repository/org/hibernate/validator/hibernate-validator/8.0.1.Final/hibernate-validator-8.0.1.Final.jar:/Users/asdf/.m2/repository/jakarta/validation/jakarta.validation-api/3.0.2/jakarta.validation-api-3.0.2.jar:/Users/asdf/.m2/repository/org/jboss/logging/jboss-logging/3.5.3.Final/jboss-logging-3.5.3.Final.jar:/Users/asdf/.m2/repository/com/fasterxml/classmate/1.7.0/classmate-1.7.0.jar:/Users/asdf/.m2/repository/org/springframework/spring-core/6.1.8/spring-core-6.1.8.jar:/Users/asdf/.m2/repository/org/springframework/spring-jcl/6.1.8/spring-jcl-6.1.8.jar:/Users/asdf/.m2/repository/org/springframework/spring-context/6.1.8/spring-context-6.1.8.jar:/Users/asdf/.m2/repository/org/springframework/spring-aop/6.1.8/spring-aop-6.1.8.jar:/Users/asdf/.m2/repository/org/springframework/spring-expression/6.1.8/spring-expression-6.1.8.jar:/Users/asdf/.m2/repository/org/springframework/spring-beans/6.1.8/spring-beans-6.1.8.jar:/Users/asdf/.m2/repository/org/springframework/boot/spring-boot-starter/3.3.0/spring-boot-starter-3.3.0.jar:/Users/asdf/.m2/repository/org/springframework/boot/spring-boot/3.3.0/spring-boot-3.3.0.jar:/Users/asdf/.m2/repository/org/springframework/boot/spring-boot-autoconfigure/3.3.0/spring-boot-autoconfigure-3.3.0.jar:/Users/asdf/.m2/repository/org/springframework/boot/spring-boot-starter-logging/3.3.0/spring-boot-starter-logging-3.3.0.jar:/Users/asdf/.m2/repository/org/apache/logging/log4j/log4j-to-slf4j/2.23.1/log4j-to-slf4j-2.23.1.jar:/Users/asdf/.m2/repository/org/apache/logging/log4j/log4j-api/2.23.1/log4j-api-2.23.1.jar:/Users/asdf/.m2/repository/org/slf4j/jul-to-slf4j/2.0.13/jul-to-slf4j-2.0.13.jar:/Users/asdf/.m2/repository/jakarta/annotation/jakarta.annotation-api/2.1.1/jakarta.annotation-api-2.1.1.jar:/Users/asdf/.m2/repository/org/yaml/snakeyaml/2.2/snakeyaml-2.2.jar:/Users/asdf/.m2/repository/org/springframework/boot/spring-boot-starter-web/3.3.0/spring-boot-starter-web-3.3.0.jar:/Users/asdf/.m2/repository/org/springframework/boot/spring-boot-starter-json/3.3.0/spring-boot-starter-json-3.3.0.jar:/Users/asdf/.m2/repository/com/fasterxml/jackson/datatype/jackson-datatype-jdk8/2.17.1/jackson-datatype-jdk8-2.17.1.jar:/Users/asdf/.m2/repository/com/fasterxml/jackson/module/jackson-module-parameter-names/2.17.1/jackson-module-parameter-names-2.17.1.jar:/Users/asdf/.m2/repository/org/springframework/boot/spring-boot-starter-tomcat/3.3.0/spring-boot-starter-tomcat-3.3.0.jar:/Users/asdf/.m2/repository/org/apache/tomcat/embed/tomcat-embed-core/10.1.24/tomcat-embed-core-10.1.24.jar:/Users/asdf/.m2/repository/org/apache/tomcat/embed/tomcat-embed-websocket/10.1.24/tomcat-embed-websocket-10.1.24.jar:/Users/asdf/.m2/repository/org/springframework/spring-webmvc/6.1.8/spring-webmvc-6.1.8.jar:/Users/asdf/.m2/repository/com/h2database/h2/2.2.224/h2-2.2.224.jar:/Users/asdf/.m2/repository/org/projectlombok/lombok/1.18.32/lombok-1.18.32.jar:/Users/asdf/.m2/repository/org/springframework/boot/spring-boot-starter-test/3.3.0/spring-boot-starter-test-3.3.0.jar:/Users/asdf/.m2/repository/org/springframework/boot/spring-boot-test/3.3.0/spring-boot-test-3.3.0.jar:/Users/asdf/.m2/repository/org/springframework/boot/spring-boot-test-autoconfigure/3.3.0/spring-boot-test-autoconfigure-3.3.0.jar:/Users/asdf/.m2/repository/com/jayway/jsonpath/json-path/2.9.0/json-path-2.9.0.jar:/Users/asdf/.m2/repository/jakarta/xml/bind/jakarta.xml.bind-api/4.0.2/jakarta.xml.bind-api-4.0.2.jar:/Users/asdf/.m2/repository/jakarta/activation/jakarta.activation-api/2.1.3/jakarta.activation-api-2.1.3.jar:/Users/asdf/.m2/repository/net/minidev/json-smart/2.5.1/json-smart-2.5.1.jar:/Users/asdf/.m2/repository/net/minidev/accessors-smart/2.5.1/accessors-smart-2.5.1.jar:/Users/asdf/.m2/repository/org/ow2/asm/asm/9.6/asm-9.6.jar:/Users/asdf/.m2/repository/org/assertj/assertj-core/3.25.3/assertj-core-3.25.3.jar:/Users/asdf/.m2/repository/net/bytebuddy/byte-buddy/1.14.16/byte-buddy-1.14.16.jar:/Users/asdf/.m2/repository/org/awaitility/awaitility/4.2.1/awaitility-4.2.1.jar:/Users/asdf/.m2/repository/org/hamcrest/hamcrest/2.2/hamcrest-2.2.jar:/Users/asdf/.m2/repository/org/junit/jupiter/junit-jupiter/5.10.2/junit-jupiter-5.10.2.jar:/Users/asdf/.m2/repository/org/junit/jupiter/junit-jupiter-api/5.10.2/junit-jupiter-api-5.10.2.jar:/Users/asdf/.m2/repository/org/opentest4j/opentest4j/1.3.0/opentest4j-1.3.0.jar:/Users/asdf/.m2/repository/org/junit/platform/junit-platform-commons/1.10.2/junit-platform-commons-1.10.2.jar:/Users/asdf/.m2/repository/org/apiguardian/apiguardian-api/1.1.2/apiguardian-api-1.1.2.jar:/Users/asdf/.m2/repository/org/junit/jupiter/junit-jupiter-params/5.10.2/junit-jupiter-params-5.10.2.jar:/Users/asdf/.m2/repository/org/junit/jupiter/junit-jupiter-engine/5.10.2/junit-jupiter-engine-5.10.2.jar:/Users/asdf/.m2/repository/org/junit/platform/junit-platform-engine/1.10.2/junit-platform-engine-1.10.2.jar:/Users/asdf/.m2/repository/org/mockito/mockito-core/5.11.0/mockito-core-5.11.0.jar:/Users/asdf/.m2/repository/org/objenesis/objenesis/3.3/objenesis-3.3.jar:/Users/asdf/.m2/repository/org/mockito/mockito-junit-jupiter/5.11.0/mockito-junit-jupiter-5.11.0.jar:/Users/asdf/.m2/repository/org/skyscreamer/jsonassert/1.5.1/jsonassert-1.5.1.jar:/Users/asdf/.m2/repository/com/vaadin/external/google/android-json/0.0.20131108.vaadin1/android-json-0.0.20131108.vaadin1.jar:/Users/asdf/.m2/repository/org/springframework/spring-test/6.1.8/spring-test-6.1.8.jar:/Users/asdf/.m2/repository/org/xmlunit/xmlunit-core/2.9.1/xmlunit-core-2.9.1.jar:/Users/asdf/.m2/repository/org/springframework/boot/spring-boot-starter-data-jpa/3.3.0/spring-boot-starter-data-jpa-3.3.0.jar:/Users/asdf/.m2/repository/org/springframework/boot/spring-boot-starter-aop/3.3.0/spring-boot-starter-aop-3.3.0.jar:/Users/asdf/.m2/repository/org/aspectj/aspectjweaver/1.9.22/aspectjweaver-1.9.22.jar:/Users/asdf/.m2/repository/org/springframework/boot/spring-boot-starter-jdbc/3.3.0/spring-boot-starter-jdbc-3.3.0.jar:/Users/asdf/.m2/repository/com/zaxxer/HikariCP/5.1.0/HikariCP-5.1.0.jar:/Users/asdf/.m2/repository/org/springframework/spring-jdbc/6.1.8/spring-jdbc-6.1.8.jar:/Users/asdf/.m2/repository/org/hibernate/orm/hibernate-core/6.5.2.Final/hibernate-core-6.5.2.Final.jar:/Users/asdf/.m2/repository/jakarta/persistence/jakarta.persistence-api/3.1.0/jakarta.persistence-api-3.1.0.jar:/Users/asdf/.m2/repository/jakarta/transaction/jakarta.transaction-api/2.0.1/jakarta.transaction-api-2.0.1.jar:/Users/asdf/.m2/repository/org/hibernate/common/hibernate-commons-annotations/6.0.6.Final/hibernate-commons-annotations-6.0.6.Final.jar:/Users/asdf/.m2/repository/io/smallrye/jandex/3.1.2/jandex-3.1.2.jar:/Users/asdf/.m2/repository/org/glassfish/jaxb/jaxb-runtime/4.0.5/jaxb-runtime-4.0.5.jar:/Users/asdf/.m2/repository/org/glassfish/jaxb/jaxb-core/4.0.5/jaxb-core-4.0.5.jar:/Users/asdf/.m2/repository/org/eclipse/angus/angus-activation/2.0.2/angus-activation-2.0.2.jar:/Users/asdf/.m2/repository/org/glassfish/jaxb/txw2/4.0.5/txw2-4.0.5.jar:/Users/asdf/.m2/repository/com/sun/istack/istack-commons-runtime/4.1.2/istack-commons-runtime-4.1.2.jar:/Users/asdf/.m2/repository/org/antlr/antlr4-runtime/4.13.0/antlr4-runtime-4.13.0.jar:/Users/asdf/.m2/repository/org/springframework/data/spring-data-jpa/3.3.0/spring-data-jpa-3.3.0.jar:/Users/asdf/.m2/repository/org/springframework/data/spring-data-commons/3.3.0/spring-data-commons-3.3.0.jar:/Users/asdf/.m2/repository/org/springframework/spring-orm/6.1.8/spring-orm-6.1.8.jar:/Users/asdf/.m2/repository/org/springframework/spring-tx/6.1.8/spring-tx-6.1.8.jar:/Users/asdf/.m2/repository/org/springframework/spring-aspects/6.1.8/spring-aspects-6.1.8.jar:/Users/asdf/.m2/repository/com/mysql/mysql-connector-j/8.0.32/mysql-connector-j-8.0.32.jar:/Users/asdf/.m2/repository/net/bytebuddy/byte-buddy-agent/1.14.16/byte-buddy-agent-1.14.16.jar:"/>
    <property name="sun.cpu.endian" value="little"/>
    <property name="user.home" value="/Users/asdf"/>
    <property name="user.language" value="ko"/>
    <property name="java.specification.vendor" value="Oracle Corporation"/>
    <property name="java.version.date" value="2024-07-16"/>
    <property name="java.home" value="/Library/Java/JavaVirtualMachines/temurin-21.jdk/Contents/Home"/>
    <property name="file.separator" value="/"/>
    <property name="basedir" value="/Users/asdf/5rora-coupon-api"/>
    <property name="java.vm.compressedOopsMode" value="Zero based"/>
    <property name="line.separator" value="&#10;"/>
    <property name="java.vm.specification.vendor" value="Oracle Corporation"/>
    <property name="java.specification.name" value="Java Platform API Specification"/>
    <property name="FILE_LOG_CHARSET" value="UTF-8"/>
    <property name="java.awt.headless" value="true"/>
    <property name="apple.awt.application.name" value="ForkedBooter"/>
    <property name="surefire.real.class.path" value="/Users/asdf/5rora-coupon-api/target/surefire/surefirebooter-20241218103105729_3.jar"/>
    <property name="sun.management.compiler" value="HotSpot 64-Bit Tiered Compilers"/>
    <property name="ftp.nonProxyHosts" value="local|*.local|169.254/16|*.169.254/16"/>
    <property name="java.runtime.version" value="21.0.4+7-LTS"/>
    <property name="user.name" value="asdf"/>
    <property name="stdout.encoding" value="UTF-8"/>
    <property name="path.separator" value=":"/>
    <property name="os.version" value="15.1.1"/>
    <property name="java.runtime.name" value="OpenJDK Runtime Environment"/>
    <property name="file.encoding" value="UTF-8"/>
    <property name="java.vm.name" value="OpenJDK 64-Bit Server VM"/>
    <property name="java.vendor.version" value="Temurin-21.0.4+7"/>
    <property name="localRepository" value="/Users/asdf/.m2/repository"/>
    <property name="java.vendor.url.bug" value="https://github.com/adoptium/adoptium-support/issues"/>
    <property name="java.io.tmpdir" value="/var/folders/2w/25njghln2jg4jkb_c8_jvkbm0000gn/T/"/>
    <property name="sonar.token" value="sqp_d49540618fcd64d44f19be90e789d00d0b4d7f73"/>
    <property name="java.version" value="21.0.4"/>
    <property name="user.dir" value="/Users/asdf/5rora-coupon-api"/>
    <property name="os.arch" value="x86_64"/>
    <property name="java.vm.specification.name" value="Java Virtual Machine Specification"/>
    <property name="PID" value="14335"/>
    <property name="CONSOLE_LOG_CHARSET" value="UTF-8"/>
    <property name="native.encoding" value="UTF-8"/>
    <property name="sonar.projectKey" value="5rora-coupon-api2"/>
    <property name="java.library.path" value="/Users/asdf/Library/Java/Extensions:/Library/Java/Extensions:/Network/Library/Java/Extensions:/System/Library/Java/Extensions:/usr/lib/java:."/>
    <property name="java.vm.info" value="mixed mode"/>
    <property name="stderr.encoding" value="UTF-8"/>
    <property name="java.vendor" value="Eclipse Adoptium"/>
    <property name="java.vm.version" value="21.0.4+7-LTS"/>
    <property name="sun.io.unicode.encoding" value="UnicodeBig"/>
    <property name="socksNonProxyHosts" value="local|*.local|169.254/16|*.169.254/16"/>
    <property name="java.class.version" value="65.0"/>
    <property name="LOGGED_APPLICATION_NAME" value="[coupon-api] "/>
  </properties>
  <testcase name="testFindByUserId" classname="store.aurora.CouponRepositoryTest" time="1.497">
    <system-out><![CDATA[10:31:07.873 [main] INFO org.springframework.test.context.support.AnnotationConfigContextLoaderUtils -- Could not detect default configuration classes for test class [store.aurora.CouponRepositoryTest]: CouponRepositoryTest does not declare any static, non-private, non-final, nested classes annotated with @Configuration.
10:31:08.243 [main] INFO org.springframework.boot.test.context.SpringBootTestContextBootstrapper -- Found @SpringBootConfiguration store.aurora.CouponApplication for test class store.aurora.CouponRepositoryTest
  .   ____          _            __ _ _
 /\\ / ___'_ __ _ _(_)_ __  __ _ \ \ \ \
( ( )\___ | '_ | '_| | '_ \/ _` | \ \ \ \
 \\/  ___)| |_)| | | | | || (_| |  ) ) ) )
  '  |____| .__|_| |_|_| |_\__, | / / / /
 =========|_|==============|___/=/_/_/_/

 :: Spring Boot ::                (v3.3.0)

2024-12-18T10:31:09.380+09:00 DEBUG 14335 --- [coupon-api] [kground-preinit] org.jboss.logging                        : Logging Provider: org.jboss.logging.Slf4jLoggerProvider found via system property
2024-12-18T10:31:09.391+09:00 DEBUG 14335 --- [coupon-api] [kground-preinit] o.h.v.i.xml.config.ValidationXmlParser   : Trying to load META-INF/validation.xml for XML based Validator configuration.
2024-12-18T10:31:09.392+09:00 DEBUG 14335 --- [coupon-api] [kground-preinit] o.h.v.i.xml.config.ResourceLoaderHelper  : Trying to load META-INF/validation.xml via TCCL
2024-12-18T10:31:09.393+09:00 DEBUG 14335 --- [coupon-api] [kground-preinit] o.h.v.i.xml.config.ResourceLoaderHelper  : Trying to load META-INF/validation.xml via Hibernate Validator's class loader
2024-12-18T10:31:09.393+09:00 DEBUG 14335 --- [coupon-api] [kground-preinit] o.h.v.i.xml.config.ValidationXmlParser   : No META-INF/validation.xml found. Using annotation based configuration only.
2024-12-18T10:31:09.399+09:00 DEBUG 14335 --- [coupon-api] [kground-preinit] o.h.v.i.e.resolver.TraversableResolvers  : Found jakarta.persistence.Persistence on classpath containing 'getPersistenceUtil'. Assuming JPA 2 environment. Trying to instantiate JPA aware TraversableResolver
2024-12-18T10:31:09.399+09:00 DEBUG 14335 --- [coupon-api] [kground-preinit] o.h.v.i.e.resolver.TraversableResolvers  : Instantiated JPA aware TraversableResolver of type org.hibernate.validator.internal.engine.resolver.JPATraversableResolver.
2024-12-18T10:31:09.434+09:00 DEBUG 14335 --- [coupon-api] [kground-preinit] .h.v.m.ResourceBundleMessageInterpolator : Loaded expression factory via original TCCL
2024-12-18T10:31:09.453+09:00  INFO 14335 --- [coupon-api] [           main] store.aurora.CouponRepositoryTest        : Starting CouponRepositoryTest using Java 21.0.4 with PID 14335 (started by asdf in /Users/asdf/5rora-coupon-api)
2024-12-18T10:31:09.454+09:00 DEBUG 14335 --- [coupon-api] [           main] store.aurora.CouponRepositoryTest        : Running with Spring Boot v3.3.0, Spring v6.1.8
2024-12-18T10:31:09.455+09:00  INFO 14335 --- [coupon-api] [           main] store.aurora.CouponRepositoryTest        : No active profile set, falling back to 1 default profile: "default"
2024-12-18T10:31:09.456+09:00 DEBUG 14335 --- [coupon-api] [           main] o.s.boot.SpringApplication               : Loading source class store.aurora.CouponApplication
2024-12-18T10:31:09.497+09:00 DEBUG 14335 --- [coupon-api] [           main] s.c.a.AnnotationConfigApplicationContext : Refreshing org.springframework.context.annotation.AnnotationConfigApplicationContext@aa10649
2024-12-18T10:31:09.521+09:00 DEBUG 14335 --- [coupon-api] [           main] o.s.b.f.s.DefaultListableBeanFactory     : Creating shared instance of singleton bean 'org.springframework.context.annotation.internalConfigurationAnnotationProcessor'
2024-12-18T10:31:09.549+09:00 DEBUG 14335 --- [coupon-api] [           main] o.s.b.f.s.DefaultListableBeanFactory     : Creating shared instance of singleton bean 'org.springframework.boot.autoconfigure.internalCachingMetadataReaderFactory'
2024-12-18T10:31:09.595+09:00 DEBUG 14335 --- [coupon-api] [kground-preinit] .i.e.ValidatorFactoryConfigurationHelper : HV000252: Using org.hibernate.validator.internal.engine.DefaultPropertyNodeNameProvider as property node name provider.
2024-12-18T10:31:09.605+09:00 DEBUG 14335 --- [coupon-api] [kground-preinit] .i.e.ValidatorFactoryConfigurationHelper : HV000234: Using org.hibernate.validator.messageinterpolation.ResourceBundleMessageInterpolator as ValidatorFactory-scoped message interpolator.
2024-12-18T10:31:09.608+09:00 DEBUG 14335 --- [coupon-api] [kground-preinit] .i.e.ValidatorFactoryConfigurationHelper : HV000234: Using org.hibernate.validator.internal.engine.resolver.JPATraversableResolver as ValidatorFactory-scoped traversable resolver.
2024-12-18T10:31:09.608+09:00 DEBUG 14335 --- [coupon-api] [kground-preinit] .i.e.ValidatorFactoryConfigurationHelper : HV000234: Using org.hibernate.validator.internal.util.ExecutableParameterNameProvider as ValidatorFactory-scoped parameter name provider.
2024-12-18T10:31:09.608+09:00 DEBUG 14335 --- [coupon-api] [kground-preinit] .i.e.ValidatorFactoryConfigurationHelper : HV000234: Using org.hibernate.validator.internal.engine.DefaultClockProvider as ValidatorFactory-scoped clock provider.
2024-12-18T10:31:09.609+09:00 DEBUG 14335 --- [coupon-api] [kground-preinit] .i.e.ValidatorFactoryConfigurationHelper : HV000234: Using org.hibernate.validator.internal.engine.scripting.DefaultScriptEvaluatorFactory as ValidatorFactory-scoped script evaluator factory.
2024-12-18T10:31:10.919+09:00  INFO 14335 --- [coupon-api] [           main] .s.d.r.c.RepositoryConfigurationDelegate : Bootstrapping Spring Data JPA repositories in DEFAULT mode.
2024-12-18T10:31:10.930+09:00 DEBUG 14335 --- [coupon-api] [           main] o.s.b.f.s.DefaultListableBeanFactory     : Creating shared instance of singleton bean 'org.springframework.boot.autoconfigure.AutoConfigurationPackages'
2024-12-18T10:31:10.941+09:00 DEBUG 14335 --- [coupon-api] [           main] o.s.b.a.AutoConfigurationPackages        : @EnableAutoConfiguration was declared on a class in the package 'store.aurora'. Automatic @Repository and @Entity scanning is enabled.
2024-12-18T10:31:10.944+09:00 DEBUG 14335 --- [coupon-api] [           main] .s.d.r.c.RepositoryConfigurationDelegate : Scanning for JPA repositories in packages store.aurora.
2024-12-18T10:31:10.969+09:00 DEBUG 14335 --- [coupon-api] [           main] o.s.d.r.c.RepositoryComponentProvider    : Identified candidate component class: file [/Users/asdf/5rora-coupon-api/target/classes/store/aurora/repository/BookPolicyRepository.class]
2024-12-18T10:31:10.971+09:00 DEBUG 14335 --- [coupon-api] [           main] o.s.d.r.c.RepositoryComponentProvider    : Identified candidate component class: file [/Users/asdf/5rora-coupon-api/target/classes/store/aurora/repository/CategoryPolicyRepository.class]
2024-12-18T10:31:10.971+09:00 DEBUG 14335 --- [coupon-api] [           main] o.s.d.r.c.RepositoryComponentProvider    : Identified candidate component class: file [/Users/asdf/5rora-coupon-api/target/classes/store/aurora/repository/CouponPolicyRepository.class]
2024-12-18T10:31:10.971+09:00 DEBUG 14335 --- [coupon-api] [           main] o.s.d.r.c.RepositoryComponentProvider    : Identified candidate component class: file [/Users/asdf/5rora-coupon-api/target/classes/store/aurora/repository/CouponRepository.class]
2024-12-18T10:31:10.971+09:00 DEBUG 14335 --- [coupon-api] [           main] o.s.d.r.c.RepositoryComponentProvider    : Identified candidate component class: file [/Users/asdf/5rora-coupon-api/target/classes/store/aurora/repository/DisCountRuleRepository.class]
2024-12-18T10:31:11.178+09:00  INFO 14335 --- [coupon-api] [           main] .s.d.r.c.RepositoryConfigurationDelegate : Finished Spring Data repository scanning in 232 ms. Found 5 JPA repository interfaces.
2024-12-18T10:31:11.295+09:00 DEBUG 14335 --- [coupon-api] [           main] o.s.b.f.s.DefaultListableBeanFactory     : Creating shared instance of singleton bean 'org.springframework.boot.test.context.ImportsContextCustomizer$ImportsCleanupPostProcessor'
2024-12-18T10:31:11.296+09:00 DEBUG 14335 --- [coupon-api] [           main] o.s.b.f.s.DefaultListableBeanFactory     : Creating shared instance of singleton bean 'embeddedDataSourceBeanFactoryPostProcessor'
2024-12-18T10:31:11.323+09:00  INFO 14335 --- [coupon-api] [           main] beddedDataSourceBeanFactoryPostProcessor : Replacing 'dataSource' DataSource bean with embedded version
2024-12-18T10:31:11.446+09:00 DEBUG 14335 --- [coupon-api] [           main] o.s.b.f.s.DefaultListableBeanFactory     : Creating shared instance of singleton bean 'org.springframework.boot.test.mock.mockito.MockitoPostProcessor'
2024-12-18T10:31:11.449+09:00 DEBUG 14335 --- [coupon-api] [           main] o.s.b.f.s.DefaultListableBeanFactory     : Creating shared instance of singleton bean 'emBeanDefinitionRegistrarPostProcessor'
2024-12-18T10:31:11.450+09:00 DEBUG 14335 --- [coupon-api] [           main] o.s.b.f.s.DefaultListableBeanFactory     : Creating shared instance of singleton bean 'org.springframework.boot.sql.init.dependency.DatabaseInitializationDependencyConfigurer$DependsOnDatabaseInitializationPostProcessor'
2024-12-18T10:31:11.542+09:00 DEBUG 14335 --- [coupon-api] [           main] o.s.b.f.s.DefaultListableBeanFactory     : Creating shared instance of singleton bean 'org.springframework.context.event.internalEventListenerProcessor'
2024-12-18T10:31:11.545+09:00 DEBUG 14335 --- [coupon-api] [           main] o.s.b.f.s.DefaultListableBeanFactory     : Creating shared instance of singleton bean 'org.springframework.context.event.internalEventListenerFactory'
2024-12-18T10:31:11.546+09:00 DEBUG 14335 --- [coupon-api] [           main] o.s.b.f.s.DefaultListableBeanFactory     : Creating shared instance of singleton bean 'org.springframework.transaction.config.internalTransactionalEventListenerFactory'
2024-12-18T10:31:11.564+09:00 DEBUG 14335 --- [coupon-api] [           main] o.s.b.f.s.DefaultListableBeanFactory     : Creating shared instance of singleton bean 'org.springframework.context.annotation.internalAutowiredAnnotationProcessor'
2024-12-18T10:31:11.567+09:00 DEBUG 14335 --- [coupon-api] [           main] o.s.b.f.s.DefaultListableBeanFactory     : Creating shared instance of singleton bean 'org.springframework.context.annotation.internalCommonAnnotationProcessor'
2024-12-18T10:31:11.571+09:00 DEBUG 14335 --- [coupon-api] [           main] o.s.b.f.s.DefaultListableBeanFactory     : Creating shared instance of singleton bean 'org.springframework.context.annotation.internalPersistenceAnnotationProcessor'
2024-12-18T10:31:11.572+09:00 DEBUG 14335 --- [coupon-api] [           main] o.s.b.f.s.DefaultListableBeanFactory     : Creating shared instance of singleton bean 'org.springframework.boot.test.mock.mockito.MockitoPostProcessor$SpyPostProcessor'
2024-12-18T10:31:11.574+09:00 DEBUG 14335 --- [coupon-api] [           main] o.s.b.f.s.DefaultListableBeanFactory     : Creating shared instance of singleton bean 'jdbcConnectionDetailsHikariBeanPostProcessor'
2024-12-18T10:31:11.583+09:00 DEBUG 14335 --- [coupon-api] [           main] o.s.b.f.s.DefaultListableBeanFactory     : Creating shared instance of singleton bean 'org.springframework.boot.context.properties.ConfigurationPropertiesBindingPostProcessor'
2024-12-18T10:31:11.584+09:00 DEBUG 14335 --- [coupon-api] [           main] o.s.b.f.s.DefaultListableBeanFactory     : Creating shared instance of singleton bean 'org.springframework.boot.context.internalConfigurationPropertiesBinder'
2024-12-18T10:31:11.591+09:00 DEBUG 14335 --- [coupon-api] [           main] o.s.b.f.s.DefaultListableBeanFactory     : Creating shared instance of singleton bean 'org.springframework.context.annotation.internalScheduledAnnotationProcessor'
2024-12-18T10:31:11.592+09:00 DEBUG 14335 --- [coupon-api] [           main] o.s.b.f.s.DefaultListableBeanFactory     : Creating shared instance of singleton bean 'org.springframework.scheduling.annotation.SchedulingConfiguration'
2024-12-18T10:31:11.605+09:00 DEBUG 14335 --- [coupon-api] [           main] o.s.b.f.s.DefaultListableBeanFactory     : Creating shared instance of singleton bean 'org.springframework.aop.config.internalAutoProxyCreator'
2024-12-18T10:31:11.633+09:00 DEBUG 14335 --- [coupon-api] [           main] o.s.b.f.s.DefaultListableBeanFactory     : Creating shared instance of singleton bean 'dataSourceScriptDatabaseInitializer'
2024-12-18T10:31:11.634+09:00 DEBUG 14335 --- [coupon-api] [           main] o.s.b.f.s.DefaultListableBeanFactory     : Creating shared instance of singleton bean 'org.springframework.boot.autoconfigure.sql.init.DataSourceInitializationConfiguration'
2024-12-18T10:31:11.637+09:00 DEBUG 14335 --- [coupon-api] [           main] o.s.b.f.s.DefaultListableBeanFactory     : Creating shared instance of singleton bean 'org.springframework.transaction.config.internalTransactionAdvisor'
2024-12-18T10:31:11.638+09:00 DEBUG 14335 --- [coupon-api] [           main] o.s.b.f.s.DefaultListableBeanFactory     : Creating shared instance of singleton bean 'org.springframework.transaction.annotation.ProxyTransactionManagementConfiguration'
2024-12-18T10:31:11.652+09:00 DEBUG 14335 --- [coupon-api] [           main] o.s.b.f.s.DefaultListableBeanFactory     : Creating shared instance of singleton bean 'transactionAttributeSource'
2024-12-18T10:31:11.655+09:00 DEBUG 14335 --- [coupon-api] [           main] o.s.b.f.s.DefaultListableBeanFactory     : Creating shared instance of singleton bean 'transactionInterceptor'
2024-12-18T10:31:11.656+09:00 DEBUG 14335 --- [coupon-api] [           main] o.s.b.f.s.DefaultListableBeanFactory     : Autowiring by type from bean name 'transactionInterceptor' via factory method to bean named 'transactionAttributeSource'
2024-12-18T10:31:11.663+09:00 DEBUG 14335 --- [coupon-api] [           main] o.s.b.f.s.DefaultListableBeanFactory     : Autowiring by type from bean name 'org.springframework.transaction.config.internalTransactionAdvisor' via factory method to bean named 'transactionAttributeSource'
2024-12-18T10:31:11.664+09:00 DEBUG 14335 --- [coupon-api] [           main] o.s.b.f.s.DefaultListableBeanFactory     : Autowiring by type from bean name 'org.springframework.transaction.config.internalTransactionAdvisor' via factory method to bean named 'transactionInterceptor'
2024-12-18T10:31:11.671+09:00 DEBUG 14335 --- [coupon-api] [           main] o.s.b.f.s.DefaultListableBeanFactory     : Creating shared instance of singleton bean 'dataSource'
2024-12-18T10:31:11.703+09:00  INFO 14335 --- [coupon-api] [           main] o.s.j.d.e.EmbeddedDatabaseFactory        : Starting embedded database: url='jdbc:h2:mem:c3b79b7d-e3f9-425b-a5f5-d700e326368f;DB_CLOSE_DELAY=-1;DB_CLOSE_ON_EXIT=false', username='sa'
2024-12-18T10:31:11.706+09:00 DEBUG 14335 --- [coupon-api] [           main] o.s.jdbc.datasource.DataSourceUtils      : Fetching JDBC Connection from DataSource
2024-12-18T10:31:11.707+09:00 DEBUG 14335 --- [coupon-api] [           main] o.s.j.datasource.SimpleDriverDataSource  : Creating new JDBC Driver Connection to [jdbc:h2:mem:c3b79b7d-e3f9-425b-a5f5-d700e326368f;DB_CLOSE_DELAY=-1;DB_CLOSE_ON_EXIT=false]
2024-12-18T10:31:11.954+09:00 DEBUG 14335 --- [coupon-api] [           main] o.s.b.f.s.DefaultListableBeanFactory     : Creating shared instance of singleton bean 'spring.sql.init-org.springframework.boot.autoconfigure.sql.init.SqlInitializationProperties'
2024-12-18T10:31:11.963+09:00 DEBUG 14335 --- [coupon-api] [           main] o.s.b.f.s.DefaultListableBeanFactory     : Creating shared instance of singleton bean 'org.springframework.boot.context.properties.BoundConfigurationProperties'
2024-12-18T10:31:12.008+09:00 DEBUG 14335 --- [coupon-api] [           main] o.s.b.f.s.DefaultListableBeanFactory     : Autowiring by type from bean name 'dataSourceScriptDatabaseInitializer' via factory method to bean named 'dataSource'
2024-12-18T10:31:12.008+09:00 DEBUG 14335 --- [coupon-api] [           main] o.s.b.f.s.DefaultListableBeanFactory     : Autowiring by type from bean name 'dataSourceScriptDatabaseInitializer' via factory method to bean named 'spring.sql.init-org.springframework.boot.autoconfigure.sql.init.SqlInitializationProperties'
2024-12-18T10:31:12.027+09:00 DEBUG 14335 --- [coupon-api] [           main] o.s.b.f.s.DefaultListableBeanFactory     : Creating shared instance of singleton bean 'entityManagerFactory'
2024-12-18T10:31:12.027+09:00 DEBUG 14335 --- [coupon-api] [           main] o.s.b.f.s.DefaultListableBeanFactory     : Creating shared instance of singleton bean 'org.springframework.boot.autoconfigure.orm.jpa.HibernateJpaConfiguration'
2024-12-18T10:31:12.030+09:00 DEBUG 14335 --- [coupon-api] [           main] o.s.b.f.s.DefaultListableBeanFactory     : Creating shared instance of singleton bean 'spring.jpa-org.springframework.boot.autoconfigure.orm.jpa.JpaProperties'
2024-12-18T10:31:12.044+09:00 DEBUG 14335 --- [coupon-api] [           main] o.s.b.f.s.DefaultListableBeanFactory     : Creating shared instance of singleton bean 'spring.jpa.hibernate-org.springframework.boot.autoconfigure.orm.jpa.HibernateProperties'
2024-12-18T10:31:12.051+09:00 DEBUG 14335 --- [coupon-api] [           main] o.s.b.f.s.DefaultListableBeanFactory     : Autowiring by type from bean name 'org.springframework.boot.autoconfigure.orm.jpa.HibernateJpaConfiguration' via constructor to bean named 'dataSource'
2024-12-18T10:31:12.051+09:00 DEBUG 14335 --- [coupon-api] [           main] o.s.b.f.s.DefaultListableBeanFactory     : Autowiring by type from bean name 'org.springframework.boot.autoconfigure.orm.jpa.HibernateJpaConfiguration' via constructor to bean named 'spring.jpa-org.springframework.boot.autoconfigure.orm.jpa.JpaProperties'
2024-12-18T10:31:12.051+09:00 DEBUG 14335 --- [coupon-api] [           main] o.s.b.f.s.DefaultListableBeanFactory     : Autowiring by type from bean name 'org.springframework.boot.autoconfigure.orm.jpa.HibernateJpaConfiguration' via constructor to bean named 'org.springframework.beans.factory.support.DefaultListableBeanFactory@2bc9a775'
2024-12-18T10:31:12.052+09:00 DEBUG 14335 --- [coupon-api] [           main] o.s.b.f.s.DefaultListableBeanFactory     : Autowiring by type from bean name 'org.springframework.boot.autoconfigure.orm.jpa.HibernateJpaConfiguration' via constructor to bean named 'spring.jpa.hibernate-org.springframework.boot.autoconfigure.orm.jpa.HibernateProperties'
2024-12-18T10:31:12.061+09:00 DEBUG 14335 --- [coupon-api] [           main] o.s.b.f.s.DefaultListableBeanFactory     : Creating shared instance of singleton bean 'hikariPoolDataSourceMetadataProvider'
2024-12-18T10:31:12.062+09:00 DEBUG 14335 --- [coupon-api] [           main] o.s.b.f.s.DefaultListableBeanFactory     : Creating shared instance of singleton bean 'org.springframework.boot.autoconfigure.jdbc.metadata.DataSourcePoolMetadataProvidersConfiguration$HikariPoolDataSourceMetadataProviderConfiguration'
2024-12-18T10:31:12.082+09:00 DEBUG 14335 --- [coupon-api] [           main] o.s.b.f.s.DefaultListableBeanFactory     : Creating shared instance of singleton bean 'entityManagerFactoryBuilder'
2024-12-18T10:31:12.085+09:00 DEBUG 14335 --- [coupon-api] [           main] o.s.b.f.s.DefaultListableBeanFactory     : Creating shared instance of singleton bean 'jpaVendorAdapter'
2024-12-18T10:31:12.105+09:00 DEBUG 14335 --- [coupon-api] [           main] o.s.b.f.s.DefaultListableBeanFactory     : Autowiring by type from bean name 'entityManagerFactoryBuilder' via factory method to bean named 'jpaVendorAdapter'
2024-12-18T10:31:12.116+09:00 DEBUG 14335 --- [coupon-api] [           main] o.s.b.f.s.DefaultListableBeanFactory     : Creating shared instance of singleton bean 'persistenceManagedTypes'
2024-12-18T10:31:12.122+09:00 DEBUG 14335 --- [coupon-api] [           main] o.s.b.f.s.DefaultListableBeanFactory     : Autowiring by type from bean name 'persistenceManagedTypes' via factory method to bean named 'org.springframework.beans.factory.support.DefaultListableBeanFactory@2bc9a775'
2024-12-18T10:31:12.122+09:00 DEBUG 14335 --- [coupon-api] [           main] o.s.b.f.s.DefaultListableBeanFactory     : Autowiring by type from bean name 'persistenceManagedTypes' via factory method to bean named 'org.springframework.context.annotation.AnnotationConfigApplicationContext@aa10649'
2024-12-18T10:31:12.164+09:00 DEBUG 14335 --- [coupon-api] [           main] o.s.b.f.s.DefaultListableBeanFactory     : Autowiring by type from bean name 'entityManagerFactory' via factory method to bean named 'entityManagerFactoryBuilder'
2024-12-18T10:31:12.164+09:00 DEBUG 14335 --- [coupon-api] [           main] o.s.b.f.s.DefaultListableBeanFactory     : Autowiring by type from bean name 'entityManagerFactory' via factory method to bean named 'persistenceManagedTypes'
2024-12-18T10:31:12.173+09:00 DEBUG 14335 --- [coupon-api] [           main] o.s.jdbc.datasource.DataSourceUtils      : Fetching JDBC Connection from DataSource
2024-12-18T10:31:12.174+09:00 DEBUG 14335 --- [coupon-api] [           main] o.s.j.datasource.SimpleDriverDataSource  : Creating new JDBC Driver Connection to [jdbc:h2:mem:c3b79b7d-e3f9-425b-a5f5-d700e326368f;DB_CLOSE_DELAY=-1;DB_CLOSE_ON_EXIT=false]
2024-12-18T10:31:12.237+09:00 DEBUG 14335 --- [coupon-api] [           main] j.LocalContainerEntityManagerFactoryBean : Building JPA container EntityManagerFactory for persistence unit 'default'
2024-12-18T10:31:12.264+09:00 DEBUG 14335 --- [coupon-api] [           main] o.hibernate.jpa.internal.util.LogHelper  : PersistenceUnitInfo [
	name: default
	persistence provider classname: null
	classloader: jdk.internal.loader.ClassLoaders$AppClassLoader@63c12fb0
	excludeUnlistedClasses: true
	JTA datasource: null
	Non JTA datasource: org.springframework.jdbc.datasource.embedded.EmbeddedDatabaseFactory$EmbeddedDataSourceProxy@5348d83c
	Transaction type: RESOURCE_LOCAL
	PU root URL: file:/Users/asdf/5rora-coupon-api/target/test-classes/
	Shared Cache Mode: UNSPECIFIED
	Validation Mode: AUTO
	Jar files URLs []
	Managed classes names [
		store.aurora.entity.BookPolicy
		store.aurora.entity.CategoryPolicy
		store.aurora.entity.CouponPolicy
		store.aurora.entity.DiscountRule
		store.aurora.entity.UserCoupon]
	Mapping files names []
	Properties []
2024-12-18T10:31:12.300+09:00 DEBUG 14335 --- [coupon-api] [           main] o.h.i.internal.IntegratorServiceImpl     : Adding Integrator [org.hibernate.boot.beanvalidation.BeanValidationIntegrator].
2024-12-18T10:31:12.304+09:00 DEBUG 14335 --- [coupon-api] [           main] o.h.i.internal.IntegratorServiceImpl     : Adding Integrator [org.hibernate.cache.internal.CollectionCacheInvalidator].
2024-12-18T10:31:12.364+09:00  INFO 14335 --- [coupon-api] [           main] org.hibernate.Version                    : HHH000412: Hibernate ORM core version 6.5.2.Final
2024-12-18T10:31:12.366+09:00 DEBUG 14335 --- [coupon-api] [           main] org.hibernate.cfg.Environment            : HHH000206: 'hibernate.properties' not found
2024-12-18T10:31:12.398+09:00 DEBUG 14335 --- [coupon-api] [           main] org.hibernate.orm.idgen.factory          : Registering IdentifierGenerator strategy [uuid2] -> [org.hibernate.id.UUIDGenerator]
2024-12-18T10:31:12.398+09:00 DEBUG 14335 --- [coupon-api] [           main] org.hibernate.orm.idgen.factory          : Registering IdentifierGenerator strategy [guid] -> [org.hibernate.id.GUIDGenerator]
2024-12-18T10:31:12.399+09:00 DEBUG 14335 --- [coupon-api] [           main] org.hibernate.orm.idgen.factory          : Registering IdentifierGenerator strategy [uuid] -> [org.hibernate.id.UUIDHexGenerator]
2024-12-18T10:31:12.399+09:00 DEBUG 14335 --- [coupon-api] [           main] org.hibernate.orm.idgen.factory          : Registering IdentifierGenerator strategy [uuid.hex] -> [org.hibernate.id.UUIDHexGenerator]
2024-12-18T10:31:12.399+09:00 DEBUG 14335 --- [coupon-api] [           main] org.hibernate.orm.idgen.factory          : Registering IdentifierGenerator strategy [assigned] -> [org.hibernate.id.Assigned]
2024-12-18T10:31:12.400+09:00 DEBUG 14335 --- [coupon-api] [           main] org.hibernate.orm.idgen.factory          : Registering IdentifierGenerator strategy [identity] -> [org.hibernate.id.IdentityGenerator]
2024-12-18T10:31:12.401+09:00 DEBUG 14335 --- [coupon-api] [           main] org.hibernate.orm.idgen.factory          : Registering IdentifierGenerator strategy [select] -> [org.hibernate.id.SelectGenerator]
2024-12-18T10:31:12.402+09:00 DEBUG 14335 --- [coupon-api] [           main] org.hibernate.orm.idgen.factory          : Registering IdentifierGenerator strategy [sequence] -> [org.hibernate.id.enhanced.SequenceStyleGenerator]
2024-12-18T10:31:12.403+09:00 DEBUG 14335 --- [coupon-api] [           main] org.hibernate.orm.idgen.factory          : Registering IdentifierGenerator strategy [increment] -> [org.hibernate.id.IncrementGenerator]
2024-12-18T10:31:12.403+09:00 DEBUG 14335 --- [coupon-api] [           main] org.hibernate.orm.idgen.factory          : Registering IdentifierGenerator strategy [foreign] -> [org.hibernate.id.ForeignGenerator]
2024-12-18T10:31:12.403+09:00 DEBUG 14335 --- [coupon-api] [           main] org.hibernate.orm.idgen.factory          : Registering IdentifierGenerator strategy [enhanced-sequence] -> [org.hibernate.id.enhanced.SequenceStyleGenerator]
2024-12-18T10:31:12.404+09:00 DEBUG 14335 --- [coupon-api] [           main] org.hibernate.orm.idgen.factory          : Registering IdentifierGenerator strategy [enhanced-table] -> [org.hibernate.id.enhanced.TableGenerator]
2024-12-18T10:31:12.410+09:00 DEBUG 14335 --- [coupon-api] [           main] o.h.c.internal.RegionFactoryInitiator    : Cannot default RegionFactory based on registered strategies as `[]` RegionFactory strategies were registered
2024-12-18T10:31:12.411+09:00  INFO 14335 --- [coupon-api] [           main] o.h.c.internal.RegionFactoryInitiator    : HHH000026: Second-level cache disabled
2024-12-18T10:31:12.492+09:00 DEBUG 14335 --- [coupon-api] [           main] org.hibernate.type.BasicTypeRegistry     : Adding type registration boolean -> org.hibernate.type.BasicTypeReference@37d3e140
2024-12-18T10:31:12.493+09:00 DEBUG 14335 --- [coupon-api] [           main] org.hibernate.type.BasicTypeRegistry     : Adding type registration boolean -> org.hibernate.type.BasicTypeReference@37d3e140
2024-12-18T10:31:12.493+09:00 DEBUG 14335 --- [coupon-api] [           main] org.hibernate.type.BasicTypeRegistry     : Adding type registration java.lang.Boolean -> org.hibernate.type.BasicTypeReference@37d3e140
2024-12-18T10:31:12.493+09:00 DEBUG 14335 --- [coupon-api] [           main] org.hibernate.type.BasicTypeRegistry     : Adding type registration numeric_boolean -> org.hibernate.type.BasicTypeReference@3e53c4ad
2024-12-18T10:31:12.493+09:00 DEBUG 14335 --- [coupon-api] [           main] org.hibernate.type.BasicTypeRegistry     : Adding type registration org.hibernate.type.NumericBooleanConverter -> org.hibernate.type.BasicTypeReference@3e53c4ad
2024-12-18T10:31:12.493+09:00 DEBUG 14335 --- [coupon-api] [           main] org.hibernate.type.BasicTypeRegistry     : Adding type registration true_false -> org.hibernate.type.BasicTypeReference@33eb0d4
2024-12-18T10:31:12.493+09:00 DEBUG 14335 --- [coupon-api] [           main] org.hibernate.type.BasicTypeRegistry     : Adding type registration org.hibernate.type.TrueFalseConverter -> org.hibernate.type.BasicTypeReference@33eb0d4
2024-12-18T10:31:12.493+09:00 DEBUG 14335 --- [coupon-api] [           main] org.hibernate.type.BasicTypeRegistry     : Adding type registration yes_no -> org.hibernate.type.BasicTypeReference@224d86d2
2024-12-18T10:31:12.494+09:00 DEBUG 14335 --- [coupon-api] [           main] org.hibernate.type.BasicTypeRegistry     : Adding type registration org.hibernate.type.YesNoConverter -> org.hibernate.type.BasicTypeReference@224d86d2
2024-12-18T10:31:12.494+09:00 DEBUG 14335 --- [coupon-api] [           main] org.hibernate.type.BasicTypeRegistry     : Adding type registration byte -> org.hibernate.type.BasicTypeReference@a3cba3a
2024-12-18T10:31:12.494+09:00 DEBUG 14335 --- [coupon-api] [           main] org.hibernate.type.BasicTypeRegistry     : Adding type registration byte -> org.hibernate.type.BasicTypeReference@a3cba3a
2024-12-18T10:31:12.494+09:00 DEBUG 14335 --- [coupon-api] [           main] org.hibernate.type.BasicTypeRegistry     : Adding type registration java.lang.Byte -> org.hibernate.type.BasicTypeReference@a3cba3a
2024-12-18T10:31:12.494+09:00 DEBUG 14335 --- [coupon-api] [           main] org.hibernate.type.BasicTypeRegistry     : Adding type registration binary -> org.hibernate.type.BasicTypeReference@2aea717c
2024-12-18T10:31:12.495+09:00 DEBUG 14335 --- [coupon-api] [           main] org.hibernate.type.BasicTypeRegistry     : Adding type registration byte[] -> org.hibernate.type.BasicTypeReference@2aea717c
2024-12-18T10:31:12.496+09:00 DEBUG 14335 --- [coupon-api] [           main] org.hibernate.type.BasicTypeRegistry     : Adding type registration [B -> org.hibernate.type.BasicTypeReference@2aea717c
2024-12-18T10:31:12.496+09:00 DEBUG 14335 --- [coupon-api] [           main] org.hibernate.type.BasicTypeRegistry     : Adding type registration binary_wrapper -> org.hibernate.type.BasicTypeReference@5ca4dce5
2024-12-18T10:31:12.497+09:00 DEBUG 14335 --- [coupon-api] [           main] org.hibernate.type.BasicTypeRegistry     : Adding type registration wrapper-binary -> org.hibernate.type.BasicTypeReference@5ca4dce5
2024-12-18T10:31:12.498+09:00 DEBUG 14335 --- [coupon-api] [           main] org.hibernate.type.BasicTypeRegistry     : Adding type registration image -> org.hibernate.type.BasicTypeReference@1291aab5
2024-12-18T10:31:12.498+09:00 DEBUG 14335 --- [coupon-api] [           main] org.hibernate.type.BasicTypeRegistry     : Adding type registration blob -> org.hibernate.type.BasicTypeReference@7d133fb7
2024-12-18T10:31:12.499+09:00 DEBUG 14335 --- [coupon-api] [           main] org.hibernate.type.BasicTypeRegistry     : Adding type registration java.sql.Blob -> org.hibernate.type.BasicTypeReference@7d133fb7
2024-12-18T10:31:12.499+09:00 DEBUG 14335 --- [coupon-api] [           main] org.hibernate.type.BasicTypeRegistry     : Adding type registration materialized_blob -> org.hibernate.type.BasicTypeReference@40bd0f8
2024-12-18T10:31:12.500+09:00 DEBUG 14335 --- [coupon-api] [           main] org.hibernate.type.BasicTypeRegistry     : Adding type registration materialized_blob_wrapper -> org.hibernate.type.BasicTypeReference@7eb27768
2024-12-18T10:31:12.500+09:00 DEBUG 14335 --- [coupon-api] [           main] org.hibernate.type.BasicTypeRegistry     : Adding type registration short -> org.hibernate.type.BasicTypeReference@6169be09
2024-12-18T10:31:12.500+09:00 DEBUG 14335 --- [coupon-api] [           main] org.hibernate.type.BasicTypeRegistry     : Adding type registration short -> org.hibernate.type.BasicTypeReference@6169be09
2024-12-18T10:31:12.500+09:00 DEBUG 14335 --- [coupon-api] [           main] org.hibernate.type.BasicTypeRegistry     : Adding type registration java.lang.Short -> org.hibernate.type.BasicTypeReference@6169be09
2024-12-18T10:31:12.500+09:00 DEBUG 14335 --- [coupon-api] [           main] org.hibernate.type.BasicTypeRegistry     : Adding type registration integer -> org.hibernate.type.BasicTypeReference@5e3db14
2024-12-18T10:31:12.500+09:00 DEBUG 14335 --- [coupon-api] [           main] org.hibernate.type.BasicTypeRegistry     : Adding type registration int -> org.hibernate.type.BasicTypeReference@5e3db14
2024-12-18T10:31:12.500+09:00 DEBUG 14335 --- [coupon-api] [           main] org.hibernate.type.BasicTypeRegistry     : Adding type registration java.lang.Integer -> org.hibernate.type.BasicTypeReference@5e3db14
2024-12-18T10:31:12.501+09:00 DEBUG 14335 --- [coupon-api] [           main] org.hibernate.type.BasicTypeRegistry     : Adding type registration long -> org.hibernate.type.BasicTypeReference@5fb54740
2024-12-18T10:31:12.501+09:00 DEBUG 14335 --- [coupon-api] [           main] org.hibernate.type.BasicTypeRegistry     : Adding type registration long -> org.hibernate.type.BasicTypeReference@5fb54740
2024-12-18T10:31:12.501+09:00 DEBUG 14335 --- [coupon-api] [           main] org.hibernate.type.BasicTypeRegistry     : Adding type registration java.lang.Long -> org.hibernate.type.BasicTypeReference@5fb54740
2024-12-18T10:31:12.501+09:00 DEBUG 14335 --- [coupon-api] [           main] org.hibernate.type.BasicTypeRegistry     : Adding type registration float -> org.hibernate.type.BasicTypeReference@325162e9
2024-12-18T10:31:12.501+09:00 DEBUG 14335 --- [coupon-api] [           main] org.hibernate.type.BasicTypeRegistry     : Adding type registration float -> org.hibernate.type.BasicTypeReference@325162e9
2024-12-18T10:31:12.502+09:00 DEBUG 14335 --- [coupon-api] [           main] org.hibernate.type.BasicTypeRegistry     : Adding type registration java.lang.Float -> org.hibernate.type.BasicTypeReference@325162e9
2024-12-18T10:31:12.502+09:00 DEBUG 14335 --- [coupon-api] [           main] org.hibernate.type.BasicTypeRegistry     : Adding type registration double -> org.hibernate.type.BasicTypeReference@1ee40b5c
2024-12-18T10:31:12.503+09:00 DEBUG 14335 --- [coupon-api] [           main] org.hibernate.type.BasicTypeRegistry     : Adding type registration double -> org.hibernate.type.BasicTypeReference@1ee40b5c
2024-12-18T10:31:12.503+09:00 DEBUG 14335 --- [coupon-api] [           main] org.hibernate.type.BasicTypeRegistry     : Adding type registration java.lang.Double -> org.hibernate.type.BasicTypeReference@1ee40b5c
2024-12-18T10:31:12.504+09:00 DEBUG 14335 --- [coupon-api] [           main] org.hibernate.type.BasicTypeRegistry     : Adding type registration big_integer -> org.hibernate.type.BasicTypeReference@5c448ef
2024-12-18T10:31:12.504+09:00 DEBUG 14335 --- [coupon-api] [           main] org.hibernate.type.BasicTypeRegistry     : Adding type registration java.math.BigInteger -> org.hibernate.type.BasicTypeReference@5c448ef
2024-12-18T10:31:12.504+09:00 DEBUG 14335 --- [coupon-api] [           main] org.hibernate.type.BasicTypeRegistry     : Adding type registration big_decimal -> org.hibernate.type.BasicTypeReference@703e8050
2024-12-18T10:31:12.504+09:00 DEBUG 14335 --- [coupon-api] [           main] org.hibernate.type.BasicTypeRegistry     : Adding type registration java.math.BigDecimal -> org.hibernate.type.BasicTypeReference@703e8050
2024-12-18T10:31:12.504+09:00 DEBUG 14335 --- [coupon-api] [           main] org.hibernate.type.BasicTypeRegistry     : Adding type registration character -> org.hibernate.type.BasicTypeReference@49c1e294
2024-12-18T10:31:12.504+09:00 DEBUG 14335 --- [coupon-api] [           main] org.hibernate.type.BasicTypeRegistry     : Adding type registration char -> org.hibernate.type.BasicTypeReference@49c1e294
2024-12-18T10:31:12.504+09:00 DEBUG 14335 --- [coupon-api] [           main] org.hibernate.type.BasicTypeRegistry     : Adding type registration java.lang.Character -> org.hibernate.type.BasicTypeReference@49c1e294
2024-12-18T10:31:12.504+09:00 DEBUG 14335 --- [coupon-api] [           main] org.hibernate.type.BasicTypeRegistry     : Adding type registration character_nchar -> org.hibernate.type.BasicTypeReference@7741ae1b
2024-12-18T10:31:12.505+09:00 DEBUG 14335 --- [coupon-api] [           main] org.hibernate.type.BasicTypeRegistry     : Adding type registration string -> org.hibernate.type.BasicTypeReference@50e5032c
2024-12-18T10:31:12.505+09:00 DEBUG 14335 --- [coupon-api] [           main] org.hibernate.type.BasicTypeRegistry     : Adding type registration java.lang.String -> org.hibernate.type.BasicTypeReference@50e5032c
2024-12-18T10:31:12.505+09:00 DEBUG 14335 --- [coupon-api] [           main] org.hibernate.type.BasicTypeRegistry     : Adding type registration nstring -> org.hibernate.type.BasicTypeReference@545d2560
2024-12-18T10:31:12.505+09:00 DEBUG 14335 --- [coupon-api] [           main] org.hibernate.type.BasicTypeRegistry     : Adding type registration characters -> org.hibernate.type.BasicTypeReference@124eb83d
2024-12-18T10:31:12.505+09:00 DEBUG 14335 --- [coupon-api] [           main] org.hibernate.type.BasicTypeRegistry     : Adding type registration char[] -> org.hibernate.type.BasicTypeReference@124eb83d
2024-12-18T10:31:12.505+09:00 DEBUG 14335 --- [coupon-api] [           main] org.hibernate.type.BasicTypeRegistry     : Adding type registration [C -> org.hibernate.type.BasicTypeReference@124eb83d
2024-12-18T10:31:12.505+09:00 DEBUG 14335 --- [coupon-api] [           main] org.hibernate.type.BasicTypeRegistry     : Adding type registration wrapper-characters -> org.hibernate.type.BasicTypeReference@6885ed19
2024-12-18T10:31:12.505+09:00 DEBUG 14335 --- [coupon-api] [           main] org.hibernate.type.BasicTypeRegistry     : Adding type registration text -> org.hibernate.type.BasicTypeReference@10817f46
2024-12-18T10:31:12.505+09:00 DEBUG 14335 --- [coupon-api] [           main] org.hibernate.type.BasicTypeRegistry     : Adding type registration ntext -> org.hibernate.type.BasicTypeReference@2d4a3e13
2024-12-18T10:31:12.506+09:00 DEBUG 14335 --- [coupon-api] [           main] org.hibernate.type.BasicTypeRegistry     : Adding type registration clob -> org.hibernate.type.BasicTypeReference@4a22e4d7
2024-12-18T10:31:12.506+09:00 DEBUG 14335 --- [coupon-api] [           main] org.hibernate.type.BasicTypeRegistry     : Adding type registration java.sql.Clob -> org.hibernate.type.BasicTypeReference@4a22e4d7
2024-12-18T10:31:12.506+09:00 DEBUG 14335 --- [coupon-api] [           main] org.hibernate.type.BasicTypeRegistry     : Adding type registration nclob -> org.hibernate.type.BasicTypeReference@d8835af
2024-12-18T10:31:12.506+09:00 DEBUG 14335 --- [coupon-api] [           main] org.hibernate.type.BasicTypeRegistry     : Adding type registration java.sql.NClob -> org.hibernate.type.BasicTypeReference@d8835af
2024-12-18T10:31:12.506+09:00 DEBUG 14335 --- [coupon-api] [           main] org.hibernate.type.BasicTypeRegistry     : Adding type registration materialized_clob -> org.hibernate.type.BasicTypeReference@16681017
2024-12-18T10:31:12.506+09:00 DEBUG 14335 --- [coupon-api] [           main] org.hibernate.type.BasicTypeRegistry     : Adding type registration materialized_clob_char_array -> org.hibernate.type.BasicTypeReference@6aae0e6f
2024-12-18T10:31:12.506+09:00 DEBUG 14335 --- [coupon-api] [           main] org.hibernate.type.BasicTypeRegistry     : Adding type registration materialized_clob_character_array -> org.hibernate.type.BasicTypeReference@37775bb1
2024-12-18T10:31:12.506+09:00 DEBUG 14335 --- [coupon-api] [           main] org.hibernate.type.BasicTypeRegistry     : Adding type registration materialized_nclob -> org.hibernate.type.BasicTypeReference@7b9e25bd
2024-12-18T10:31:12.506+09:00 DEBUG 14335 --- [coupon-api] [           main] org.hibernate.type.BasicTypeRegistry     : Adding type registration materialized_nclob_character_array -> org.hibernate.type.BasicTypeReference@2d206a71
2024-12-18T10:31:12.506+09:00 DEBUG 14335 --- [coupon-api] [           main] org.hibernate.type.BasicTypeRegistry     : Adding type registration materialized_nclob_char_array -> org.hibernate.type.BasicTypeReference@37e7c4cc
2024-12-18T10:31:12.507+09:00 DEBUG 14335 --- [coupon-api] [           main] org.hibernate.type.BasicTypeRegistry     : Adding type registration Duration -> org.hibernate.type.BasicTypeReference@3a40bb52
2024-12-18T10:31:12.507+09:00 DEBUG 14335 --- [coupon-api] [           main] org.hibernate.type.BasicTypeRegistry     : Adding type registration java.time.Duration -> org.hibernate.type.BasicTypeReference@3a40bb52
2024-12-18T10:31:12.507+09:00 DEBUG 14335 --- [coupon-api] [           main] org.hibernate.type.BasicTypeRegistry     : Adding type registration LocalDateTime -> org.hibernate.type.BasicTypeReference@3079c26a
2024-12-18T10:31:12.507+09:00 DEBUG 14335 --- [coupon-api] [           main] org.hibernate.type.BasicTypeRegistry     : Adding type registration java.time.LocalDateTime -> org.hibernate.type.BasicTypeReference@3079c26a
2024-12-18T10:31:12.507+09:00 DEBUG 14335 --- [coupon-api] [           main] org.hibernate.type.BasicTypeRegistry     : Adding type registration LocalDate -> org.hibernate.type.BasicTypeReference@1e2445f6
2024-12-18T10:31:12.507+09:00 DEBUG 14335 --- [coupon-api] [           main] org.hibernate.type.BasicTypeRegistry     : Adding type registration java.time.LocalDate -> org.hibernate.type.BasicTypeReference@1e2445f6
2024-12-18T10:31:12.507+09:00 DEBUG 14335 --- [coupon-api] [           main] org.hibernate.type.BasicTypeRegistry     : Adding type registration LocalTime -> org.hibernate.type.BasicTypeReference@17ec335a
2024-12-18T10:31:12.507+09:00 DEBUG 14335 --- [coupon-api] [           main] org.hibernate.type.BasicTypeRegistry     : Adding type registration java.time.LocalTime -> org.hibernate.type.BasicTypeReference@17ec335a
2024-12-18T10:31:12.507+09:00 DEBUG 14335 --- [coupon-api] [           main] org.hibernate.type.BasicTypeRegistry     : Adding type registration OffsetDateTime -> org.hibernate.type.BasicTypeReference@284990de
2024-12-18T10:31:12.507+09:00 DEBUG 14335 --- [coupon-api] [           main] org.hibernate.type.BasicTypeRegistry     : Adding type registration java.time.OffsetDateTime -> org.hibernate.type.BasicTypeReference@284990de
2024-12-18T10:31:12.507+09:00 DEBUG 14335 --- [coupon-api] [           main] org.hibernate.type.BasicTypeRegistry     : Adding type registration OffsetDateTimeWithTimezone -> org.hibernate.type.BasicTypeReference@565d7d2f
2024-12-18T10:31:12.508+09:00 DEBUG 14335 --- [coupon-api] [           main] org.hibernate.type.BasicTypeRegistry     : Adding type registration OffsetDateTimeWithoutTimezone -> org.hibernate.type.BasicTypeReference@6aea99e7
2024-12-18T10:31:12.509+09:00 DEBUG 14335 --- [coupon-api] [           main] org.hibernate.type.BasicTypeRegistry     : Adding type registration OffsetTime -> org.hibernate.type.BasicTypeReference@1c6a0103
2024-12-18T10:31:12.511+09:00 DEBUG 14335 --- [coupon-api] [           main] org.hibernate.type.BasicTypeRegistry     : Adding type registration java.time.OffsetTime -> org.hibernate.type.BasicTypeReference@1c6a0103
2024-12-18T10:31:12.512+09:00 DEBUG 14335 --- [coupon-api] [           main] org.hibernate.type.BasicTypeRegistry     : Adding type registration OffsetTimeUtc -> org.hibernate.type.BasicTypeReference@7841bd30
2024-12-18T10:31:12.512+09:00 DEBUG 14335 --- [coupon-api] [           main] org.hibernate.type.BasicTypeRegistry     : Adding type registration OffsetTimeWithTimezone -> org.hibernate.type.BasicTypeReference@45c80312
2024-12-18T10:31:12.512+09:00 DEBUG 14335 --- [coupon-api] [           main] org.hibernate.type.BasicTypeRegistry     : Adding type registration OffsetTimeWithoutTimezone -> org.hibernate.type.BasicTypeReference@7bd38fed
2024-12-18T10:31:12.512+09:00 DEBUG 14335 --- [coupon-api] [           main] org.hibernate.type.BasicTypeRegistry     : Adding type registration ZonedDateTime -> org.hibernate.type.BasicTypeReference@377dfb8d
2024-12-18T10:31:12.512+09:00 DEBUG 14335 --- [coupon-api] [           main] org.hibernate.type.BasicTypeRegistry     : Adding type registration java.time.ZonedDateTime -> org.hibernate.type.BasicTypeReference@377dfb8d
2024-12-18T10:31:12.512+09:00 DEBUG 14335 --- [coupon-api] [           main] org.hibernate.type.BasicTypeRegistry     : Adding type registration ZonedDateTimeWithTimezone -> org.hibernate.type.BasicTypeReference@42a0786f
2024-12-18T10:31:12.512+09:00 DEBUG 14335 --- [coupon-api] [           main] org.hibernate.type.BasicTypeRegistry     : Adding type registration ZonedDateTimeWithoutTimezone -> org.hibernate.type.BasicTypeReference@477523ba
2024-12-18T10:31:12.512+09:00 DEBUG 14335 --- [coupon-api] [           main] org.hibernate.type.BasicTypeRegistry     : Adding type registration date -> org.hibernate.type.BasicTypeReference@203e705e
2024-12-18T10:31:12.512+09:00 DEBUG 14335 --- [coupon-api] [           main] org.hibernate.type.BasicTypeRegistry     : Adding type registration java.sql.Date -> org.hibernate.type.BasicTypeReference@203e705e
2024-12-18T10:31:12.513+09:00 DEBUG 14335 --- [coupon-api] [           main] org.hibernate.type.BasicTypeRegistry     : Adding type registration time -> org.hibernate.type.BasicTypeReference@78c74647
2024-12-18T10:31:12.513+09:00 DEBUG 14335 --- [coupon-api] [           main] org.hibernate.type.BasicTypeRegistry     : Adding type registration java.sql.Time -> org.hibernate.type.BasicTypeReference@78c74647
2024-12-18T10:31:12.513+09:00 DEBUG 14335 --- [coupon-api] [           main] org.hibernate.type.BasicTypeRegistry     : Adding type registration timestamp -> org.hibernate.type.BasicTypeReference@39652a30
2024-12-18T10:31:12.514+09:00 DEBUG 14335 --- [coupon-api] [           main] org.hibernate.type.BasicTypeRegistry     : Adding type registration java.sql.Timestamp -> org.hibernate.type.BasicTypeReference@39652a30
2024-12-18T10:31:12.515+09:00 DEBUG 14335 --- [coupon-api] [           main] org.hibernate.type.BasicTypeRegistry     : Adding type registration java.util.Date -> org.hibernate.type.BasicTypeReference@39652a30
2024-12-18T10:31:12.515+09:00 DEBUG 14335 --- [coupon-api] [           main] org.hibernate.type.BasicTypeRegistry     : Adding type registration calendar -> org.hibernate.type.BasicTypeReference@5763a655
2024-12-18T10:31:12.515+09:00 DEBUG 14335 --- [coupon-api] [           main] org.hibernate.type.BasicTypeRegistry     : Adding type registration java.util.Calendar -> org.hibernate.type.BasicTypeReference@5763a655
2024-12-18T10:31:12.529+09:00 DEBUG 14335 --- [coupon-api] [           main] org.hibernate.type.BasicTypeRegistry     : Adding type registration java.util.GregorianCalendar -> org.hibernate.type.BasicTypeReference@5763a655
2024-12-18T10:31:12.529+09:00 DEBUG 14335 --- [coupon-api] [           main] org.hibernate.type.BasicTypeRegistry     : Adding type registration calendar_date -> org.hibernate.type.BasicTypeReference@46bb0bdf
2024-12-18T10:31:12.529+09:00 DEBUG 14335 --- [coupon-api] [           main] org.hibernate.type.BasicTypeRegistry     : Adding type registration calendar_time -> org.hibernate.type.BasicTypeReference@561f9d92
2024-12-18T10:31:12.529+09:00 DEBUG 14335 --- [coupon-api] [           main] org.hibernate.type.BasicTypeRegistry     : Adding type registration instant -> org.hibernate.type.BasicTypeReference@1c84d80a
2024-12-18T10:31:12.530+09:00 DEBUG 14335 --- [coupon-api] [           main] org.hibernate.type.BasicTypeRegistry     : Adding type registration java.time.Instant -> org.hibernate.type.BasicTypeReference@1c84d80a
2024-12-18T10:31:12.530+09:00 DEBUG 14335 --- [coupon-api] [           main] org.hibernate.type.BasicTypeRegistry     : Adding type registration uuid -> org.hibernate.type.BasicTypeReference@7ceb6c45
2024-12-18T10:31:12.530+09:00 DEBUG 14335 --- [coupon-api] [           main] org.hibernate.type.BasicTypeRegistry     : Adding type registration java.util.UUID -> org.hibernate.type.BasicTypeReference@7ceb6c45
2024-12-18T10:31:12.530+09:00 DEBUG 14335 --- [coupon-api] [           main] org.hibernate.type.BasicTypeRegistry     : Adding type registration pg-uuid -> org.hibernate.type.BasicTypeReference@7ceb6c45
2024-12-18T10:31:12.530+09:00 DEBUG 14335 --- [coupon-api] [           main] org.hibernate.type.BasicTypeRegistry     : Adding type registration uuid-binary -> org.hibernate.type.BasicTypeReference@629075f4
2024-12-18T10:31:12.530+09:00 DEBUG 14335 --- [coupon-api] [           main] org.hibernate.type.BasicTypeRegistry     : Adding type registration uuid-char -> org.hibernate.type.BasicTypeReference@48499739
2024-12-18T10:31:12.530+09:00 DEBUG 14335 --- [coupon-api] [           main] org.hibernate.type.BasicTypeRegistry     : Adding type registration class -> org.hibernate.type.BasicTypeReference@723742b2
2024-12-18T10:31:12.530+09:00 DEBUG 14335 --- [coupon-api] [           main] org.hibernate.type.BasicTypeRegistry     : Adding type registration java.lang.Class -> org.hibernate.type.BasicTypeReference@723742b2
2024-12-18T10:31:12.530+09:00 DEBUG 14335 --- [coupon-api] [           main] org.hibernate.type.BasicTypeRegistry     : Adding type registration currency -> org.hibernate.type.BasicTypeReference@559991f5
2024-12-18T10:31:12.530+09:00 DEBUG 14335 --- [coupon-api] [           main] org.hibernate.type.BasicTypeRegistry     : Adding type registration Currency -> org.hibernate.type.BasicTypeReference@559991f5
2024-12-18T10:31:12.530+09:00 DEBUG 14335 --- [coupon-api] [           main] org.hibernate.type.BasicTypeRegistry     : Adding type registration java.util.Currency -> org.hibernate.type.BasicTypeReference@559991f5
2024-12-18T10:31:12.530+09:00 DEBUG 14335 --- [coupon-api] [           main] org.hibernate.type.BasicTypeRegistry     : Adding type registration locale -> org.hibernate.type.BasicTypeReference@34c76167
2024-12-18T10:31:12.530+09:00 DEBUG 14335 --- [coupon-api] [           main] org.hibernate.type.BasicTypeRegistry     : Adding type registration java.util.Locale -> org.hibernate.type.BasicTypeReference@34c76167
2024-12-18T10:31:12.531+09:00 DEBUG 14335 --- [coupon-api] [           main] org.hibernate.type.BasicTypeRegistry     : Adding type registration serializable -> org.hibernate.type.BasicTypeReference@30b3d899
2024-12-18T10:31:12.533+09:00 DEBUG 14335 --- [coupon-api] [           main] org.hibernate.type.BasicTypeRegistry     : Adding type registration java.io.Serializable -> org.hibernate.type.BasicTypeReference@30b3d899
2024-12-18T10:31:12.534+09:00 DEBUG 14335 --- [coupon-api] [           main] org.hibernate.type.BasicTypeRegistry     : Adding type registration timezone -> org.hibernate.type.BasicTypeReference@78d92eef
2024-12-18T10:31:12.534+09:00 DEBUG 14335 --- [coupon-api] [           main] org.hibernate.type.BasicTypeRegistry     : Adding type registration java.util.TimeZone -> org.hibernate.type.BasicTypeReference@78d92eef
2024-12-18T10:31:12.534+09:00 DEBUG 14335 --- [coupon-api] [           main] org.hibernate.type.BasicTypeRegistry     : Adding type registration ZoneOffset -> org.hibernate.type.BasicTypeReference@61d60e38
2024-12-18T10:31:12.534+09:00 DEBUG 14335 --- [coupon-api] [           main] org.hibernate.type.BasicTypeRegistry     : Adding type registration java.time.ZoneOffset -> org.hibernate.type.BasicTypeReference@61d60e38
2024-12-18T10:31:12.534+09:00 DEBUG 14335 --- [coupon-api] [           main] org.hibernate.type.BasicTypeRegistry     : Adding type registration url -> org.hibernate.type.BasicTypeReference@6e95973c
2024-12-18T10:31:12.534+09:00 DEBUG 14335 --- [coupon-api] [           main] org.hibernate.type.BasicTypeRegistry     : Adding type registration java.net.URL -> org.hibernate.type.BasicTypeReference@6e95973c
2024-12-18T10:31:12.534+09:00 DEBUG 14335 --- [coupon-api] [           main] org.hibernate.type.BasicTypeRegistry     : Adding type registration vector -> org.hibernate.type.BasicTypeReference@404ced67
2024-12-18T10:31:12.534+09:00 DEBUG 14335 --- [coupon-api] [           main] org.hibernate.type.BasicTypeRegistry     : Adding type registration row_version -> org.hibernate.type.BasicTypeReference@71531dd7
2024-12-18T10:31:12.545+09:00 DEBUG 14335 --- [coupon-api] [           main] org.hibernate.type.BasicTypeRegistry     : Adding type registration object -> org.hibernate.type.JavaObjectType@5384ce66
2024-12-18T10:31:12.546+09:00 DEBUG 14335 --- [coupon-api] [           main] org.hibernate.type.BasicTypeRegistry     : Adding type registration java.lang.Object -> org.hibernate.type.JavaObjectType@5384ce66
2024-12-18T10:31:12.548+09:00 DEBUG 14335 --- [coupon-api] [           main] org.hibernate.type.BasicTypeRegistry     : Adding type registration null -> org.hibernate.type.NullType@256589a1
2024-12-18T10:31:12.548+09:00 DEBUG 14335 --- [coupon-api] [           main] org.hibernate.type.BasicTypeRegistry     : Adding type registration imm_date -> org.hibernate.type.BasicTypeReference@935493d
2024-12-18T10:31:12.548+09:00 DEBUG 14335 --- [coupon-api] [           main] org.hibernate.type.BasicTypeRegistry     : Adding type registration imm_time -> org.hibernate.type.BasicTypeReference@9b367c8
2024-12-18T10:31:12.548+09:00 DEBUG 14335 --- [coupon-api] [           main] org.hibernate.type.BasicTypeRegistry     : Adding type registration imm_timestamp -> org.hibernate.type.BasicTypeReference@34c62fdf
2024-12-18T10:31:12.548+09:00 DEBUG 14335 --- [coupon-api] [           main] org.hibernate.type.BasicTypeRegistry     : Adding type registration imm_calendar -> org.hibernate.type.BasicTypeReference@3de79067
2024-12-18T10:31:12.548+09:00 DEBUG 14335 --- [coupon-api] [           main] org.hibernate.type.BasicTypeRegistry     : Adding type registration imm_calendar_date -> org.hibernate.type.BasicTypeReference@1eb85a47
2024-12-18T10:31:12.549+09:00 DEBUG 14335 --- [coupon-api] [           main] org.hibernate.type.BasicTypeRegistry     : Adding type registration imm_calendar_time -> org.hibernate.type.BasicTypeReference@ca7e37f
2024-12-18T10:31:12.549+09:00 DEBUG 14335 --- [coupon-api] [           main] org.hibernate.type.BasicTypeRegistry     : Adding type registration imm_binary -> org.hibernate.type.BasicTypeReference@99a8de3
2024-12-18T10:31:12.549+09:00 DEBUG 14335 --- [coupon-api] [           main] org.hibernate.type.BasicTypeRegistry     : Adding type registration imm_serializable -> org.hibernate.type.BasicTypeReference@87f501f
2024-12-18T10:31:12.555+09:00 DEBUG 14335 --- [coupon-api] [           main] o.h.boot.internal.BootstrapContextImpl   : Injecting JPA temp ClassLoader [org.springframework.instrument.classloading.SimpleThrowawayClassLoader@33e3bd2e] into BootstrapContext; was [null]
2024-12-18T10:31:12.556+09:00 DEBUG 14335 --- [coupon-api] [           main] o.h.boot.internal.ClassLoaderAccessImpl  : ClassLoaderAccessImpl#injectTempClassLoader(org.springframework.instrument.classloading.SimpleThrowawayClassLoader@33e3bd2e) [was null]
2024-12-18T10:31:12.557+09:00 DEBUG 14335 --- [coupon-api] [           main] o.h.boot.internal.BootstrapContextImpl   : Injecting ScanEnvironment [org.hibernate.jpa.boot.internal.StandardJpaScanEnvironmentImpl@2f09e6b2] into BootstrapContext; was [null]
2024-12-18T10:31:12.557+09:00 DEBUG 14335 --- [coupon-api] [           main] o.h.boot.internal.BootstrapContextImpl   : Injecting ScanOptions [org.hibernate.boot.archive.scan.internal.StandardScanOptions@1bee0085] into BootstrapContext; was [org.hibernate.boot.archive.scan.internal.StandardScanOptions@16e1219f]
2024-12-18T10:31:12.893+09:00  INFO 14335 --- [coupon-api] [           main] o.s.o.j.p.SpringPersistenceUnitInfo      : No LoadTimeWeaver setup: ignoring JPA class transformer
2024-12-18T10:31:12.897+09:00 DEBUG 14335 --- [coupon-api] [           main] o.h.boot.internal.BootstrapContextImpl   : Injecting JPA temp ClassLoader [null] into BootstrapContext; was [org.springframework.instrument.classloading.SimpleThrowawayClassLoader@33e3bd2e]
2024-12-18T10:31:12.897+09:00 DEBUG 14335 --- [coupon-api] [           main] o.h.boot.internal.ClassLoaderAccessImpl  : ClassLoaderAccessImpl#injectTempClassLoader(null) [was org.springframework.instrument.classloading.SimpleThrowawayClassLoader@33e3bd2e]
2024-12-18T10:31:12.926+09:00 DEBUG 14335 --- [coupon-api] [           main] o.s.j.datasource.SimpleDriverDataSource  : Creating new JDBC Driver Connection to [jdbc:h2:mem:c3b79b7d-e3f9-425b-a5f5-d700e326368f;DB_CLOSE_DELAY=-1;DB_CLOSE_ON_EXIT=false]
2024-12-18T10:31:12.929+09:00 DEBUG 14335 --- [coupon-api] [           main] o.h.e.j.e.i.JdbcEnvironmentInitiator     : Database ->
	   name : H2
	version : 2.2.224 (2023-09-17)
	  major : 2
	  minor : 2
2024-12-18T10:31:12.929+09:00 DEBUG 14335 --- [coupon-api] [           main] o.h.e.j.e.i.JdbcEnvironmentInitiator     : Driver ->
	   name : H2 JDBC Driver
	version : 2.2.224 (2023-09-17)
	  major : 2
	  minor : 2
2024-12-18T10:31:12.929+09:00 DEBUG 14335 --- [coupon-api] [           main] o.h.e.j.e.i.JdbcEnvironmentInitiator     : JDBC version : 4.2
2024-12-18T10:31:12.968+09:00 DEBUG 14335 --- [coupon-api] [           main] org.hibernate.orm.dialect                : HHH035001: Using dialect: org.hibernate.dialect.H2Dialect, version: 2.2.224
2024-12-18T10:31:12.975+09:00 DEBUG 14335 --- [coupon-api] [           main] o.h.e.j.env.spi.IdentifierHelperBuilder  : JDBC driver metadata reported database stores quoted identifiers in neither upper, lower nor mixed case
2024-12-18T10:31:13.003+09:00 DEBUG 14335 --- [coupon-api] [           main] o.h.t.d.jdbc.spi.JdbcTypeRegistry        : addDescriptor(NCharTypeDescriptor) replaced previous registration(CharTypeDescriptor)
2024-12-18T10:31:13.005+09:00 DEBUG 14335 --- [coupon-api] [           main] o.h.t.d.jdbc.spi.JdbcTypeRegistry        : addDescriptor(NVarcharTypeDescriptor) replaced previous registration(VarcharTypeDescriptor)
2024-12-18T10:31:13.006+09:00 DEBUG 14335 --- [coupon-api] [           main] o.h.t.d.jdbc.spi.JdbcTypeRegistry        : addDescriptor(LongNVarcharTypeDescriptor) replaced previous registration(LongVarcharTypeDescriptor)
2024-12-18T10:31:13.009+09:00 DEBUG 14335 --- [coupon-api] [           main] o.h.t.d.jdbc.spi.JdbcTypeRegistry        : addDescriptor(NClobTypeDescriptor(DEFAULT)) replaced previous registration(ClobTypeDescriptor(DEFAULT))
2024-12-18T10:31:13.020+09:00 DEBUG 14335 --- [coupon-api] [           main] o.h.t.d.jdbc.spi.JdbcTypeRegistry        : addDescriptor(2005, ClobTypeDescriptor(STREAM_BINDING)) replaced previous registration(ClobTypeDescriptor(DEFAULT))
2024-12-18T10:31:13.041+09:00 DEBUG 14335 --- [coupon-api] [           main] o.h.t.d.jdbc.spi.JdbcTypeRegistry        : addDescriptor(TimestampUtcDescriptor) replaced previous registration(TimestampUtcDescriptor)
2024-12-18T10:31:13.048+09:00 DEBUG 14335 --- [coupon-api] [           main] org.hibernate.type.BasicTypeRegistry     : Adding type registration org.hibernate.type.DurationType -> basicType@1(java.time.Duration,3015)
2024-12-18T10:31:13.048+09:00 DEBUG 14335 --- [coupon-api] [           main] org.hibernate.type.BasicTypeRegistry     : Adding type registration Duration -> basicType@1(java.time.Duration,3015)
2024-12-18T10:31:13.048+09:00 DEBUG 14335 --- [coupon-api] [           main] org.hibernate.type.BasicTypeRegistry     : Adding type registration java.time.Duration -> basicType@1(java.time.Duration,3015)
2024-12-18T10:31:13.054+09:00 DEBUG 14335 --- [coupon-api] [           main] o.h.type.spi.TypeConfiguration$Scope     : Scoping TypeConfiguration [org.hibernate.type.spi.TypeConfiguration@1846ad0f] to MetadataBuildingContext [org.hibernate.boot.internal.MetadataBuildingContextRootImpl@5597ca3]
2024-12-18T10:31:13.099+09:00 DEBUG 14335 --- [coupon-api] [           main] o.h.boot.model.relational.Namespace      : Created database namespace [logicalName=Name{catalog=null, schema=null}, physicalName=Name{catalog=null, schema=null}]
2024-12-18T10:31:13.129+09:00 DEBUG 14335 --- [coupon-api] [           main] o.h.boot.model.internal.EntityBinder     : Binding entity from annotated class: store.aurora.entity.BookPolicy
2024-12-18T10:31:13.135+09:00 DEBUG 14335 --- [coupon-api] [           main] o.h.boot.model.internal.EntityBinder     : Import with entity name BookPolicy
2024-12-18T10:31:13.142+09:00 DEBUG 14335 --- [coupon-api] [           main] o.h.boot.model.internal.EntityBinder     : Bind entity store.aurora.entity.BookPolicy on table book_policy
2024-12-18T10:31:13.152+09:00 DEBUG 14335 --- [coupon-api] [           main] o.h.boot.model.internal.AnnotatedColumn  : Binding column: AnnotatedDiscriminatorColumn(column='DTYPE')
2024-12-18T10:31:13.172+09:00 DEBUG 14335 --- [coupon-api] [           main] o.h.boot.model.internal.AnnotatedColumn  : Binding column: AnnotatedColumn(column='book_coupon')
2024-12-18T10:31:13.174+09:00 DEBUG 14335 --- [coupon-api] [           main] o.h.boot.internal.ClassLoaderAccessImpl  : Not known whether passed class name [store.aurora.entity.BookPolicy] is safe
2024-12-18T10:31:13.174+09:00 DEBUG 14335 --- [coupon-api] [           main] o.h.boot.internal.ClassLoaderAccessImpl  : No temp ClassLoader provided; using live ClassLoader for loading potentially unsafe class : store.aurora.entity.BookPolicy
2024-12-18T10:31:13.184+09:00 DEBUG 14335 --- [coupon-api] [           main] o.h.boot.model.internal.PropertyBinder   : MetadataSourceProcessor property id with lazy=false
2024-12-18T10:31:13.188+09:00 DEBUG 14335 --- [coupon-api] [           main] o.h.b.m.internal.AbstractPropertyHolder  : Attempting to locate auto-apply AttributeConverter for property [store.aurora.entity.BookPolicy:id]
2024-12-18T10:31:13.193+09:00 DEBUG 14335 --- [coupon-api] [           main] o.h.b.model.internal.BasicValueBinder    : building BasicValue for id
2024-12-18T10:31:13.197+09:00 DEBUG 14335 --- [coupon-api] [           main] org.hibernate.mapping.BasicValue         : Skipping column re-registration: book_policy.book_coupon
2024-12-18T10:31:13.198+09:00 DEBUG 14335 --- [coupon-api] [           main] o.h.boot.model.internal.PropertyBinder   : Building property id
2024-12-18T10:31:13.204+09:00 DEBUG 14335 --- [coupon-api] [           main] o.h.boot.model.internal.BinderHelper     : #makeIdGenerator(BasicValue([Column(book_coupon)]), id, identity, , ...)
2024-12-18T10:31:13.205+09:00 DEBUG 14335 --- [coupon-api] [           main] o.h.boot.model.internal.AnnotatedColumn  : Binding column: AnnotatedColumn(column='book_id')
2024-12-18T10:31:13.206+09:00 DEBUG 14335 --- [coupon-api] [           main] o.h.boot.model.internal.PropertyBinder   : MetadataSourceProcessor property bookId with lazy=false
2024-12-18T10:31:13.206+09:00 DEBUG 14335 --- [coupon-api] [           main] o.h.b.m.internal.AbstractPropertyHolder  : Attempting to locate auto-apply AttributeConverter for property [store.aurora.entity.BookPolicy:bookId]
2024-12-18T10:31:13.206+09:00 DEBUG 14335 --- [coupon-api] [           main] o.h.b.model.internal.BasicValueBinder    : building BasicValue for bookId
2024-12-18T10:31:13.206+09:00 DEBUG 14335 --- [coupon-api] [           main] org.hibernate.mapping.BasicValue         : Skipping column re-registration: book_policy.book_id
2024-12-18T10:31:13.206+09:00 DEBUG 14335 --- [coupon-api] [           main] o.h.boot.model.internal.PropertyBinder   : Building property bookId
2024-12-18T10:31:13.209+09:00 DEBUG 14335 --- [coupon-api] [           main] o.h.boot.model.internal.AnnotatedColumn  : Binding column: AnnotatedJoinColumn(column='policy_id')
2024-12-18T10:31:13.210+09:00 DEBUG 14335 --- [coupon-api] [           main] o.h.boot.model.internal.AnnotatedColumn  : Binding column: AnnotatedColumn()
2024-12-18T10:31:13.216+09:00 DEBUG 14335 --- [coupon-api] [           main] o.h.boot.model.internal.PropertyBinder   : Building property policy
2024-12-18T10:31:13.219+09:00 DEBUG 14335 --- [coupon-api] [           main] o.h.b.r.c.i.ClassLoaderServiceImpl       : HHH000194: Package not found or no package-info.java: store.aurora.entity
2024-12-18T10:31:13.232+09:00 DEBUG 14335 --- [coupon-api] [           main] o.h.boot.model.internal.EntityBinder     : Binding entity from annotated class: store.aurora.entity.CategoryPolicy
2024-12-18T10:31:13.233+09:00 DEBUG 14335 --- [coupon-api] [           main] o.h.boot.model.internal.EntityBinder     : Import with entity name CategoryPolicy
2024-12-18T10:31:13.233+09:00 DEBUG 14335 --- [coupon-api] [           main] o.h.boot.model.internal.EntityBinder     : Bind entity store.aurora.entity.CategoryPolicy on table category_policy
2024-12-18T10:31:13.234+09:00 DEBUG 14335 --- [coupon-api] [           main] o.h.boot.model.internal.AnnotatedColumn  : Binding column: AnnotatedDiscriminatorColumn(column='DTYPE')
2024-12-18T10:31:13.235+09:00 DEBUG 14335 --- [coupon-api] [           main] o.h.boot.model.internal.AnnotatedColumn  : Binding column: AnnotatedColumn(column='category_coupon')
2024-12-18T10:31:13.236+09:00 DEBUG 14335 --- [coupon-api] [           main] o.h.boot.internal.ClassLoaderAccessImpl  : Not known whether passed class name [store.aurora.entity.CategoryPolicy] is safe
2024-12-18T10:31:13.236+09:00 DEBUG 14335 --- [coupon-api] [           main] o.h.boot.internal.ClassLoaderAccessImpl  : No temp ClassLoader provided; using live ClassLoader for loading potentially unsafe class : store.aurora.entity.CategoryPolicy
2024-12-18T10:31:13.236+09:00 DEBUG 14335 --- [coupon-api] [           main] o.h.boot.model.internal.PropertyBinder   : MetadataSourceProcessor property id with lazy=false
2024-12-18T10:31:13.236+09:00 DEBUG 14335 --- [coupon-api] [           main] o.h.b.m.internal.AbstractPropertyHolder  : Attempting to locate auto-apply AttributeConverter for property [store.aurora.entity.CategoryPolicy:id]
2024-12-18T10:31:13.236+09:00 DEBUG 14335 --- [coupon-api] [           main] o.h.b.model.internal.BasicValueBinder    : building BasicValue for id
2024-12-18T10:31:13.236+09:00 DEBUG 14335 --- [coupon-api] [           main] org.hibernate.mapping.BasicValue         : Skipping column re-registration: category_policy.category_coupon
2024-12-18T10:31:13.236+09:00 DEBUG 14335 --- [coupon-api] [           main] o.h.boot.model.internal.PropertyBinder   : Building property id
2024-12-18T10:31:13.237+09:00 DEBUG 14335 --- [coupon-api] [           main] o.h.boot.model.internal.BinderHelper     : #makeIdGenerator(BasicValue([Column(category_coupon)]), id, identity, , ...)
2024-12-18T10:31:13.238+09:00 DEBUG 14335 --- [coupon-api] [           main] o.h.boot.model.internal.AnnotatedColumn  : Binding column: AnnotatedColumn(column='category_id')
2024-12-18T10:31:13.238+09:00 DEBUG 14335 --- [coupon-api] [           main] o.h.boot.model.internal.PropertyBinder   : MetadataSourceProcessor property categoryId with lazy=false
2024-12-18T10:31:13.238+09:00 DEBUG 14335 --- [coupon-api] [           main] o.h.b.m.internal.AbstractPropertyHolder  : Attempting to locate auto-apply AttributeConverter for property [store.aurora.entity.CategoryPolicy:categoryId]
2024-12-18T10:31:13.238+09:00 DEBUG 14335 --- [coupon-api] [           main] o.h.b.model.internal.BasicValueBinder    : building BasicValue for categoryId
2024-12-18T10:31:13.238+09:00 DEBUG 14335 --- [coupon-api] [           main] org.hibernate.mapping.BasicValue         : Skipping column re-registration: category_policy.category_id
2024-12-18T10:31:13.238+09:00 DEBUG 14335 --- [coupon-api] [           main] o.h.boot.model.internal.PropertyBinder   : Building property categoryId
2024-12-18T10:31:13.238+09:00 DEBUG 14335 --- [coupon-api] [           main] o.h.boot.model.internal.AnnotatedColumn  : Binding column: AnnotatedJoinColumn(column='policy_id')
2024-12-18T10:31:13.239+09:00 DEBUG 14335 --- [coupon-api] [           main] o.h.boot.model.internal.AnnotatedColumn  : Binding column: AnnotatedColumn()
2024-12-18T10:31:13.240+09:00 DEBUG 14335 --- [coupon-api] [           main] o.h.boot.model.internal.PropertyBinder   : Building property policy
2024-12-18T10:31:13.241+09:00 DEBUG 14335 --- [coupon-api] [           main] o.h.b.r.c.i.ClassLoaderServiceImpl       : HHH000194: Package not found or no package-info.java: store.aurora.entity
2024-12-18T10:31:13.242+09:00 DEBUG 14335 --- [coupon-api] [           main] o.h.boot.model.internal.EntityBinder     : Binding entity from annotated class: store.aurora.entity.CouponPolicy
2024-12-18T10:31:13.243+09:00 DEBUG 14335 --- [coupon-api] [           main] o.h.boot.model.internal.EntityBinder     : Import with entity name CouponPolicy
2024-12-18T10:31:13.243+09:00 DEBUG 14335 --- [coupon-api] [           main] o.h.boot.model.internal.EntityBinder     : Bind entity store.aurora.entity.CouponPolicy on table coupon_policy
2024-12-18T10:31:13.245+09:00 DEBUG 14335 --- [coupon-api] [           main] o.h.boot.model.internal.AnnotatedColumn  : Binding column: AnnotatedDiscriminatorColumn(column='DTYPE')
2024-12-18T10:31:13.249+09:00 DEBUG 14335 --- [coupon-api] [           main] o.h.boot.model.internal.AnnotatedColumn  : Binding column: AnnotatedColumn(column='policy_id')
2024-12-18T10:31:13.250+09:00 DEBUG 14335 --- [coupon-api] [           main] o.h.boot.internal.ClassLoaderAccessImpl  : Not known whether passed class name [store.aurora.entity.CouponPolicy] is safe
2024-12-18T10:31:13.250+09:00 DEBUG 14335 --- [coupon-api] [           main] o.h.boot.internal.ClassLoaderAccessImpl  : No temp ClassLoader provided; using live ClassLoader for loading potentially unsafe class : store.aurora.entity.CouponPolicy
2024-12-18T10:31:13.250+09:00 DEBUG 14335 --- [coupon-api] [           main] o.h.boot.model.internal.PropertyBinder   : MetadataSourceProcessor property id with lazy=false
2024-12-18T10:31:13.250+09:00 DEBUG 14335 --- [coupon-api] [           main] o.h.b.m.internal.AbstractPropertyHolder  : Attempting to locate auto-apply AttributeConverter for property [store.aurora.entity.CouponPolicy:id]
2024-12-18T10:31:13.250+09:00 DEBUG 14335 --- [coupon-api] [           main] o.h.b.model.internal.BasicValueBinder    : building BasicValue for id
2024-12-18T10:31:13.250+09:00 DEBUG 14335 --- [coupon-api] [           main] org.hibernate.mapping.BasicValue         : Skipping column re-registration: coupon_policy.policy_id
2024-12-18T10:31:13.250+09:00 DEBUG 14335 --- [coupon-api] [           main] o.h.boot.model.internal.PropertyBinder   : Building property id
2024-12-18T10:31:13.251+09:00 DEBUG 14335 --- [coupon-api] [           main] o.h.boot.model.internal.BinderHelper     : #makeIdGenerator(BasicValue([Column(policy_id)]), id, identity, , ...)
2024-12-18T10:31:13.252+09:00 DEBUG 14335 --- [coupon-api] [           main] o.h.boot.model.internal.AnnotatedColumn  : Binding column: AnnotatedJoinColumn(column='discount_id')
2024-12-18T10:31:13.252+09:00 DEBUG 14335 --- [coupon-api] [           main] o.h.boot.model.internal.AnnotatedColumn  : Binding column: AnnotatedColumn()
2024-12-18T10:31:13.252+09:00 DEBUG 14335 --- [coupon-api] [           main] o.h.boot.model.internal.PropertyBinder   : Building property discountRule
2024-12-18T10:31:13.252+09:00 DEBUG 14335 --- [coupon-api] [           main] o.h.boot.model.internal.AnnotatedColumn  : Binding column: AnnotatedColumn(column='policy_name')
2024-12-18T10:31:13.253+09:00 DEBUG 14335 --- [coupon-api] [           main] o.h.boot.model.internal.PropertyBinder   : MetadataSourceProcessor property name with lazy=false
2024-12-18T10:31:13.253+09:00 DEBUG 14335 --- [coupon-api] [           main] o.h.b.m.internal.AbstractPropertyHolder  : Attempting to locate auto-apply AttributeConverter for property [store.aurora.entity.CouponPolicy:name]
2024-12-18T10:31:13.254+09:00 DEBUG 14335 --- [coupon-api] [           main] o.h.b.model.internal.BasicValueBinder    : building BasicValue for name
2024-12-18T10:31:13.255+09:00 DEBUG 14335 --- [coupon-api] [           main] org.hibernate.mapping.BasicValue         : Skipping column re-registration: coupon_policy.policy_name
2024-12-18T10:31:13.255+09:00 DEBUG 14335 --- [coupon-api] [           main] o.h.boot.model.internal.PropertyBinder   : Building property name
2024-12-18T10:31:13.256+09:00 DEBUG 14335 --- [coupon-api] [           main] o.h.boot.model.internal.AnnotatedColumn  : Binding column: AnnotatedColumn(column='sale_type')
2024-12-18T10:31:13.257+09:00 DEBUG 14335 --- [coupon-api] [           main] o.h.boot.model.internal.PropertyBinder   : MetadataSourceProcessor property saleType with lazy=false
2024-12-18T10:31:13.257+09:00 DEBUG 14335 --- [coupon-api] [           main] o.h.b.m.internal.AbstractPropertyHolder  : Attempting to locate auto-apply AttributeConverter for property [store.aurora.entity.CouponPolicy:saleType]
2024-12-18T10:31:13.257+09:00 DEBUG 14335 --- [coupon-api] [           main] o.h.b.model.internal.BasicValueBinder    : building BasicValue for saleType
2024-12-18T10:31:13.257+09:00 DEBUG 14335 --- [coupon-api] [           main] org.hibernate.mapping.BasicValue         : Skipping column re-registration: coupon_policy.sale_type
2024-12-18T10:31:13.257+09:00 DEBUG 14335 --- [coupon-api] [           main] o.h.boot.model.internal.PropertyBinder   : Building property saleType
2024-12-18T10:31:13.258+09:00 DEBUG 14335 --- [coupon-api] [           main] o.h.b.r.c.i.ClassLoaderServiceImpl       : HHH000194: Package not found or no package-info.java: store.aurora.entity
2024-12-18T10:31:13.259+09:00 DEBUG 14335 --- [coupon-api] [           main] o.h.boot.model.internal.EntityBinder     : Binding entity from annotated class: store.aurora.entity.DiscountRule
2024-12-18T10:31:13.259+09:00 DEBUG 14335 --- [coupon-api] [           main] o.h.boot.model.internal.EntityBinder     : Import with entity name DiscountRule
2024-12-18T10:31:13.259+09:00 DEBUG 14335 --- [coupon-api] [           main] o.h.boot.model.internal.EntityBinder     : Bind entity store.aurora.entity.DiscountRule on table discount_rule
2024-12-18T10:31:13.259+09:00 DEBUG 14335 --- [coupon-api] [           main] o.h.boot.model.internal.AnnotatedColumn  : Binding column: AnnotatedDiscriminatorColumn(column='DTYPE')
2024-12-18T10:31:13.263+09:00 DEBUG 14335 --- [coupon-api] [           main] o.h.boot.model.internal.AnnotatedColumn  : Binding column: AnnotatedColumn(column='discount_id')
2024-12-18T10:31:13.265+09:00 DEBUG 14335 --- [coupon-api] [           main] o.h.boot.internal.ClassLoaderAccessImpl  : Not known whether passed class name [store.aurora.entity.DiscountRule] is safe
2024-12-18T10:31:13.265+09:00 DEBUG 14335 --- [coupon-api] [           main] o.h.boot.internal.ClassLoaderAccessImpl  : No temp ClassLoader provided; using live ClassLoader for loading potentially unsafe class : store.aurora.entity.DiscountRule
2024-12-18T10:31:13.265+09:00 DEBUG 14335 --- [coupon-api] [           main] o.h.boot.model.internal.PropertyBinder   : MetadataSourceProcessor property id with lazy=false
2024-12-18T10:31:13.265+09:00 DEBUG 14335 --- [coupon-api] [           main] o.h.b.m.internal.AbstractPropertyHolder  : Attempting to locate auto-apply AttributeConverter for property [store.aurora.entity.DiscountRule:id]
2024-12-18T10:31:13.266+09:00 DEBUG 14335 --- [coupon-api] [           main] o.h.b.model.internal.BasicValueBinder    : building BasicValue for id
2024-12-18T10:31:13.266+09:00 DEBUG 14335 --- [coupon-api] [           main] org.hibernate.mapping.BasicValue         : Skipping column re-registration: discount_rule.discount_id
2024-12-18T10:31:13.266+09:00 DEBUG 14335 --- [coupon-api] [           main] o.h.boot.model.internal.PropertyBinder   : Building property id
2024-12-18T10:31:13.266+09:00 DEBUG 14335 --- [coupon-api] [           main] o.h.boot.model.internal.BinderHelper     : #makeIdGenerator(BasicValue([Column(discount_id)]), id, identity, , ...)
2024-12-18T10:31:13.266+09:00 DEBUG 14335 --- [coupon-api] [           main] o.h.boot.model.internal.AnnotatedColumn  : Binding column: AnnotatedColumn(column='max_sale')
2024-12-18T10:31:13.266+09:00 DEBUG 14335 --- [coupon-api] [           main] o.h.boot.model.internal.PropertyBinder   : MetadataSourceProcessor property maxSale with lazy=false
2024-12-18T10:31:13.266+09:00 DEBUG 14335 --- [coupon-api] [           main] o.h.b.m.internal.AbstractPropertyHolder  : Attempting to locate auto-apply AttributeConverter for property [store.aurora.entity.DiscountRule:maxSale]
2024-12-18T10:31:13.266+09:00 DEBUG 14335 --- [coupon-api] [           main] o.h.b.model.internal.BasicValueBinder    : building BasicValue for maxSale
2024-12-18T10:31:13.266+09:00 DEBUG 14335 --- [coupon-api] [           main] org.hibernate.mapping.BasicValue         : Skipping column re-registration: discount_rule.max_sale
2024-12-18T10:31:13.266+09:00 DEBUG 14335 --- [coupon-api] [           main] o.h.boot.model.internal.PropertyBinder   : Building property maxSale
2024-12-18T10:31:13.267+09:00 DEBUG 14335 --- [coupon-api] [           main] o.h.boot.model.internal.AnnotatedColumn  : Binding column: AnnotatedColumn(column='need_cost')
2024-12-18T10:31:13.267+09:00 DEBUG 14335 --- [coupon-api] [           main] o.h.boot.model.internal.PropertyBinder   : MetadataSourceProcessor property needCost with lazy=false
2024-12-18T10:31:13.268+09:00 DEBUG 14335 --- [coupon-api] [           main] o.h.b.m.internal.AbstractPropertyHolder  : Attempting to locate auto-apply AttributeConverter for property [store.aurora.entity.DiscountRule:needCost]
2024-12-18T10:31:13.268+09:00 DEBUG 14335 --- [coupon-api] [           main] o.h.b.model.internal.BasicValueBinder    : building BasicValue for needCost
2024-12-18T10:31:13.268+09:00 DEBUG 14335 --- [coupon-api] [           main] org.hibernate.mapping.BasicValue         : Skipping column re-registration: discount_rule.need_cost
2024-12-18T10:31:13.268+09:00 DEBUG 14335 --- [coupon-api] [           main] o.h.boot.model.internal.PropertyBinder   : Building property needCost
2024-12-18T10:31:13.268+09:00 DEBUG 14335 --- [coupon-api] [           main] o.h.boot.model.internal.AnnotatedColumn  : Binding column: AnnotatedColumn(column='sale_amount')
2024-12-18T10:31:13.268+09:00 DEBUG 14335 --- [coupon-api] [           main] o.h.boot.model.internal.PropertyBinder   : MetadataSourceProcessor property saleAmount with lazy=false
2024-12-18T10:31:13.268+09:00 DEBUG 14335 --- [coupon-api] [           main] o.h.b.m.internal.AbstractPropertyHolder  : Attempting to locate auto-apply AttributeConverter for property [store.aurora.entity.DiscountRule:saleAmount]
2024-12-18T10:31:13.269+09:00 DEBUG 14335 --- [coupon-api] [           main] o.h.b.model.internal.BasicValueBinder    : building BasicValue for saleAmount
2024-12-18T10:31:13.269+09:00 DEBUG 14335 --- [coupon-api] [           main] org.hibernate.mapping.BasicValue         : Skipping column re-registration: discount_rule.sale_amount
2024-12-18T10:31:13.269+09:00 DEBUG 14335 --- [coupon-api] [           main] o.h.boot.model.internal.PropertyBinder   : Building property saleAmount
2024-12-18T10:31:13.269+09:00 DEBUG 14335 --- [coupon-api] [           main] o.h.boot.model.internal.AnnotatedColumn  : Binding column: AnnotatedColumn(column='sale_percent')
2024-12-18T10:31:13.269+09:00 DEBUG 14335 --- [coupon-api] [           main] o.h.boot.model.internal.PropertyBinder   : MetadataSourceProcessor property salePercent with lazy=false
2024-12-18T10:31:13.269+09:00 DEBUG 14335 --- [coupon-api] [           main] o.h.b.m.internal.AbstractPropertyHolder  : Attempting to locate auto-apply AttributeConverter for property [store.aurora.entity.DiscountRule:salePercent]
2024-12-18T10:31:13.269+09:00 DEBUG 14335 --- [coupon-api] [           main] o.h.b.model.internal.BasicValueBinder    : building BasicValue for salePercent
2024-12-18T10:31:13.269+09:00 DEBUG 14335 --- [coupon-api] [           main] org.hibernate.mapping.BasicValue         : Skipping column re-registration: discount_rule.sale_percent
2024-12-18T10:31:13.270+09:00 DEBUG 14335 --- [coupon-api] [           main] o.h.boot.model.internal.PropertyBinder   : Building property salePercent
2024-12-18T10:31:13.271+09:00 DEBUG 14335 --- [coupon-api] [           main] o.h.b.r.c.i.ClassLoaderServiceImpl       : HHH000194: Package not found or no package-info.java: store.aurora.entity
2024-12-18T10:31:13.273+09:00 DEBUG 14335 --- [coupon-api] [           main] o.h.boot.model.internal.EntityBinder     : Binding entity from annotated class: store.aurora.entity.UserCoupon
2024-12-18T10:31:13.274+09:00 DEBUG 14335 --- [coupon-api] [           main] o.h.boot.model.internal.EntityBinder     : Import with entity name UserCoupon
2024-12-18T10:31:13.275+09:00 DEBUG 14335 --- [coupon-api] [           main] o.h.boot.model.internal.EntityBinder     : Bind entity store.aurora.entity.UserCoupon on table user_coupon
2024-12-18T10:31:13.275+09:00 DEBUG 14335 --- [coupon-api] [           main] o.h.boot.model.internal.AnnotatedColumn  : Binding column: AnnotatedDiscriminatorColumn(column='DTYPE')
2024-12-18T10:31:13.287+09:00 DEBUG 14335 --- [coupon-api] [           main] o.h.boot.model.internal.AnnotatedColumn  : Binding column: AnnotatedColumn(column='coupon_id')
2024-12-18T10:31:13.289+09:00 DEBUG 14335 --- [coupon-api] [           main] o.h.boot.internal.ClassLoaderAccessImpl  : Not known whether passed class name [store.aurora.entity.UserCoupon] is safe
2024-12-18T10:31:13.289+09:00 DEBUG 14335 --- [coupon-api] [           main] o.h.boot.internal.ClassLoaderAccessImpl  : No temp ClassLoader provided; using live ClassLoader for loading potentially unsafe class : store.aurora.entity.UserCoupon
2024-12-18T10:31:13.289+09:00 DEBUG 14335 --- [coupon-api] [           main] o.h.boot.model.internal.PropertyBinder   : MetadataSourceProcessor property couponId with lazy=false
2024-12-18T10:31:13.289+09:00 DEBUG 14335 --- [coupon-api] [           main] o.h.b.m.internal.AbstractPropertyHolder  : Attempting to locate auto-apply AttributeConverter for property [store.aurora.entity.UserCoupon:couponId]
2024-12-18T10:31:13.289+09:00 DEBUG 14335 --- [coupon-api] [           main] o.h.b.model.internal.BasicValueBinder    : building BasicValue for couponId
2024-12-18T10:31:13.291+09:00 DEBUG 14335 --- [coupon-api] [           main] org.hibernate.mapping.BasicValue         : Skipping column re-registration: user_coupon.coupon_id
2024-12-18T10:31:13.292+09:00 DEBUG 14335 --- [coupon-api] [           main] o.h.boot.model.internal.PropertyBinder   : Building property couponId
2024-12-18T10:31:13.292+09:00 DEBUG 14335 --- [coupon-api] [           main] o.h.boot.model.internal.BinderHelper     : #makeIdGenerator(BasicValue([Column(coupon_id)]), couponId, identity, , ...)
2024-12-18T10:31:13.293+09:00 DEBUG 14335 --- [coupon-api] [           main] o.h.boot.model.internal.AnnotatedColumn  : Binding column: AnnotatedColumn(column='change_period')
2024-12-18T10:31:13.293+09:00 DEBUG 14335 --- [coupon-api] [           main] o.h.boot.model.internal.PropertyBinder   : MetadataSourceProcessor property changedDate with lazy=false
2024-12-18T10:31:13.293+09:00 DEBUG 14335 --- [coupon-api] [           main] o.h.b.m.internal.AbstractPropertyHolder  : Attempting to locate auto-apply AttributeConverter for property [store.aurora.entity.UserCoupon:changedDate]
2024-12-18T10:31:13.293+09:00 DEBUG 14335 --- [coupon-api] [           main] o.h.b.model.internal.BasicValueBinder    : building BasicValue for changedDate
2024-12-18T10:31:13.293+09:00 DEBUG 14335 --- [coupon-api] [           main] org.hibernate.mapping.BasicValue         : Skipping column re-registration: user_coupon.change_period
2024-12-18T10:31:13.293+09:00 DEBUG 14335 --- [coupon-api] [           main] o.h.boot.model.internal.PropertyBinder   : Building property changedDate
2024-12-18T10:31:13.293+09:00 DEBUG 14335 --- [coupon-api] [           main] o.h.boot.model.internal.AnnotatedColumn  : Binding column: AnnotatedColumn(column='coupon_state')
2024-12-18T10:31:13.294+09:00 DEBUG 14335 --- [coupon-api] [           main] o.h.boot.model.internal.PropertyBinder   : MetadataSourceProcessor property couponState with lazy=false
2024-12-18T10:31:13.295+09:00 DEBUG 14335 --- [coupon-api] [           main] o.h.b.m.internal.AbstractPropertyHolder  : Attempting to locate auto-apply AttributeConverter for property [store.aurora.entity.UserCoupon:couponState]
2024-12-18T10:31:13.295+09:00 DEBUG 14335 --- [coupon-api] [           main] o.h.b.model.internal.BasicValueBinder    : building BasicValue for couponState
2024-12-18T10:31:13.297+09:00 DEBUG 14335 --- [coupon-api] [           main] org.hibernate.mapping.BasicValue         : Skipping column re-registration: user_coupon.coupon_state
2024-12-18T10:31:13.298+09:00 DEBUG 14335 --- [coupon-api] [           main] o.h.boot.model.internal.PropertyBinder   : Building property couponState
2024-12-18T10:31:13.298+09:00 DEBUG 14335 --- [coupon-api] [           main] o.h.boot.model.internal.AnnotatedColumn  : Binding column: AnnotatedColumn(column='end_date')
2024-12-18T10:31:13.299+09:00 DEBUG 14335 --- [coupon-api] [           main] o.h.boot.model.internal.PropertyBinder   : MetadataSourceProcessor property endDate with lazy=false
2024-12-18T10:31:13.299+09:00 DEBUG 14335 --- [coupon-api] [           main] o.h.b.m.internal.AbstractPropertyHolder  : Attempting to locate auto-apply AttributeConverter for property [store.aurora.entity.UserCoupon:endDate]
2024-12-18T10:31:13.299+09:00 DEBUG 14335 --- [coupon-api] [           main] o.h.b.model.internal.BasicValueBinder    : building BasicValue for endDate
2024-12-18T10:31:13.299+09:00 DEBUG 14335 --- [coupon-api] [           main] org.hibernate.mapping.BasicValue         : Skipping column re-registration: user_coupon.end_date
2024-12-18T10:31:13.299+09:00 DEBUG 14335 --- [coupon-api] [           main] o.h.boot.model.internal.PropertyBinder   : Building property endDate
2024-12-18T10:31:13.299+09:00 DEBUG 14335 --- [coupon-api] [           main] o.h.boot.model.internal.AnnotatedColumn  : Binding column: AnnotatedJoinColumn(column='policy_id')
2024-12-18T10:31:13.300+09:00 DEBUG 14335 --- [coupon-api] [           main] o.h.boot.model.internal.AnnotatedColumn  : Binding column: AnnotatedColumn()
2024-12-18T10:31:13.300+09:00 DEBUG 14335 --- [coupon-api] [           main] o.h.boot.model.internal.PropertyBinder   : Building property policy
2024-12-18T10:31:13.300+09:00 DEBUG 14335 --- [coupon-api] [           main] o.h.boot.model.internal.AnnotatedColumn  : Binding column: AnnotatedColumn(column='start_date')
2024-12-18T10:31:13.300+09:00 DEBUG 14335 --- [coupon-api] [           main] o.h.boot.model.internal.PropertyBinder   : MetadataSourceProcessor property startDate with lazy=false
2024-12-18T10:31:13.300+09:00 DEBUG 14335 --- [coupon-api] [           main] o.h.b.m.internal.AbstractPropertyHolder  : Attempting to locate auto-apply AttributeConverter for property [store.aurora.entity.UserCoupon:startDate]
2024-12-18T10:31:13.301+09:00 DEBUG 14335 --- [coupon-api] [           main] o.h.b.model.internal.BasicValueBinder    : building BasicValue for startDate
2024-12-18T10:31:13.301+09:00 DEBUG 14335 --- [coupon-api] [           main] org.hibernate.mapping.BasicValue         : Skipping column re-registration: user_coupon.start_date
2024-12-18T10:31:13.301+09:00 DEBUG 14335 --- [coupon-api] [           main] o.h.boot.model.internal.PropertyBinder   : Building property startDate
2024-12-18T10:31:13.301+09:00 DEBUG 14335 --- [coupon-api] [           main] o.h.boot.model.internal.AnnotatedColumn  : Binding column: AnnotatedColumn(column='user_id')
2024-12-18T10:31:13.301+09:00 DEBUG 14335 --- [coupon-api] [           main] o.h.boot.model.internal.PropertyBinder   : MetadataSourceProcessor property userId with lazy=false
2024-12-18T10:31:13.301+09:00 DEBUG 14335 --- [coupon-api] [           main] o.h.b.m.internal.AbstractPropertyHolder  : Attempting to locate auto-apply AttributeConverter for property [store.aurora.entity.UserCoupon:userId]
2024-12-18T10:31:13.301+09:00 DEBUG 14335 --- [coupon-api] [           main] o.h.b.model.internal.BasicValueBinder    : building BasicValue for userId
2024-12-18T10:31:13.302+09:00 DEBUG 14335 --- [coupon-api] [           main] org.hibernate.mapping.BasicValue         : Skipping column re-registration: user_coupon.user_id
2024-12-18T10:31:13.302+09:00 DEBUG 14335 --- [coupon-api] [           main] o.h.boot.model.internal.PropertyBinder   : Building property userId
2024-12-18T10:31:13.302+09:00 DEBUG 14335 --- [coupon-api] [           main] o.h.b.r.c.i.ClassLoaderServiceImpl       : HHH000194: Package not found or no package-info.java: store.aurora.entity
2024-12-18T10:31:13.308+09:00 DEBUG 14335 --- [coupon-api] [           main] o.h.b.model.internal.BasicValueBinder    : Starting `BasicValueBinder#fillSimpleValue` for id
2024-12-18T10:31:13.311+09:00 DEBUG 14335 --- [coupon-api] [           main] o.h.b.model.internal.BasicValueBinder    : Starting `BasicValueBinder#fillSimpleValue` for bookId
2024-12-18T10:31:13.312+09:00 DEBUG 14335 --- [coupon-api] [           main] o.h.b.model.internal.BasicValueBinder    : Starting `BasicValueBinder#fillSimpleValue` for id
2024-12-18T10:31:13.312+09:00 DEBUG 14335 --- [coupon-api] [           main] o.h.b.model.internal.BasicValueBinder    : Starting `BasicValueBinder#fillSimpleValue` for categoryId
2024-12-18T10:31:13.312+09:00 DEBUG 14335 --- [coupon-api] [           main] o.h.b.model.internal.BasicValueBinder    : Starting `BasicValueBinder#fillSimpleValue` for id
2024-12-18T10:31:13.313+09:00 DEBUG 14335 --- [coupon-api] [           main] o.h.b.model.internal.BasicValueBinder    : Starting `BasicValueBinder#fillSimpleValue` for name
2024-12-18T10:31:13.313+09:00 DEBUG 14335 --- [coupon-api] [           main] o.h.b.model.internal.BasicValueBinder    : Starting `BasicValueBinder#fillSimpleValue` for saleType
2024-12-18T10:31:13.314+09:00 DEBUG 14335 --- [coupon-api] [           main] o.h.b.model.internal.BasicValueBinder    : Starting `BasicValueBinder#fillSimpleValue` for id
2024-12-18T10:31:13.314+09:00 DEBUG 14335 --- [coupon-api] [           main] o.h.b.model.internal.BasicValueBinder    : Starting `BasicValueBinder#fillSimpleValue` for maxSale
2024-12-18T10:31:13.314+09:00 DEBUG 14335 --- [coupon-api] [           main] o.h.b.model.internal.BasicValueBinder    : Starting `BasicValueBinder#fillSimpleValue` for needCost
2024-12-18T10:31:13.314+09:00 DEBUG 14335 --- [coupon-api] [           main] o.h.b.model.internal.BasicValueBinder    : Starting `BasicValueBinder#fillSimpleValue` for saleAmount
2024-12-18T10:31:13.314+09:00 DEBUG 14335 --- [coupon-api] [           main] o.h.b.model.internal.BasicValueBinder    : Starting `BasicValueBinder#fillSimpleValue` for salePercent
2024-12-18T10:31:13.314+09:00 DEBUG 14335 --- [coupon-api] [           main] o.h.b.model.internal.BasicValueBinder    : Starting `BasicValueBinder#fillSimpleValue` for couponId
2024-12-18T10:31:13.314+09:00 DEBUG 14335 --- [coupon-api] [           main] o.h.b.model.internal.BasicValueBinder    : Starting `BasicValueBinder#fillSimpleValue` for changedDate
2024-12-18T10:31:13.314+09:00 DEBUG 14335 --- [coupon-api] [           main] o.h.b.model.internal.BasicValueBinder    : Starting `BasicValueBinder#fillSimpleValue` for couponState
2024-12-18T10:31:13.314+09:00 DEBUG 14335 --- [coupon-api] [           main] o.h.b.model.internal.BasicValueBinder    : Starting `BasicValueBinder#fillSimpleValue` for endDate
2024-12-18T10:31:13.315+09:00 DEBUG 14335 --- [coupon-api] [           main] o.h.b.model.internal.BasicValueBinder    : Starting `BasicValueBinder#fillSimpleValue` for startDate
2024-12-18T10:31:13.315+09:00 DEBUG 14335 --- [coupon-api] [           main] o.h.b.model.internal.BasicValueBinder    : Starting `BasicValueBinder#fillSimpleValue` for userId
2024-12-18T10:31:13.321+09:00 DEBUG 14335 --- [coupon-api] [           main] org.hibernate.mapping.PrimaryKey         : Forcing column [book_coupon] to be non-null as it is part of the primary key for table [book_policy]
2024-12-18T10:31:13.321+09:00 DEBUG 14335 --- [coupon-api] [           main] org.hibernate.mapping.PrimaryKey         : Forcing column [category_coupon] to be non-null as it is part of the primary key for table [category_policy]
2024-12-18T10:31:13.321+09:00 DEBUG 14335 --- [coupon-api] [           main] org.hibernate.mapping.PrimaryKey         : Forcing column [policy_id] to be non-null as it is part of the primary key for table [coupon_policy]
2024-12-18T10:31:13.321+09:00 DEBUG 14335 --- [coupon-api] [           main] org.hibernate.mapping.PrimaryKey         : Forcing column [discount_id] to be non-null as it is part of the primary key for table [discount_rule]
2024-12-18T10:31:13.321+09:00 DEBUG 14335 --- [coupon-api] [           main] org.hibernate.mapping.PrimaryKey         : Forcing column [coupon_id] to be non-null as it is part of the primary key for table [user_coupon]
2024-12-18T10:31:13.437+09:00 DEBUG 14335 --- [coupon-api] [           main] o.hibernate.internal.SessionFactoryImpl  : Building session factory
2024-12-18T10:31:13.490+09:00 DEBUG 14335 --- [coupon-api] [           main] .h.s.i.SessionFactoryServiceRegistryImpl : EventListenerRegistry access via ServiceRegistry is deprecated.  Use `sessionFactory.getEventEngine().getListenerRegistry()` instead
2024-12-18T10:31:13.491+09:00 DEBUG 14335 --- [coupon-api] [           main] o.hibernate.internal.SessionFactoryImpl  : Instantiating SessionFactory with settings: {sonar.projectName=5rora-coupon-api, java.specification.version=21, hibernate.resource.beans.container=org.springframework.orm.hibernate5.SpringBeanContainer@44485db, hibernate.connection.handling_mode=DELAYED_ACQUISITION_AND_HOLD, sun.jnu.encoding=UTF-8, sonar.host.url=http://133.186.241.167:9000, hibernate.implicit_naming_strategy=org.springframework.boot.orm.jpa.hibernate.SpringImplicitNamingStrategy, java.class.path=/Users/asdf/5rora-coupon-api/target/test-classes:/Users/asdf/5rora-coupon-api/target/classes:/Users/asdf/.m2/repository/org/springframework/boot/spring-boot-starter-actuator/3.3.0/spring-boot-starter-actuator-3.3.0.jar:/Users/asdf/.m2/repository/org/springframework/boot/spring-boot-actuator-autoconfigure/3.3.0/spring-boot-actuator-autoconfigure-3.3.0.jar:/Users/asdf/.m2/repository/org/springframework/boot/spring-boot-actuator/3.3.0/spring-boot-actuator-3.3.0.jar:/Users/asdf/.m2/repository/com/fasterxml/jackson/core/jackson-databind/2.17.1/jackson-databind-2.17.1.jar:/Users/asdf/.m2/repository/com/fasterxml/jackson/datatype/jackson-datatype-jsr310/2.17.1/jackson-datatype-jsr310-2.17.1.jar:/Users/asdf/.m2/repository/io/micrometer/micrometer-observation/1.13.0/micrometer-observation-1.13.0.jar:/Users/asdf/.m2/repository/io/micrometer/micrometer-commons/1.13.0/micrometer-commons-1.13.0.jar:/Users/asdf/.m2/repository/io/micrometer/micrometer-jakarta9/1.13.0/micrometer-jakarta9-1.13.0.jar:/Users/asdf/.m2/repository/io/micrometer/micrometer-core/1.13.0/micrometer-core-1.13.0.jar:/Users/asdf/.m2/repository/org/hdrhistogram/HdrHistogram/2.2.1/HdrHistogram-2.2.1.jar:/Users/asdf/.m2/repository/org/latencyutils/LatencyUtils/2.0.3/LatencyUtils-2.0.3.jar:/Users/asdf/.m2/repository/ch/qos/logback/logback-classic/1.5.6/logback-classic-1.5.6.jar:/Users/asdf/.m2/repository/ch/qos/logback/logback-core/1.5.6/logback-core-1.5.6.jar:/Users/asdf/.m2/repository/org/slf4j/slf4j-api/2.0.13/slf4j-api-2.0.13.jar:/Users/asdf/.m2/repository/org/springframework/cloud/spring-cloud-starter-netflix-eureka-client/4.1.2/spring-cloud-starter-netflix-eureka-client-4.1.2.jar:/Users/asdf/.m2/repository/org/springframework/cloud/spring-cloud-starter/4.1.3/spring-cloud-starter-4.1.3.jar:/Users/asdf/.m2/repository/org/springframework/cloud/spring-cloud-context/4.1.3/spring-cloud-context-4.1.3.jar:/Users/asdf/.m2/repository/org/springframework/security/spring-security-rsa/1.1.3/spring-security-rsa-1.1.3.jar:/Users/asdf/.m2/repository/org/bouncycastle/bcprov-jdk18on/1.78/bcprov-jdk18on-1.78.jar:/Users/asdf/.m2/repository/org/springframework/cloud/spring-cloud-netflix-eureka-client/4.1.2/spring-cloud-netflix-eureka-client-4.1.2.jar:/Users/asdf/.m2/repository/org/apache/httpcomponents/client5/httpclient5/5.3.1/httpclient5-5.3.1.jar:/Users/asdf/.m2/repository/org/apache/httpcomponents/core5/httpcore5/5.2.4/httpcore5-5.2.4.jar:/Users/asdf/.m2/repository/org/apache/httpcomponents/core5/httpcore5-h2/5.2.4/httpcore5-h2-5.2.4.jar:/Users/asdf/.m2/repository/com/netflix/eureka/eureka-client/2.0.2/eureka-client-2.0.2.jar:/Users/asdf/.m2/repository/com/netflix/netflix-commons/netflix-eventbus/0.3.0/netflix-eventbus-0.3.0.jar:/Users/asdf/.m2/repository/com/netflix/netflix-commons/netflix-infix/0.3.0/netflix-infix-0.3.0.jar:/Users/asdf/.m2/repository/commons-jxpath/commons-jxpath/1.3/commons-jxpath-1.3.jar:/Users/asdf/.m2/repository/joda-time/joda-time/2.3/joda-time-2.3.jar:/Users/asdf/.m2/repository/org/antlr/antlr-runtime/3.4/antlr-runtime-3.4.jar:/Users/asdf/.m2/repository/org/antlr/stringtemplate/3.2.1/stringtemplate-3.2.1.jar:/Users/asdf/.m2/repository/antlr/antlr/2.7.7/antlr-2.7.7.jar:/Users/asdf/.m2/repository/com/google/code/gson/gson/2.10.1/gson-2.10.1.jar:/Users/asdf/.m2/repository/org/apache/commons/commons-math/2.2/commons-math-2.2.jar:/Users/asdf/.m2/repository/com/thoughtworks/xstream/xstream/1.4.19/xstream-1.4.19.jar:/Users/asdf/.m2/repository/io/github/x-stream/mxparser/1.2.2/mxparser-1.2.2.jar:/Users/asdf/.m2/repository/xmlpull/xmlpull/1.1.3.1/xmlpull-1.1.3.1.jar:/Users/asdf/.m2/repository/jakarta/ws/rs/jakarta.ws.rs-api/3.1.0/jakarta.ws.rs-api-3.1.0.jar:/Users/asdf/.m2/repository/jakarta/inject/jakarta.inject-api/2.0.1/jakarta.inject-api-2.0.1.jar:/Users/asdf/.m2/repository/com/netflix/servo/servo-core/0.12.21/servo-core-0.12.21.jar:/Users/asdf/.m2/repository/com/google/guava/guava/19.0/guava-19.0.jar:/Users/asdf/.m2/repository/org/apache/httpcomponents/httpclient/4.5.3/httpclient-4.5.3.jar:/Users/asdf/.m2/repository/org/apache/httpcomponents/httpcore/4.4.16/httpcore-4.4.16.jar:/Users/asdf/.m2/repository/commons-codec/commons-codec/1.16.1/commons-codec-1.16.1.jar:/Users/asdf/.m2/repository/commons-configuration/commons-configuration/1.10/commons-configuration-1.10.jar:/Users/asdf/.m2/repository/commons-lang/commons-lang/2.6/commons-lang-2.6.jar:/Users/asdf/.m2/repository/com/fasterxml/jackson/core/jackson-annotations/2.17.1/jackson-annotations-2.17.1.jar:/Users/asdf/.m2/repository/com/fasterxml/jackson/core/jackson-core/2.17.1/jackson-core-2.17.1.jar:/Users/asdf/.m2/repository/org/codehaus/jettison/jettison/1.5.4/jettison-1.5.4.jar:/Users/asdf/.m2/repository/com/netflix/eureka/eureka-core/2.0.2/eureka-core-2.0.2.jar:/Users/asdf/.m2/repository/com/fasterxml/woodstox/woodstox-core/6.2.1/woodstox-core-6.2.1.jar:/Users/asdf/.m2/repository/org/codehaus/woodstox/stax2-api/4.2.1/stax2-api-4.2.1.jar:/Users/asdf/.m2/repository/org/springframework/cloud/spring-cloud-starter-loadbalancer/4.1.3/spring-cloud-starter-loadbalancer-4.1.3.jar:/Users/asdf/.m2/repository/org/springframework/cloud/spring-cloud-loadbalancer/4.1.3/spring-cloud-loadbalancer-4.1.3.jar:/Users/asdf/.m2/repository/io/projectreactor/reactor-core/3.6.6/reactor-core-3.6.6.jar:/Users/asdf/.m2/repository/org/reactivestreams/reactive-streams/1.0.4/reactive-streams-1.0.4.jar:/Users/asdf/.m2/repository/io/projectreactor/addons/reactor-extra/3.5.1/reactor-extra-3.5.1.jar:/Users/asdf/.m2/repository/org/springframework/boot/spring-boot-starter-cache/3.3.0/spring-boot-starter-cache-3.3.0.jar:/Users/asdf/.m2/repository/org/springframework/spring-context-support/6.1.8/spring-context-support-6.1.8.jar:/Users/asdf/.m2/repository/com/stoyanr/evictor/1.0.0/evictor-1.0.0.jar:/Users/asdf/.m2/repository/org/springframework/cloud/spring-cloud-starter-openfeign/4.1.2/spring-cloud-starter-openfeign-4.1.2.jar:/Users/asdf/.m2/repository/org/springframework/cloud/spring-cloud-openfeign-core/4.1.2/spring-cloud-openfeign-core-4.1.2.jar:/Users/asdf/.m2/repository/io/github/openfeign/form/feign-form-spring/3.8.0/feign-form-spring-3.8.0.jar:/Users/asdf/.m2/repository/io/github/openfeign/form/feign-form/3.8.0/feign-form-3.8.0.jar:/Users/asdf/.m2/repository/commons-fileupload/commons-fileupload/1.5/commons-fileupload-1.5.jar:/Users/asdf/.m2/repository/commons-io/commons-io/2.11.0/commons-io-2.11.0.jar:/Users/asdf/.m2/repository/org/springframework/spring-web/6.1.8/spring-web-6.1.8.jar:/Users/asdf/.m2/repository/org/springframework/cloud/spring-cloud-commons/4.1.3/spring-cloud-commons-4.1.3.jar:/Users/asdf/.m2/repository/org/springframework/security/spring-security-crypto/6.3.0/spring-security-crypto-6.3.0.jar:/Users/asdf/.m2/repository/io/github/openfeign/feign-core/13.2.1/feign-core-13.2.1.jar:/Users/asdf/.m2/repository/io/github/openfeign/feign-slf4j/13.2.1/feign-slf4j-13.2.1.jar:/Users/asdf/.m2/repository/org/springframework/boot/spring-boot-starter-validation/3.3.0/spring-boot-starter-validation-3.3.0.jar:/Users/asdf/.m2/repository/org/apache/tomcat/embed/tomcat-embed-el/10.1.24/tomcat-embed-el-10.1.24.jar:/Users/asdf/.m2/repository/org/hibernate/validator/hibernate-validator/8.0.1.Final/hibernate-validator-8.0.1.Final.jar:/Users/asdf/.m2/repository/jakarta/validation/jakarta.validation-api/3.0.2/jakarta.validation-api-3.0.2.jar:/Users/asdf/.m2/repository/org/jboss/logging/jboss-logging/3.5.3.Final/jboss-logging-3.5.3.Final.jar:/Users/asdf/.m2/repository/com/fasterxml/classmate/1.7.0/classmate-1.7.0.jar:/Users/asdf/.m2/repository/org/springframework/spring-core/6.1.8/spring-core-6.1.8.jar:/Users/asdf/.m2/repository/org/springframework/spring-jcl/6.1.8/spring-jcl-6.1.8.jar:/Users/asdf/.m2/repository/org/springframework/spring-context/6.1.8/spring-context-6.1.8.jar:/Users/asdf/.m2/repository/org/springframework/spring-aop/6.1.8/spring-aop-6.1.8.jar:/Users/asdf/.m2/repository/org/springframework/spring-expression/6.1.8/spring-expression-6.1.8.jar:/Users/asdf/.m2/repository/org/springframework/spring-beans/6.1.8/spring-beans-6.1.8.jar:/Users/asdf/.m2/repository/org/springframework/boot/spring-boot-starter/3.3.0/spring-boot-starter-3.3.0.jar:/Users/asdf/.m2/repository/org/springframework/boot/spring-boot/3.3.0/spring-boot-3.3.0.jar:/Users/asdf/.m2/repository/org/springframework/boot/spring-boot-autoconfigure/3.3.0/spring-boot-autoconfigure-3.3.0.jar:/Users/asdf/.m2/repository/org/springframework/boot/spring-boot-starter-logging/3.3.0/spring-boot-starter-logging-3.3.0.jar:/Users/asdf/.m2/repository/org/apache/logging/log4j/log4j-to-slf4j/2.23.1/log4j-to-slf4j-2.23.1.jar:/Users/asdf/.m2/repository/org/apache/logging/log4j/log4j-api/2.23.1/log4j-api-2.23.1.jar:/Users/asdf/.m2/repository/org/slf4j/jul-to-slf4j/2.0.13/jul-to-slf4j-2.0.13.jar:/Users/asdf/.m2/repository/jakarta/annotation/jakarta.annotation-api/2.1.1/jakarta.annotation-api-2.1.1.jar:/Users/asdf/.m2/repository/org/yaml/snakeyaml/2.2/snakeyaml-2.2.jar:/Users/asdf/.m2/repository/org/springframework/boot/spring-boot-starter-web/3.3.0/spring-boot-starter-web-3.3.0.jar:/Users/asdf/.m2/repository/org/springframework/boot/spring-boot-starter-json/3.3.0/spring-boot-starter-json-3.3.0.jar:/Users/asdf/.m2/repository/com/fasterxml/jackson/datatype/jackson-datatype-jdk8/2.17.1/jackson-datatype-jdk8-2.17.1.jar:/Users/asdf/.m2/repository/com/fasterxml/jackson/module/jackson-module-parameter-names/2.17.1/jackson-module-parameter-names-2.17.1.jar:/Users/asdf/.m2/repository/org/springframework/boot/spring-boot-starter-tomcat/3.3.0/spring-boot-starter-tomcat-3.3.0.jar:/Users/asdf/.m2/repository/org/apache/tomcat/embed/tomcat-embed-core/10.1.24/tomcat-embed-core-10.1.24.jar:/Users/asdf/.m2/repository/org/apache/tomcat/embed/tomcat-embed-websocket/10.1.24/tomcat-embed-websocket-10.1.24.jar:/Users/asdf/.m2/repository/org/springframework/spring-webmvc/6.1.8/spring-webmvc-6.1.8.jar:/Users/asdf/.m2/repository/com/h2database/h2/2.2.224/h2-2.2.224.jar:/Users/asdf/.m2/repository/org/projectlombok/lombok/1.18.32/lombok-1.18.32.jar:/Users/asdf/.m2/repository/org/springframework/boot/spring-boot-starter-test/3.3.0/spring-boot-starter-test-3.3.0.jar:/Users/asdf/.m2/repository/org/springframework/boot/spring-boot-test/3.3.0/spring-boot-test-3.3.0.jar:/Users/asdf/.m2/repository/org/springframework/boot/spring-boot-test-autoconfigure/3.3.0/spring-boot-test-autoconfigure-3.3.0.jar:/Users/asdf/.m2/repository/com/jayway/jsonpath/json-path/2.9.0/json-path-2.9.0.jar:/Users/asdf/.m2/repository/jakarta/xml/bind/jakarta.xml.bind-api/4.0.2/jakarta.xml.bind-api-4.0.2.jar:/Users/asdf/.m2/repository/jakarta/activation/jakarta.activation-api/2.1.3/jakarta.activation-api-2.1.3.jar:/Users/asdf/.m2/repository/net/minidev/json-smart/2.5.1/json-smart-2.5.1.jar:/Users/asdf/.m2/repository/net/minidev/accessors-smart/2.5.1/accessors-smart-2.5.1.jar:/Users/asdf/.m2/repository/org/ow2/asm/asm/9.6/asm-9.6.jar:/Users/asdf/.m2/repository/org/assertj/assertj-core/3.25.3/assertj-core-3.25.3.jar:/Users/asdf/.m2/repository/net/bytebuddy/byte-buddy/1.14.16/byte-buddy-1.14.16.jar:/Users/asdf/.m2/repository/org/awaitility/awaitility/4.2.1/awaitility-4.2.1.jar:/Users/asdf/.m2/repository/org/hamcrest/hamcrest/2.2/hamcrest-2.2.jar:/Users/asdf/.m2/repository/org/junit/jupiter/junit-jupiter/5.10.2/junit-jupiter-5.10.2.jar:/Users/asdf/.m2/repository/org/junit/jupiter/junit-jupiter-api/5.10.2/junit-jupiter-api-5.10.2.jar:/Users/asdf/.m2/repository/org/opentest4j/opentest4j/1.3.0/opentest4j-1.3.0.jar:/Users/asdf/.m2/repository/org/junit/platform/junit-platform-commons/1.10.2/junit-platform-commons-1.10.2.jar:/Users/asdf/.m2/repository/org/apiguardian/apiguardian-api/1.1.2/apiguardian-api-1.1.2.jar:/Users/asdf/.m2/repository/org/junit/jupiter/junit-jupiter-params/5.10.2/junit-jupiter-params-5.10.2.jar:/Users/asdf/.m2/repository/org/junit/jupiter/junit-jupiter-engine/5.10.2/junit-jupiter-engine-5.10.2.jar:/Users/asdf/.m2/repository/org/junit/platform/junit-platform-engine/1.10.2/junit-platform-engine-1.10.2.jar:/Users/asdf/.m2/repository/org/mockito/mockito-core/5.11.0/mockito-core-5.11.0.jar:/Users/asdf/.m2/repository/org/objenesis/objenesis/3.3/objenesis-3.3.jar:/Users/asdf/.m2/repository/org/mockito/mockito-junit-jupiter/5.11.0/mockito-junit-jupiter-5.11.0.jar:/Users/asdf/.m2/repository/org/skyscreamer/jsonassert/1.5.1/jsonassert-1.5.1.jar:/Users/asdf/.m2/repository/com/vaadin/external/google/android-json/0.0.20131108.vaadin1/android-json-0.0.20131108.vaadin1.jar:/Users/asdf/.m2/repository/org/springframework/spring-test/6.1.8/spring-test-6.1.8.jar:/Users/asdf/.m2/repository/org/xmlunit/xmlunit-core/2.9.1/xmlunit-core-2.9.1.jar:/Users/asdf/.m2/repository/org/springframework/boot/spring-boot-starter-data-jpa/3.3.0/spring-boot-starter-data-jpa-3.3.0.jar:/Users/asdf/.m2/repository/org/springframework/boot/spring-boot-starter-aop/3.3.0/spring-boot-starter-aop-3.3.0.jar:/Users/asdf/.m2/repository/org/aspectj/aspectjweaver/1.9.22/aspectjweaver-1.9.22.jar:/Users/asdf/.m2/repository/org/springframework/boot/spring-boot-starter-jdbc/3.3.0/spring-boot-starter-jdbc-3.3.0.jar:/Users/asdf/.m2/repository/com/zaxxer/HikariCP/5.1.0/HikariCP-5.1.0.jar:/Users/asdf/.m2/repository/org/springframework/spring-jdbc/6.1.8/spring-jdbc-6.1.8.jar:/Users/asdf/.m2/repository/org/hibernate/orm/hibernate-core/6.5.2.Final/hibernate-core-6.5.2.Final.jar:/Users/asdf/.m2/repository/jakarta/persistence/jakarta.persistence-api/3.1.0/jakarta.persistence-api-3.1.0.jar:/Users/asdf/.m2/repository/jakarta/transaction/jakarta.transaction-api/2.0.1/jakarta.transaction-api-2.0.1.jar:/Users/asdf/.m2/repository/org/hibernate/common/hibernate-commons-annotations/6.0.6.Final/hibernate-commons-annotations-6.0.6.Final.jar:/Users/asdf/.m2/repository/io/smallrye/jandex/3.1.2/jandex-3.1.2.jar:/Users/asdf/.m2/repository/org/glassfish/jaxb/jaxb-runtime/4.0.5/jaxb-runtime-4.0.5.jar:/Users/asdf/.m2/repository/org/glassfish/jaxb/jaxb-core/4.0.5/jaxb-core-4.0.5.jar:/Users/asdf/.m2/repository/org/eclipse/angus/angus-activation/2.0.2/angus-activation-2.0.2.jar:/Users/asdf/.m2/repository/org/glassfish/jaxb/txw2/4.0.5/txw2-4.0.5.jar:/Users/asdf/.m2/repository/com/sun/istack/istack-commons-runtime/4.1.2/istack-commons-runtime-4.1.2.jar:/Users/asdf/.m2/repository/org/antlr/antlr4-runtime/4.13.0/antlr4-runtime-4.13.0.jar:/Users/asdf/.m2/repository/org/springframework/data/spring-data-jpa/3.3.0/spring-data-jpa-3.3.0.jar:/Users/asdf/.m2/repository/org/springframework/data/spring-data-commons/3.3.0/spring-data-commons-3.3.0.jar:/Users/asdf/.m2/repository/org/springframework/spring-orm/6.1.8/spring-orm-6.1.8.jar:/Users/asdf/.m2/repository/org/springframework/spring-tx/6.1.8/spring-tx-6.1.8.jar:/Users/asdf/.m2/repository/org/springframework/spring-aspects/6.1.8/spring-aspects-6.1.8.jar:/Users/asdf/.m2/repository/com/mysql/mysql-connector-j/8.0.32/mysql-connector-j-8.0.32.jar:/Users/asdf/.m2/repository/net/bytebuddy/byte-buddy-agent/1.14.16/byte-buddy-agent-1.14.16.jar:, java.vm.vendor=Eclipse Adoptium, sun.arch.data.model=64, java.vendor.url=https://adoptium.net/, user.timezone=Asia/Seoul, jakarta.persistence.sharedCache.mode=UNSPECIFIED, org.jboss.logging.provider=slf4j, java.vm.specification.version=21, os.name=Mac OS X, jakarta.persistence.nonJtaDataSource=org.springframework.jdbc.datasource.embedded.EmbeddedDatabaseFactory$EmbeddedDataSourceProxy@5348d83c, sun.java.launcher=SUN_STANDARD, user.country=KR, sun.boot.library.path=/Library/Java/JavaVirtualMachines/temurin-21.jdk/Contents/Home/lib, sun.java.command=/Users/asdf/5rora-coupon-api/target/surefire/surefirebooter-20241218103105729_3.jar /Users/asdf/5rora-coupon-api/target/surefire 2024-12-18T10-31-05_589-jvmRun1 surefire-20241218103105729_1tmp surefire_0-20241218103105729_2tmp, javax.persistence.nonJtaDataSource=org.springframework.jdbc.datasource.embedded.EmbeddedDatabaseFactory$EmbeddedDataSourceProxy@5348d83c, hibernate.transaction.jta.platform=org.hibernate.engine.transaction.jta.platform.internal.NoJtaPlatform@1f6f0fe2, http.nonProxyHosts=local|*.local|169.254/16|*.169.254/16, jdk.debug=release, surefire.test.class.path=/Users/asdf/5rora-coupon-api/target/test-classes:/Users/asdf/5rora-coupon-api/target/classes:/Users/asdf/.m2/repository/org/springframework/boot/spring-boot-starter-actuator/3.3.0/spring-boot-starter-actuator-3.3.0.jar:/Users/asdf/.m2/repository/org/springframework/boot/spring-boot-actuator-autoconfigure/3.3.0/spring-boot-actuator-autoconfigure-3.3.0.jar:/Users/asdf/.m2/repository/org/springframework/boot/spring-boot-actuator/3.3.0/spring-boot-actuator-3.3.0.jar:/Users/asdf/.m2/repository/com/fasterxml/jackson/core/jackson-databind/2.17.1/jackson-databind-2.17.1.jar:/Users/asdf/.m2/repository/com/fasterxml/jackson/datatype/jackson-datatype-jsr310/2.17.1/jackson-datatype-jsr310-2.17.1.jar:/Users/asdf/.m2/repository/io/micrometer/micrometer-observation/1.13.0/micrometer-observation-1.13.0.jar:/Users/asdf/.m2/repository/io/micrometer/micrometer-commons/1.13.0/micrometer-commons-1.13.0.jar:/Users/asdf/.m2/repository/io/micrometer/micrometer-jakarta9/1.13.0/micrometer-jakarta9-1.13.0.jar:/Users/asdf/.m2/repository/io/micrometer/micrometer-core/1.13.0/micrometer-core-1.13.0.jar:/Users/asdf/.m2/repository/org/hdrhistogram/HdrHistogram/2.2.1/HdrHistogram-2.2.1.jar:/Users/asdf/.m2/repository/org/latencyutils/LatencyUtils/2.0.3/LatencyUtils-2.0.3.jar:/Users/asdf/.m2/repository/ch/qos/logback/logback-classic/1.5.6/logback-classic-1.5.6.jar:/Users/asdf/.m2/repository/ch/qos/logback/logback-core/1.5.6/logback-core-1.5.6.jar:/Users/asdf/.m2/repository/org/slf4j/slf4j-api/2.0.13/slf4j-api-2.0.13.jar:/Users/asdf/.m2/repository/org/springframework/cloud/spring-cloud-starter-netflix-eureka-client/4.1.2/spring-cloud-starter-netflix-eureka-client-4.1.2.jar:/Users/asdf/.m2/repository/org/springframework/cloud/spring-cloud-starter/4.1.3/spring-cloud-starter-4.1.3.jar:/Users/asdf/.m2/repository/org/springframework/cloud/spring-cloud-context/4.1.3/spring-cloud-context-4.1.3.jar:/Users/asdf/.m2/repository/org/springframework/security/spring-security-rsa/1.1.3/spring-security-rsa-1.1.3.jar:/Users/asdf/.m2/repository/org/bouncycastle/bcprov-jdk18on/1.78/bcprov-jdk18on-1.78.jar:/Users/asdf/.m2/repository/org/springframework/cloud/spring-cloud-netflix-eureka-client/4.1.2/spring-cloud-netflix-eureka-client-4.1.2.jar:/Users/asdf/.m2/repository/org/apache/httpcomponents/client5/httpclient5/5.3.1/httpclient5-5.3.1.jar:/Users/asdf/.m2/repository/org/apache/httpcomponents/core5/httpcore5/5.2.4/httpcore5-5.2.4.jar:/Users/asdf/.m2/repository/org/apache/httpcomponents/core5/httpcore5-h2/5.2.4/httpcore5-h2-5.2.4.jar:/Users/asdf/.m2/repository/com/netflix/eureka/eureka-client/2.0.2/eureka-client-2.0.2.jar:/Users/asdf/.m2/repository/com/netflix/netflix-commons/netflix-eventbus/0.3.0/netflix-eventbus-0.3.0.jar:/Users/asdf/.m2/repository/com/netflix/netflix-commons/netflix-infix/0.3.0/netflix-infix-0.3.0.jar:/Users/asdf/.m2/repository/commons-jxpath/commons-jxpath/1.3/commons-jxpath-1.3.jar:/Users/asdf/.m2/repository/joda-time/joda-time/2.3/joda-time-2.3.jar:/Users/asdf/.m2/repository/org/antlr/antlr-runtime/3.4/antlr-runtime-3.4.jar:/Users/asdf/.m2/repository/org/antlr/stringtemplate/3.2.1/stringtemplate-3.2.1.jar:/Users/asdf/.m2/repository/antlr/antlr/2.7.7/antlr-2.7.7.jar:/Users/asdf/.m2/repository/com/google/code/gson/gson/2.10.1/gson-2.10.1.jar:/Users/asdf/.m2/repository/org/apache/commons/commons-math/2.2/commons-math-2.2.jar:/Users/asdf/.m2/repository/com/thoughtworks/xstream/xstream/1.4.19/xstream-1.4.19.jar:/Users/asdf/.m2/repository/io/github/x-stream/mxparser/1.2.2/mxparser-1.2.2.jar:/Users/asdf/.m2/repository/xmlpull/xmlpull/1.1.3.1/xmlpull-1.1.3.1.jar:/Users/asdf/.m2/repository/jakarta/ws/rs/jakarta.ws.rs-api/3.1.0/jakarta.ws.rs-api-3.1.0.jar:/Users/asdf/.m2/repository/jakarta/inject/jakarta.inject-api/2.0.1/jakarta.inject-api-2.0.1.jar:/Users/asdf/.m2/repository/com/netflix/servo/servo-core/0.12.21/servo-core-0.12.21.jar:/Users/asdf/.m2/repository/com/google/guava/guava/19.0/guava-19.0.jar:/Users/asdf/.m2/repository/org/apache/httpcomponents/httpclient/4.5.3/httpclient-4.5.3.jar:/Users/asdf/.m2/repository/org/apache/httpcomponents/httpcore/4.4.16/httpcore-4.4.16.jar:/Users/asdf/.m2/repository/commons-codec/commons-codec/1.16.1/commons-codec-1.16.1.jar:/Users/asdf/.m2/repository/commons-configuration/commons-configuration/1.10/commons-configuration-1.10.jar:/Users/asdf/.m2/repository/commons-lang/commons-lang/2.6/commons-lang-2.6.jar:/Users/asdf/.m2/repository/com/fasterxml/jackson/core/jackson-annotations/2.17.1/jackson-annotations-2.17.1.jar:/Users/asdf/.m2/repository/com/fasterxml/jackson/core/jackson-core/2.17.1/jackson-core-2.17.1.jar:/Users/asdf/.m2/repository/org/codehaus/jettison/jettison/1.5.4/jettison-1.5.4.jar:/Users/asdf/.m2/repository/com/netflix/eureka/eureka-core/2.0.2/eureka-core-2.0.2.jar:/Users/asdf/.m2/repository/com/fasterxml/woodstox/woodstox-core/6.2.1/woodstox-core-6.2.1.jar:/Users/asdf/.m2/repository/org/codehaus/woodstox/stax2-api/4.2.1/stax2-api-4.2.1.jar:/Users/asdf/.m2/repository/org/springframework/cloud/spring-cloud-starter-loadbalancer/4.1.3/spring-cloud-starter-loadbalancer-4.1.3.jar:/Users/asdf/.m2/repository/org/springframework/cloud/spring-cloud-loadbalancer/4.1.3/spring-cloud-loadbalancer-4.1.3.jar:/Users/asdf/.m2/repository/io/projectreactor/reactor-core/3.6.6/reactor-core-3.6.6.jar:/Users/asdf/.m2/repository/org/reactivestreams/reactive-streams/1.0.4/reactive-streams-1.0.4.jar:/Users/asdf/.m2/repository/io/projectreactor/addons/reactor-extra/3.5.1/reactor-extra-3.5.1.jar:/Users/asdf/.m2/repository/org/springframework/boot/spring-boot-starter-cache/3.3.0/spring-boot-starter-cache-3.3.0.jar:/Users/asdf/.m2/repository/org/springframework/spring-context-support/6.1.8/spring-context-support-6.1.8.jar:/Users/asdf/.m2/repository/com/stoyanr/evictor/1.0.0/evictor-1.0.0.jar:/Users/asdf/.m2/repository/org/springframework/cloud/spring-cloud-starter-openfeign/4.1.2/spring-cloud-starter-openfeign-4.1.2.jar:/Users/asdf/.m2/repository/org/springframework/cloud/spring-cloud-openfeign-core/4.1.2/spring-cloud-openfeign-core-4.1.2.jar:/Users/asdf/.m2/repository/io/github/openfeign/form/feign-form-spring/3.8.0/feign-form-spring-3.8.0.jar:/Users/asdf/.m2/repository/io/github/openfeign/form/feign-form/3.8.0/feign-form-3.8.0.jar:/Users/asdf/.m2/repository/commons-fileupload/commons-fileupload/1.5/commons-fileupload-1.5.jar:/Users/asdf/.m2/repository/commons-io/commons-io/2.11.0/commons-io-2.11.0.jar:/Users/asdf/.m2/repository/org/springframework/spring-web/6.1.8/spring-web-6.1.8.jar:/Users/asdf/.m2/repository/org/springframework/cloud/spring-cloud-commons/4.1.3/spring-cloud-commons-4.1.3.jar:/Users/asdf/.m2/repository/org/springframework/security/spring-security-crypto/6.3.0/spring-security-crypto-6.3.0.jar:/Users/asdf/.m2/repository/io/github/openfeign/feign-core/13.2.1/feign-core-13.2.1.jar:/Users/asdf/.m2/repository/io/github/openfeign/feign-slf4j/13.2.1/feign-slf4j-13.2.1.jar:/Users/asdf/.m2/repository/org/springframework/boot/spring-boot-starter-validation/3.3.0/spring-boot-starter-validation-3.3.0.jar:/Users/asdf/.m2/repository/org/apache/tomcat/embed/tomcat-embed-el/10.1.24/tomcat-embed-el-10.1.24.jar:/Users/asdf/.m2/repository/org/hibernate/validator/hibernate-validator/8.0.1.Final/hibernate-validator-8.0.1.Final.jar:/Users/asdf/.m2/repository/jakarta/validation/jakarta.validation-api/3.0.2/jakarta.validation-api-3.0.2.jar:/Users/asdf/.m2/repository/org/jboss/logging/jboss-logging/3.5.3.Final/jboss-logging-3.5.3.Final.jar:/Users/asdf/.m2/repository/com/fasterxml/classmate/1.7.0/classmate-1.7.0.jar:/Users/asdf/.m2/repository/org/springframework/spring-core/6.1.8/spring-core-6.1.8.jar:/Users/asdf/.m2/repository/org/springframework/spring-jcl/6.1.8/spring-jcl-6.1.8.jar:/Users/asdf/.m2/repository/org/springframework/spring-context/6.1.8/spring-context-6.1.8.jar:/Users/asdf/.m2/repository/org/springframework/spring-aop/6.1.8/spring-aop-6.1.8.jar:/Users/asdf/.m2/repository/org/springframework/spring-expression/6.1.8/spring-expression-6.1.8.jar:/Users/asdf/.m2/repository/org/springframework/spring-beans/6.1.8/spring-beans-6.1.8.jar:/Users/asdf/.m2/repository/org/springframework/boot/spring-boot-starter/3.3.0/spring-boot-starter-3.3.0.jar:/Users/asdf/.m2/repository/org/springframework/boot/spring-boot/3.3.0/spring-boot-3.3.0.jar:/Users/asdf/.m2/repository/org/springframework/boot/spring-boot-autoconfigure/3.3.0/spring-boot-autoconfigure-3.3.0.jar:/Users/asdf/.m2/repository/org/springframework/boot/spring-boot-starter-logging/3.3.0/spring-boot-starter-logging-3.3.0.jar:/Users/asdf/.m2/repository/org/apache/logging/log4j/log4j-to-slf4j/2.23.1/log4j-to-slf4j-2.23.1.jar:/Users/asdf/.m2/repository/org/apache/logging/log4j/log4j-api/2.23.1/log4j-api-2.23.1.jar:/Users/asdf/.m2/repository/org/slf4j/jul-to-slf4j/2.0.13/jul-to-slf4j-2.0.13.jar:/Users/asdf/.m2/repository/jakarta/annotation/jakarta.annotation-api/2.1.1/jakarta.annotation-api-2.1.1.jar:/Users/asdf/.m2/repository/org/yaml/snakeyaml/2.2/snakeyaml-2.2.jar:/Users/asdf/.m2/repository/org/springframework/boot/spring-boot-starter-web/3.3.0/spring-boot-starter-web-3.3.0.jar:/Users/asdf/.m2/repository/org/springframework/boot/spring-boot-starter-json/3.3.0/spring-boot-starter-json-3.3.0.jar:/Users/asdf/.m2/repository/com/fasterxml/jackson/datatype/jackson-datatype-jdk8/2.17.1/jackson-datatype-jdk8-2.17.1.jar:/Users/asdf/.m2/repository/com/fasterxml/jackson/module/jackson-module-parameter-names/2.17.1/jackson-module-parameter-names-2.17.1.jar:/Users/asdf/.m2/repository/org/springframework/boot/spring-boot-starter-tomcat/3.3.0/spring-boot-starter-tomcat-3.3.0.jar:/Users/asdf/.m2/repository/org/apache/tomcat/embed/tomcat-embed-core/10.1.24/tomcat-embed-core-10.1.24.jar:/Users/asdf/.m2/repository/org/apache/tomcat/embed/tomcat-embed-websocket/10.1.24/tomcat-embed-websocket-10.1.24.jar:/Users/asdf/.m2/repository/org/springframework/spring-webmvc/6.1.8/spring-webmvc-6.1.8.jar:/Users/asdf/.m2/repository/com/h2database/h2/2.2.224/h2-2.2.224.jar:/Users/asdf/.m2/repository/org/projectlombok/lombok/1.18.32/lombok-1.18.32.jar:/Users/asdf/.m2/repository/org/springframework/boot/spring-boot-starter-test/3.3.0/spring-boot-starter-test-3.3.0.jar:/Users/asdf/.m2/repository/org/springframework/boot/spring-boot-test/3.3.0/spring-boot-test-3.3.0.jar:/Users/asdf/.m2/repository/org/springframework/boot/spring-boot-test-autoconfigure/3.3.0/spring-boot-test-autoconfigure-3.3.0.jar:/Users/asdf/.m2/repository/com/jayway/jsonpath/json-path/2.9.0/json-path-2.9.0.jar:/Users/asdf/.m2/repository/jakarta/xml/bind/jakarta.xml.bind-api/4.0.2/jakarta.xml.bind-api-4.0.2.jar:/Users/asdf/.m2/repository/jakarta/activation/jakarta.activation-api/2.1.3/jakarta.activation-api-2.1.3.jar:/Users/asdf/.m2/repository/net/minidev/json-smart/2.5.1/json-smart-2.5.1.jar:/Users/asdf/.m2/repository/net/minidev/accessors-smart/2.5.1/accessors-smart-2.5.1.jar:/Users/asdf/.m2/repository/org/ow2/asm/asm/9.6/asm-9.6.jar:/Users/asdf/.m2/repository/org/assertj/assertj-core/3.25.3/assertj-core-3.25.3.jar:/Users/asdf/.m2/repository/net/bytebuddy/byte-buddy/1.14.16/byte-buddy-1.14.16.jar:/Users/asdf/.m2/repository/org/awaitility/awaitility/4.2.1/awaitility-4.2.1.jar:/Users/asdf/.m2/repository/org/hamcrest/hamcrest/2.2/hamcrest-2.2.jar:/Users/asdf/.m2/repository/org/junit/jupiter/junit-jupiter/5.10.2/junit-jupiter-5.10.2.jar:/Users/asdf/.m2/repository/org/junit/jupiter/junit-jupiter-api/5.10.2/junit-jupiter-api-5.10.2.jar:/Users/asdf/.m2/repository/org/opentest4j/opentest4j/1.3.0/opentest4j-1.3.0.jar:/Users/asdf/.m2/repository/org/junit/platform/junit-platform-commons/1.10.2/junit-platform-commons-1.10.2.jar:/Users/asdf/.m2/repository/org/apiguardian/apiguardian-api/1.1.2/apiguardian-api-1.1.2.jar:/Users/asdf/.m2/repository/org/junit/jupiter/junit-jupiter-params/5.10.2/junit-jupiter-params-5.10.2.jar:/Users/asdf/.m2/repository/org/junit/jupiter/junit-jupiter-engine/5.10.2/junit-jupiter-engine-5.10.2.jar:/Users/asdf/.m2/repository/org/junit/platform/junit-platform-engine/1.10.2/junit-platform-engine-1.10.2.jar:/Users/asdf/.m2/repository/org/mockito/mockito-core/5.11.0/mockito-core-5.11.0.jar:/Users/asdf/.m2/repository/org/objenesis/objenesis/3.3/objenesis-3.3.jar:/Users/asdf/.m2/repository/org/mockito/mockito-junit-jupiter/5.11.0/mockito-junit-jupiter-5.11.0.jar:/Users/asdf/.m2/repository/org/skyscreamer/jsonassert/1.5.1/jsonassert-1.5.1.jar:/Users/asdf/.m2/repository/com/vaadin/external/google/android-json/0.0.20131108.vaadin1/android-json-0.0.20131108.vaadin1.jar:/Users/asdf/.m2/repository/org/springframework/spring-test/6.1.8/spring-test-6.1.8.jar:/Users/asdf/.m2/repository/org/xmlunit/xmlunit-core/2.9.1/xmlunit-core-2.9.1.jar:/Users/asdf/.m2/repository/org/springframework/boot/spring-boot-starter-data-jpa/3.3.0/spring-boot-starter-data-jpa-3.3.0.jar:/Users/asdf/.m2/repository/org/springframework/boot/spring-boot-starter-aop/3.3.0/spring-boot-starter-aop-3.3.0.jar:/Users/asdf/.m2/repository/org/aspectj/aspectjweaver/1.9.22/aspectjweaver-1.9.22.jar:/Users/asdf/.m2/repository/org/springframework/boot/spring-boot-starter-jdbc/3.3.0/spring-boot-starter-jdbc-3.3.0.jar:/Users/asdf/.m2/repository/com/zaxxer/HikariCP/5.1.0/HikariCP-5.1.0.jar:/Users/asdf/.m2/repository/org/springframework/spring-jdbc/6.1.8/spring-jdbc-6.1.8.jar:/Users/asdf/.m2/repository/org/hibernate/orm/hibernate-core/6.5.2.Final/hibernate-core-6.5.2.Final.jar:/Users/asdf/.m2/repository/jakarta/persistence/jakarta.persistence-api/3.1.0/jakarta.persistence-api-3.1.0.jar:/Users/asdf/.m2/repository/jakarta/transaction/jakarta.transaction-api/2.0.1/jakarta.transaction-api-2.0.1.jar:/Users/asdf/.m2/repository/org/hibernate/common/hibernate-commons-annotations/6.0.6.Final/hibernate-commons-annotations-6.0.6.Final.jar:/Users/asdf/.m2/repository/io/smallrye/jandex/3.1.2/jandex-3.1.2.jar:/Users/asdf/.m2/repository/org/glassfish/jaxb/jaxb-runtime/4.0.5/jaxb-runtime-4.0.5.jar:/Users/asdf/.m2/repository/org/glassfish/jaxb/jaxb-core/4.0.5/jaxb-core-4.0.5.jar:/Users/asdf/.m2/repository/org/eclipse/angus/angus-activation/2.0.2/angus-activation-2.0.2.jar:/Users/asdf/.m2/repository/org/glassfish/jaxb/txw2/4.0.5/txw2-4.0.5.jar:/Users/asdf/.m2/repository/com/sun/istack/istack-commons-runtime/4.1.2/istack-commons-runtime-4.1.2.jar:/Users/asdf/.m2/repository/org/antlr/antlr4-runtime/4.13.0/antlr4-runtime-4.13.0.jar:/Users/asdf/.m2/repository/org/springframework/data/spring-data-jpa/3.3.0/spring-data-jpa-3.3.0.jar:/Users/asdf/.m2/repository/org/springframework/data/spring-data-commons/3.3.0/spring-data-commons-3.3.0.jar:/Users/asdf/.m2/repository/org/springframework/spring-orm/6.1.8/spring-orm-6.1.8.jar:/Users/asdf/.m2/repository/org/springframework/spring-tx/6.1.8/spring-tx-6.1.8.jar:/Users/asdf/.m2/repository/org/springframework/spring-aspects/6.1.8/spring-aspects-6.1.8.jar:/Users/asdf/.m2/repository/com/mysql/mysql-connector-j/8.0.32/mysql-connector-j-8.0.32.jar:/Users/asdf/.m2/repository/net/bytebuddy/byte-buddy-agent/1.14.16/byte-buddy-agent-1.14.16.jar:, sun.cpu.endian=little, hibernate.cdi.extensions=true, user.home=/Users/asdf, user.language=ko, java.specification.vendor=Oracle Corporation, java.version.date=2024-07-16, java.home=/Library/Java/JavaVirtualMachines/temurin-21.jdk/Contents/Home, file.separator=/, basedir=/Users/asdf/5rora-coupon-api, java.vm.compressedOopsMode=Zero based, line.separator=
, hibernate.persistenceUnitName=default, java.vm.specification.vendor=Oracle Corporation, java.specification.name=Java Platform API Specification, FILE_LOG_CHARSET=UTF-8, hibernate.transaction.coordinator_class=class org.hibernate.resource.transaction.backend.jdbc.internal.JdbcResourceLocalTransactionCoordinatorBuilderImpl, java.awt.headless=true, apple.awt.application.name=ForkedBooter, surefire.real.class.path=/Users/asdf/5rora-coupon-api/target/surefire/surefirebooter-20241218103105729_3.jar, jakarta.persistence.validation.mode=AUTO, hibernate.hbm2ddl.auto=create-drop, sun.management.compiler=HotSpot 64-Bit Tiered Compilers, ftp.nonProxyHosts=local|*.local|169.254/16|*.169.254/16, java.runtime.version=21.0.4+7-LTS, user.name=asdf, stdout.encoding=UTF-8, path.separator=:, os.version=15.1.1, java.runtime.name=OpenJDK Runtime Environment, file.encoding=UTF-8, java.vm.name=OpenJDK 64-Bit Server VM, hibernate.show_sql=true, java.vendor.version=Temurin-21.0.4+7, localRepository=/Users/asdf/.m2/repository, java.vendor.url.bug=https://github.com/adoptium/adoptium-support/issues, java.io.tmpdir=/var/folders/2w/25njghln2jg4jkb_c8_jvkbm0000gn/T/, sonar.token=sqp_d49540618fcd64d44f19be90e789d00d0b4d7f73, java.version=21.0.4, hibernate.physical_naming_strategy=org.hibernate.boot.model.naming.CamelCaseToUnderscoresNamingStrategy, user.dir=/Users/asdf/5rora-coupon-api, os.arch=x86_64, java.vm.specification.name=Java Virtual Machine Specification, PID=14335, CONSOLE_LOG_CHARSET=UTF-8, hibernate.boot.CfgXmlAccessService.key=org.hibernate.boot.registry.StandardServiceRegistryBuilder$1@22604c7e, native.encoding=UTF-8, sonar.projectKey=5rora-coupon-api2, java.library.path=/Users/asdf/Library/Java/Extensions:/Library/Java/Extensions:/Network/Library/Java/Extensions:/System/Library/Java/Extensions:/usr/lib/java:., stderr.encoding=UTF-8, java.vendor=Eclipse Adoptium, java.vm.info=mixed mode, java.vm.version=21.0.4+7-LTS, sun.io.unicode.encoding=UnicodeBig, hibernate.archive.scanner=org.hibernate.boot.archive.scan.internal.DisabledScanner, hibernate.connection.datasource=org.springframework.jdbc.datasource.embedded.EmbeddedDatabaseFactory$EmbeddedDataSourceProxy@5348d83c, socksNonProxyHosts=local|*.local|169.254/16|*.169.254/16, java.class.version=65.0, LOGGED_APPLICATION_NAME=[coupon-api] }
2024-12-18T10:31:13.494+09:00 DEBUG 14335 --- [coupon-api] [           main] o.hibernate.internal.SessionFactoryImpl  : Session factory constructed with filter configurations : {}
2024-12-18T10:31:13.499+09:00 DEBUG 14335 --- [coupon-api] [           main] o.h.v.i.xml.config.ValidationXmlParser   : Trying to load META-INF/validation.xml for XML based Validator configuration.
2024-12-18T10:31:13.499+09:00 DEBUG 14335 --- [coupon-api] [           main] o.h.v.i.xml.config.ResourceLoaderHelper  : Trying to load META-INF/validation.xml via TCCL
2024-12-18T10:31:13.499+09:00 DEBUG 14335 --- [coupon-api] [           main] o.h.v.i.xml.config.ResourceLoaderHelper  : Trying to load META-INF/validation.xml via Hibernate Validator's class loader
2024-12-18T10:31:13.499+09:00 DEBUG 14335 --- [coupon-api] [           main] o.h.v.i.xml.config.ValidationXmlParser   : No META-INF/validation.xml found. Using annotation based configuration only.
2024-12-18T10:31:13.499+09:00 DEBUG 14335 --- [coupon-api] [           main] o.h.v.i.e.resolver.TraversableResolvers  : Found jakarta.persistence.Persistence on classpath containing 'getPersistenceUtil'. Assuming JPA 2 environment. Trying to instantiate JPA aware TraversableResolver
2024-12-18T10:31:13.499+09:00 DEBUG 14335 --- [coupon-api] [           main] o.h.v.i.e.resolver.TraversableResolvers  : Instantiated JPA aware TraversableResolver of type org.hibernate.validator.internal.engine.resolver.JPATraversableResolver.
2024-12-18T10:31:13.500+09:00 DEBUG 14335 --- [coupon-api] [           main] .h.v.m.ResourceBundleMessageInterpolator : Loaded expression factory via original TCCL
2024-12-18T10:31:13.507+09:00 DEBUG 14335 --- [coupon-api] [           main] .i.e.ValidatorFactoryConfigurationHelper : HV000252: Using org.hibernate.validator.internal.engine.DefaultPropertyNodeNameProvider as property node name provider.
2024-12-18T10:31:13.511+09:00 DEBUG 14335 --- [coupon-api] [           main] .i.e.ValidatorFactoryConfigurationHelper : HV000234: Using org.hibernate.validator.messageinterpolation.ResourceBundleMessageInterpolator as ValidatorFactory-scoped message interpolator.
2024-12-18T10:31:13.513+09:00 DEBUG 14335 --- [coupon-api] [           main] .i.e.ValidatorFactoryConfigurationHelper : HV000234: Using org.hibernate.validator.internal.engine.resolver.JPATraversableResolver as ValidatorFactory-scoped traversable resolver.
2024-12-18T10:31:13.513+09:00 DEBUG 14335 --- [coupon-api] [           main] .i.e.ValidatorFactoryConfigurationHelper : HV000234: Using org.hibernate.validator.internal.util.ExecutableParameterNameProvider as ValidatorFactory-scoped parameter name provider.
2024-12-18T10:31:13.513+09:00 DEBUG 14335 --- [coupon-api] [           main] .i.e.ValidatorFactoryConfigurationHelper : HV000234: Using org.hibernate.validator.internal.engine.DefaultClockProvider as ValidatorFactory-scoped clock provider.
2024-12-18T10:31:13.513+09:00 DEBUG 14335 --- [coupon-api] [           main] .i.e.ValidatorFactoryConfigurationHelper : HV000234: Using org.hibernate.validator.internal.engine.scripting.DefaultScriptEvaluatorFactory as ValidatorFactory-scoped script evaluator factory.
2024-12-18T10:31:13.514+09:00 DEBUG 14335 --- [coupon-api] [           main] o.h.boot.internal.ClassLoaderAccessImpl  : Not known whether passed class name [store.aurora.entity.CouponPolicy] is safe
2024-12-18T10:31:13.514+09:00 DEBUG 14335 --- [coupon-api] [           main] o.h.boot.internal.ClassLoaderAccessImpl  : No temp ClassLoader provided; using live ClassLoader for loading potentially unsafe class : store.aurora.entity.CouponPolicy
2024-12-18T10:31:13.552+09:00 DEBUG 14335 --- [coupon-api] [           main] o.h.boot.internal.ClassLoaderAccessImpl  : Not known whether passed class name [store.aurora.entity.DiscountRule] is safe
2024-12-18T10:31:13.552+09:00 DEBUG 14335 --- [coupon-api] [           main] o.h.boot.internal.ClassLoaderAccessImpl  : No temp ClassLoader provided; using live ClassLoader for loading potentially unsafe class : store.aurora.entity.DiscountRule
2024-12-18T10:31:13.560+09:00 DEBUG 14335 --- [coupon-api] [           main] o.h.boot.internal.ClassLoaderAccessImpl  : Not known whether passed class name [store.aurora.entity.UserCoupon] is safe
2024-12-18T10:31:13.560+09:00 DEBUG 14335 --- [coupon-api] [           main] o.h.boot.internal.ClassLoaderAccessImpl  : No temp ClassLoader provided; using live ClassLoader for loading potentially unsafe class : store.aurora.entity.UserCoupon
2024-12-18T10:31:13.571+09:00 DEBUG 14335 --- [coupon-api] [           main] o.h.boot.internal.ClassLoaderAccessImpl  : Not known whether passed class name [store.aurora.entity.BookPolicy] is safe
2024-12-18T10:31:13.571+09:00 DEBUG 14335 --- [coupon-api] [           main] o.h.boot.internal.ClassLoaderAccessImpl  : No temp ClassLoader provided; using live ClassLoader for loading potentially unsafe class : store.aurora.entity.BookPolicy
2024-12-18T10:31:13.583+09:00 DEBUG 14335 --- [coupon-api] [           main] o.h.boot.internal.ClassLoaderAccessImpl  : Not known whether passed class name [store.aurora.entity.CategoryPolicy] is safe
2024-12-18T10:31:13.583+09:00 DEBUG 14335 --- [coupon-api] [           main] o.h.boot.internal.ClassLoaderAccessImpl  : No temp ClassLoader provided; using live ClassLoader for loading potentially unsafe class : store.aurora.entity.CategoryPolicy
2024-12-18T10:31:13.592+09:00 DEBUG 14335 --- [coupon-api] [           main] .h.s.i.SessionFactoryServiceRegistryImpl : EventListenerRegistry access via ServiceRegistry is deprecated.  Use `sessionFactory.getEventEngine().getListenerRegistry()` instead
2024-12-18T10:31:13.639+09:00 DEBUG 14335 --- [coupon-api] [           main] o.h.q.sqm.function.SqmFunctionRegistry   : Registered SqmFunctionTemplate [NamedSqmFunctionTemplate(max)] under max; prior registration was null
2024-12-18T10:31:13.639+09:00 DEBUG 14335 --- [coupon-api] [           main] o.h.q.sqm.function.SqmFunctionRegistry   : Registered SqmFunctionTemplate [NamedSqmFunctionTemplate(min)] under min; prior registration was null
2024-12-18T10:31:13.639+09:00 DEBUG 14335 --- [coupon-api] [           main] o.h.q.sqm.function.SqmFunctionRegistry   : Registered SqmFunctionTemplate [NamedSqmFunctionTemplate(sum)] under sum; prior registration was null
2024-12-18T10:31:13.640+09:00 DEBUG 14335 --- [coupon-api] [           main] o.h.q.sqm.function.SqmFunctionRegistry   : Registered SqmFunctionTemplate [NamedSqmFunctionTemplate(avg)] under avg; prior registration was null
2024-12-18T10:31:13.641+09:00 DEBUG 14335 --- [coupon-api] [           main] o.h.q.sqm.function.SqmFunctionRegistry   : Registered SqmFunctionTemplate [org.hibernate.dialect.function.CountFunction@1e482ecd] under count; prior registration was null
2024-12-18T10:31:13.642+09:00 DEBUG 14335 --- [coupon-api] [           main] o.h.q.sqm.function.SqmFunctionRegistry   : Registered SqmFunctionTemplate [org.hibernate.dialect.function.EveryAnyEmulation@5724c7da] under every; prior registration was null
2024-12-18T10:31:13.642+09:00 DEBUG 14335 --- [coupon-api] [           main] o.h.q.sqm.function.SqmFunctionRegistry   : Registered SqmFunctionTemplate [org.hibernate.dialect.function.EveryAnyEmulation@3ad2883a] under any; prior registration was null
2024-12-18T10:31:13.642+09:00 DEBUG 14335 --- [coupon-api] [           main] o.h.q.sqm.function.SqmFunctionRegistry   : Registered SqmFunctionTemplate [NamedSqmFunctionTemplate(floor)] under floor; prior registration was null
2024-12-18T10:31:13.642+09:00 DEBUG 14335 --- [coupon-api] [           main] o.h.q.sqm.function.SqmFunctionRegistry   : Registered SqmFunctionTemplate [NamedSqmFunctionTemplate(ceiling)] under ceiling; prior registration was null
2024-12-18T10:31:13.642+09:00 DEBUG 14335 --- [coupon-api] [           main] o.h.q.sqm.function.SqmFunctionRegistry   : Registered SqmFunctionTemplate [NamedSqmFunctionTemplate(mod)] under mod; prior registration was null
2024-12-18T10:31:13.642+09:00 DEBUG 14335 --- [coupon-api] [           main] o.h.q.sqm.function.SqmFunctionRegistry   : Registered SqmFunctionTemplate [NamedSqmFunctionTemplate(abs)] under abs; prior registration was null
2024-12-18T10:31:13.642+09:00 DEBUG 14335 --- [coupon-api] [           main] o.h.q.sqm.function.SqmFunctionRegistry   : Registered SqmFunctionTemplate [NamedSqmFunctionTemplate(sign)] under sign; prior registration was null
2024-12-18T10:31:13.642+09:00 DEBUG 14335 --- [coupon-api] [           main] o.h.q.sqm.function.SqmFunctionRegistry   : Registered SqmFunctionTemplate [NamedSqmFunctionTemplate(sqrt)] under sqrt; prior registration was null
2024-12-18T10:31:13.642+09:00 DEBUG 14335 --- [coupon-api] [           main] o.h.q.sqm.function.SqmFunctionRegistry   : Registered SqmFunctionTemplate [NamedSqmFunctionTemplate(ln)] under ln; prior registration was null
2024-12-18T10:31:13.642+09:00 DEBUG 14335 --- [coupon-api] [           main] o.h.q.sqm.function.SqmFunctionRegistry   : Registered SqmFunctionTemplate [NamedSqmFunctionTemplate(exp)] under exp; prior registration was null
2024-12-18T10:31:13.642+09:00 DEBUG 14335 --- [coupon-api] [           main] o.h.q.sqm.function.SqmFunctionRegistry   : Registered SqmFunctionTemplate [NamedSqmFunctionTemplate(power)] under power; prior registration was null
2024-12-18T10:31:13.643+09:00 DEBUG 14335 --- [coupon-api] [           main] o.h.q.sqm.function.SqmFunctionRegistry   : Registered SqmFunctionTemplate [NamedSqmFunctionTemplate(round)] under round; prior registration was null
2024-12-18T10:31:13.643+09:00 DEBUG 14335 --- [coupon-api] [           main] o.h.q.sqm.function.SqmFunctionRegistry   : Registered SqmFunctionTemplate [NamedSqmFunctionTemplate(sin)] under sin; prior registration was null
2024-12-18T10:31:13.643+09:00 DEBUG 14335 --- [coupon-api] [           main] o.h.q.sqm.function.SqmFunctionRegistry   : Registered SqmFunctionTemplate [NamedSqmFunctionTemplate(cos)] under cos; prior registration was null
2024-12-18T10:31:13.643+09:00 DEBUG 14335 --- [coupon-api] [           main] o.h.q.sqm.function.SqmFunctionRegistry   : Registered SqmFunctionTemplate [NamedSqmFunctionTemplate(tan)] under tan; prior registration was null
2024-12-18T10:31:13.643+09:00 DEBUG 14335 --- [coupon-api] [           main] o.h.q.sqm.function.SqmFunctionRegistry   : Registered SqmFunctionTemplate [NamedSqmFunctionTemplate(asin)] under asin; prior registration was null
2024-12-18T10:31:13.643+09:00 DEBUG 14335 --- [coupon-api] [           main] o.h.q.sqm.function.SqmFunctionRegistry   : Registered SqmFunctionTemplate [NamedSqmFunctionTemplate(acos)] under acos; prior registration was null
2024-12-18T10:31:13.643+09:00 DEBUG 14335 --- [coupon-api] [           main] o.h.q.sqm.function.SqmFunctionRegistry   : Registered SqmFunctionTemplate [NamedSqmFunctionTemplate(atan)] under atan; prior registration was null
2024-12-18T10:31:13.643+09:00 DEBUG 14335 --- [coupon-api] [           main] o.h.q.sqm.function.SqmFunctionRegistry   : Registered SqmFunctionTemplate [NamedSqmFunctionTemplate(atan2)] under atan2; prior registration was null
2024-12-18T10:31:13.645+09:00 DEBUG 14335 --- [coupon-api] [           main] o.h.q.sqm.function.SqmFunctionRegistry   : Registered SqmFunctionTemplate [org.hibernate.query.sqm.function.PatternBasedSqmFunctionDescriptor@5b5b8730] under sinh; prior registration was null
2024-12-18T10:31:13.645+09:00 DEBUG 14335 --- [coupon-api] [           main] o.h.q.sqm.function.SqmFunctionRegistry   : Registered SqmFunctionTemplate [org.hibernate.query.sqm.function.PatternBasedSqmFunctionDescriptor@93fb44] under cosh; prior registration was null
2024-12-18T10:31:13.645+09:00 DEBUG 14335 --- [coupon-api] [           main] o.h.q.sqm.function.SqmFunctionRegistry   : Registered SqmFunctionTemplate [org.hibernate.query.sqm.function.PatternBasedSqmFunctionDescriptor@321c2a7] under tanh; prior registration was null
2024-12-18T10:31:13.645+09:00 DEBUG 14335 --- [coupon-api] [           main] o.h.q.sqm.function.SqmFunctionRegistry   : Registered SqmFunctionTemplate [org.hibernate.query.sqm.function.PatternBasedSqmFunctionDescriptor@14b48f39] under pi; prior registration was null
2024-12-18T10:31:13.645+09:00 DEBUG 14335 --- [coupon-api] [           main] o.h.q.sqm.function.SqmFunctionRegistry   : Registered SqmFunctionTemplate [org.hibernate.query.sqm.function.PatternBasedSqmFunctionDescriptor@13d1f898] under log; prior registration was null
2024-12-18T10:31:13.645+09:00 DEBUG 14335 --- [coupon-api] [           main] o.h.q.sqm.function.SqmFunctionRegistry   : Registered SqmFunctionTemplate [NamedSqmFunctionTemplate(coalesce)] under coalesce; prior registration was null
2024-12-18T10:31:13.645+09:00 DEBUG 14335 --- [coupon-api] [           main] o.h.q.sqm.function.SqmFunctionRegistry   : Registered SqmFunctionTemplate [NamedSqmFunctionTemplate(nullif)] under nullif; prior registration was null
2024-12-18T10:31:13.645+09:00 DEBUG 14335 --- [coupon-api] [           main] o.h.q.sqm.function.SqmFunctionRegistry   : Registered SqmFunctionTemplate [NamedSqmFunctionTemplate(left)] under left; prior registration was null
2024-12-18T10:31:13.645+09:00 DEBUG 14335 --- [coupon-api] [           main] o.h.q.sqm.function.SqmFunctionRegistry   : Registered SqmFunctionTemplate [NamedSqmFunctionTemplate(right)] under right; prior registration was null
2024-12-18T10:31:13.645+09:00 DEBUG 14335 --- [coupon-api] [           main] o.h.q.sqm.function.SqmFunctionRegistry   : Registered SqmFunctionTemplate [NamedSqmFunctionTemplate(replace)] under replace; prior registration was null
2024-12-18T10:31:13.645+09:00 DEBUG 14335 --- [coupon-api] [           main] o.h.q.sqm.function.SqmFunctionRegistry   : Registered SqmFunctionTemplate [NamedSqmFunctionTemplate(concat)] under concat; prior registration was null
2024-12-18T10:31:13.646+09:00 DEBUG 14335 --- [coupon-api] [           main] o.h.q.sqm.function.SqmFunctionRegistry   : Registered SqmFunctionTemplate [NamedSqmFunctionTemplate(lower)] under lower; prior registration was null
2024-12-18T10:31:13.646+09:00 DEBUG 14335 --- [coupon-api] [           main] o.h.q.sqm.function.SqmFunctionRegistry   : Registered SqmFunctionTemplate [NamedSqmFunctionTemplate(upper)] under upper; prior registration was null
2024-12-18T10:31:13.646+09:00 DEBUG 14335 --- [coupon-api] [           main] o.h.q.sqm.function.SqmFunctionRegistry   : Registered SqmFunctionTemplate [NamedSqmFunctionTemplate(substring)] under substring; prior registration was null
2024-12-18T10:31:13.646+09:00 DEBUG 14335 --- [coupon-api] [           main] o.h.q.sqm.function.SqmFunctionRegistry   : Registered SqmFunctionTemplate [NamedSqmFunctionTemplate(locate)] under locate; prior registration was null
2024-12-18T10:31:13.646+09:00 DEBUG 14335 --- [coupon-api] [           main] o.h.q.sqm.function.SqmFunctionRegistry   : Registered SqmFunctionTemplate [NamedSqmFunctionTemplate(character_length)] under character_length; prior registration was null
2024-12-18T10:31:13.646+09:00 DEBUG 14335 --- [coupon-api] [           main] o.h.q.sqm.function.SqmFunctionRegistry   : Registering alternate key : length -> character_length
2024-12-18T10:31:13.646+09:00 DEBUG 14335 --- [coupon-api] [           main] o.h.q.sqm.function.SqmFunctionRegistry   : Registered SqmFunctionTemplate [org.hibernate.dialect.function.LocatePositionEmulation@72ceafeb] under position; prior registration was null
2024-12-18T10:31:13.648+09:00 DEBUG 14335 --- [coupon-api] [           main] o.h.q.sqm.function.SqmFunctionRegistry   : Registered SqmFunctionTemplate [org.hibernate.dialect.function.InsertSubstringOverlayEmulation@454e9d65] under overlay; prior registration was null
2024-12-18T10:31:13.651+09:00 DEBUG 14335 --- [coupon-api] [           main] o.h.q.sqm.function.SqmFunctionRegistry   : Registered SqmFunctionTemplate [org.hibernate.dialect.function.TrimFunction@31183ee2] under trim; prior registration was null
2024-12-18T10:31:13.652+09:00 DEBUG 14335 --- [coupon-api] [           main] o.h.q.sqm.function.SqmFunctionRegistry   : Registered SqmFunctionTemplate [org.hibernate.dialect.function.CastFunction@5bad555b] under cast; prior registration was null
2024-12-18T10:31:13.652+09:00 DEBUG 14335 --- [coupon-api] [           main] o.h.q.sqm.function.SqmFunctionRegistry   : Registered SqmFunctionTemplate [org.hibernate.query.sqm.function.PatternBasedSqmFunctionDescriptor@41ec4271] under collate; prior registration was null
2024-12-18T10:31:13.653+09:00 DEBUG 14335 --- [coupon-api] [           main] o.h.q.sqm.function.SqmFunctionRegistry   : Registered SqmFunctionTemplate [org.hibernate.dialect.function.ExtractFunction@7252bdb] under extract; prior registration was null
2024-12-18T10:31:13.653+09:00 DEBUG 14335 --- [coupon-api] [           main] o.h.q.sqm.function.SqmFunctionRegistry   : Registered SqmFunctionTemplate [NamedSqmFunctionTemplate(least)] under least; prior registration was null
2024-12-18T10:31:13.653+09:00 DEBUG 14335 --- [coupon-api] [           main] o.h.q.sqm.function.SqmFunctionRegistry   : Registered SqmFunctionTemplate [NamedSqmFunctionTemplate(greatest)] under greatest; prior registration was null
2024-12-18T10:31:13.653+09:00 DEBUG 14335 --- [coupon-api] [           main] o.h.q.sqm.function.SqmFunctionRegistry   : Registered SqmFunctionTemplate [org.hibernate.dialect.function.CoalesceIfnullEmulation@ecf028c] under ifnull; prior registration was null
2024-12-18T10:31:13.653+09:00 DEBUG 14335 --- [coupon-api] [           main] o.h.q.sqm.function.SqmFunctionRegistry   : Registered SqmFunctionTemplate [NamedSqmFunctionTemplate(lpad)] under lpad; prior registration was null
2024-12-18T10:31:13.653+09:00 DEBUG 14335 --- [coupon-api] [           main] o.h.q.sqm.function.SqmFunctionRegistry   : Registered SqmFunctionTemplate [NamedSqmFunctionTemplate(rpad)] under rpad; prior registration was null
2024-12-18T10:31:13.653+09:00 DEBUG 14335 --- [coupon-api] [           main] o.h.q.sqm.function.SqmFunctionRegistry   : Registered SqmFunctionTemplate [org.hibernate.dialect.function.LpadRpadPadEmulation@735988cf] under pad; prior registration was null
2024-12-18T10:31:13.654+09:00 DEBUG 14335 --- [coupon-api] [           main] o.h.q.sqm.function.SqmFunctionRegistry   : Registered SqmFunctionTemplate [org.hibernate.dialect.function.CastStrEmulation@38968752] under str; prior registration was null
2024-12-18T10:31:13.656+09:00 DEBUG 14335 --- [coupon-api] [           main] o.h.q.sqm.function.SqmFunctionRegistry   : Registered SqmFunctionTemplate [org.hibernate.dialect.function.FormatFunction@620572db] under format; prior registration was null
2024-12-18T10:31:13.656+09:00 DEBUG 14335 --- [coupon-api] [           main] o.h.q.sqm.function.SqmFunctionRegistry   : Registered SqmFunctionTemplate [org.hibernate.dialect.function.TimestampaddFunction@1a02ebe0] under timestampadd; prior registration was null
2024-12-18T10:31:13.657+09:00 DEBUG 14335 --- [coupon-api] [           main] o.h.q.sqm.function.SqmFunctionRegistry   : Registered SqmFunctionTemplate [org.hibernate.dialect.function.TimestampdiffFunction@6c1bebca] under timestampdiff; prior registration was null
2024-12-18T10:31:13.657+09:00 DEBUG 14335 --- [coupon-api] [           main] o.h.q.sqm.function.SqmFunctionRegistry   : Registering alternate key : dateadd -> timestampadd
2024-12-18T10:31:13.657+09:00 DEBUG 14335 --- [coupon-api] [           main] o.h.q.sqm.function.SqmFunctionRegistry   : Registering alternate key : datediff -> timestampdiff
2024-12-18T10:31:13.657+09:00 DEBUG 14335 --- [coupon-api] [           main] o.h.q.sqm.function.SqmFunctionRegistry   : Registered SqmFunctionTemplate [org.hibernate.dialect.function.CurrentFunction@644b68ad] under current_date; prior registration was null
2024-12-18T10:31:13.657+09:00 DEBUG 14335 --- [coupon-api] [           main] o.h.q.sqm.function.SqmFunctionRegistry   : Registered SqmFunctionTemplate [org.hibernate.dialect.function.CurrentFunction@1939a394] under current_time; prior registration was null
2024-12-18T10:31:13.657+09:00 DEBUG 14335 --- [coupon-api] [           main] o.h.q.sqm.function.SqmFunctionRegistry   : Registered SqmFunctionTemplate [org.hibernate.dialect.function.CurrentFunction@e2c627e] under current_timestamp; prior registration was null
2024-12-18T10:31:13.657+09:00 DEBUG 14335 --- [coupon-api] [           main] o.h.q.sqm.function.SqmFunctionRegistry   : Registering alternate key : current date -> current_date
2024-12-18T10:31:13.657+09:00 DEBUG 14335 --- [coupon-api] [           main] o.h.q.sqm.function.SqmFunctionRegistry   : Registering alternate key : current time -> current_time
2024-12-18T10:31:13.657+09:00 DEBUG 14335 --- [coupon-api] [           main] o.h.q.sqm.function.SqmFunctionRegistry   : Registering alternate key : current timestamp -> current_timestamp
2024-12-18T10:31:13.657+09:00 DEBUG 14335 --- [coupon-api] [           main] o.h.q.sqm.function.SqmFunctionRegistry   : Registered SqmFunctionTemplate [org.hibernate.dialect.function.CurrentFunction@35cbeb54] under local_date; prior registration was null
2024-12-18T10:31:13.657+09:00 DEBUG 14335 --- [coupon-api] [           main] o.h.q.sqm.function.SqmFunctionRegistry   : Registered SqmFunctionTemplate [org.hibernate.dialect.function.CurrentFunction@a7ae340] under local_time; prior registration was null
2024-12-18T10:31:13.657+09:00 DEBUG 14335 --- [coupon-api] [           main] o.h.q.sqm.function.SqmFunctionRegistry   : Registered SqmFunctionTemplate [org.hibernate.dialect.function.CurrentFunction@5e8bd498] under local_datetime; prior registration was null
2024-12-18T10:31:13.657+09:00 DEBUG 14335 --- [coupon-api] [           main] o.h.q.sqm.function.SqmFunctionRegistry   : Registered SqmFunctionTemplate [org.hibernate.dialect.function.CurrentFunction@335972a5] under offset_datetime; prior registration was null
2024-12-18T10:31:13.657+09:00 DEBUG 14335 --- [coupon-api] [           main] o.h.q.sqm.function.SqmFunctionRegistry   : Registering alternate key : local date -> local_date
2024-12-18T10:31:13.657+09:00 DEBUG 14335 --- [coupon-api] [           main] o.h.q.sqm.function.SqmFunctionRegistry   : Registering alternate key : local time -> local_time
2024-12-18T10:31:13.657+09:00 DEBUG 14335 --- [coupon-api] [           main] o.h.q.sqm.function.SqmFunctionRegistry   : Registering alternate key : local datetime -> local_datetime
2024-12-18T10:31:13.657+09:00 DEBUG 14335 --- [coupon-api] [           main] o.h.q.sqm.function.SqmFunctionRegistry   : Registering alternate key : offset datetime -> offset_datetime
2024-12-18T10:31:13.657+09:00 DEBUG 14335 --- [coupon-api] [           main] o.h.q.sqm.function.SqmFunctionRegistry   : Registered SqmFunctionTemplate [org.hibernate.dialect.function.CurrentFunction@59a2bed1] under instant; prior registration was null
2024-12-18T10:31:13.657+09:00 DEBUG 14335 --- [coupon-api] [           main] o.h.q.sqm.function.SqmFunctionRegistry   : Registering alternate key : current_instant -> instant
2024-12-18T10:31:13.657+09:00 DEBUG 14335 --- [coupon-api] [           main] o.h.q.sqm.function.SqmFunctionRegistry   : Registered SqmFunctionTemplate [org.hibernate.dialect.function.SqlFunction@309cf657] under sql; prior registration was null
2024-12-18T10:31:13.658+09:00 DEBUG 14335 --- [coupon-api] [           main] o.h.q.sqm.function.SqmFunctionRegistry   : Registered SqmFunctionTemplate [NamedSqmFunctionTemplate(max)] under max; prior registration was NamedSqmFunctionTemplate(max)
2024-12-18T10:31:13.658+09:00 DEBUG 14335 --- [coupon-api] [           main] o.h.q.sqm.function.SqmFunctionRegistry   : Registered SqmFunctionTemplate [NamedSqmFunctionTemplate(min)] under min; prior registration was NamedSqmFunctionTemplate(min)
2024-12-18T10:31:13.658+09:00 DEBUG 14335 --- [coupon-api] [           main] o.h.q.sqm.function.SqmFunctionRegistry   : Registered SqmFunctionTemplate [NamedSqmFunctionTemplate(sum)] under sum; prior registration was NamedSqmFunctionTemplate(sum)
2024-12-18T10:31:13.658+09:00 DEBUG 14335 --- [coupon-api] [           main] o.h.q.sqm.function.SqmFunctionRegistry   : Registered SqmFunctionTemplate [NamedSqmFunctionTemplate(avg)] under avg; prior registration was NamedSqmFunctionTemplate(avg)
2024-12-18T10:31:13.658+09:00 DEBUG 14335 --- [coupon-api] [           main] o.h.q.sqm.function.SqmFunctionRegistry   : Registered SqmFunctionTemplate [org.hibernate.dialect.function.CountFunction@4d4c4b14] under count; prior registration was org.hibernate.dialect.function.CountFunction@1e482ecd
2024-12-18T10:31:13.659+09:00 DEBUG 14335 --- [coupon-api] [           main] o.h.q.sqm.function.SqmFunctionRegistry   : Registered SqmFunctionTemplate [org.hibernate.dialect.function.AvgFunction@69d58731] under avg; prior registration was NamedSqmFunctionTemplate(avg)
2024-12-18T10:31:13.659+09:00 DEBUG 14335 --- [coupon-api] [           main] o.h.q.sqm.function.SqmFunctionRegistry   : Registered SqmFunctionTemplate [NamedSqmFunctionTemplate(pi)] under pi; prior registration was org.hibernate.query.sqm.function.PatternBasedSqmFunctionDescriptor@14b48f39
2024-12-18T10:31:13.660+09:00 DEBUG 14335 --- [coupon-api] [           main] o.h.q.sqm.function.SqmFunctionRegistry   : Registered SqmFunctionTemplate [NamedSqmFunctionTemplate(cot)] under cot; prior registration was null
2024-12-18T10:31:13.661+09:00 DEBUG 14335 --- [coupon-api] [           main] o.h.q.sqm.function.SqmFunctionRegistry   : Registered SqmFunctionTemplate [NamedSqmFunctionTemplate(radians)] under radians; prior registration was null
2024-12-18T10:31:13.661+09:00 DEBUG 14335 --- [coupon-api] [           main] o.h.q.sqm.function.SqmFunctionRegistry   : Registered SqmFunctionTemplate [NamedSqmFunctionTemplate(degrees)] under degrees; prior registration was null
2024-12-18T10:31:13.661+09:00 DEBUG 14335 --- [coupon-api] [           main] o.h.q.sqm.function.SqmFunctionRegistry   : Registered SqmFunctionTemplate [NamedSqmFunctionTemplate(log10)] under log10; prior registration was null
2024-12-18T10:31:13.661+09:00 DEBUG 14335 --- [coupon-api] [           main] o.h.q.sqm.function.SqmFunctionRegistry   : Registered SqmFunctionTemplate [org.hibernate.query.sqm.function.PatternBasedSqmFunctionDescriptor@3275a47f] under mod; prior registration was NamedSqmFunctionTemplate(mod)
2024-12-18T10:31:13.661+09:00 DEBUG 14335 --- [coupon-api] [           main] o.h.q.sqm.function.SqmFunctionRegistry   : Registered SqmFunctionTemplate [NamedSqmFunctionTemplate(rand)] under rand; prior registration was null
2024-12-18T10:31:13.661+09:00 DEBUG 14335 --- [coupon-api] [           main] o.h.q.sqm.function.SqmFunctionRegistry   : Registered SqmFunctionTemplate [NamedSqmFunctionTemplate(soundex)] under soundex; prior registration was null
2024-12-18T10:31:13.661+09:00 DEBUG 14335 --- [coupon-api] [           main] o.h.q.sqm.function.SqmFunctionRegistry   : Registered SqmFunctionTemplate [NamedSqmFunctionTemplate(translate)] under translate; prior registration was null
2024-12-18T10:31:13.661+09:00 DEBUG 14335 --- [coupon-api] [           main] o.h.q.sqm.function.SqmFunctionRegistry   : Registered SqmFunctionTemplate [NamedSqmFunctionTemplate(bitand)] under bitand; prior registration was null
2024-12-18T10:31:13.661+09:00 DEBUG 14335 --- [coupon-api] [           main] o.h.q.sqm.function.SqmFunctionRegistry   : Registered SqmFunctionTemplate [NamedSqmFunctionTemplate(bitor)] under bitor; prior registration was null
2024-12-18T10:31:13.661+09:00 DEBUG 14335 --- [coupon-api] [           main] o.h.q.sqm.function.SqmFunctionRegistry   : Registered SqmFunctionTemplate [NamedSqmFunctionTemplate(bitxor)] under bitxor; prior registration was null
2024-12-18T10:31:13.661+09:00 DEBUG 14335 --- [coupon-api] [           main] o.h.q.sqm.function.SqmFunctionRegistry   : Registered SqmFunctionTemplate [NamedSqmFunctionTemplate(bitnot)] under bitnot; prior registration was null
2024-12-18T10:31:13.661+09:00 DEBUG 14335 --- [coupon-api] [           main] o.h.q.sqm.function.SqmFunctionRegistry   : Registered SqmFunctionTemplate [NamedSqmFunctionTemplate(bit_and)] under bit_and; prior registration was null
2024-12-18T10:31:13.661+09:00 DEBUG 14335 --- [coupon-api] [           main] o.h.q.sqm.function.SqmFunctionRegistry   : Registered SqmFunctionTemplate [NamedSqmFunctionTemplate(bit_or)] under bit_or; prior registration was null
2024-12-18T10:31:13.661+09:00 DEBUG 14335 --- [coupon-api] [           main] o.h.q.sqm.function.SqmFunctionRegistry   : Registered SqmFunctionTemplate [NamedSqmFunctionTemplate(day)] under day; prior registration was null
2024-12-18T10:31:13.661+09:00 DEBUG 14335 --- [coupon-api] [           main] o.h.q.sqm.function.SqmFunctionRegistry   : Registered SqmFunctionTemplate [NamedSqmFunctionTemplate(month)] under month; prior registration was null
2024-12-18T10:31:13.661+09:00 DEBUG 14335 --- [coupon-api] [           main] o.h.q.sqm.function.SqmFunctionRegistry   : Registered SqmFunctionTemplate [NamedSqmFunctionTemplate(year)] under year; prior registration was null
2024-12-18T10:31:13.661+09:00 DEBUG 14335 --- [coupon-api] [           main] o.h.q.sqm.function.SqmFunctionRegistry   : Registered SqmFunctionTemplate [NamedSqmFunctionTemplate(hour)] under hour; prior registration was null
2024-12-18T10:31:13.661+09:00 DEBUG 14335 --- [coupon-api] [           main] o.h.q.sqm.function.SqmFunctionRegistry   : Registered SqmFunctionTemplate [NamedSqmFunctionTemplate(minute)] under minute; prior registration was null
2024-12-18T10:31:13.661+09:00 DEBUG 14335 --- [coupon-api] [           main] o.h.q.sqm.function.SqmFunctionRegistry   : Registered SqmFunctionTemplate [NamedSqmFunctionTemplate(second)] under second; prior registration was null
2024-12-18T10:31:13.661+09:00 DEBUG 14335 --- [coupon-api] [           main] o.h.q.sqm.function.SqmFunctionRegistry   : Registered SqmFunctionTemplate [NamedSqmFunctionTemplate(microsecond)] under microsecond; prior registration was null
2024-12-18T10:31:13.661+09:00 DEBUG 14335 --- [coupon-api] [           main] o.h.q.sqm.function.SqmFunctionRegistry   : Registered SqmFunctionTemplate [NamedSqmFunctionTemplate(day_of_week)] under day_of_week; prior registration was null
2024-12-18T10:31:13.661+09:00 DEBUG 14335 --- [coupon-api] [           main] o.h.q.sqm.function.SqmFunctionRegistry   : Registered SqmFunctionTemplate [NamedSqmFunctionTemplate(day_of_month)] under day_of_month; prior registration was null
2024-12-18T10:31:13.661+09:00 DEBUG 14335 --- [coupon-api] [           main] o.h.q.sqm.function.SqmFunctionRegistry   : Registering alternate key : day -> day_of_month
2024-12-18T10:31:13.661+09:00 DEBUG 14335 --- [coupon-api] [           main] o.h.q.sqm.function.SqmFunctionRegistry   : Registered SqmFunctionTemplate [NamedSqmFunctionTemplate(day_of_year)] under day_of_year; prior registration was null
2024-12-18T10:31:13.661+09:00 DEBUG 14335 --- [coupon-api] [           main] o.h.q.sqm.function.SqmFunctionRegistry   : Registered SqmFunctionTemplate [NamedSqmFunctionTemplate(week)] under week; prior registration was null
2024-12-18T10:31:13.661+09:00 DEBUG 14335 --- [coupon-api] [           main] o.h.q.sqm.function.SqmFunctionRegistry   : Registered SqmFunctionTemplate [NamedSqmFunctionTemplate(quarter)] under quarter; prior registration was null
2024-12-18T10:31:13.661+09:00 DEBUG 14335 --- [coupon-api] [           main] o.h.q.sqm.function.SqmFunctionRegistry   : Registered SqmFunctionTemplate [NamedSqmFunctionTemplate(monthname)] under monthname; prior registration was null
2024-12-18T10:31:13.662+09:00 DEBUG 14335 --- [coupon-api] [           main] o.h.q.sqm.function.SqmFunctionRegistry   : Registered SqmFunctionTemplate [NamedSqmFunctionTemplate(dayname)] under dayname; prior registration was null
2024-12-18T10:31:13.662+09:00 DEBUG 14335 --- [coupon-api] [           main] o.h.q.sqm.function.SqmFunctionRegistry   : Registered SqmFunctionTemplate [NamedSqmFunctionTemplate(localtime)] under localtime; prior registration was null
2024-12-18T10:31:13.662+09:00 DEBUG 14335 --- [coupon-api] [           main] o.h.q.sqm.function.SqmFunctionRegistry   : Registered SqmFunctionTemplate [NamedSqmFunctionTemplate(localtimestamp)] under localtimestamp; prior registration was null
2024-12-18T10:31:13.662+09:00 DEBUG 14335 --- [coupon-api] [           main] o.h.q.sqm.function.SqmFunctionRegistry   : Registered SqmFunctionTemplate [NamedSqmFunctionTemplate(localtime)] under local_time; prior registration was org.hibernate.dialect.function.CurrentFunction@a7ae340
2024-12-18T10:31:13.662+09:00 DEBUG 14335 --- [coupon-api] [           main] o.h.q.sqm.function.SqmFunctionRegistry   : Registered SqmFunctionTemplate [NamedSqmFunctionTemplate(localtimestamp)] under local_datetime; prior registration was org.hibernate.dialect.function.CurrentFunction@5e8bd498
2024-12-18T10:31:13.664+09:00 DEBUG 14335 --- [coupon-api] [           main] o.h.q.sqm.function.SqmFunctionRegistry   : Registered SqmFunctionTemplate [org.hibernate.dialect.function.TruncFunction@6802d023] under trunc; prior registration was null
2024-12-18T10:31:13.664+09:00 DEBUG 14335 --- [coupon-api] [           main] o.h.q.sqm.function.SqmFunctionRegistry   : Registering alternate key : truncate -> trunc
2024-12-18T10:31:13.664+09:00 DEBUG 14335 --- [coupon-api] [           main] o.h.q.sqm.function.SqmFunctionRegistry   : Registered SqmFunctionTemplate [org.hibernate.query.sqm.function.PatternBasedSqmFunctionDescriptor@e895e3e] under date_trunc; prior registration was null
2024-12-18T10:31:13.664+09:00 DEBUG 14335 --- [coupon-api] [           main] o.h.q.sqm.function.SqmFunctionRegistry   : Registered SqmFunctionTemplate [NamedSqmFunctionTemplate(bit_length)] under bit_length; prior registration was null
2024-12-18T10:31:13.664+09:00 DEBUG 14335 --- [coupon-api] [           main] o.h.q.sqm.function.SqmFunctionRegistry   : Registered SqmFunctionTemplate [NamedSqmFunctionTemplate(octet_length)] under octet_length; prior registration was null
2024-12-18T10:31:13.664+09:00 DEBUG 14335 --- [coupon-api] [           main] o.h.q.sqm.function.SqmFunctionRegistry   : Registered SqmFunctionTemplate [NamedSqmFunctionTemplate(ascii)] under ascii; prior registration was null
2024-12-18T10:31:13.664+09:00 DEBUG 14335 --- [coupon-api] [           main] o.h.q.sqm.function.SqmFunctionRegistry   : Registered SqmFunctionTemplate [NamedSqmFunctionTemplate(octet_length)] under octet_length; prior registration was NamedSqmFunctionTemplate(octet_length)
2024-12-18T10:31:13.664+09:00 DEBUG 14335 --- [coupon-api] [           main] o.h.q.sqm.function.SqmFunctionRegistry   : Registered SqmFunctionTemplate [NamedSqmFunctionTemplate(space)] under space; prior registration was null
2024-12-18T10:31:13.664+09:00 DEBUG 14335 --- [coupon-api] [           main] o.h.q.sqm.function.SqmFunctionRegistry   : Registered SqmFunctionTemplate [NamedSqmFunctionTemplate(repeat)] under repeat; prior registration was null
2024-12-18T10:31:13.664+09:00 DEBUG 14335 --- [coupon-api] [           main] o.h.q.sqm.function.SqmFunctionRegistry   : Registered SqmFunctionTemplate [NamedSqmFunctionTemplate(char)] under char; prior registration was null
2024-12-18T10:31:13.664+09:00 DEBUG 14335 --- [coupon-api] [           main] o.h.q.sqm.function.SqmFunctionRegistry   : Registering alternate key : chr -> char
2024-12-18T10:31:13.664+09:00 DEBUG 14335 --- [coupon-api] [           main] o.h.q.sqm.function.SqmFunctionRegistry   : Registered SqmFunctionTemplate [NamedSqmFunctionTemplate(instr)] under instr; prior registration was null
2024-12-18T10:31:13.664+09:00 DEBUG 14335 --- [coupon-api] [           main] o.h.q.sqm.function.SqmFunctionRegistry   : Registered SqmFunctionTemplate [NamedSqmFunctionTemplate(substr)] under substr; prior registration was null
2024-12-18T10:31:13.665+09:00 DEBUG 14335 --- [coupon-api] [           main] o.h.q.sqm.function.SqmFunctionRegistry   : Registered SqmFunctionTemplate [org.hibernate.query.sqm.function.PatternBasedSqmFunctionDescriptor@77476fcf] under position; prior registration was org.hibernate.dialect.function.LocatePositionEmulation@72ceafeb
2024-12-18T10:31:13.665+09:00 DEBUG 14335 --- [coupon-api] [           main] o.h.q.sqm.function.SqmFunctionRegistry   : Registered SqmFunctionTemplate [NamedSqmFunctionTemplate(ltrim)] under ltrim; prior registration was null
2024-12-18T10:31:13.665+09:00 DEBUG 14335 --- [coupon-api] [           main] o.h.q.sqm.function.SqmFunctionRegistry   : Registered SqmFunctionTemplate [NamedSqmFunctionTemplate(rtrim)] under rtrim; prior registration was null
2024-12-18T10:31:13.665+09:00 DEBUG 14335 --- [coupon-api] [           main] o.h.q.sqm.function.SqmFunctionRegistry   : Registered SqmFunctionTemplate [org.hibernate.query.sqm.function.PatternBasedSqmFunctionDescriptor@70805849] under concat; prior registration was NamedSqmFunctionTemplate(concat)
2024-12-18T10:31:13.665+09:00 DEBUG 14335 --- [coupon-api] [           main] o.h.q.sqm.function.SqmFunctionRegistry   : Registered SqmFunctionTemplate [NamedSqmFunctionTemplate(curtime)] under curtime; prior registration was null
2024-12-18T10:31:13.665+09:00 DEBUG 14335 --- [coupon-api] [           main] o.h.q.sqm.function.SqmFunctionRegistry   : Registered SqmFunctionTemplate [NamedSqmFunctionTemplate(curdate)] under curdate; prior registration was null
2024-12-18T10:31:13.665+09:00 DEBUG 14335 --- [coupon-api] [           main] o.h.q.sqm.function.SqmFunctionRegistry   : Registered SqmFunctionTemplate [NamedSqmFunctionTemplate(now)] under now; prior registration was null
2024-12-18T10:31:13.665+09:00 DEBUG 14335 --- [coupon-api] [           main] o.h.q.sqm.function.SqmFunctionRegistry   : Registered SqmFunctionTemplate [NamedSqmFunctionTemplate(sysdate)] under sysdate; prior registration was null
2024-12-18T10:31:13.665+09:00 DEBUG 14335 --- [coupon-api] [           main] o.h.q.sqm.function.SqmFunctionRegistry   : Registered SqmFunctionTemplate [NamedSqmFunctionTemplate(insert)] under insert; prior registration was null
2024-12-18T10:31:13.665+09:00 DEBUG 14335 --- [coupon-api] [           main] o.h.q.sqm.function.SqmFunctionRegistry   : Registered SqmFunctionTemplate [NamedSqmFunctionTemplate(bool_and)] under bool_and; prior registration was null
2024-12-18T10:31:13.666+09:00 DEBUG 14335 --- [coupon-api] [           main] o.h.q.sqm.function.SqmFunctionRegistry   : Registering alternate key : every -> bool_and
2024-12-18T10:31:13.666+09:00 DEBUG 14335 --- [coupon-api] [           main] o.h.q.sqm.function.SqmFunctionRegistry   : Registered SqmFunctionTemplate [NamedSqmFunctionTemplate(bool_or)] under bool_or; prior registration was null
2024-12-18T10:31:13.667+09:00 DEBUG 14335 --- [coupon-api] [           main] o.h.q.sqm.function.SqmFunctionRegistry   : Registering alternate key : any -> bool_or
2024-12-18T10:31:13.667+09:00 DEBUG 14335 --- [coupon-api] [           main] o.h.q.sqm.function.SqmFunctionRegistry   : Registered SqmFunctionTemplate [NamedSqmFunctionTemplate(median)] under median; prior registration was null
2024-12-18T10:31:13.667+09:00 DEBUG 14335 --- [coupon-api] [           main] o.h.q.sqm.function.SqmFunctionRegistry   : Registered SqmFunctionTemplate [NamedSqmFunctionTemplate(stddev_pop)] under stddev_pop; prior registration was null
2024-12-18T10:31:13.667+09:00 DEBUG 14335 --- [coupon-api] [           main] o.h.q.sqm.function.SqmFunctionRegistry   : Registered SqmFunctionTemplate [NamedSqmFunctionTemplate(stddev_samp)] under stddev_samp; prior registration was null
2024-12-18T10:31:13.667+09:00 DEBUG 14335 --- [coupon-api] [           main] o.h.q.sqm.function.SqmFunctionRegistry   : Registered SqmFunctionTemplate [NamedSqmFunctionTemplate(var_pop)] under var_pop; prior registration was null
2024-12-18T10:31:13.667+09:00 DEBUG 14335 --- [coupon-api] [           main] o.h.q.sqm.function.SqmFunctionRegistry   : Registered SqmFunctionTemplate [NamedSqmFunctionTemplate(var_samp)] under var_samp; prior registration was null
2024-12-18T10:31:13.667+09:00 DEBUG 14335 --- [coupon-api] [           main] o.h.q.sqm.function.SqmFunctionRegistry   : Registered SqmFunctionTemplate [org.hibernate.dialect.function.FormatFunction@e7d0db2] under format; prior registration was org.hibernate.dialect.function.FormatFunction@620572db
2024-12-18T10:31:13.667+09:00 DEBUG 14335 --- [coupon-api] [           main] o.h.q.sqm.function.SqmFunctionRegistry   : Registered SqmFunctionTemplate [NamedSqmFunctionTemplate(rownum)] under rownum; prior registration was null
2024-12-18T10:31:13.667+09:00 DEBUG 14335 --- [coupon-api] [           main] o.h.q.sqm.function.SqmFunctionRegistry   : Registered SqmFunctionTemplate [NamedSqmFunctionTemplate(row_number)] under row_number; prior registration was null
2024-12-18T10:31:13.668+09:00 DEBUG 14335 --- [coupon-api] [           main] o.h.q.sqm.function.SqmFunctionRegistry   : Registered SqmFunctionTemplate [NamedSqmFunctionTemplate(lag)] under lag; prior registration was null
2024-12-18T10:31:13.668+09:00 DEBUG 14335 --- [coupon-api] [           main] o.h.q.sqm.function.SqmFunctionRegistry   : Registered SqmFunctionTemplate [NamedSqmFunctionTemplate(lead)] under lead; prior registration was null
2024-12-18T10:31:13.668+09:00 DEBUG 14335 --- [coupon-api] [           main] o.h.q.sqm.function.SqmFunctionRegistry   : Registered SqmFunctionTemplate [NamedSqmFunctionTemplate(first_value)] under first_value; prior registration was null
2024-12-18T10:31:13.669+09:00 DEBUG 14335 --- [coupon-api] [           main] o.h.q.sqm.function.SqmFunctionRegistry   : Registered SqmFunctionTemplate [NamedSqmFunctionTemplate(last_value)] under last_value; prior registration was null
2024-12-18T10:31:13.669+09:00 DEBUG 14335 --- [coupon-api] [           main] o.h.q.sqm.function.SqmFunctionRegistry   : Registered SqmFunctionTemplate [NamedSqmFunctionTemplate(nth_value)] under nth_value; prior registration was null
2024-12-18T10:31:13.669+09:00 DEBUG 14335 --- [coupon-api] [           main] o.h.q.sqm.function.SqmFunctionRegistry   : Registered SqmFunctionTemplate [org.hibernate.dialect.function.ListaggFunction@56a09a5c] under listagg; prior registration was null
2024-12-18T10:31:13.670+09:00 DEBUG 14335 --- [coupon-api] [           main] o.h.q.sqm.function.SqmFunctionRegistry   : Registered SqmFunctionTemplate [org.hibernate.dialect.function.InverseDistributionFunction@74bfdd66] under mode; prior registration was null
2024-12-18T10:31:13.670+09:00 DEBUG 14335 --- [coupon-api] [           main] o.h.q.sqm.function.SqmFunctionRegistry   : Registered SqmFunctionTemplate [org.hibernate.dialect.function.InverseDistributionFunction@6fc7e828] under percentile_cont; prior registration was null
2024-12-18T10:31:13.670+09:00 DEBUG 14335 --- [coupon-api] [           main] o.h.q.sqm.function.SqmFunctionRegistry   : Registered SqmFunctionTemplate [org.hibernate.dialect.function.InverseDistributionFunction@26a9c6df] under percentile_disc; prior registration was null
2024-12-18T10:31:13.671+09:00 DEBUG 14335 --- [coupon-api] [           main] o.h.q.sqm.function.SqmFunctionRegistry   : Registered SqmFunctionTemplate [org.hibernate.dialect.function.HypotheticalSetFunction@1e9d7366] under rank; prior registration was null
2024-12-18T10:31:13.671+09:00 DEBUG 14335 --- [coupon-api] [           main] o.h.q.sqm.function.SqmFunctionRegistry   : Registered SqmFunctionTemplate [org.hibernate.dialect.function.HypotheticalSetFunction@20914835] under dense_rank; prior registration was null
2024-12-18T10:31:13.671+09:00 DEBUG 14335 --- [coupon-api] [           main] o.h.q.sqm.function.SqmFunctionRegistry   : Registered SqmFunctionTemplate [org.hibernate.dialect.function.HypotheticalSetFunction@615c4ea4] under percent_rank; prior registration was null
2024-12-18T10:31:13.671+09:00 DEBUG 14335 --- [coupon-api] [           main] o.h.q.sqm.function.SqmFunctionRegistry   : Registered SqmFunctionTemplate [org.hibernate.dialect.function.HypotheticalSetFunction@417446d9] under cume_dist; prior registration was null
2024-12-18T10:31:13.672+09:00 DEBUG 14335 --- [coupon-api] [           main] o.h.q.sqm.function.SqmFunctionRegistry   : Registered SqmFunctionTemplate [org.hibernate.dialect.function.array.ArrayConstructorFunction@2b058bfd] under array; prior registration was null
2024-12-18T10:31:13.675+09:00 DEBUG 14335 --- [coupon-api] [           main] o.h.q.sqm.function.SqmFunctionRegistry   : Registered SqmFunctionTemplate [org.hibernate.dialect.function.array.ArrayConstructorFunction@4805069b] under array_list; prior registration was null
2024-12-18T10:31:13.679+09:00 DEBUG 14335 --- [coupon-api] [           main] o.h.q.sqm.function.SqmFunctionRegistry   : Registered SqmFunctionTemplate [org.hibernate.dialect.function.array.ArrayAggFunction@688d2a5d] under array_agg; prior registration was null
2024-12-18T10:31:13.683+09:00 DEBUG 14335 --- [coupon-api] [           main] o.h.q.sqm.function.SqmFunctionRegistry   : Registered SqmFunctionTemplate [org.hibernate.dialect.function.array.H2ArrayPositionFunction@3e998033] under array_position; prior registration was null
2024-12-18T10:31:13.692+09:00 DEBUG 14335 --- [coupon-api] [           main] o.h.q.sqm.function.SqmFunctionRegistry   : Registered SqmFunctionTemplate [org.hibernate.dialect.function.array.H2ArrayPositionsFunction@79273a4f] under array_positions; prior registration was null
2024-12-18T10:31:13.697+09:00 DEBUG 14335 --- [coupon-api] [           main] o.h.q.sqm.function.SqmFunctionRegistry   : Registered SqmFunctionTemplate [org.hibernate.dialect.function.array.H2ArrayPositionsFunction@29b5e7db] under array_positions_list; prior registration was null
2024-12-18T10:31:13.699+09:00 DEBUG 14335 --- [coupon-api] [           main] o.h.q.sqm.function.SqmFunctionRegistry   : Registered SqmFunctionTemplate [org.hibernate.query.sqm.function.PatternBasedSqmFunctionDescriptor@286dfa20] under array_length; prior registration was null
2024-12-18T10:31:13.700+09:00 DEBUG 14335 --- [coupon-api] [           main] o.h.q.sqm.function.SqmFunctionRegistry   : Registered SqmFunctionTemplate [org.hibernate.dialect.function.array.ArrayConcatFunction@299786b1] under array_concat; prior registration was null
2024-12-18T10:31:13.701+09:00 DEBUG 14335 --- [coupon-api] [           main] o.h.q.sqm.function.SqmFunctionRegistry   : Registered SqmFunctionTemplate [org.hibernate.dialect.function.array.ArrayConcatElementFunction@fee7ca] under array_prepend; prior registration was null
2024-12-18T10:31:13.701+09:00 DEBUG 14335 --- [coupon-api] [           main] o.h.q.sqm.function.SqmFunctionRegistry   : Registered SqmFunctionTemplate [org.hibernate.dialect.function.array.ArrayConcatElementFunction@29c80149] under array_append; prior registration was null
2024-12-18T10:31:13.703+09:00 DEBUG 14335 --- [coupon-api] [           main] o.h.q.sqm.function.SqmFunctionRegistry   : Registered SqmFunctionTemplate [org.hibernate.dialect.function.array.H2ArrayContainsFunction@249a45fd] under array_contains; prior registration was null
2024-12-18T10:31:13.703+09:00 DEBUG 14335 --- [coupon-api] [           main] o.h.q.sqm.function.SqmFunctionRegistry   : Registered SqmFunctionTemplate [org.hibernate.dialect.function.array.H2ArrayContainsFunction@268f0ff3] under array_contains_nullable; prior registration was null
2024-12-18T10:31:13.704+09:00 DEBUG 14335 --- [coupon-api] [           main] o.h.q.sqm.function.SqmFunctionRegistry   : Registered SqmFunctionTemplate [org.hibernate.dialect.function.array.H2ArrayOverlapsFunction@55746340] under array_overlaps; prior registration was null
2024-12-18T10:31:13.704+09:00 DEBUG 14335 --- [coupon-api] [           main] o.h.q.sqm.function.SqmFunctionRegistry   : Registered SqmFunctionTemplate [org.hibernate.dialect.function.array.H2ArrayOverlapsFunction@6a0c7af6] under array_overlaps_nullable; prior registration was null
2024-12-18T10:31:13.705+09:00 DEBUG 14335 --- [coupon-api] [           main] o.h.q.sqm.function.SqmFunctionRegistry   : Registered SqmFunctionTemplate [org.hibernate.query.sqm.function.PatternBasedSqmFunctionDescriptor@2210e466] under array_get; prior registration was null
2024-12-18T10:31:13.707+09:00 DEBUG 14335 --- [coupon-api] [           main] o.h.q.sqm.function.SqmFunctionRegistry   : Registered SqmFunctionTemplate [org.hibernate.dialect.function.array.H2ArraySetFunction@2e6b379c] under array_set; prior registration was null
2024-12-18T10:31:13.707+09:00 DEBUG 14335 --- [coupon-api] [           main] o.h.q.sqm.function.SqmFunctionRegistry   : Registered SqmFunctionTemplate [org.hibernate.dialect.function.array.H2ArrayRemoveFunction@66b40dd3] under array_remove; prior registration was null
2024-12-18T10:31:13.708+09:00 DEBUG 14335 --- [coupon-api] [           main] o.h.q.sqm.function.SqmFunctionRegistry   : Registered SqmFunctionTemplate [org.hibernate.dialect.function.array.H2ArrayRemoveIndexFunction@2095c331] under array_remove_index; prior registration was null
2024-12-18T10:31:13.708+09:00 DEBUG 14335 --- [coupon-api] [           main] o.h.q.sqm.function.SqmFunctionRegistry   : Registered SqmFunctionTemplate [org.hibernate.query.sqm.function.PatternBasedSqmFunctionDescriptor@3909a854] under array_slice; prior registration was null
2024-12-18T10:31:13.708+09:00 DEBUG 14335 --- [coupon-api] [           main] o.h.q.sqm.function.SqmFunctionRegistry   : Registered SqmFunctionTemplate [org.hibernate.dialect.function.array.H2ArrayReplaceFunction@56ba8e8c] under array_replace; prior registration was null
2024-12-18T10:31:13.708+09:00 DEBUG 14335 --- [coupon-api] [           main] o.h.q.sqm.function.SqmFunctionRegistry   : Registered SqmFunctionTemplate [org.hibernate.query.sqm.function.PatternBasedSqmFunctionDescriptor@774c5e5c] under array_trim; prior registration was null
2024-12-18T10:31:13.709+09:00 DEBUG 14335 --- [coupon-api] [           main] o.h.q.sqm.function.SqmFunctionRegistry   : Registered SqmFunctionTemplate [org.hibernate.dialect.function.array.H2ArrayFillFunction@66a8751a] under array_fill; prior registration was null
2024-12-18T10:31:13.709+09:00 DEBUG 14335 --- [coupon-api] [           main] o.h.q.sqm.function.SqmFunctionRegistry   : Registered SqmFunctionTemplate [org.hibernate.dialect.function.array.H2ArrayFillFunction@4ec27c4c] under array_fill_list; prior registration was null
2024-12-18T10:31:13.710+09:00 DEBUG 14335 --- [coupon-api] [           main] o.h.q.sqm.function.SqmFunctionRegistry   : Registered SqmFunctionTemplate [org.hibernate.dialect.function.array.H2ArrayToStringFunction@6207145c] under array_to_string; prior registration was null
2024-12-18T10:31:13.719+09:00 DEBUG 14335 --- [coupon-api] [           main] org.hibernate.HQL_FUNCTIONS              : abs(NUMERIC arg)
2024-12-18T10:31:13.721+09:00 DEBUG 14335 --- [coupon-api] [           main] org.hibernate.HQL_FUNCTIONS              : Double acos(NUMERIC arg)
2024-12-18T10:31:13.721+09:00 DEBUG 14335 --- [coupon-api] [           main] org.hibernate.HQL_FUNCTIONS              : Boolean any(BOOLEAN predicate)
2024-12-18T10:31:13.721+09:00 DEBUG 14335 --- [coupon-api] [           main] org.hibernate.HQL_FUNCTIONS              : array( ... )
2024-12-18T10:31:13.721+09:00 DEBUG 14335 --- [coupon-api] [           main] org.hibernate.HQL_FUNCTIONS              : array_agg(arg)
2024-12-18T10:31:13.721+09:00 DEBUG 14335 --- [coupon-api] [           main] org.hibernate.HQL_FUNCTIONS              : array_append( ... )
2024-12-18T10:31:13.721+09:00 DEBUG 14335 --- [coupon-api] [           main] org.hibernate.HQL_FUNCTIONS              : array_concat( ... )
2024-12-18T10:31:13.721+09:00 DEBUG 14335 --- [coupon-api] [           main] org.hibernate.HQL_FUNCTIONS              : Boolean array_contains(ARRAY haystackArray, OBJECT needleElementOrArray)
2024-12-18T10:31:13.721+09:00 DEBUG 14335 --- [coupon-api] [           main] org.hibernate.HQL_FUNCTIONS              : Boolean array_contains_nullable(ARRAY haystackArray, OBJECT needleElementOrArray)
2024-12-18T10:31:13.721+09:00 DEBUG 14335 --- [coupon-api] [           main] org.hibernate.HQL_FUNCTIONS              : array_fill(OBJECT element, INTEGER elementCount)
2024-12-18T10:31:13.721+09:00 DEBUG 14335 --- [coupon-api] [           main] org.hibernate.HQL_FUNCTIONS              : array_fill_list(OBJECT element, INTEGER elementCount)
2024-12-18T10:31:13.721+09:00 DEBUG 14335 --- [coupon-api] [           main] org.hibernate.HQL_FUNCTIONS              : array_get(ARRAY array, INTEGER index)
2024-12-18T10:31:13.721+09:00 DEBUG 14335 --- [coupon-api] [           main] org.hibernate.HQL_FUNCTIONS              : Integer array_length(ARRAY array)
2024-12-18T10:31:13.721+09:00 DEBUG 14335 --- [coupon-api] [           main] org.hibernate.HQL_FUNCTIONS              : array_list( ... )
2024-12-18T10:31:13.721+09:00 DEBUG 14335 --- [coupon-api] [           main] org.hibernate.HQL_FUNCTIONS              : Boolean array_overlaps(ARRAY array0, OBJECT array1)
2024-12-18T10:31:13.721+09:00 DEBUG 14335 --- [coupon-api] [           main] org.hibernate.HQL_FUNCTIONS              : Boolean array_overlaps_nullable(ARRAY array0, OBJECT array1)
2024-12-18T10:31:13.721+09:00 DEBUG 14335 --- [coupon-api] [           main] org.hibernate.HQL_FUNCTIONS              : Integer array_position(ARRAY array, OBJECT element[, INTEGER startPosition])
2024-12-18T10:31:13.721+09:00 DEBUG 14335 --- [coupon-api] [           main] org.hibernate.HQL_FUNCTIONS              : int[] array_positions(ARRAY array, OBJECT element)
2024-12-18T10:31:13.721+09:00 DEBUG 14335 --- [coupon-api] [           main] org.hibernate.HQL_FUNCTIONS              : List array_positions_list(ARRAY array, OBJECT element)
2024-12-18T10:31:13.721+09:00 DEBUG 14335 --- [coupon-api] [           main] org.hibernate.HQL_FUNCTIONS              : array_prepend( ... )
2024-12-18T10:31:13.721+09:00 DEBUG 14335 --- [coupon-api] [           main] org.hibernate.HQL_FUNCTIONS              : array_remove( ... )
2024-12-18T10:31:13.721+09:00 DEBUG 14335 --- [coupon-api] [           main] org.hibernate.HQL_FUNCTIONS              : array_remove_index( ... )
2024-12-18T10:31:13.721+09:00 DEBUG 14335 --- [coupon-api] [           main] org.hibernate.HQL_FUNCTIONS              : array_replace( ... )
2024-12-18T10:31:13.721+09:00 DEBUG 14335 --- [coupon-api] [           main] org.hibernate.HQL_FUNCTIONS              : array_set( ... )
2024-12-18T10:31:13.721+09:00 DEBUG 14335 --- [coupon-api] [           main] org.hibernate.HQL_FUNCTIONS              : array_slice(ARRAY array, INTEGER start, INTEGER end)
2024-12-18T10:31:13.721+09:00 DEBUG 14335 --- [coupon-api] [           main] org.hibernate.HQL_FUNCTIONS              : String array_to_string( ... )
2024-12-18T10:31:13.721+09:00 DEBUG 14335 --- [coupon-api] [           main] org.hibernate.HQL_FUNCTIONS              : array_trim(ARRAY array, INTEGER elementsToRemove)
2024-12-18T10:31:13.721+09:00 DEBUG 14335 --- [coupon-api] [           main] org.hibernate.HQL_FUNCTIONS              : Integer ascii(STRING arg)
2024-12-18T10:31:13.721+09:00 DEBUG 14335 --- [coupon-api] [           main] org.hibernate.HQL_FUNCTIONS              : Double asin(NUMERIC arg)
2024-12-18T10:31:13.721+09:00 DEBUG 14335 --- [coupon-api] [           main] org.hibernate.HQL_FUNCTIONS              : Double atan(NUMERIC arg)
2024-12-18T10:31:13.722+09:00 DEBUG 14335 --- [coupon-api] [           main] org.hibernate.HQL_FUNCTIONS              : Double atan2(NUMERIC arg0, NUMERIC arg1)
2024-12-18T10:31:13.722+09:00 DEBUG 14335 --- [coupon-api] [           main] org.hibernate.HQL_FUNCTIONS              : avg(NUMERIC arg)
2024-12-18T10:31:13.722+09:00 DEBUG 14335 --- [coupon-api] [           main] org.hibernate.HQL_FUNCTIONS              : bit_and(arg)
2024-12-18T10:31:13.722+09:00 DEBUG 14335 --- [coupon-api] [           main] org.hibernate.HQL_FUNCTIONS              : Integer bit_length(STRING_OR_CLOB arg)
2024-12-18T10:31:13.722+09:00 DEBUG 14335 --- [coupon-api] [           main] org.hibernate.HQL_FUNCTIONS              : bit_or(arg)
2024-12-18T10:31:13.722+09:00 DEBUG 14335 --- [coupon-api] [           main] org.hibernate.HQL_FUNCTIONS              : bitand(arg0, arg1)
2024-12-18T10:31:13.722+09:00 DEBUG 14335 --- [coupon-api] [           main] org.hibernate.HQL_FUNCTIONS              : bitnot(arg)
2024-12-18T10:31:13.722+09:00 DEBUG 14335 --- [coupon-api] [           main] org.hibernate.HQL_FUNCTIONS              : bitor(arg0, arg1)
2024-12-18T10:31:13.722+09:00 DEBUG 14335 --- [coupon-api] [           main] org.hibernate.HQL_FUNCTIONS              : bitxor(arg0, arg1)
2024-12-18T10:31:13.722+09:00 DEBUG 14335 --- [coupon-api] [           main] org.hibernate.HQL_FUNCTIONS              : Boolean bool_and(BOOLEAN predicate)
2024-12-18T10:31:13.722+09:00 DEBUG 14335 --- [coupon-api] [           main] org.hibernate.HQL_FUNCTIONS              : Boolean bool_or(BOOLEAN predicate)
2024-12-18T10:31:13.722+09:00 DEBUG 14335 --- [coupon-api] [           main] org.hibernate.HQL_FUNCTIONS              : cast(arg as Type)
2024-12-18T10:31:13.722+09:00 DEBUG 14335 --- [coupon-api] [           main] org.hibernate.HQL_FUNCTIONS              : ceiling(NUMERIC arg)
2024-12-18T10:31:13.722+09:00 DEBUG 14335 --- [coupon-api] [           main] org.hibernate.HQL_FUNCTIONS              : Character char(INTEGER arg)
2024-12-18T10:31:13.722+09:00 DEBUG 14335 --- [coupon-api] [           main] org.hibernate.HQL_FUNCTIONS              : Integer character_length(STRING_OR_CLOB arg)
2024-12-18T10:31:13.722+09:00 DEBUG 14335 --- [coupon-api] [           main] org.hibernate.HQL_FUNCTIONS              : Character chr(INTEGER arg)
2024-12-18T10:31:13.722+09:00 DEBUG 14335 --- [coupon-api] [           main] org.hibernate.HQL_FUNCTIONS              : coalesce(arg0[, arg1[, ...]])
2024-12-18T10:31:13.722+09:00 DEBUG 14335 --- [coupon-api] [           main] org.hibernate.HQL_FUNCTIONS              : String collate(STRING string as COLLATION collation)
2024-12-18T10:31:13.722+09:00 DEBUG 14335 --- [coupon-api] [           main] org.hibernate.HQL_FUNCTIONS              : String concat(STRING string0[, STRING string1[, ...]])
2024-12-18T10:31:13.722+09:00 DEBUG 14335 --- [coupon-api] [           main] org.hibernate.HQL_FUNCTIONS              : Double cos(NUMERIC arg)
2024-12-18T10:31:13.722+09:00 DEBUG 14335 --- [coupon-api] [           main] org.hibernate.HQL_FUNCTIONS              : Double cosh(NUMERIC arg)
2024-12-18T10:31:13.722+09:00 DEBUG 14335 --- [coupon-api] [           main] org.hibernate.HQL_FUNCTIONS              : Double cot(NUMERIC arg)
2024-12-18T10:31:13.722+09:00 DEBUG 14335 --- [coupon-api] [           main] org.hibernate.HQL_FUNCTIONS              : Long count([distinct ]{arg|*})
2024-12-18T10:31:13.722+09:00 DEBUG 14335 --- [coupon-api] [           main] org.hibernate.HQL_FUNCTIONS              : Double cume_dist([arg0[, ...]])
2024-12-18T10:31:13.722+09:00 DEBUG 14335 --- [coupon-api] [           main] org.hibernate.HQL_FUNCTIONS              : Date curdate()
2024-12-18T10:31:13.722+09:00 DEBUG 14335 --- [coupon-api] [           main] org.hibernate.HQL_FUNCTIONS              : Date current date
2024-12-18T10:31:13.722+09:00 DEBUG 14335 --- [coupon-api] [           main] org.hibernate.HQL_FUNCTIONS              : Time current time
2024-12-18T10:31:13.722+09:00 DEBUG 14335 --- [coupon-api] [           main] org.hibernate.HQL_FUNCTIONS              : Timestamp current timestamp
2024-12-18T10:31:13.722+09:00 DEBUG 14335 --- [coupon-api] [           main] org.hibernate.HQL_FUNCTIONS              : Date current_date
2024-12-18T10:31:13.722+09:00 DEBUG 14335 --- [coupon-api] [           main] org.hibernate.HQL_FUNCTIONS              : Instant current_instant
2024-12-18T10:31:13.722+09:00 DEBUG 14335 --- [coupon-api] [           main] org.hibernate.HQL_FUNCTIONS              : Time current_time
2024-12-18T10:31:13.722+09:00 DEBUG 14335 --- [coupon-api] [           main] org.hibernate.HQL_FUNCTIONS              : Timestamp current_timestamp
2024-12-18T10:31:13.722+09:00 DEBUG 14335 --- [coupon-api] [           main] org.hibernate.HQL_FUNCTIONS              : Time curtime()
2024-12-18T10:31:13.722+09:00 DEBUG 14335 --- [coupon-api] [           main] org.hibernate.HQL_FUNCTIONS              : date_trunc(STRING field, TEMPORAL datetime)
2024-12-18T10:31:13.722+09:00 DEBUG 14335 --- [coupon-api] [           main] org.hibernate.HQL_FUNCTIONS              : dateadd(TEMPORAL_UNIT field, INTEGER magnitude, TEMPORAL datetime)
2024-12-18T10:31:13.722+09:00 DEBUG 14335 --- [coupon-api] [           main] org.hibernate.HQL_FUNCTIONS              : Long|Double datediff(TEMPORAL_UNIT field, TEMPORAL start, TEMPORAL end)
2024-12-18T10:31:13.722+09:00 DEBUG 14335 --- [coupon-api] [           main] org.hibernate.HQL_FUNCTIONS              : Integer day(DATE arg)
2024-12-18T10:31:13.722+09:00 DEBUG 14335 --- [coupon-api] [           main] org.hibernate.HQL_FUNCTIONS              : Integer day_of_month(DATE arg)
2024-12-18T10:31:13.722+09:00 DEBUG 14335 --- [coupon-api] [           main] org.hibernate.HQL_FUNCTIONS              : Integer day_of_week(DATE arg)
2024-12-18T10:31:13.722+09:00 DEBUG 14335 --- [coupon-api] [           main] org.hibernate.HQL_FUNCTIONS              : Integer day_of_year(DATE arg)
2024-12-18T10:31:13.722+09:00 DEBUG 14335 --- [coupon-api] [           main] org.hibernate.HQL_FUNCTIONS              : String dayname(DATE arg)
2024-12-18T10:31:13.722+09:00 DEBUG 14335 --- [coupon-api] [           main] org.hibernate.HQL_FUNCTIONS              : Double degrees(NUMERIC arg)
2024-12-18T10:31:13.722+09:00 DEBUG 14335 --- [coupon-api] [           main] org.hibernate.HQL_FUNCTIONS              : Long dense_rank([arg0[, ...]])
2024-12-18T10:31:13.723+09:00 DEBUG 14335 --- [coupon-api] [           main] org.hibernate.HQL_FUNCTIONS              : Boolean every(BOOLEAN predicate)
2024-12-18T10:31:13.723+09:00 DEBUG 14335 --- [coupon-api] [           main] org.hibernate.HQL_FUNCTIONS              : Double exp(NUMERIC arg)
2024-12-18T10:31:13.723+09:00 DEBUG 14335 --- [coupon-api] [           main] org.hibernate.HQL_FUNCTIONS              : extract(TEMPORAL_UNIT field from TEMPORAL arg)
2024-12-18T10:31:13.723+09:00 DEBUG 14335 --- [coupon-api] [           main] org.hibernate.HQL_FUNCTIONS              : first_valueANY value
2024-12-18T10:31:13.723+09:00 DEBUG 14335 --- [coupon-api] [           main] org.hibernate.HQL_FUNCTIONS              : floor(NUMERIC arg)
2024-12-18T10:31:13.723+09:00 DEBUG 14335 --- [coupon-api] [           main] org.hibernate.HQL_FUNCTIONS              : String format(TEMPORAL datetime as STRING pattern)
2024-12-18T10:31:13.723+09:00 DEBUG 14335 --- [coupon-api] [           main] org.hibernate.HQL_FUNCTIONS              : greatest(COMPARABLE arg0, COMPARABLE arg1[, arg2[, ...]])
2024-12-18T10:31:13.723+09:00 DEBUG 14335 --- [coupon-api] [           main] org.hibernate.HQL_FUNCTIONS              : Integer hour(TIME arg)
2024-12-18T10:31:13.723+09:00 DEBUG 14335 --- [coupon-api] [           main] org.hibernate.HQL_FUNCTIONS              : ifnull(arg0, arg1)
2024-12-18T10:31:13.723+09:00 DEBUG 14335 --- [coupon-api] [           main] org.hibernate.HQL_FUNCTIONS              : String insert(STRING string, INTEGER start, INTEGER length, STRING replacement)
2024-12-18T10:31:13.723+09:00 DEBUG 14335 --- [coupon-api] [           main] org.hibernate.HQL_FUNCTIONS              : Instant instant
2024-12-18T10:31:13.723+09:00 DEBUG 14335 --- [coupon-api] [           main] org.hibernate.HQL_FUNCTIONS              : Integer instr(STRING string, STRING pattern[, INTEGER start[, INTEGER occurrence]])
2024-12-18T10:31:13.723+09:00 DEBUG 14335 --- [coupon-api] [           main] org.hibernate.HQL_FUNCTIONS              : lagANY value[, INTEGER offset[, ANY default]]
2024-12-18T10:31:13.723+09:00 DEBUG 14335 --- [coupon-api] [           main] org.hibernate.HQL_FUNCTIONS              : last_valueANY value
2024-12-18T10:31:13.723+09:00 DEBUG 14335 --- [coupon-api] [           main] org.hibernate.HQL_FUNCTIONS              : leadANY value[, INTEGER offset[, ANY default]]
2024-12-18T10:31:13.723+09:00 DEBUG 14335 --- [coupon-api] [           main] org.hibernate.HQL_FUNCTIONS              : least(COMPARABLE arg0, COMPARABLE arg1[, arg2[, ...]])
2024-12-18T10:31:13.723+09:00 DEBUG 14335 --- [coupon-api] [           main] org.hibernate.HQL_FUNCTIONS              : String left(STRING string, INTEGER length)
2024-12-18T10:31:13.723+09:00 DEBUG 14335 --- [coupon-api] [           main] org.hibernate.HQL_FUNCTIONS              : Integer length(STRING_OR_CLOB arg)
2024-12-18T10:31:13.723+09:00 DEBUG 14335 --- [coupon-api] [           main] org.hibernate.HQL_FUNCTIONS              : String listagg(STRING arg0, STRING arg1)
2024-12-18T10:31:13.723+09:00 DEBUG 14335 --- [coupon-api] [           main] org.hibernate.HQL_FUNCTIONS              : Double ln(NUMERIC arg)
2024-12-18T10:31:13.723+09:00 DEBUG 14335 --- [coupon-api] [           main] org.hibernate.HQL_FUNCTIONS              : LocalDate local date
2024-12-18T10:31:13.723+09:00 DEBUG 14335 --- [coupon-api] [           main] org.hibernate.HQL_FUNCTIONS              : LocalDateTime local datetime
2024-12-18T10:31:13.723+09:00 DEBUG 14335 --- [coupon-api] [           main] org.hibernate.HQL_FUNCTIONS              : LocalTime local time
2024-12-18T10:31:13.723+09:00 DEBUG 14335 --- [coupon-api] [           main] org.hibernate.HQL_FUNCTIONS              : LocalDate local_date
2024-12-18T10:31:13.723+09:00 DEBUG 14335 --- [coupon-api] [           main] org.hibernate.HQL_FUNCTIONS              : LocalDateTime local_datetime
2024-12-18T10:31:13.723+09:00 DEBUG 14335 --- [coupon-api] [           main] org.hibernate.HQL_FUNCTIONS              : LocalTime local_time
2024-12-18T10:31:13.723+09:00 DEBUG 14335 --- [coupon-api] [           main] org.hibernate.HQL_FUNCTIONS              : Time localtime
2024-12-18T10:31:13.723+09:00 DEBUG 14335 --- [coupon-api] [           main] org.hibernate.HQL_FUNCTIONS              : Timestamp localtimestamp
2024-12-18T10:31:13.723+09:00 DEBUG 14335 --- [coupon-api] [           main] org.hibernate.HQL_FUNCTIONS              : Integer locate(STRING pattern, STRING string[, INTEGER start])
2024-12-18T10:31:13.723+09:00 DEBUG 14335 --- [coupon-api] [           main] org.hibernate.HQL_FUNCTIONS              : Double log(NUMERIC base, NUMERIC arg)
2024-12-18T10:31:13.723+09:00 DEBUG 14335 --- [coupon-api] [           main] org.hibernate.HQL_FUNCTIONS              : Double log10(NUMERIC arg)
2024-12-18T10:31:13.723+09:00 DEBUG 14335 --- [coupon-api] [           main] org.hibernate.HQL_FUNCTIONS              : String lower(STRING string)
2024-12-18T10:31:13.723+09:00 DEBUG 14335 --- [coupon-api] [           main] org.hibernate.HQL_FUNCTIONS              : String lpad(STRING string, INTEGER length[, STRING padding])
2024-12-18T10:31:13.723+09:00 DEBUG 14335 --- [coupon-api] [           main] org.hibernate.HQL_FUNCTIONS              : String ltrim(STRING string)
2024-12-18T10:31:13.724+09:00 DEBUG 14335 --- [coupon-api] [           main] org.hibernate.HQL_FUNCTIONS              : max(COMPARABLE arg)
2024-12-18T10:31:13.724+09:00 DEBUG 14335 --- [coupon-api] [           main] org.hibernate.HQL_FUNCTIONS              : Double median(NUMERIC arg)
2024-12-18T10:31:13.724+09:00 DEBUG 14335 --- [coupon-api] [           main] org.hibernate.HQL_FUNCTIONS              : Integer microsecond(TIME arg)
2024-12-18T10:31:13.724+09:00 DEBUG 14335 --- [coupon-api] [           main] org.hibernate.HQL_FUNCTIONS              : min(COMPARABLE arg)
2024-12-18T10:31:13.724+09:00 DEBUG 14335 --- [coupon-api] [           main] org.hibernate.HQL_FUNCTIONS              : Integer minute(TIME arg)
2024-12-18T10:31:13.724+09:00 DEBUG 14335 --- [coupon-api] [           main] org.hibernate.HQL_FUNCTIONS              : Integer mod(INTEGER arg0, INTEGER arg1)
2024-12-18T10:31:13.724+09:00 DEBUG 14335 --- [coupon-api] [           main] org.hibernate.HQL_FUNCTIONS              : mode()
2024-12-18T10:31:13.724+09:00 DEBUG 14335 --- [coupon-api] [           main] org.hibernate.HQL_FUNCTIONS              : Integer month(DATE arg)
2024-12-18T10:31:13.724+09:00 DEBUG 14335 --- [coupon-api] [           main] org.hibernate.HQL_FUNCTIONS              : String monthname(DATE arg)
2024-12-18T10:31:13.724+09:00 DEBUG 14335 --- [coupon-api] [           main] org.hibernate.HQL_FUNCTIONS              : Timestamp now()
2024-12-18T10:31:13.724+09:00 DEBUG 14335 --- [coupon-api] [           main] org.hibernate.HQL_FUNCTIONS              : nth_valueANY value, INTEGER nth
2024-12-18T10:31:13.724+09:00 DEBUG 14335 --- [coupon-api] [           main] org.hibernate.HQL_FUNCTIONS              : nullif(arg0, arg1)
2024-12-18T10:31:13.724+09:00 DEBUG 14335 --- [coupon-api] [           main] org.hibernate.HQL_FUNCTIONS              : Integer octet_length(STRING_OR_CLOB arg)
2024-12-18T10:31:13.724+09:00 DEBUG 14335 --- [coupon-api] [           main] org.hibernate.HQL_FUNCTIONS              : OffsetDateTime offset datetime
2024-12-18T10:31:13.724+09:00 DEBUG 14335 --- [coupon-api] [           main] org.hibernate.HQL_FUNCTIONS              : OffsetDateTime offset_datetime
2024-12-18T10:31:13.724+09:00 DEBUG 14335 --- [coupon-api] [           main] org.hibernate.HQL_FUNCTIONS              : String overlay(STRING string placing STRING replacement from INTEGER start[ for INTEGER length])
2024-12-18T10:31:13.724+09:00 DEBUG 14335 --- [coupon-api] [           main] org.hibernate.HQL_FUNCTIONS              : String pad(STRING string with INTEGER length {leading|trailing}[ STRING character])
2024-12-18T10:31:13.724+09:00 DEBUG 14335 --- [coupon-api] [           main] org.hibernate.HQL_FUNCTIONS              : Double percent_rank([arg0[, ...]])
2024-12-18T10:31:13.724+09:00 DEBUG 14335 --- [coupon-api] [           main] org.hibernate.HQL_FUNCTIONS              : percentile_cont(NUMERIC arg)
2024-12-18T10:31:13.724+09:00 DEBUG 14335 --- [coupon-api] [           main] org.hibernate.HQL_FUNCTIONS              : percentile_disc(NUMERIC arg)
2024-12-18T10:31:13.725+09:00 DEBUG 14335 --- [coupon-api] [           main] org.hibernate.HQL_FUNCTIONS              : Double pi
2024-12-18T10:31:13.725+09:00 DEBUG 14335 --- [coupon-api] [           main] org.hibernate.HQL_FUNCTIONS              : Integer position(STRING pattern in STRING string)
2024-12-18T10:31:13.725+09:00 DEBUG 14335 --- [coupon-api] [           main] org.hibernate.HQL_FUNCTIONS              : Double power(NUMERIC arg0, NUMERIC arg1)
2024-12-18T10:31:13.725+09:00 DEBUG 14335 --- [coupon-api] [           main] org.hibernate.HQL_FUNCTIONS              : Integer quarter(DATE arg)
2024-12-18T10:31:13.725+09:00 DEBUG 14335 --- [coupon-api] [           main] org.hibernate.HQL_FUNCTIONS              : Double radians(NUMERIC arg)
2024-12-18T10:31:13.725+09:00 DEBUG 14335 --- [coupon-api] [           main] org.hibernate.HQL_FUNCTIONS              : Double rand([INTEGER seed])
2024-12-18T10:31:13.725+09:00 DEBUG 14335 --- [coupon-api] [           main] org.hibernate.HQL_FUNCTIONS              : Long rank([arg0[, ...]])
2024-12-18T10:31:13.725+09:00 DEBUG 14335 --- [coupon-api] [           main] org.hibernate.HQL_FUNCTIONS              : String repeat(STRING string, INTEGER times)
2024-12-18T10:31:13.725+09:00 DEBUG 14335 --- [coupon-api] [           main] org.hibernate.HQL_FUNCTIONS              : String replace(STRING string, STRING pattern, STRING replacement)
2024-12-18T10:31:13.725+09:00 DEBUG 14335 --- [coupon-api] [           main] org.hibernate.HQL_FUNCTIONS              : String right(STRING string, INTEGER length)
2024-12-18T10:31:13.725+09:00 DEBUG 14335 --- [coupon-api] [           main] org.hibernate.HQL_FUNCTIONS              : round(NUMERIC number[, INTEGER places])
2024-12-18T10:31:13.725+09:00 DEBUG 14335 --- [coupon-api] [           main] org.hibernate.HQL_FUNCTIONS              : Long row_number()
2024-12-18T10:31:13.725+09:00 DEBUG 14335 --- [coupon-api] [           main] org.hibernate.HQL_FUNCTIONS              : Long rownum()
2024-12-18T10:31:13.725+09:00 DEBUG 14335 --- [coupon-api] [           main] org.hibernate.HQL_FUNCTIONS              : String rpad(STRING string, INTEGER length[, STRING padding])
2024-12-18T10:31:13.725+09:00 DEBUG 14335 --- [coupon-api] [           main] org.hibernate.HQL_FUNCTIONS              : String rtrim(STRING string)
2024-12-18T10:31:13.725+09:00 DEBUG 14335 --- [coupon-api] [           main] org.hibernate.HQL_FUNCTIONS              : Integer second(TIME arg)
2024-12-18T10:31:13.725+09:00 DEBUG 14335 --- [coupon-api] [           main] org.hibernate.HQL_FUNCTIONS              : Integer sign(NUMERIC arg)
2024-12-18T10:31:13.725+09:00 DEBUG 14335 --- [coupon-api] [           main] org.hibernate.HQL_FUNCTIONS              : Double sin(NUMERIC arg)
2024-12-18T10:31:13.725+09:00 DEBUG 14335 --- [coupon-api] [           main] org.hibernate.HQL_FUNCTIONS              : Double sinh(NUMERIC arg)
2024-12-18T10:31:13.725+09:00 DEBUG 14335 --- [coupon-api] [           main] org.hibernate.HQL_FUNCTIONS              : String soundex(arg)
2024-12-18T10:31:13.725+09:00 DEBUG 14335 --- [coupon-api] [           main] org.hibernate.HQL_FUNCTIONS              : String space(INTEGER arg)
2024-12-18T10:31:13.725+09:00 DEBUG 14335 --- [coupon-api] [           main] org.hibernate.HQL_FUNCTIONS              : Object sql
2024-12-18T10:31:13.725+09:00 DEBUG 14335 --- [coupon-api] [           main] org.hibernate.HQL_FUNCTIONS              : Double sqrt(NUMERIC arg)
2024-12-18T10:31:13.725+09:00 DEBUG 14335 --- [coupon-api] [           main] org.hibernate.HQL_FUNCTIONS              : Double stddev_pop(NUMERIC arg)
2024-12-18T10:31:13.725+09:00 DEBUG 14335 --- [coupon-api] [           main] org.hibernate.HQL_FUNCTIONS              : Double stddev_samp(NUMERIC arg)
2024-12-18T10:31:13.725+09:00 DEBUG 14335 --- [coupon-api] [           main] org.hibernate.HQL_FUNCTIONS              : String str(arg)
2024-12-18T10:31:13.725+09:00 DEBUG 14335 --- [coupon-api] [           main] org.hibernate.HQL_FUNCTIONS              : String substr(STRING string, INTEGER start[, INTEGER length])
2024-12-18T10:31:13.725+09:00 DEBUG 14335 --- [coupon-api] [           main] org.hibernate.HQL_FUNCTIONS              : String substring(STRING string{ from|,} INTEGER start[{ for|,} INTEGER length])
2024-12-18T10:31:13.725+09:00 DEBUG 14335 --- [coupon-api] [           main] org.hibernate.HQL_FUNCTIONS              : sum(arg)
2024-12-18T10:31:13.725+09:00 DEBUG 14335 --- [coupon-api] [           main] org.hibernate.HQL_FUNCTIONS              : Timestamp sysdate
2024-12-18T10:31:13.725+09:00 DEBUG 14335 --- [coupon-api] [           main] org.hibernate.HQL_FUNCTIONS              : Double tan(NUMERIC arg)
2024-12-18T10:31:13.725+09:00 DEBUG 14335 --- [coupon-api] [           main] org.hibernate.HQL_FUNCTIONS              : Double tanh(NUMERIC arg)
2024-12-18T10:31:13.726+09:00 DEBUG 14335 --- [coupon-api] [           main] org.hibernate.HQL_FUNCTIONS              : timestampadd(TEMPORAL_UNIT field, INTEGER magnitude, TEMPORAL datetime)
2024-12-18T10:31:13.726+09:00 DEBUG 14335 --- [coupon-api] [           main] org.hibernate.HQL_FUNCTIONS              : Long|Double timestampdiff(TEMPORAL_UNIT field, TEMPORAL start, TEMPORAL end)
2024-12-18T10:31:13.726+09:00 DEBUG 14335 --- [coupon-api] [           main] org.hibernate.HQL_FUNCTIONS              : String translate(STRING arg0, STRING arg1, STRING arg2)
2024-12-18T10:31:13.726+09:00 DEBUG 14335 --- [coupon-api] [           main] org.hibernate.HQL_FUNCTIONS              : String trim([[{leading|trailing|both} ][STRING arg0 ]from] STRING arg1)
2024-12-18T10:31:13.726+09:00 DEBUG 14335 --- [coupon-api] [           main] org.hibernate.HQL_FUNCTIONS              : trunc( ... )
2024-12-18T10:31:13.726+09:00 DEBUG 14335 --- [coupon-api] [           main] org.hibernate.HQL_FUNCTIONS              : truncate( ... )
2024-12-18T10:31:13.726+09:00 DEBUG 14335 --- [coupon-api] [           main] org.hibernate.HQL_FUNCTIONS              : String upper(STRING string)
2024-12-18T10:31:13.726+09:00 DEBUG 14335 --- [coupon-api] [           main] org.hibernate.HQL_FUNCTIONS              : Double var_pop(NUMERIC arg)
2024-12-18T10:31:13.726+09:00 DEBUG 14335 --- [coupon-api] [           main] org.hibernate.HQL_FUNCTIONS              : Double var_samp(NUMERIC arg)
2024-12-18T10:31:13.726+09:00 DEBUG 14335 --- [coupon-api] [           main] org.hibernate.HQL_FUNCTIONS              : Integer week(DATE arg)
2024-12-18T10:31:13.726+09:00 DEBUG 14335 --- [coupon-api] [           main] org.hibernate.HQL_FUNCTIONS              : Integer year(DATE arg)
2024-12-18T10:31:13.733+09:00 DEBUG 14335 --- [coupon-api] [           main] org.hibernate.orm.query.plan.cache       : Starting QueryInterpretationCache(2048)
2024-12-18T10:31:13.976+09:00 DEBUG 14335 --- [coupon-api] [           main] .h.s.i.SessionFactoryServiceRegistryImpl : EventListenerRegistry access via ServiceRegistry is deprecated.  Use `sessionFactory.getEventEngine().getListenerRegistry()` instead
2024-12-18T10:31:14.024+09:00 DEBUG 14335 --- [coupon-api] [           main] h.e.i.EntityCopyObserverFactoryInitiator : Configured EntityCopyObserver strategy: disallow
2024-12-18T10:31:14.225+09:00 DEBUG 14335 --- [coupon-api] [           main] o.h.boot.internal.ClassLoaderAccessImpl  : Not known whether passed class name [store.aurora.entity.CouponPolicy] is safe
2024-12-18T10:31:14.226+09:00 DEBUG 14335 --- [coupon-api] [           main] o.h.boot.internal.ClassLoaderAccessImpl  : No temp ClassLoader provided; using live ClassLoader for loading potentially unsafe class : store.aurora.entity.CouponPolicy
2024-12-18T10:31:14.514+09:00 DEBUG 14335 --- [coupon-api] [           main] o.h.b.i.bytebuddy.BytecodeProviderImpl   : HHH000513: Unable to create the ReflectionOptimizer for [store.aurora.entity.CouponPolicy]: private accessor [discountRule]
2024-12-18T10:31:14.548+09:00 DEBUG 14335 --- [coupon-api] [           main] o.h.boot.internal.ClassLoaderAccessImpl  : Not known whether passed class name [store.aurora.entity.DiscountRule] is safe
2024-12-18T10:31:14.548+09:00 DEBUG 14335 --- [coupon-api] [           main] o.h.boot.internal.ClassLoaderAccessImpl  : No temp ClassLoader provided; using live ClassLoader for loading potentially unsafe class : store.aurora.entity.DiscountRule
2024-12-18T10:31:14.610+09:00 DEBUG 14335 --- [coupon-api] [           main] o.h.b.i.bytebuddy.BytecodeProviderImpl   : HHH000513: Unable to create the ReflectionOptimizer for [store.aurora.entity.DiscountRule]: private accessor [maxSale]
2024-12-18T10:31:14.611+09:00 DEBUG 14335 --- [coupon-api] [           main] o.h.boot.internal.ClassLoaderAccessImpl  : Not known whether passed class name [store.aurora.entity.UserCoupon] is safe
2024-12-18T10:31:14.611+09:00 DEBUG 14335 --- [coupon-api] [           main] o.h.boot.internal.ClassLoaderAccessImpl  : No temp ClassLoader provided; using live ClassLoader for loading potentially unsafe class : store.aurora.entity.UserCoupon
2024-12-18T10:31:14.688+09:00 DEBUG 14335 --- [coupon-api] [           main] o.h.b.i.bytebuddy.BytecodeProviderImpl   : HHH000513: Unable to create the ReflectionOptimizer for [store.aurora.entity.UserCoupon]: private accessor [changedDate]
2024-12-18T10:31:14.692+09:00 DEBUG 14335 --- [coupon-api] [           main] o.h.boot.internal.ClassLoaderAccessImpl  : Not known whether passed class name [store.aurora.entity.BookPolicy] is safe
2024-12-18T10:31:14.693+09:00 DEBUG 14335 --- [coupon-api] [           main] o.h.boot.internal.ClassLoaderAccessImpl  : No temp ClassLoader provided; using live ClassLoader for loading potentially unsafe class : store.aurora.entity.BookPolicy
2024-12-18T10:31:14.720+09:00 DEBUG 14335 --- [coupon-api] [           main] o.h.b.i.bytebuddy.BytecodeProviderImpl   : HHH000513: Unable to create the ReflectionOptimizer for [store.aurora.entity.BookPolicy]: private accessor [bookId]
2024-12-18T10:31:14.721+09:00 DEBUG 14335 --- [coupon-api] [           main] o.h.boot.internal.ClassLoaderAccessImpl  : Not known whether passed class name [store.aurora.entity.CategoryPolicy] is safe
2024-12-18T10:31:14.721+09:00 DEBUG 14335 --- [coupon-api] [           main] o.h.boot.internal.ClassLoaderAccessImpl  : No temp ClassLoader provided; using live ClassLoader for loading potentially unsafe class : store.aurora.entity.CategoryPolicy
2024-12-18T10:31:14.743+09:00 DEBUG 14335 --- [coupon-api] [           main] o.h.b.i.bytebuddy.BytecodeProviderImpl   : HHH000513: Unable to create the ReflectionOptimizer for [store.aurora.entity.CategoryPolicy]: private accessor [categoryId]
2024-12-18T10:31:14.773+09:00 DEBUG 14335 --- [coupon-api] [           main] o.hibernate.orm.model.mapping.creation   : Starting post-init callbacks
2024-12-18T10:31:14.774+09:00 DEBUG 14335 --- [coupon-api] [           main] o.hibernate.orm.model.mapping.creation   : Starting PostInitCallbackEntry : To-one key - NavigableRole[store.aurora.entity.CouponPolicy.discountRule]
2024-12-18T10:31:14.777+09:00 DEBUG 14335 --- [coupon-api] [           main] o.hibernate.orm.model.mapping.creation   : Starting PostInitCallbackEntry : Entity(store.aurora.entity.CouponPolicy) `staticFetchableList` generator
2024-12-18T10:31:14.779+09:00 DEBUG 14335 --- [coupon-api] [           main] o.hibernate.orm.model.mapping.creation   : Starting PostInitCallbackEntry : Entity(store.aurora.entity.DiscountRule) `staticFetchableList` generator
2024-12-18T10:31:14.779+09:00 DEBUG 14335 --- [coupon-api] [           main] o.hibernate.orm.model.mapping.creation   : Starting PostInitCallbackEntry : To-one key - NavigableRole[store.aurora.entity.UserCoupon.policy]
2024-12-18T10:31:14.779+09:00 DEBUG 14335 --- [coupon-api] [           main] o.hibernate.orm.model.mapping.creation   : Starting PostInitCallbackEntry : Entity(store.aurora.entity.UserCoupon) `staticFetchableList` generator
2024-12-18T10:31:14.779+09:00 DEBUG 14335 --- [coupon-api] [           main] o.hibernate.orm.model.mapping.creation   : Starting PostInitCallbackEntry : To-one key - NavigableRole[store.aurora.entity.BookPolicy.policy]
2024-12-18T10:31:14.779+09:00 DEBUG 14335 --- [coupon-api] [           main] o.hibernate.orm.model.mapping.creation   : Starting PostInitCallbackEntry : Entity(store.aurora.entity.BookPolicy) `staticFetchableList` generator
2024-12-18T10:31:14.779+09:00 DEBUG 14335 --- [coupon-api] [           main] o.hibernate.orm.model.mapping.creation   : Starting PostInitCallbackEntry : To-one key - NavigableRole[store.aurora.entity.CategoryPolicy.policy]
2024-12-18T10:31:14.779+09:00 DEBUG 14335 --- [coupon-api] [           main] o.hibernate.orm.model.mapping.creation   : Starting PostInitCallbackEntry : Entity(store.aurora.entity.CategoryPolicy) `staticFetchableList` generator
2024-12-18T10:31:14.871+09:00 DEBUG 14335 --- [coupon-api] [           main] org.hibernate.orm.sql.ast.create         : Created new SQL alias : cp1_0
2024-12-18T10:31:14.873+09:00 DEBUG 14335 --- [coupon-api] [           main] org.hibernate.orm.sql.ast.create         : Registration of TableGroup [StandardTableGroup(store.aurora.entity.CouponPolicy)] with identifierForTableGroup [store.aurora.entity.CouponPolicy] for NavigablePath [store.aurora.entity.CouponPolicy] 
2024-12-18T10:31:14.880+09:00 DEBUG 14335 --- [coupon-api] [           main] org.hibernate.orm.sql.ast.create         : Registration of TableGroup [org.hibernate.sql.ast.tree.from.LazyTableGroup@28e8dee7] with identifierForTableGroup [store.aurora.entity.CouponPolicy.discountRule] for NavigablePath [store.aurora.entity.CouponPolicy.discountRule] 
2024-12-18T10:31:14.888+09:00 DEBUG 14335 --- [coupon-api] [           main] org.hibernate.orm.results.graph.AST      : DomainResult Graph:
 \-EntityResultImpl [store.aurora.entity.CouponPolicy]
 |  +-EntityDelayedFetchImpl [store.aurora.entity.CouponPolicy.discountRule]
 |  +-BasicFetch [store.aurora.entity.CouponPolicy.name]
 |  \-BasicFetch [store.aurora.entity.CouponPolicy.saleType]

2024-12-18T10:31:14.892+09:00 DEBUG 14335 --- [coupon-api] [           main] org.hibernate.orm.sql.ast.tree           : SQL AST Tree:
    SelectStatement {
      FromClause {
        StandardTableGroup (cp1 : store.aurora.entity.CouponPolicy) {
          primaryTableReference : coupon_policy as cp1_0
          TableGroupJoins {
            left  join LazyTableGroup (dr1 : store.aurora.entity.CouponPolicy.discountRule) {
            }
          }
        }
      }
    }

2024-12-18T10:31:14.898+09:00 DEBUG 14335 --- [coupon-api] [           main] o.h.p.entity.AbstractEntityPersister     : Static SQL for entity: store.aurora.entity.CouponPolicy
2024-12-18T10:31:14.898+09:00 DEBUG 14335 --- [coupon-api] [           main] o.h.p.entity.AbstractEntityPersister     :  Version select: select policy_id from coupon_policy where policy_id=?
2024-12-18T10:31:14.898+09:00 DEBUG 14335 --- [coupon-api] [           main] o.h.p.entity.AbstractEntityPersister     :  Insert (0): insert into coupon_policy (discount_id,policy_name,sale_type,policy_id) values (?,?,?,default)
2024-12-18T10:31:14.898+09:00 DEBUG 14335 --- [coupon-api] [           main] o.h.p.entity.AbstractEntityPersister     :  Update (0): update coupon_policy set discount_id=?,policy_name=?,sale_type=? where policy_id=?
2024-12-18T10:31:14.898+09:00 DEBUG 14335 --- [coupon-api] [           main] o.h.p.entity.AbstractEntityPersister     :  Delete (0): delete from coupon_policy where policy_id=?
2024-12-18T10:31:14.899+09:00 DEBUG 14335 --- [coupon-api] [           main] org.hibernate.orm.sql.ast.create         : Created new SQL alias : dr1_0
2024-12-18T10:31:14.899+09:00 DEBUG 14335 --- [coupon-api] [           main] org.hibernate.orm.sql.ast.create         : Registration of TableGroup [StandardTableGroup(store.aurora.entity.DiscountRule)] with identifierForTableGroup [store.aurora.entity.DiscountRule] for NavigablePath [store.aurora.entity.DiscountRule] 
2024-12-18T10:31:14.899+09:00 DEBUG 14335 --- [coupon-api] [           main] org.hibernate.orm.results.graph.AST      : DomainResult Graph:
 \-EntityResultImpl [store.aurora.entity.DiscountRule]
 |  +-BasicFetch [store.aurora.entity.DiscountRule.maxSale]
 |  +-BasicFetch [store.aurora.entity.DiscountRule.needCost]
 |  +-BasicFetch [store.aurora.entity.DiscountRule.saleAmount]
 |  \-BasicFetch [store.aurora.entity.DiscountRule.salePercent]

2024-12-18T10:31:14.899+09:00 DEBUG 14335 --- [coupon-api] [           main] org.hibernate.orm.sql.ast.tree           : SQL AST Tree:
    SelectStatement {
      FromClause {
        StandardTableGroup (dr1 : store.aurora.entity.DiscountRule) {
          primaryTableReference : discount_rule as dr1_0
        }
      }
    }

2024-12-18T10:31:14.899+09:00 DEBUG 14335 --- [coupon-api] [           main] o.h.p.entity.AbstractEntityPersister     : Static SQL for entity: store.aurora.entity.DiscountRule
2024-12-18T10:31:14.899+09:00 DEBUG 14335 --- [coupon-api] [           main] o.h.p.entity.AbstractEntityPersister     :  Version select: select discount_id from discount_rule where discount_id=?
2024-12-18T10:31:14.899+09:00 DEBUG 14335 --- [coupon-api] [           main] o.h.p.entity.AbstractEntityPersister     :  Insert (0): insert into discount_rule (max_sale,need_cost,sale_amount,sale_percent,discount_id) values (?,?,?,?,default)
2024-12-18T10:31:14.899+09:00 DEBUG 14335 --- [coupon-api] [           main] o.h.p.entity.AbstractEntityPersister     :  Update (0): update discount_rule set max_sale=?,need_cost=?,sale_amount=?,sale_percent=? where discount_id=?
2024-12-18T10:31:14.899+09:00 DEBUG 14335 --- [coupon-api] [           main] o.h.p.entity.AbstractEntityPersister     :  Delete (0): delete from discount_rule where discount_id=?
2024-12-18T10:31:14.899+09:00 DEBUG 14335 --- [coupon-api] [           main] org.hibernate.orm.sql.ast.create         : Created new SQL alias : uc1_0
2024-12-18T10:31:14.899+09:00 DEBUG 14335 --- [coupon-api] [           main] org.hibernate.orm.sql.ast.create         : Registration of TableGroup [StandardTableGroup(store.aurora.entity.UserCoupon)] with identifierForTableGroup [store.aurora.entity.UserCoupon] for NavigablePath [store.aurora.entity.UserCoupon] 
2024-12-18T10:31:14.899+09:00 DEBUG 14335 --- [coupon-api] [           main] org.hibernate.orm.sql.ast.create         : Registration of TableGroup [org.hibernate.sql.ast.tree.from.LazyTableGroup@46ff1aad] with identifierForTableGroup [store.aurora.entity.UserCoupon.policy] for NavigablePath [store.aurora.entity.UserCoupon.policy] 
2024-12-18T10:31:14.900+09:00 DEBUG 14335 --- [coupon-api] [           main] org.hibernate.orm.results.graph.AST      : DomainResult Graph:
 \-EntityResultImpl [store.aurora.entity.UserCoupon]
 |  +-BasicFetch [store.aurora.entity.UserCoupon.changedDate]
 |  +-BasicFetch [store.aurora.entity.UserCoupon.couponState]
 |  +-BasicFetch [store.aurora.entity.UserCoupon.endDate]
 |  +-EntityDelayedFetchImpl [store.aurora.entity.UserCoupon.policy]
 |  +-BasicFetch [store.aurora.entity.UserCoupon.startDate]
 |  \-BasicFetch [store.aurora.entity.UserCoupon.userId]

2024-12-18T10:31:14.900+09:00 DEBUG 14335 --- [coupon-api] [           main] org.hibernate.orm.sql.ast.tree           : SQL AST Tree:
    SelectStatement {
      FromClause {
        StandardTableGroup (uc1 : store.aurora.entity.UserCoupon) {
          primaryTableReference : user_coupon as uc1_0
          TableGroupJoins {
            left  join LazyTableGroup (p1 : store.aurora.entity.UserCoupon.policy) {
            }
          }
        }
      }
    }

2024-12-18T10:31:14.900+09:00 DEBUG 14335 --- [coupon-api] [           main] o.h.p.entity.AbstractEntityPersister     : Static SQL for entity: store.aurora.entity.UserCoupon
2024-12-18T10:31:14.900+09:00 DEBUG 14335 --- [coupon-api] [           main] o.h.p.entity.AbstractEntityPersister     :  Version select: select coupon_id from user_coupon where coupon_id=?
2024-12-18T10:31:14.900+09:00 DEBUG 14335 --- [coupon-api] [           main] o.h.p.entity.AbstractEntityPersister     :  Insert (0): insert into user_coupon (change_period,coupon_state,end_date,policy_id,start_date,user_id,coupon_id) values (?,?,?,?,?,?,default)
2024-12-18T10:31:14.900+09:00 DEBUG 14335 --- [coupon-api] [           main] o.h.p.entity.AbstractEntityPersister     :  Update (0): update user_coupon set change_period=?,coupon_state=?,end_date=?,policy_id=?,start_date=?,user_id=? where coupon_id=?
2024-12-18T10:31:14.900+09:00 DEBUG 14335 --- [coupon-api] [           main] o.h.p.entity.AbstractEntityPersister     :  Delete (0): delete from user_coupon where coupon_id=?
2024-12-18T10:31:14.900+09:00 DEBUG 14335 --- [coupon-api] [           main] org.hibernate.orm.sql.ast.create         : Created new SQL alias : bp1_0
2024-12-18T10:31:14.900+09:00 DEBUG 14335 --- [coupon-api] [           main] org.hibernate.orm.sql.ast.create         : Registration of TableGroup [StandardTableGroup(store.aurora.entity.BookPolicy)] with identifierForTableGroup [store.aurora.entity.BookPolicy] for NavigablePath [store.aurora.entity.BookPolicy] 
2024-12-18T10:31:14.900+09:00 DEBUG 14335 --- [coupon-api] [           main] org.hibernate.orm.sql.ast.create         : Registration of TableGroup [org.hibernate.sql.ast.tree.from.LazyTableGroup@6ed87ccf] with identifierForTableGroup [store.aurora.entity.BookPolicy.policy] for NavigablePath [store.aurora.entity.BookPolicy.policy] 
2024-12-18T10:31:14.900+09:00 DEBUG 14335 --- [coupon-api] [           main] org.hibernate.orm.results.graph.AST      : DomainResult Graph:
 \-EntityResultImpl [store.aurora.entity.BookPolicy]
 |  +-BasicFetch [store.aurora.entity.BookPolicy.bookId]
 |  \-EntityDelayedFetchImpl [store.aurora.entity.BookPolicy.policy]

2024-12-18T10:31:14.900+09:00 DEBUG 14335 --- [coupon-api] [           main] org.hibernate.orm.sql.ast.tree           : SQL AST Tree:
    SelectStatement {
      FromClause {
        StandardTableGroup (bp1 : store.aurora.entity.BookPolicy) {
          primaryTableReference : book_policy as bp1_0
          TableGroupJoins {
            left  join LazyTableGroup (p1 : store.aurora.entity.BookPolicy.policy) {
            }
          }
        }
      }
    }

2024-12-18T10:31:14.901+09:00 DEBUG 14335 --- [coupon-api] [           main] o.h.p.entity.AbstractEntityPersister     : Static SQL for entity: store.aurora.entity.BookPolicy
2024-12-18T10:31:14.901+09:00 DEBUG 14335 --- [coupon-api] [           main] o.h.p.entity.AbstractEntityPersister     :  Version select: select book_coupon from book_policy where book_coupon=?
2024-12-18T10:31:14.901+09:00 DEBUG 14335 --- [coupon-api] [           main] o.h.p.entity.AbstractEntityPersister     :  Insert (0): insert into book_policy (book_id,policy_id,book_coupon) values (?,?,default)
2024-12-18T10:31:14.901+09:00 DEBUG 14335 --- [coupon-api] [           main] o.h.p.entity.AbstractEntityPersister     :  Update (0): update book_policy set book_id=?,policy_id=? where book_coupon=?
2024-12-18T10:31:14.901+09:00 DEBUG 14335 --- [coupon-api] [           main] o.h.p.entity.AbstractEntityPersister     :  Delete (0): delete from book_policy where book_coupon=?
2024-12-18T10:31:14.901+09:00 DEBUG 14335 --- [coupon-api] [           main] org.hibernate.orm.sql.ast.create         : Created new SQL alias : cp1_0
2024-12-18T10:31:14.901+09:00 DEBUG 14335 --- [coupon-api] [           main] org.hibernate.orm.sql.ast.create         : Registration of TableGroup [StandardTableGroup(store.aurora.entity.CategoryPolicy)] with identifierForTableGroup [store.aurora.entity.CategoryPolicy] for NavigablePath [store.aurora.entity.CategoryPolicy] 
2024-12-18T10:31:14.901+09:00 DEBUG 14335 --- [coupon-api] [           main] org.hibernate.orm.sql.ast.create         : Registration of TableGroup [org.hibernate.sql.ast.tree.from.LazyTableGroup@7352418c] with identifierForTableGroup [store.aurora.entity.CategoryPolicy.policy] for NavigablePath [store.aurora.entity.CategoryPolicy.policy] 
2024-12-18T10:31:14.901+09:00 DEBUG 14335 --- [coupon-api] [           main] org.hibernate.orm.results.graph.AST      : DomainResult Graph:
 \-EntityResultImpl [store.aurora.entity.CategoryPolicy]
 |  +-BasicFetch [store.aurora.entity.CategoryPolicy.categoryId]
 |  \-EntityDelayedFetchImpl [store.aurora.entity.CategoryPolicy.policy]

2024-12-18T10:31:14.901+09:00 DEBUG 14335 --- [coupon-api] [           main] org.hibernate.orm.sql.ast.tree           : SQL AST Tree:
    SelectStatement {
      FromClause {
        StandardTableGroup (cp1 : store.aurora.entity.CategoryPolicy) {
          primaryTableReference : category_policy as cp1_0
          TableGroupJoins {
            left  join LazyTableGroup (p1 : store.aurora.entity.CategoryPolicy.policy) {
            }
          }
        }
      }
    }

2024-12-18T10:31:14.901+09:00 DEBUG 14335 --- [coupon-api] [           main] o.h.p.entity.AbstractEntityPersister     : Static SQL for entity: store.aurora.entity.CategoryPolicy
2024-12-18T10:31:14.901+09:00 DEBUG 14335 --- [coupon-api] [           main] o.h.p.entity.AbstractEntityPersister     :  Version select: select category_coupon from category_policy where category_coupon=?
2024-12-18T10:31:14.901+09:00 DEBUG 14335 --- [coupon-api] [           main] o.h.p.entity.AbstractEntityPersister     :  Insert (0): insert into category_policy (category_id,policy_id,category_coupon) values (?,?,default)
2024-12-18T10:31:14.901+09:00 DEBUG 14335 --- [coupon-api] [           main] o.h.p.entity.AbstractEntityPersister     :  Update (0): update category_policy set category_id=?,policy_id=? where category_coupon=?
2024-12-18T10:31:14.901+09:00 DEBUG 14335 --- [coupon-api] [           main] o.h.p.entity.AbstractEntityPersister     :  Delete (0): delete from category_policy where category_coupon=?
2024-12-18T10:31:14.932+09:00  INFO 14335 --- [coupon-api] [           main] o.h.e.t.j.p.i.JtaPlatformInitiator       : HHH000489: No JTA platform available (set 'hibernate.transaction.jta.platform' to enable JTA platform integration)
2024-12-18T10:31:14.933+09:00 DEBUG 14335 --- [coupon-api] [           main] o.h.type.spi.TypeConfiguration$Scope     : Scoping TypeConfiguration [org.hibernate.type.spi.TypeConfiguration@1846ad0f] to SessionFactoryImplementor [org.hibernate.internal.SessionFactoryImpl@4f1a5b93]
2024-12-18T10:31:14.934+09:00 DEBUG 14335 --- [coupon-api] [           main] o.h.query.named.NamedObjectRepository    : Checking 0 named HQL queries
2024-12-18T10:31:14.934+09:00 DEBUG 14335 --- [coupon-api] [           main] o.h.query.named.NamedObjectRepository    : Checking 0 named SQL queries
2024-12-18T10:31:14.951+09:00 DEBUG 14335 --- [coupon-api] [           main] org.hibernate.SQL                        : drop table if exists book_policy cascade 
Hibernate: drop table if exists book_policy cascade 
2024-12-18T10:31:14.952+09:00 DEBUG 14335 --- [coupon-api] [           main] o.s.j.datasource.SimpleDriverDataSource  : Creating new JDBC Driver Connection to [jdbc:h2:mem:c3b79b7d-e3f9-425b-a5f5-d700e326368f;DB_CLOSE_DELAY=-1;DB_CLOSE_ON_EXIT=false]
2024-12-18T10:31:14.965+09:00 DEBUG 14335 --- [coupon-api] [           main] org.hibernate.SQL                        : drop table if exists category_policy cascade 
Hibernate: drop table if exists category_policy cascade 
2024-12-18T10:31:14.966+09:00 DEBUG 14335 --- [coupon-api] [           main] org.hibernate.SQL                        : drop table if exists coupon_policy cascade 
Hibernate: drop table if exists coupon_policy cascade 
2024-12-18T10:31:14.966+09:00 DEBUG 14335 --- [coupon-api] [           main] org.hibernate.SQL                        : drop table if exists discount_rule cascade 
Hibernate: drop table if exists discount_rule cascade 
2024-12-18T10:31:14.966+09:00 DEBUG 14335 --- [coupon-api] [           main] org.hibernate.SQL                        : drop table if exists user_coupon cascade 
Hibernate: drop table if exists user_coupon cascade 
2024-12-18T10:31:14.972+09:00 DEBUG 14335 --- [coupon-api] [           main] org.hibernate.SQL                        : create table book_policy (book_coupon bigint generated by default as identity, book_id bigint not null, policy_id bigint not null, primary key (book_coupon))
Hibernate: create table book_policy (book_coupon bigint generated by default as identity, book_id bigint not null, policy_id bigint not null, primary key (book_coupon))
2024-12-18T10:31:14.972+09:00 DEBUG 14335 --- [coupon-api] [           main] o.s.j.datasource.SimpleDriverDataSource  : Creating new JDBC Driver Connection to [jdbc:h2:mem:c3b79b7d-e3f9-425b-a5f5-d700e326368f;DB_CLOSE_DELAY=-1;DB_CLOSE_ON_EXIT=false]
2024-12-18T10:31:14.993+09:00 DEBUG 14335 --- [coupon-api] [           main] org.hibernate.SQL                        : create table category_policy (category_coupon bigint generated by default as identity, category_id bigint not null, policy_id bigint not null, primary key (category_coupon))
Hibernate: create table category_policy (category_coupon bigint generated by default as identity, category_id bigint not null, policy_id bigint not null, primary key (category_coupon))
2024-12-18T10:31:14.997+09:00 DEBUG 14335 --- [coupon-api] [           main] org.hibernate.SQL                        : create table coupon_policy (sale_type tinyint not null check (sale_type between 0 and 1), discount_id bigint not null, policy_id bigint generated by default as identity, policy_name varchar(255) not null, primary key (policy_id))
Hibernate: create table coupon_policy (sale_type tinyint not null check (sale_type between 0 and 1), discount_id bigint not null, policy_id bigint generated by default as identity, policy_name varchar(255) not null, primary key (policy_id))
2024-12-18T10:31:15.003+09:00 DEBUG 14335 --- [coupon-api] [           main] org.hibernate.SQL                        : create table discount_rule (max_sale integer, need_cost integer, sale_amount integer, sale_percent integer, discount_id bigint generated by default as identity, primary key (discount_id))
Hibernate: create table discount_rule (max_sale integer, need_cost integer, sale_amount integer, sale_percent integer, discount_id bigint generated by default as identity, primary key (discount_id))
2024-12-18T10:31:15.005+09:00 DEBUG 14335 --- [coupon-api] [           main] org.hibernate.SQL                        : create table user_coupon (change_period date, end_date date, start_date date not null, coupon_id bigint generated by default as identity, policy_id bigint not null, user_id bigint not null, coupon_state ENUM('LIVE', 'USED', 'TIMEOUT') DEFAULT 'LIVE', primary key (coupon_id))
Hibernate: create table user_coupon (change_period date, end_date date, start_date date not null, coupon_id bigint generated by default as identity, policy_id bigint not null, user_id bigint not null, coupon_state ENUM('LIVE', 'USED', 'TIMEOUT') DEFAULT 'LIVE', primary key (coupon_id))
2024-12-18T10:31:15.010+09:00 DEBUG 14335 --- [coupon-api] [           main] org.hibernate.SQL                        : alter table if exists book_policy add constraint FKk3vq2qtftgngkusggcumqpn0r foreign key (policy_id) references coupon_policy
Hibernate: alter table if exists book_policy add constraint FKk3vq2qtftgngkusggcumqpn0r foreign key (policy_id) references coupon_policy
2024-12-18T10:31:15.023+09:00 DEBUG 14335 --- [coupon-api] [           main] org.hibernate.SQL                        : alter table if exists category_policy add constraint FKkygve14cjq0cwdddrfmsix2r foreign key (policy_id) references coupon_policy
Hibernate: alter table if exists category_policy add constraint FKkygve14cjq0cwdddrfmsix2r foreign key (policy_id) references coupon_policy
2024-12-18T10:31:15.028+09:00 DEBUG 14335 --- [coupon-api] [           main] org.hibernate.SQL                        : alter table if exists coupon_policy add constraint FKr0ka0sjj7rugqusu99b6pfr6s foreign key (discount_id) references discount_rule
Hibernate: alter table if exists coupon_policy add constraint FKr0ka0sjj7rugqusu99b6pfr6s foreign key (discount_id) references discount_rule
2024-12-18T10:31:15.030+09:00 DEBUG 14335 --- [coupon-api] [           main] org.hibernate.SQL                        : alter table if exists user_coupon add constraint FKsamxnfsj7b3wwxyw5gt69sfe1 foreign key (policy_id) references coupon_policy
Hibernate: alter table if exists user_coupon add constraint FKsamxnfsj7b3wwxyw5gt69sfe1 foreign key (policy_id) references coupon_policy
2024-12-18T10:31:15.036+09:00 DEBUG 14335 --- [coupon-api] [           main] o.h.internal.SessionFactoryRegistry      : Initializing SessionFactoryRegistry : org.hibernate.internal.SessionFactoryRegistry@25e203e6
2024-12-18T10:31:15.036+09:00 DEBUG 14335 --- [coupon-api] [           main] o.h.internal.SessionFactoryRegistry      : Registering SessionFactory: 3042429c-00ef-44e3-aa50-7367f271cedb (<unnamed>)
2024-12-18T10:31:15.036+09:00 DEBUG 14335 --- [coupon-api] [           main] o.h.internal.SessionFactoryRegistry      : Not binding SessionFactory to JNDI, no JNDI name configured
2024-12-18T10:31:15.037+09:00 DEBUG 14335 --- [coupon-api] [           main] o.hibernate.internal.SessionFactoryImpl  : Instantiated SessionFactory
2024-12-18T10:31:15.037+09:00  INFO 14335 --- [coupon-api] [           main] j.LocalContainerEntityManagerFactoryBean : Initialized JPA EntityManagerFactory for persistence unit 'default'
2024-12-18T10:31:15.081+09:00 DEBUG 14335 --- [coupon-api] [           main] o.s.b.f.s.DefaultListableBeanFactory     : Creating shared instance of singleton bean 'couponApplication'
2024-12-18T10:31:15.107+09:00 DEBUG 14335 --- [coupon-api] [           main] o.s.b.f.s.DefaultListableBeanFactory     : Creating shared instance of singleton bean 'default.store.aurora.CouponApplication.FeignClientSpecification'
2024-12-18T10:31:15.136+09:00 DEBUG 14335 --- [coupon-api] [           main] o.s.b.f.s.DefaultListableBeanFactory     : Creating shared instance of singleton bean 'org.springframework.boot.test.autoconfigure.jdbc.TestDatabaseAutoConfiguration'
2024-12-18T10:31:15.147+09:00 DEBUG 14335 --- [coupon-api] [           main] o.s.b.f.s.DefaultListableBeanFactory     : Creating shared instance of singleton bean 'org.springframework.boot.autoconfigure.jdbc.DataSourceConfiguration$Hikari'
2024-12-18T10:31:15.148+09:00 DEBUG 14335 --- [coupon-api] [           main] o.s.b.f.s.DefaultListableBeanFactory     : Creating shared instance of singleton bean 'org.springframework.boot.autoconfigure.jdbc.DataSourceAutoConfiguration$PooledDataSourceConfiguration'
2024-12-18T10:31:15.152+09:00 DEBUG 14335 --- [coupon-api] [           main] o.s.b.f.s.DefaultListableBeanFactory     : Creating shared instance of singleton bean 'jdbcConnectionDetails'
2024-12-18T10:31:15.162+09:00 DEBUG 14335 --- [coupon-api] [           main] o.s.b.f.s.DefaultListableBeanFactory     : Creating shared instance of singleton bean 'spring.datasource-org.springframework.boot.autoconfigure.jdbc.DataSourceProperties'
2024-12-18T10:31:15.216+09:00 DEBUG 14335 --- [coupon-api] [           main] o.s.b.f.s.DefaultListableBeanFactory     : Autowiring by type from bean name 'jdbcConnectionDetails' via factory method to bean named 'spring.datasource-org.springframework.boot.autoconfigure.jdbc.DataSourceProperties'
2024-12-18T10:31:15.222+09:00 DEBUG 14335 --- [coupon-api] [           main] o.s.b.f.s.DefaultListableBeanFactory     : Creating shared instance of singleton bean 'org.springframework.boot.autoconfigure.jdbc.metadata.DataSourcePoolMetadataProvidersConfiguration'
2024-12-18T10:31:15.223+09:00 DEBUG 14335 --- [coupon-api] [           main] o.s.b.f.s.DefaultListableBeanFactory     : Creating shared instance of singleton bean 'org.springframework.boot.autoconfigure.jdbc.DataSourceAutoConfiguration'
2024-12-18T10:31:15.224+09:00 DEBUG 14335 --- [coupon-api] [           main] o.s.b.f.s.DefaultListableBeanFactory     : Creating shared instance of singleton bean 'org.springframework.boot.context.properties.EnableConfigurationPropertiesRegistrar.methodValidationExcludeFilter'
2024-12-18T10:31:15.240+09:00 DEBUG 14335 --- [coupon-api] [           main] o.s.b.f.s.DefaultListableBeanFactory     : Creating shared instance of singleton bean 'org.springframework.boot.autoconfigure.orm.jpa.JpaBaseConfiguration$PersistenceManagedTypesConfiguration'
2024-12-18T10:31:15.248+09:00 DEBUG 14335 --- [coupon-api] [           main] o.s.b.f.s.DefaultListableBeanFactory     : Creating shared instance of singleton bean 'transactionManager'
2024-12-18T10:31:15.269+09:00 DEBUG 14335 --- [coupon-api] [           main] o.s.b.f.s.DefaultListableBeanFactory     : Creating shared instance of singleton bean 'org.springframework.boot.autoconfigure.orm.jpa.HibernateJpaAutoConfiguration'
2024-12-18T10:31:15.271+09:00 DEBUG 14335 --- [coupon-api] [           main] o.s.b.f.s.DefaultListableBeanFactory     : Creating shared instance of singleton bean 'org.springframework.boot.autoconfigure.data.jpa.JpaRepositoriesAutoConfiguration'
2024-12-18T10:31:15.279+09:00 DEBUG 14335 --- [coupon-api] [           main] o.s.b.f.s.DefaultListableBeanFactory     : Creating shared instance of singleton bean 'jpaSharedEM_entityManagerFactory'
2024-12-18T10:31:15.332+09:00 DEBUG 14335 --- [coupon-api] [           main] o.s.b.f.s.DefaultListableBeanFactory     : Creating shared instance of singleton bean 'org.springframework.data.jpa.util.JpaMetamodelCacheCleanup'
2024-12-18T10:31:15.333+09:00 DEBUG 14335 --- [coupon-api] [           main] o.s.b.f.s.DefaultListableBeanFactory     : Creating shared instance of singleton bean 'org.springframework.data.jpa.repository.support.JpaEvaluationContextExtension'
2024-12-18T10:31:15.342+09:00 DEBUG 14335 --- [coupon-api] [           main] o.s.b.f.s.DefaultListableBeanFactory     : Creating shared instance of singleton bean 'jpa.named-queries#0'
2024-12-18T10:31:15.361+09:00 DEBUG 14335 --- [coupon-api] [           main] o.s.b.f.s.DefaultListableBeanFactory     : Creating shared instance of singleton bean 'jpa.CouponRepository.fragments#0'
2024-12-18T10:31:15.370+09:00 DEBUG 14335 --- [coupon-api] [           main] o.s.b.f.s.DefaultListableBeanFactory     : Creating shared instance of singleton bean 'couponRepository'
2024-12-18T10:31:15.438+09:00 DEBUG 14335 --- [coupon-api] [           main] o.s.b.f.s.DefaultListableBeanFactory     : Creating shared instance of singleton bean 'jpaMappingContext'
2024-12-18T10:31:15.439+09:00 DEBUG 14335 --- [coupon-api] [           main] .c.JpaMetamodelMappingContextFactoryBean : Initializing JpaMetamodelMappingContext…
2024-12-18T10:31:15.463+09:00 DEBUG 14335 --- [coupon-api] [           main] .c.JpaMetamodelMappingContextFactoryBean : Finished initializing JpaMetamodelMappingContext
2024-12-18T10:31:15.529+09:00 DEBUG 14335 --- [coupon-api] [           main] tor$SharedEntityManagerInvocationHandler : Creating new EntityManager for shared EntityManager invocation
2024-12-18T10:31:15.564+09:00 DEBUG 14335 --- [coupon-api] [           main] o.h.stat.internal.StatisticsInitiator    : Statistics initialized [enabled=false]
2024-12-18T10:31:15.574+09:00 DEBUG 14335 --- [coupon-api] [           main] tor$SharedEntityManagerInvocationHandler : Creating new EntityManager for shared EntityManager invocation
2024-12-18T10:31:15.689+09:00 DEBUG 14335 --- [coupon-api] [           main] o.s.d.r.c.s.RepositoryFactorySupport     : Initializing repository instance for store.aurora.repository.CouponRepository…
2024-12-18T10:31:15.711+09:00 DEBUG 14335 --- [coupon-api] [           main] tor$SharedEntityManagerInvocationHandler : Creating new EntityManager for shared EntityManager invocation
2024-12-18T10:31:15.876+09:00  INFO 14335 --- [coupon-api] [           main] o.s.d.j.r.query.QueryEnhancerFactory     : Hibernate is in classpath; If applicable, HQL parser will be used.
2024-12-18T10:31:16.250+09:00 DEBUG 14335 --- [coupon-api] [           main] cResourceLocalTransactionCoordinatorImpl : JDBC transaction marked for rollback-only (exception provided for stack trace)

java.lang.Exception: exception just for purpose of providing stack trace
	at org.hibernate.resource.transaction.backend.jdbc.internal.JdbcResourceLocalTransactionCoordinatorImpl$TransactionDriverControlImpl.markRollbackOnly(JdbcResourceLocalTransactionCoordinatorImpl.java:309) ~[hibernate-core-6.5.2.Final.jar:6.5.2.Final]
	at org.hibernate.internal.AbstractSharedSessionContract.buildNamedQuery(AbstractSharedSessionContract.java:1109) ~[hibernate-core-6.5.2.Final.jar:6.5.2.Final]
	at org.hibernate.internal.AbstractSharedSessionContract.createNamedQuery(AbstractSharedSessionContract.java:987) ~[hibernate-core-6.5.2.Final.jar:6.5.2.Final]
	at org.hibernate.internal.AbstractSharedSessionContract.createNamedQuery(AbstractSharedSessionContract.java:140) ~[hibernate-core-6.5.2.Final.jar:6.5.2.Final]
	at java.base/jdk.internal.reflect.DirectMethodHandleAccessor.invoke(DirectMethodHandleAccessor.java:103) ~[na:na]
	at java.base/java.lang.reflect.Method.invoke(Method.java:580) ~[na:na]
	at org.springframework.orm.jpa.ExtendedEntityManagerCreator$ExtendedEntityManagerInvocationHandler.invoke(ExtendedEntityManagerCreator.java:364) ~[spring-orm-6.1.8.jar:6.1.8]
	at jdk.proxy2/jdk.proxy2.$Proxy120.createNamedQuery(Unknown Source) ~[na:na]
	at org.springframework.data.jpa.repository.query.NamedQuery.hasNamedQuery(NamedQuery.java:112) ~[spring-data-jpa-3.3.0.jar:3.3.0]
	at org.springframework.data.jpa.repository.query.JpaQueryLookupStrategy$DeclaredQueryLookupStrategy.getCountQuery(JpaQueryLookupStrategy.java:204) ~[spring-data-jpa-3.3.0.jar:3.3.0]
	at org.springframework.data.jpa.repository.query.JpaQueryLookupStrategy$DeclaredQueryLookupStrategy.resolveQuery(JpaQueryLookupStrategy.java:171) ~[spring-data-jpa-3.3.0.jar:3.3.0]
	at org.springframework.data.jpa.repository.query.JpaQueryLookupStrategy$CreateIfNotFoundQueryLookupStrategy.resolveQuery(JpaQueryLookupStrategy.java:252) ~[spring-data-jpa-3.3.0.jar:3.3.0]
	at org.springframework.data.jpa.repository.query.JpaQueryLookupStrategy$AbstractQueryLookupStrategy.resolveQuery(JpaQueryLookupStrategy.java:95) ~[spring-data-jpa-3.3.0.jar:3.3.0]
	at org.springframework.data.repository.core.support.QueryExecutorMethodInterceptor.lookupQuery(QueryExecutorMethodInterceptor.java:111) ~[spring-data-commons-3.3.0.jar:3.3.0]
	at org.springframework.data.repository.core.support.QueryExecutorMethodInterceptor.mapMethodsToQuery(QueryExecutorMethodInterceptor.java:99) ~[spring-data-commons-3.3.0.jar:3.3.0]
	at org.springframework.data.repository.core.support.QueryExecutorMethodInterceptor.lambda$new$0(QueryExecutorMethodInterceptor.java:88) ~[spring-data-commons-3.3.0.jar:3.3.0]
	at java.base/java.util.Optional.map(Optional.java:260) ~[na:na]
	at org.springframework.data.repository.core.support.QueryExecutorMethodInterceptor.<init>(QueryExecutorMethodInterceptor.java:88) ~[spring-data-commons-3.3.0.jar:3.3.0]
	at org.springframework.data.repository.core.support.RepositoryFactorySupport.getRepository(RepositoryFactorySupport.java:357) ~[spring-data-commons-3.3.0.jar:3.3.0]
	at org.springframework.data.repository.core.support.RepositoryFactoryBeanSupport.lambda$afterPropertiesSet$5(RepositoryFactoryBeanSupport.java:286) ~[spring-data-commons-3.3.0.jar:3.3.0]
	at org.springframework.data.util.Lazy.getNullable(Lazy.java:135) ~[spring-data-commons-3.3.0.jar:3.3.0]
	at org.springframework.data.util.Lazy.get(Lazy.java:113) ~[spring-data-commons-3.3.0.jar:3.3.0]
	at org.springframework.data.repository.core.support.RepositoryFactoryBeanSupport.afterPropertiesSet(RepositoryFactoryBeanSupport.java:292) ~[spring-data-commons-3.3.0.jar:3.3.0]
	at org.springframework.data.jpa.repository.support.JpaRepositoryFactoryBean.afterPropertiesSet(JpaRepositoryFactoryBean.java:132) ~[spring-data-jpa-3.3.0.jar:3.3.0]
	at org.springframework.beans.factory.support.AbstractAutowireCapableBeanFactory.invokeInitMethods(AbstractAutowireCapableBeanFactory.java:1835) ~[spring-beans-6.1.8.jar:6.1.8]
	at org.springframework.beans.factory.support.AbstractAutowireCapableBeanFactory.initializeBean(AbstractAutowireCapableBeanFactory.java:1784) ~[spring-beans-6.1.8.jar:6.1.8]
	at org.springframework.beans.factory.support.AbstractAutowireCapableBeanFactory.doCreateBean(AbstractAutowireCapableBeanFactory.java:600) ~[spring-beans-6.1.8.jar:6.1.8]
	at org.springframework.beans.factory.support.AbstractAutowireCapableBeanFactory.createBean(AbstractAutowireCapableBeanFactory.java:522) ~[spring-beans-6.1.8.jar:6.1.8]
	at org.springframework.beans.factory.support.AbstractBeanFactory.lambda$doGetBean$0(AbstractBeanFactory.java:337) ~[spring-beans-6.1.8.jar:6.1.8]
	at org.springframework.beans.factory.support.DefaultSingletonBeanRegistry.getSingleton(DefaultSingletonBeanRegistry.java:234) ~[spring-beans-6.1.8.jar:6.1.8]
	at org.springframework.beans.factory.support.AbstractBeanFactory.doGetBean(AbstractBeanFactory.java:335) ~[spring-beans-6.1.8.jar:6.1.8]
	at org.springframework.beans.factory.support.AbstractBeanFactory.getBean(AbstractBeanFactory.java:200) ~[spring-beans-6.1.8.jar:6.1.8]
	at org.springframework.beans.factory.support.DefaultListableBeanFactory.preInstantiateSingletons(DefaultListableBeanFactory.java:969) ~[spring-beans-6.1.8.jar:6.1.8]
	at org.springframework.context.support.AbstractApplicationContext.finishBeanFactoryInitialization(AbstractApplicationContext.java:962) ~[spring-context-6.1.8.jar:6.1.8]
	at org.springframework.context.support.AbstractApplicationContext.refresh(AbstractApplicationContext.java:624) ~[spring-context-6.1.8.jar:6.1.8]
	at org.springframework.boot.SpringApplication.refresh(SpringApplication.java:754) ~[spring-boot-3.3.0.jar:3.3.0]
	at org.springframework.boot.SpringApplication.refreshContext(SpringApplication.java:456) ~[spring-boot-3.3.0.jar:3.3.0]
	at org.springframework.boot.SpringApplication.run(SpringApplication.java:335) ~[spring-boot-3.3.0.jar:3.3.0]
	at org.springframework.boot.test.context.SpringBootContextLoader.lambda$loadContext$3(SpringBootContextLoader.java:137) ~[spring-boot-test-3.3.0.jar:3.3.0]
	at org.springframework.util.function.ThrowingSupplier.get(ThrowingSupplier.java:58) ~[spring-core-6.1.8.jar:6.1.8]
	at org.springframework.util.function.ThrowingSupplier.get(ThrowingSupplier.java:46) ~[spring-core-6.1.8.jar:6.1.8]
	at org.springframework.boot.SpringApplication.withHook(SpringApplication.java:1463) ~[spring-boot-3.3.0.jar:3.3.0]
	at org.springframework.boot.test.context.SpringBootContextLoader$ContextLoaderHook.run(SpringBootContextLoader.java:553) ~[spring-boot-test-3.3.0.jar:3.3.0]
	at org.springframework.boot.test.context.SpringBootContextLoader.loadContext(SpringBootContextLoader.java:137) ~[spring-boot-test-3.3.0.jar:3.3.0]
	at org.springframework.boot.test.context.SpringBootContextLoader.loadContext(SpringBootContextLoader.java:108) ~[spring-boot-test-3.3.0.jar:3.3.0]
	at org.springframework.test.context.cache.DefaultCacheAwareContextLoaderDelegate.loadContextInternal(DefaultCacheAwareContextLoaderDelegate.java:225) ~[spring-test-6.1.8.jar:6.1.8]
	at org.springframework.test.context.cache.DefaultCacheAwareContextLoaderDelegate.loadContext(DefaultCacheAwareContextLoaderDelegate.java:152) ~[spring-test-6.1.8.jar:6.1.8]
	at org.springframework.test.context.support.DefaultTestContext.getApplicationContext(DefaultTestContext.java:130) ~[spring-test-6.1.8.jar:6.1.8]
	at org.springframework.test.context.support.DependencyInjectionTestExecutionListener.injectDependencies(DependencyInjectionTestExecutionListener.java:142) ~[spring-test-6.1.8.jar:6.1.8]
	at org.springframework.test.context.support.DependencyInjectionTestExecutionListener.prepareTestInstance(DependencyInjectionTestExecutionListener.java:98) ~[spring-test-6.1.8.jar:6.1.8]
	at org.springframework.test.context.TestContextManager.prepareTestInstance(TestContextManager.java:260) ~[spring-test-6.1.8.jar:6.1.8]
	at org.springframework.test.context.junit.jupiter.SpringExtension.postProcessTestInstance(SpringExtension.java:163) ~[spring-test-6.1.8.jar:6.1.8]
	at org.junit.jupiter.engine.descriptor.ClassBasedTestDescriptor.lambda$invokeTestInstancePostProcessors$10(ClassBasedTestDescriptor.java:378) ~[junit-jupiter-engine-5.10.2.jar:5.10.2]
	at org.junit.jupiter.engine.descriptor.ClassBasedTestDescriptor.executeAndMaskThrowable(ClassBasedTestDescriptor.java:383) ~[junit-jupiter-engine-5.10.2.jar:5.10.2]
	at org.junit.jupiter.engine.descriptor.ClassBasedTestDescriptor.lambda$invokeTestInstancePostProcessors$11(ClassBasedTestDescriptor.java:378) ~[junit-jupiter-engine-5.10.2.jar:5.10.2]
	at java.base/java.util.stream.ReferencePipeline$3$1.accept(ReferencePipeline.java:197) ~[na:na]
	at java.base/java.util.stream.ReferencePipeline$2$1.accept(ReferencePipeline.java:179) ~[na:na]
	at java.base/java.util.ArrayList$ArrayListSpliterator.forEachRemaining(ArrayList.java:1708) ~[na:na]
	at java.base/java.util.stream.AbstractPipeline.copyInto(AbstractPipeline.java:509) ~[na:na]
	at java.base/java.util.stream.AbstractPipeline.wrapAndCopyInto(AbstractPipeline.java:499) ~[na:na]
	at java.base/java.util.stream.StreamSpliterators$WrappingSpliterator.forEachRemaining(StreamSpliterators.java:310) ~[na:na]
	at java.base/java.util.stream.Streams$ConcatSpliterator.forEachRemaining(Streams.java:735) ~[na:na]
	at java.base/java.util.stream.Streams$ConcatSpliterator.forEachRemaining(Streams.java:734) ~[na:na]
	at java.base/java.util.stream.ReferencePipeline$Head.forEach(ReferencePipeline.java:762) ~[na:na]
	at org.junit.jupiter.engine.descriptor.ClassBasedTestDescriptor.invokeTestInstancePostProcessors(ClassBasedTestDescriptor.java:377) ~[junit-jupiter-engine-5.10.2.jar:5.10.2]
	at org.junit.jupiter.engine.descriptor.ClassBasedTestDescriptor.lambda$instantiateAndPostProcessTestInstance$6(ClassBasedTestDescriptor.java:290) ~[junit-jupiter-engine-5.10.2.jar:5.10.2]
	at org.junit.platform.engine.support.hierarchical.ThrowableCollector.execute(ThrowableCollector.java:73) ~[junit-platform-engine-1.10.2.jar:1.10.2]
	at org.junit.jupiter.engine.descriptor.ClassBasedTestDescriptor.instantiateAndPostProcessTestInstance(ClassBasedTestDescriptor.java:289) ~[junit-jupiter-engine-5.10.2.jar:5.10.2]
	at org.junit.jupiter.engine.descriptor.ClassBasedTestDescriptor.lambda$testInstancesProvider$4(ClassBasedTestDescriptor.java:279) ~[junit-jupiter-engine-5.10.2.jar:5.10.2]
	at java.base/java.util.Optional.orElseGet(Optional.java:364) ~[na:na]
	at org.junit.jupiter.engine.descriptor.ClassBasedTestDescriptor.lambda$testInstancesProvider$5(ClassBasedTestDescriptor.java:278) ~[junit-jupiter-engine-5.10.2.jar:5.10.2]
	at org.junit.jupiter.engine.execution.TestInstancesProvider.getTestInstances(TestInstancesProvider.java:31) ~[junit-jupiter-engine-5.10.2.jar:5.10.2]
	at org.junit.jupiter.engine.descriptor.TestMethodTestDescriptor.lambda$prepare$0(TestMethodTestDescriptor.java:106) ~[junit-jupiter-engine-5.10.2.jar:5.10.2]
	at org.junit.platform.engine.support.hierarchical.ThrowableCollector.execute(ThrowableCollector.java:73) ~[junit-platform-engine-1.10.2.jar:1.10.2]
	at org.junit.jupiter.engine.descriptor.TestMethodTestDescriptor.prepare(TestMethodTestDescriptor.java:105) ~[junit-jupiter-engine-5.10.2.jar:5.10.2]
	at org.junit.jupiter.engine.descriptor.TestMethodTestDescriptor.prepare(TestMethodTestDescriptor.java:69) ~[junit-jupiter-engine-5.10.2.jar:5.10.2]
	at org.junit.platform.engine.support.hierarchical.NodeTestTask.lambda$prepare$2(NodeTestTask.java:123) ~[junit-platform-engine-1.10.2.jar:1.10.2]
	at org.junit.platform.engine.support.hierarchical.ThrowableCollector.execute(ThrowableCollector.java:73) ~[junit-platform-engine-1.10.2.jar:1.10.2]
	at org.junit.platform.engine.support.hierarchical.NodeTestTask.prepare(NodeTestTask.java:123) ~[junit-platform-engine-1.10.2.jar:1.10.2]
	at org.junit.platform.engine.support.hierarchical.NodeTestTask.execute(NodeTestTask.java:90) ~[junit-platform-engine-1.10.2.jar:1.10.2]
	at java.base/java.util.ArrayList.forEach(ArrayList.java:1596) ~[na:na]
	at org.junit.platform.engine.support.hierarchical.SameThreadHierarchicalTestExecutorService.invokeAll(SameThreadHierarchicalTestExecutorService.java:41) ~[junit-platform-engine-1.10.2.jar:1.10.2]
	at org.junit.platform.engine.support.hierarchical.NodeTestTask.lambda$executeRecursively$6(NodeTestTask.java:155) ~[junit-platform-engine-1.10.2.jar:1.10.2]
	at org.junit.platform.engine.support.hierarchical.ThrowableCollector.execute(ThrowableCollector.java:73) ~[junit-platform-engine-1.10.2.jar:1.10.2]
	at org.junit.platform.engine.support.hierarchical.NodeTestTask.lambda$executeRecursively$8(NodeTestTask.java:141) ~[junit-platform-engine-1.10.2.jar:1.10.2]
	at org.junit.platform.engine.support.hierarchical.Node.around(Node.java:137) ~[junit-platform-engine-1.10.2.jar:1.10.2]
	at org.junit.platform.engine.support.hierarchical.NodeTestTask.lambda$executeRecursively$9(NodeTestTask.java:139) ~[junit-platform-engine-1.10.2.jar:1.10.2]
	at org.junit.platform.engine.support.hierarchical.ThrowableCollector.execute(ThrowableCollector.java:73) ~[junit-platform-engine-1.10.2.jar:1.10.2]
	at org.junit.platform.engine.support.hierarchical.NodeTestTask.executeRecursively(NodeTestTask.java:138) ~[junit-platform-engine-1.10.2.jar:1.10.2]
	at org.junit.platform.engine.support.hierarchical.NodeTestTask.execute(NodeTestTask.java:95) ~[junit-platform-engine-1.10.2.jar:1.10.2]
	at java.base/java.util.ArrayList.forEach(ArrayList.java:1596) ~[na:na]
	at org.junit.platform.engine.support.hierarchical.SameThreadHierarchicalTestExecutorService.invokeAll(SameThreadHierarchicalTestExecutorService.java:41) ~[junit-platform-engine-1.10.2.jar:1.10.2]
	at org.junit.platform.engine.support.hierarchical.NodeTestTask.lambda$executeRecursively$6(NodeTestTask.java:155) ~[junit-platform-engine-1.10.2.jar:1.10.2]
	at org.junit.platform.engine.support.hierarchical.ThrowableCollector.execute(ThrowableCollector.java:73) ~[junit-platform-engine-1.10.2.jar:1.10.2]
	at org.junit.platform.engine.support.hierarchical.NodeTestTask.lambda$executeRecursively$8(NodeTestTask.java:141) ~[junit-platform-engine-1.10.2.jar:1.10.2]
	at org.junit.platform.engine.support.hierarchical.Node.around(Node.java:137) ~[junit-platform-engine-1.10.2.jar:1.10.2]
	at org.junit.platform.engine.support.hierarchical.NodeTestTask.lambda$executeRecursively$9(NodeTestTask.java:139) ~[junit-platform-engine-1.10.2.jar:1.10.2]
	at org.junit.platform.engine.support.hierarchical.ThrowableCollector.execute(ThrowableCollector.java:73) ~[junit-platform-engine-1.10.2.jar:1.10.2]
	at org.junit.platform.engine.support.hierarchical.NodeTestTask.executeRecursively(NodeTestTask.java:138) ~[junit-platform-engine-1.10.2.jar:1.10.2]
	at org.junit.platform.engine.support.hierarchical.NodeTestTask.execute(NodeTestTask.java:95) ~[junit-platform-engine-1.10.2.jar:1.10.2]
	at org.junit.platform.engine.support.hierarchical.SameThreadHierarchicalTestExecutorService.submit(SameThreadHierarchicalTestExecutorService.java:35) ~[junit-platform-engine-1.10.2.jar:1.10.2]
	at org.junit.platform.engine.support.hierarchical.HierarchicalTestExecutor.execute(HierarchicalTestExecutor.java:57) ~[junit-platform-engine-1.10.2.jar:1.10.2]
	at org.junit.platform.engine.support.hierarchical.HierarchicalTestEngine.execute(HierarchicalTestEngine.java:54) ~[junit-platform-engine-1.10.2.jar:1.10.2]
	at org.junit.platform.launcher.core.EngineExecutionOrchestrator.execute(EngineExecutionOrchestrator.java:198) ~[junit-platform-launcher-1.10.2.jar:1.10.2]
	at org.junit.platform.launcher.core.EngineExecutionOrchestrator.execute(EngineExecutionOrchestrator.java:169) ~[junit-platform-launcher-1.10.2.jar:1.10.2]
	at org.junit.platform.launcher.core.EngineExecutionOrchestrator.execute(EngineExecutionOrchestrator.java:93) ~[junit-platform-launcher-1.10.2.jar:1.10.2]
	at org.junit.platform.launcher.core.EngineExecutionOrchestrator.lambda$execute$0(EngineExecutionOrchestrator.java:58) ~[junit-platform-launcher-1.10.2.jar:1.10.2]
	at org.junit.platform.launcher.core.EngineExecutionOrchestrator.withInterceptedStreams(EngineExecutionOrchestrator.java:141) ~[junit-platform-launcher-1.10.2.jar:1.10.2]
	at org.junit.platform.launcher.core.EngineExecutionOrchestrator.execute(EngineExecutionOrchestrator.java:57) ~[junit-platform-launcher-1.10.2.jar:1.10.2]
	at org.junit.platform.launcher.core.DefaultLauncher.execute(DefaultLauncher.java:103) ~[junit-platform-launcher-1.10.2.jar:1.10.2]
	at org.junit.platform.launcher.core.DefaultLauncher.execute(DefaultLauncher.java:85) ~[junit-platform-launcher-1.10.2.jar:1.10.2]
	at org.junit.platform.launcher.core.DelegatingLauncher.execute(DelegatingLauncher.java:47) ~[junit-platform-launcher-1.10.2.jar:1.10.2]
	at org.apache.maven.surefire.junitplatform.LazyLauncher.execute(LazyLauncher.java:56) ~[surefire-junit-platform-3.2.5.jar:3.2.5]
	at org.apache.maven.surefire.junitplatform.JUnitPlatformProvider.execute(JUnitPlatformProvider.java:184) ~[surefire-junit-platform-3.2.5.jar:3.2.5]
	at org.apache.maven.surefire.junitplatform.JUnitPlatformProvider.invokeAllTests(JUnitPlatformProvider.java:148) ~[surefire-junit-platform-3.2.5.jar:3.2.5]
	at org.apache.maven.surefire.junitplatform.JUnitPlatformProvider.invoke(JUnitPlatformProvider.java:122) ~[surefire-junit-platform-3.2.5.jar:3.2.5]
	at org.apache.maven.surefire.booter.ForkedBooter.runSuitesInProcess(ForkedBooter.java:385) ~[surefire-booter-3.2.5.jar:3.2.5]
	at org.apache.maven.surefire.booter.ForkedBooter.execute(ForkedBooter.java:162) ~[surefire-booter-3.2.5.jar:3.2.5]
	at org.apache.maven.surefire.booter.ForkedBooter.run(ForkedBooter.java:507) ~[surefire-booter-3.2.5.jar:3.2.5]
	at org.apache.maven.surefire.booter.ForkedBooter.main(ForkedBooter.java:495) ~[surefire-booter-3.2.5.jar:3.2.5]

2024-12-18T10:31:16.260+09:00 DEBUG 14335 --- [coupon-api] [           main] o.s.d.jpa.repository.query.NamedQuery    : Did not find named query UserCoupon.updateCouponAttributesByUserIds.count
2024-12-18T10:31:16.261+09:00 DEBUG 14335 --- [coupon-api] [           main] tor$SharedEntityManagerInvocationHandler : Creating new EntityManager for shared EntityManager invocation
2024-12-18T10:31:16.277+09:00 DEBUG 14335 --- [coupon-api] [           main] org.hibernate.orm.query.hql              : HQL : UPDATE UserCoupon uc SET uc.couponState = :couponState, uc.policy = (SELECT p FROM CouponPolicy p WHERE p.id = :policyId), uc.startDate = :startDate, uc.endDate = :endDate WHERE uc.userId IN :userIds
2024-12-18T10:31:16.562+09:00 DEBUG 14335 --- [coupon-api] [           main] o.h.o.q.hql.reservedWordAsIdentifier     : Encountered use of reserved word as identifier : =
2024-12-18T10:31:16.621+09:00 DEBUG 14335 --- [coupon-api] [           main] org.hibernate.orm.query.sqm.creation     : Applying inferable type to SqmExpression [SqmNamedParameter(couponState)] : null -> BasicSqmPathSource(couponState : CouponState)
2024-12-18T10:31:16.639+09:00 DEBUG 14335 --- [coupon-api] [           main] org.hibernate.orm.query.sqm.creation     : Applying inferable type to SqmExpression [SqmNamedParameter(policyId)] : null -> SqmBasicValuedSimplePath(store.aurora.entity.CouponPolicy(p).id)
2024-12-18T10:31:16.639+09:00 DEBUG 14335 --- [coupon-api] [           main] org.hibernate.orm.query.sqm.creation     : Applying inferable type to SqmExpression [SqmNamedParameter(startDate)] : null -> BasicSqmPathSource(startDate : LocalDate)
2024-12-18T10:31:16.639+09:00 DEBUG 14335 --- [coupon-api] [           main] org.hibernate.orm.query.sqm.creation     : Applying inferable type to SqmExpression [SqmNamedParameter(endDate)] : null -> BasicSqmPathSource(endDate : LocalDate)
2024-12-18T10:31:16.640+09:00 DEBUG 14335 --- [coupon-api] [           main] org.hibernate.orm.query.sqm.creation     : Applying inferable type to SqmExpression [SqmNamedParameter(userIds)] : null -> SqmBasicValuedSimplePath(store.aurora.entity.UserCoupon(uc).userId)
2024-12-18T10:31:16.646+09:00 DEBUG 14335 --- [coupon-api] [           main] org.hibernate.orm.query.sqm.ast          : SqmStatement Tree :
    -> [update]
      [target = store.aurora.entity.UserCoupon(uc)]
      -> [set]
        -> [assignment]
          =
            [store.aurora.entity.UserCoupon(uc).couponState]
            :couponState
        <- [assignment]
        -> [assignment]
          =
            [store.aurora.entity.UserCoupon(uc).policy]
        <- [assignment]
        -> [assignment]
          =
            [store.aurora.entity.UserCoupon(uc).startDate]
            :startDate
        <- [assignment]
        -> [assignment]
          =
            [store.aurora.entity.UserCoupon(uc).endDate]
            :endDate
        <- [assignment]
      <- [set]
      -> [where]
      <- [where]
    <- [update]

2024-12-18T10:31:16.680+09:00 DEBUG 14335 --- [coupon-api] [           main] cResourceLocalTransactionCoordinatorImpl : JDBC transaction marked for rollback-only (exception provided for stack trace)

java.lang.Exception: exception just for purpose of providing stack trace
	at org.hibernate.resource.transaction.backend.jdbc.internal.JdbcResourceLocalTransactionCoordinatorImpl$TransactionDriverControlImpl.markRollbackOnly(JdbcResourceLocalTransactionCoordinatorImpl.java:309) ~[hibernate-core-6.5.2.Final.jar:6.5.2.Final]
	at org.hibernate.internal.AbstractSharedSessionContract.buildNamedQuery(AbstractSharedSessionContract.java:1109) ~[hibernate-core-6.5.2.Final.jar:6.5.2.Final]
	at org.hibernate.internal.AbstractSharedSessionContract.createNamedQuery(AbstractSharedSessionContract.java:987) ~[hibernate-core-6.5.2.Final.jar:6.5.2.Final]
	at org.hibernate.internal.AbstractSharedSessionContract.createNamedQuery(AbstractSharedSessionContract.java:140) ~[hibernate-core-6.5.2.Final.jar:6.5.2.Final]
	at java.base/jdk.internal.reflect.DirectMethodHandleAccessor.invoke(DirectMethodHandleAccessor.java:103) ~[na:na]
	at java.base/java.lang.reflect.Method.invoke(Method.java:580) ~[na:na]
	at org.springframework.orm.jpa.ExtendedEntityManagerCreator$ExtendedEntityManagerInvocationHandler.invoke(ExtendedEntityManagerCreator.java:364) ~[spring-orm-6.1.8.jar:6.1.8]
	at jdk.proxy2/jdk.proxy2.$Proxy120.createNamedQuery(Unknown Source) ~[na:na]
	at org.springframework.data.jpa.repository.query.NamedQuery.hasNamedQuery(NamedQuery.java:112) ~[spring-data-jpa-3.3.0.jar:3.3.0]
	at org.springframework.data.jpa.repository.query.JpaQueryLookupStrategy$DeclaredQueryLookupStrategy.getCountQuery(JpaQueryLookupStrategy.java:204) ~[spring-data-jpa-3.3.0.jar:3.3.0]
	at org.springframework.data.jpa.repository.query.JpaQueryLookupStrategy$DeclaredQueryLookupStrategy.resolveQuery(JpaQueryLookupStrategy.java:171) ~[spring-data-jpa-3.3.0.jar:3.3.0]
	at org.springframework.data.jpa.repository.query.JpaQueryLookupStrategy$CreateIfNotFoundQueryLookupStrategy.resolveQuery(JpaQueryLookupStrategy.java:252) ~[spring-data-jpa-3.3.0.jar:3.3.0]
	at org.springframework.data.jpa.repository.query.JpaQueryLookupStrategy$AbstractQueryLookupStrategy.resolveQuery(JpaQueryLookupStrategy.java:95) ~[spring-data-jpa-3.3.0.jar:3.3.0]
	at org.springframework.data.repository.core.support.QueryExecutorMethodInterceptor.lookupQuery(QueryExecutorMethodInterceptor.java:111) ~[spring-data-commons-3.3.0.jar:3.3.0]
	at org.springframework.data.repository.core.support.QueryExecutorMethodInterceptor.mapMethodsToQuery(QueryExecutorMethodInterceptor.java:99) ~[spring-data-commons-3.3.0.jar:3.3.0]
	at org.springframework.data.repository.core.support.QueryExecutorMethodInterceptor.lambda$new$0(QueryExecutorMethodInterceptor.java:88) ~[spring-data-commons-3.3.0.jar:3.3.0]
	at java.base/java.util.Optional.map(Optional.java:260) ~[na:na]
	at org.springframework.data.repository.core.support.QueryExecutorMethodInterceptor.<init>(QueryExecutorMethodInterceptor.java:88) ~[spring-data-commons-3.3.0.jar:3.3.0]
	at org.springframework.data.repository.core.support.RepositoryFactorySupport.getRepository(RepositoryFactorySupport.java:357) ~[spring-data-commons-3.3.0.jar:3.3.0]
	at org.springframework.data.repository.core.support.RepositoryFactoryBeanSupport.lambda$afterPropertiesSet$5(RepositoryFactoryBeanSupport.java:286) ~[spring-data-commons-3.3.0.jar:3.3.0]
	at org.springframework.data.util.Lazy.getNullable(Lazy.java:135) ~[spring-data-commons-3.3.0.jar:3.3.0]
	at org.springframework.data.util.Lazy.get(Lazy.java:113) ~[spring-data-commons-3.3.0.jar:3.3.0]
	at org.springframework.data.repository.core.support.RepositoryFactoryBeanSupport.afterPropertiesSet(RepositoryFactoryBeanSupport.java:292) ~[spring-data-commons-3.3.0.jar:3.3.0]
	at org.springframework.data.jpa.repository.support.JpaRepositoryFactoryBean.afterPropertiesSet(JpaRepositoryFactoryBean.java:132) ~[spring-data-jpa-3.3.0.jar:3.3.0]
	at org.springframework.beans.factory.support.AbstractAutowireCapableBeanFactory.invokeInitMethods(AbstractAutowireCapableBeanFactory.java:1835) ~[spring-beans-6.1.8.jar:6.1.8]
	at org.springframework.beans.factory.support.AbstractAutowireCapableBeanFactory.initializeBean(AbstractAutowireCapableBeanFactory.java:1784) ~[spring-beans-6.1.8.jar:6.1.8]
	at org.springframework.beans.factory.support.AbstractAutowireCapableBeanFactory.doCreateBean(AbstractAutowireCapableBeanFactory.java:600) ~[spring-beans-6.1.8.jar:6.1.8]
	at org.springframework.beans.factory.support.AbstractAutowireCapableBeanFactory.createBean(AbstractAutowireCapableBeanFactory.java:522) ~[spring-beans-6.1.8.jar:6.1.8]
	at org.springframework.beans.factory.support.AbstractBeanFactory.lambda$doGetBean$0(AbstractBeanFactory.java:337) ~[spring-beans-6.1.8.jar:6.1.8]
	at org.springframework.beans.factory.support.DefaultSingletonBeanRegistry.getSingleton(DefaultSingletonBeanRegistry.java:234) ~[spring-beans-6.1.8.jar:6.1.8]
	at org.springframework.beans.factory.support.AbstractBeanFactory.doGetBean(AbstractBeanFactory.java:335) ~[spring-beans-6.1.8.jar:6.1.8]
	at org.springframework.beans.factory.support.AbstractBeanFactory.getBean(AbstractBeanFactory.java:200) ~[spring-beans-6.1.8.jar:6.1.8]
	at org.springframework.beans.factory.support.DefaultListableBeanFactory.preInstantiateSingletons(DefaultListableBeanFactory.java:969) ~[spring-beans-6.1.8.jar:6.1.8]
	at org.springframework.context.support.AbstractApplicationContext.finishBeanFactoryInitialization(AbstractApplicationContext.java:962) ~[spring-context-6.1.8.jar:6.1.8]
	at org.springframework.context.support.AbstractApplicationContext.refresh(AbstractApplicationContext.java:624) ~[spring-context-6.1.8.jar:6.1.8]
	at org.springframework.boot.SpringApplication.refresh(SpringApplication.java:754) ~[spring-boot-3.3.0.jar:3.3.0]
	at org.springframework.boot.SpringApplication.refreshContext(SpringApplication.java:456) ~[spring-boot-3.3.0.jar:3.3.0]
	at org.springframework.boot.SpringApplication.run(SpringApplication.java:335) ~[spring-boot-3.3.0.jar:3.3.0]
	at org.springframework.boot.test.context.SpringBootContextLoader.lambda$loadContext$3(SpringBootContextLoader.java:137) ~[spring-boot-test-3.3.0.jar:3.3.0]
	at org.springframework.util.function.ThrowingSupplier.get(ThrowingSupplier.java:58) ~[spring-core-6.1.8.jar:6.1.8]
	at org.springframework.util.function.ThrowingSupplier.get(ThrowingSupplier.java:46) ~[spring-core-6.1.8.jar:6.1.8]
	at org.springframework.boot.SpringApplication.withHook(SpringApplication.java:1463) ~[spring-boot-3.3.0.jar:3.3.0]
	at org.springframework.boot.test.context.SpringBootContextLoader$ContextLoaderHook.run(SpringBootContextLoader.java:553) ~[spring-boot-test-3.3.0.jar:3.3.0]
	at org.springframework.boot.test.context.SpringBootContextLoader.loadContext(SpringBootContextLoader.java:137) ~[spring-boot-test-3.3.0.jar:3.3.0]
	at org.springframework.boot.test.context.SpringBootContextLoader.loadContext(SpringBootContextLoader.java:108) ~[spring-boot-test-3.3.0.jar:3.3.0]
	at org.springframework.test.context.cache.DefaultCacheAwareContextLoaderDelegate.loadContextInternal(DefaultCacheAwareContextLoaderDelegate.java:225) ~[spring-test-6.1.8.jar:6.1.8]
	at org.springframework.test.context.cache.DefaultCacheAwareContextLoaderDelegate.loadContext(DefaultCacheAwareContextLoaderDelegate.java:152) ~[spring-test-6.1.8.jar:6.1.8]
	at org.springframework.test.context.support.DefaultTestContext.getApplicationContext(DefaultTestContext.java:130) ~[spring-test-6.1.8.jar:6.1.8]
	at org.springframework.test.context.support.DependencyInjectionTestExecutionListener.injectDependencies(DependencyInjectionTestExecutionListener.java:142) ~[spring-test-6.1.8.jar:6.1.8]
	at org.springframework.test.context.support.DependencyInjectionTestExecutionListener.prepareTestInstance(DependencyInjectionTestExecutionListener.java:98) ~[spring-test-6.1.8.jar:6.1.8]
	at org.springframework.test.context.TestContextManager.prepareTestInstance(TestContextManager.java:260) ~[spring-test-6.1.8.jar:6.1.8]
	at org.springframework.test.context.junit.jupiter.SpringExtension.postProcessTestInstance(SpringExtension.java:163) ~[spring-test-6.1.8.jar:6.1.8]
	at org.junit.jupiter.engine.descriptor.ClassBasedTestDescriptor.lambda$invokeTestInstancePostProcessors$10(ClassBasedTestDescriptor.java:378) ~[junit-jupiter-engine-5.10.2.jar:5.10.2]
	at org.junit.jupiter.engine.descriptor.ClassBasedTestDescriptor.executeAndMaskThrowable(ClassBasedTestDescriptor.java:383) ~[junit-jupiter-engine-5.10.2.jar:5.10.2]
	at org.junit.jupiter.engine.descriptor.ClassBasedTestDescriptor.lambda$invokeTestInstancePostProcessors$11(ClassBasedTestDescriptor.java:378) ~[junit-jupiter-engine-5.10.2.jar:5.10.2]
	at java.base/java.util.stream.ReferencePipeline$3$1.accept(ReferencePipeline.java:197) ~[na:na]
	at java.base/java.util.stream.ReferencePipeline$2$1.accept(ReferencePipeline.java:179) ~[na:na]
	at java.base/java.util.ArrayList$ArrayListSpliterator.forEachRemaining(ArrayList.java:1708) ~[na:na]
	at java.base/java.util.stream.AbstractPipeline.copyInto(AbstractPipeline.java:509) ~[na:na]
	at java.base/java.util.stream.AbstractPipeline.wrapAndCopyInto(AbstractPipeline.java:499) ~[na:na]
	at java.base/java.util.stream.StreamSpliterators$WrappingSpliterator.forEachRemaining(StreamSpliterators.java:310) ~[na:na]
	at java.base/java.util.stream.Streams$ConcatSpliterator.forEachRemaining(Streams.java:735) ~[na:na]
	at java.base/java.util.stream.Streams$ConcatSpliterator.forEachRemaining(Streams.java:734) ~[na:na]
	at java.base/java.util.stream.ReferencePipeline$Head.forEach(ReferencePipeline.java:762) ~[na:na]
	at org.junit.jupiter.engine.descriptor.ClassBasedTestDescriptor.invokeTestInstancePostProcessors(ClassBasedTestDescriptor.java:377) ~[junit-jupiter-engine-5.10.2.jar:5.10.2]
	at org.junit.jupiter.engine.descriptor.ClassBasedTestDescriptor.lambda$instantiateAndPostProcessTestInstance$6(ClassBasedTestDescriptor.java:290) ~[junit-jupiter-engine-5.10.2.jar:5.10.2]
	at org.junit.platform.engine.support.hierarchical.ThrowableCollector.execute(ThrowableCollector.java:73) ~[junit-platform-engine-1.10.2.jar:1.10.2]
	at org.junit.jupiter.engine.descriptor.ClassBasedTestDescriptor.instantiateAndPostProcessTestInstance(ClassBasedTestDescriptor.java:289) ~[junit-jupiter-engine-5.10.2.jar:5.10.2]
	at org.junit.jupiter.engine.descriptor.ClassBasedTestDescriptor.lambda$testInstancesProvider$4(ClassBasedTestDescriptor.java:279) ~[junit-jupiter-engine-5.10.2.jar:5.10.2]
	at java.base/java.util.Optional.orElseGet(Optional.java:364) ~[na:na]
	at org.junit.jupiter.engine.descriptor.ClassBasedTestDescriptor.lambda$testInstancesProvider$5(ClassBasedTestDescriptor.java:278) ~[junit-jupiter-engine-5.10.2.jar:5.10.2]
	at org.junit.jupiter.engine.execution.TestInstancesProvider.getTestInstances(TestInstancesProvider.java:31) ~[junit-jupiter-engine-5.10.2.jar:5.10.2]
	at org.junit.jupiter.engine.descriptor.TestMethodTestDescriptor.lambda$prepare$0(TestMethodTestDescriptor.java:106) ~[junit-jupiter-engine-5.10.2.jar:5.10.2]
	at org.junit.platform.engine.support.hierarchical.ThrowableCollector.execute(ThrowableCollector.java:73) ~[junit-platform-engine-1.10.2.jar:1.10.2]
	at org.junit.jupiter.engine.descriptor.TestMethodTestDescriptor.prepare(TestMethodTestDescriptor.java:105) ~[junit-jupiter-engine-5.10.2.jar:5.10.2]
	at org.junit.jupiter.engine.descriptor.TestMethodTestDescriptor.prepare(TestMethodTestDescriptor.java:69) ~[junit-jupiter-engine-5.10.2.jar:5.10.2]
	at org.junit.platform.engine.support.hierarchical.NodeTestTask.lambda$prepare$2(NodeTestTask.java:123) ~[junit-platform-engine-1.10.2.jar:1.10.2]
	at org.junit.platform.engine.support.hierarchical.ThrowableCollector.execute(ThrowableCollector.java:73) ~[junit-platform-engine-1.10.2.jar:1.10.2]
	at org.junit.platform.engine.support.hierarchical.NodeTestTask.prepare(NodeTestTask.java:123) ~[junit-platform-engine-1.10.2.jar:1.10.2]
	at org.junit.platform.engine.support.hierarchical.NodeTestTask.execute(NodeTestTask.java:90) ~[junit-platform-engine-1.10.2.jar:1.10.2]
	at java.base/java.util.ArrayList.forEach(ArrayList.java:1596) ~[na:na]
	at org.junit.platform.engine.support.hierarchical.SameThreadHierarchicalTestExecutorService.invokeAll(SameThreadHierarchicalTestExecutorService.java:41) ~[junit-platform-engine-1.10.2.jar:1.10.2]
	at org.junit.platform.engine.support.hierarchical.NodeTestTask.lambda$executeRecursively$6(NodeTestTask.java:155) ~[junit-platform-engine-1.10.2.jar:1.10.2]
	at org.junit.platform.engine.support.hierarchical.ThrowableCollector.execute(ThrowableCollector.java:73) ~[junit-platform-engine-1.10.2.jar:1.10.2]
	at org.junit.platform.engine.support.hierarchical.NodeTestTask.lambda$executeRecursively$8(NodeTestTask.java:141) ~[junit-platform-engine-1.10.2.jar:1.10.2]
	at org.junit.platform.engine.support.hierarchical.Node.around(Node.java:137) ~[junit-platform-engine-1.10.2.jar:1.10.2]
	at org.junit.platform.engine.support.hierarchical.NodeTestTask.lambda$executeRecursively$9(NodeTestTask.java:139) ~[junit-platform-engine-1.10.2.jar:1.10.2]
	at org.junit.platform.engine.support.hierarchical.ThrowableCollector.execute(ThrowableCollector.java:73) ~[junit-platform-engine-1.10.2.jar:1.10.2]
	at org.junit.platform.engine.support.hierarchical.NodeTestTask.executeRecursively(NodeTestTask.java:138) ~[junit-platform-engine-1.10.2.jar:1.10.2]
	at org.junit.platform.engine.support.hierarchical.NodeTestTask.execute(NodeTestTask.java:95) ~[junit-platform-engine-1.10.2.jar:1.10.2]
	at java.base/java.util.ArrayList.forEach(ArrayList.java:1596) ~[na:na]
	at org.junit.platform.engine.support.hierarchical.SameThreadHierarchicalTestExecutorService.invokeAll(SameThreadHierarchicalTestExecutorService.java:41) ~[junit-platform-engine-1.10.2.jar:1.10.2]
	at org.junit.platform.engine.support.hierarchical.NodeTestTask.lambda$executeRecursively$6(NodeTestTask.java:155) ~[junit-platform-engine-1.10.2.jar:1.10.2]
	at org.junit.platform.engine.support.hierarchical.ThrowableCollector.execute(ThrowableCollector.java:73) ~[junit-platform-engine-1.10.2.jar:1.10.2]
	at org.junit.platform.engine.support.hierarchical.NodeTestTask.lambda$executeRecursively$8(NodeTestTask.java:141) ~[junit-platform-engine-1.10.2.jar:1.10.2]
	at org.junit.platform.engine.support.hierarchical.Node.around(Node.java:137) ~[junit-platform-engine-1.10.2.jar:1.10.2]
	at org.junit.platform.engine.support.hierarchical.NodeTestTask.lambda$executeRecursively$9(NodeTestTask.java:139) ~[junit-platform-engine-1.10.2.jar:1.10.2]
	at org.junit.platform.engine.support.hierarchical.ThrowableCollector.execute(ThrowableCollector.java:73) ~[junit-platform-engine-1.10.2.jar:1.10.2]
	at org.junit.platform.engine.support.hierarchical.NodeTestTask.executeRecursively(NodeTestTask.java:138) ~[junit-platform-engine-1.10.2.jar:1.10.2]
	at org.junit.platform.engine.support.hierarchical.NodeTestTask.execute(NodeTestTask.java:95) ~[junit-platform-engine-1.10.2.jar:1.10.2]
	at org.junit.platform.engine.support.hierarchical.SameThreadHierarchicalTestExecutorService.submit(SameThreadHierarchicalTestExecutorService.java:35) ~[junit-platform-engine-1.10.2.jar:1.10.2]
	at org.junit.platform.engine.support.hierarchical.HierarchicalTestExecutor.execute(HierarchicalTestExecutor.java:57) ~[junit-platform-engine-1.10.2.jar:1.10.2]
	at org.junit.platform.engine.support.hierarchical.HierarchicalTestEngine.execute(HierarchicalTestEngine.java:54) ~[junit-platform-engine-1.10.2.jar:1.10.2]
	at org.junit.platform.launcher.core.EngineExecutionOrchestrator.execute(EngineExecutionOrchestrator.java:198) ~[junit-platform-launcher-1.10.2.jar:1.10.2]
	at org.junit.platform.launcher.core.EngineExecutionOrchestrator.execute(EngineExecutionOrchestrator.java:169) ~[junit-platform-launcher-1.10.2.jar:1.10.2]
	at org.junit.platform.launcher.core.EngineExecutionOrchestrator.execute(EngineExecutionOrchestrator.java:93) ~[junit-platform-launcher-1.10.2.jar:1.10.2]
	at org.junit.platform.launcher.core.EngineExecutionOrchestrator.lambda$execute$0(EngineExecutionOrchestrator.java:58) ~[junit-platform-launcher-1.10.2.jar:1.10.2]
	at org.junit.platform.launcher.core.EngineExecutionOrchestrator.withInterceptedStreams(EngineExecutionOrchestrator.java:141) ~[junit-platform-launcher-1.10.2.jar:1.10.2]
	at org.junit.platform.launcher.core.EngineExecutionOrchestrator.execute(EngineExecutionOrchestrator.java:57) ~[junit-platform-launcher-1.10.2.jar:1.10.2]
	at org.junit.platform.launcher.core.DefaultLauncher.execute(DefaultLauncher.java:103) ~[junit-platform-launcher-1.10.2.jar:1.10.2]
	at org.junit.platform.launcher.core.DefaultLauncher.execute(DefaultLauncher.java:85) ~[junit-platform-launcher-1.10.2.jar:1.10.2]
	at org.junit.platform.launcher.core.DelegatingLauncher.execute(DelegatingLauncher.java:47) ~[junit-platform-launcher-1.10.2.jar:1.10.2]
	at org.apache.maven.surefire.junitplatform.LazyLauncher.execute(LazyLauncher.java:56) ~[surefire-junit-platform-3.2.5.jar:3.2.5]
	at org.apache.maven.surefire.junitplatform.JUnitPlatformProvider.execute(JUnitPlatformProvider.java:184) ~[surefire-junit-platform-3.2.5.jar:3.2.5]
	at org.apache.maven.surefire.junitplatform.JUnitPlatformProvider.invokeAllTests(JUnitPlatformProvider.java:148) ~[surefire-junit-platform-3.2.5.jar:3.2.5]
	at org.apache.maven.surefire.junitplatform.JUnitPlatformProvider.invoke(JUnitPlatformProvider.java:122) ~[surefire-junit-platform-3.2.5.jar:3.2.5]
	at org.apache.maven.surefire.booter.ForkedBooter.runSuitesInProcess(ForkedBooter.java:385) ~[surefire-booter-3.2.5.jar:3.2.5]
	at org.apache.maven.surefire.booter.ForkedBooter.execute(ForkedBooter.java:162) ~[surefire-booter-3.2.5.jar:3.2.5]
	at org.apache.maven.surefire.booter.ForkedBooter.run(ForkedBooter.java:507) ~[surefire-booter-3.2.5.jar:3.2.5]
	at org.apache.maven.surefire.booter.ForkedBooter.main(ForkedBooter.java:495) ~[surefire-booter-3.2.5.jar:3.2.5]

2024-12-18T10:31:16.683+09:00 DEBUG 14335 --- [coupon-api] [           main] o.s.d.jpa.repository.query.NamedQuery    : Did not find named query UserCoupon.updateCouponStateByUserIds.count
2024-12-18T10:31:16.683+09:00 DEBUG 14335 --- [coupon-api] [           main] tor$SharedEntityManagerInvocationHandler : Creating new EntityManager for shared EntityManager invocation
2024-12-18T10:31:16.685+09:00 DEBUG 14335 --- [coupon-api] [           main] org.hibernate.orm.query.hql              : HQL : UPDATE UserCoupon uc SET uc.couponState = :couponState WHERE uc.userId IN :userIds
2024-12-18T10:31:16.686+09:00 DEBUG 14335 --- [coupon-api] [           main] org.hibernate.orm.query.sqm.creation     : Applying inferable type to SqmExpression [SqmNamedParameter(couponState)] : null -> BasicSqmPathSource(couponState : CouponState)
2024-12-18T10:31:16.686+09:00 DEBUG 14335 --- [coupon-api] [           main] org.hibernate.orm.query.sqm.creation     : Applying inferable type to SqmExpression [SqmNamedParameter(userIds)] : null -> SqmBasicValuedSimplePath(store.aurora.entity.UserCoupon(uc).userId)
2024-12-18T10:31:16.686+09:00 DEBUG 14335 --- [coupon-api] [           main] org.hibernate.orm.query.sqm.ast          : SqmStatement Tree :
    -> [update]
      [target = store.aurora.entity.UserCoupon(uc)]
      -> [set]
        -> [assignment]
          =
            [store.aurora.entity.UserCoupon(uc).couponState]
            :couponState
        <- [assignment]
      <- [set]
      -> [where]
      <- [where]
    <- [update]

2024-12-18T10:31:16.707+09:00 DEBUG 14335 --- [coupon-api] [           main] cResourceLocalTransactionCoordinatorImpl : JDBC transaction marked for rollback-only (exception provided for stack trace)

java.lang.Exception: exception just for purpose of providing stack trace
	at org.hibernate.resource.transaction.backend.jdbc.internal.JdbcResourceLocalTransactionCoordinatorImpl$TransactionDriverControlImpl.markRollbackOnly(JdbcResourceLocalTransactionCoordinatorImpl.java:309) ~[hibernate-core-6.5.2.Final.jar:6.5.2.Final]
	at org.hibernate.internal.AbstractSharedSessionContract.buildNamedQuery(AbstractSharedSessionContract.java:1109) ~[hibernate-core-6.5.2.Final.jar:6.5.2.Final]
	at org.hibernate.internal.AbstractSharedSessionContract.createNamedQuery(AbstractSharedSessionContract.java:987) ~[hibernate-core-6.5.2.Final.jar:6.5.2.Final]
	at org.hibernate.internal.AbstractSharedSessionContract.createNamedQuery(AbstractSharedSessionContract.java:140) ~[hibernate-core-6.5.2.Final.jar:6.5.2.Final]
	at java.base/jdk.internal.reflect.DirectMethodHandleAccessor.invoke(DirectMethodHandleAccessor.java:103) ~[na:na]
	at java.base/java.lang.reflect.Method.invoke(Method.java:580) ~[na:na]
	at org.springframework.orm.jpa.ExtendedEntityManagerCreator$ExtendedEntityManagerInvocationHandler.invoke(ExtendedEntityManagerCreator.java:364) ~[spring-orm-6.1.8.jar:6.1.8]
	at jdk.proxy2/jdk.proxy2.$Proxy120.createNamedQuery(Unknown Source) ~[na:na]
	at org.springframework.data.jpa.repository.query.NamedQuery.hasNamedQuery(NamedQuery.java:112) ~[spring-data-jpa-3.3.0.jar:3.3.0]
	at org.springframework.data.jpa.repository.query.JpaQueryLookupStrategy$DeclaredQueryLookupStrategy.getCountQuery(JpaQueryLookupStrategy.java:204) ~[spring-data-jpa-3.3.0.jar:3.3.0]
	at org.springframework.data.jpa.repository.query.JpaQueryLookupStrategy$DeclaredQueryLookupStrategy.resolveQuery(JpaQueryLookupStrategy.java:171) ~[spring-data-jpa-3.3.0.jar:3.3.0]
	at org.springframework.data.jpa.repository.query.JpaQueryLookupStrategy$CreateIfNotFoundQueryLookupStrategy.resolveQuery(JpaQueryLookupStrategy.java:252) ~[spring-data-jpa-3.3.0.jar:3.3.0]
	at org.springframework.data.jpa.repository.query.JpaQueryLookupStrategy$AbstractQueryLookupStrategy.resolveQuery(JpaQueryLookupStrategy.java:95) ~[spring-data-jpa-3.3.0.jar:3.3.0]
	at org.springframework.data.repository.core.support.QueryExecutorMethodInterceptor.lookupQuery(QueryExecutorMethodInterceptor.java:111) ~[spring-data-commons-3.3.0.jar:3.3.0]
	at org.springframework.data.repository.core.support.QueryExecutorMethodInterceptor.mapMethodsToQuery(QueryExecutorMethodInterceptor.java:99) ~[spring-data-commons-3.3.0.jar:3.3.0]
	at org.springframework.data.repository.core.support.QueryExecutorMethodInterceptor.lambda$new$0(QueryExecutorMethodInterceptor.java:88) ~[spring-data-commons-3.3.0.jar:3.3.0]
	at java.base/java.util.Optional.map(Optional.java:260) ~[na:na]
	at org.springframework.data.repository.core.support.QueryExecutorMethodInterceptor.<init>(QueryExecutorMethodInterceptor.java:88) ~[spring-data-commons-3.3.0.jar:3.3.0]
	at org.springframework.data.repository.core.support.RepositoryFactorySupport.getRepository(RepositoryFactorySupport.java:357) ~[spring-data-commons-3.3.0.jar:3.3.0]
	at org.springframework.data.repository.core.support.RepositoryFactoryBeanSupport.lambda$afterPropertiesSet$5(RepositoryFactoryBeanSupport.java:286) ~[spring-data-commons-3.3.0.jar:3.3.0]
	at org.springframework.data.util.Lazy.getNullable(Lazy.java:135) ~[spring-data-commons-3.3.0.jar:3.3.0]
	at org.springframework.data.util.Lazy.get(Lazy.java:113) ~[spring-data-commons-3.3.0.jar:3.3.0]
	at org.springframework.data.repository.core.support.RepositoryFactoryBeanSupport.afterPropertiesSet(RepositoryFactoryBeanSupport.java:292) ~[spring-data-commons-3.3.0.jar:3.3.0]
	at org.springframework.data.jpa.repository.support.JpaRepositoryFactoryBean.afterPropertiesSet(JpaRepositoryFactoryBean.java:132) ~[spring-data-jpa-3.3.0.jar:3.3.0]
	at org.springframework.beans.factory.support.AbstractAutowireCapableBeanFactory.invokeInitMethods(AbstractAutowireCapableBeanFactory.java:1835) ~[spring-beans-6.1.8.jar:6.1.8]
	at org.springframework.beans.factory.support.AbstractAutowireCapableBeanFactory.initializeBean(AbstractAutowireCapableBeanFactory.java:1784) ~[spring-beans-6.1.8.jar:6.1.8]
	at org.springframework.beans.factory.support.AbstractAutowireCapableBeanFactory.doCreateBean(AbstractAutowireCapableBeanFactory.java:600) ~[spring-beans-6.1.8.jar:6.1.8]
	at org.springframework.beans.factory.support.AbstractAutowireCapableBeanFactory.createBean(AbstractAutowireCapableBeanFactory.java:522) ~[spring-beans-6.1.8.jar:6.1.8]
	at org.springframework.beans.factory.support.AbstractBeanFactory.lambda$doGetBean$0(AbstractBeanFactory.java:337) ~[spring-beans-6.1.8.jar:6.1.8]
	at org.springframework.beans.factory.support.DefaultSingletonBeanRegistry.getSingleton(DefaultSingletonBeanRegistry.java:234) ~[spring-beans-6.1.8.jar:6.1.8]
	at org.springframework.beans.factory.support.AbstractBeanFactory.doGetBean(AbstractBeanFactory.java:335) ~[spring-beans-6.1.8.jar:6.1.8]
	at org.springframework.beans.factory.support.AbstractBeanFactory.getBean(AbstractBeanFactory.java:200) ~[spring-beans-6.1.8.jar:6.1.8]
	at org.springframework.beans.factory.support.DefaultListableBeanFactory.preInstantiateSingletons(DefaultListableBeanFactory.java:969) ~[spring-beans-6.1.8.jar:6.1.8]
	at org.springframework.context.support.AbstractApplicationContext.finishBeanFactoryInitialization(AbstractApplicationContext.java:962) ~[spring-context-6.1.8.jar:6.1.8]
	at org.springframework.context.support.AbstractApplicationContext.refresh(AbstractApplicationContext.java:624) ~[spring-context-6.1.8.jar:6.1.8]
	at org.springframework.boot.SpringApplication.refresh(SpringApplication.java:754) ~[spring-boot-3.3.0.jar:3.3.0]
	at org.springframework.boot.SpringApplication.refreshContext(SpringApplication.java:456) ~[spring-boot-3.3.0.jar:3.3.0]
	at org.springframework.boot.SpringApplication.run(SpringApplication.java:335) ~[spring-boot-3.3.0.jar:3.3.0]
	at org.springframework.boot.test.context.SpringBootContextLoader.lambda$loadContext$3(SpringBootContextLoader.java:137) ~[spring-boot-test-3.3.0.jar:3.3.0]
	at org.springframework.util.function.ThrowingSupplier.get(ThrowingSupplier.java:58) ~[spring-core-6.1.8.jar:6.1.8]
	at org.springframework.util.function.ThrowingSupplier.get(ThrowingSupplier.java:46) ~[spring-core-6.1.8.jar:6.1.8]
	at org.springframework.boot.SpringApplication.withHook(SpringApplication.java:1463) ~[spring-boot-3.3.0.jar:3.3.0]
	at org.springframework.boot.test.context.SpringBootContextLoader$ContextLoaderHook.run(SpringBootContextLoader.java:553) ~[spring-boot-test-3.3.0.jar:3.3.0]
	at org.springframework.boot.test.context.SpringBootContextLoader.loadContext(SpringBootContextLoader.java:137) ~[spring-boot-test-3.3.0.jar:3.3.0]
	at org.springframework.boot.test.context.SpringBootContextLoader.loadContext(SpringBootContextLoader.java:108) ~[spring-boot-test-3.3.0.jar:3.3.0]
	at org.springframework.test.context.cache.DefaultCacheAwareContextLoaderDelegate.loadContextInternal(DefaultCacheAwareContextLoaderDelegate.java:225) ~[spring-test-6.1.8.jar:6.1.8]
	at org.springframework.test.context.cache.DefaultCacheAwareContextLoaderDelegate.loadContext(DefaultCacheAwareContextLoaderDelegate.java:152) ~[spring-test-6.1.8.jar:6.1.8]
	at org.springframework.test.context.support.DefaultTestContext.getApplicationContext(DefaultTestContext.java:130) ~[spring-test-6.1.8.jar:6.1.8]
	at org.springframework.test.context.support.DependencyInjectionTestExecutionListener.injectDependencies(DependencyInjectionTestExecutionListener.java:142) ~[spring-test-6.1.8.jar:6.1.8]
	at org.springframework.test.context.support.DependencyInjectionTestExecutionListener.prepareTestInstance(DependencyInjectionTestExecutionListener.java:98) ~[spring-test-6.1.8.jar:6.1.8]
	at org.springframework.test.context.TestContextManager.prepareTestInstance(TestContextManager.java:260) ~[spring-test-6.1.8.jar:6.1.8]
	at org.springframework.test.context.junit.jupiter.SpringExtension.postProcessTestInstance(SpringExtension.java:163) ~[spring-test-6.1.8.jar:6.1.8]
	at org.junit.jupiter.engine.descriptor.ClassBasedTestDescriptor.lambda$invokeTestInstancePostProcessors$10(ClassBasedTestDescriptor.java:378) ~[junit-jupiter-engine-5.10.2.jar:5.10.2]
	at org.junit.jupiter.engine.descriptor.ClassBasedTestDescriptor.executeAndMaskThrowable(ClassBasedTestDescriptor.java:383) ~[junit-jupiter-engine-5.10.2.jar:5.10.2]
	at org.junit.jupiter.engine.descriptor.ClassBasedTestDescriptor.lambda$invokeTestInstancePostProcessors$11(ClassBasedTestDescriptor.java:378) ~[junit-jupiter-engine-5.10.2.jar:5.10.2]
	at java.base/java.util.stream.ReferencePipeline$3$1.accept(ReferencePipeline.java:197) ~[na:na]
	at java.base/java.util.stream.ReferencePipeline$2$1.accept(ReferencePipeline.java:179) ~[na:na]
	at java.base/java.util.ArrayList$ArrayListSpliterator.forEachRemaining(ArrayList.java:1708) ~[na:na]
	at java.base/java.util.stream.AbstractPipeline.copyInto(AbstractPipeline.java:509) ~[na:na]
	at java.base/java.util.stream.AbstractPipeline.wrapAndCopyInto(AbstractPipeline.java:499) ~[na:na]
	at java.base/java.util.stream.StreamSpliterators$WrappingSpliterator.forEachRemaining(StreamSpliterators.java:310) ~[na:na]
	at java.base/java.util.stream.Streams$ConcatSpliterator.forEachRemaining(Streams.java:735) ~[na:na]
	at java.base/java.util.stream.Streams$ConcatSpliterator.forEachRemaining(Streams.java:734) ~[na:na]
	at java.base/java.util.stream.ReferencePipeline$Head.forEach(ReferencePipeline.java:762) ~[na:na]
	at org.junit.jupiter.engine.descriptor.ClassBasedTestDescriptor.invokeTestInstancePostProcessors(ClassBasedTestDescriptor.java:377) ~[junit-jupiter-engine-5.10.2.jar:5.10.2]
	at org.junit.jupiter.engine.descriptor.ClassBasedTestDescriptor.lambda$instantiateAndPostProcessTestInstance$6(ClassBasedTestDescriptor.java:290) ~[junit-jupiter-engine-5.10.2.jar:5.10.2]
	at org.junit.platform.engine.support.hierarchical.ThrowableCollector.execute(ThrowableCollector.java:73) ~[junit-platform-engine-1.10.2.jar:1.10.2]
	at org.junit.jupiter.engine.descriptor.ClassBasedTestDescriptor.instantiateAndPostProcessTestInstance(ClassBasedTestDescriptor.java:289) ~[junit-jupiter-engine-5.10.2.jar:5.10.2]
	at org.junit.jupiter.engine.descriptor.ClassBasedTestDescriptor.lambda$testInstancesProvider$4(ClassBasedTestDescriptor.java:279) ~[junit-jupiter-engine-5.10.2.jar:5.10.2]
	at java.base/java.util.Optional.orElseGet(Optional.java:364) ~[na:na]
	at org.junit.jupiter.engine.descriptor.ClassBasedTestDescriptor.lambda$testInstancesProvider$5(ClassBasedTestDescriptor.java:278) ~[junit-jupiter-engine-5.10.2.jar:5.10.2]
	at org.junit.jupiter.engine.execution.TestInstancesProvider.getTestInstances(TestInstancesProvider.java:31) ~[junit-jupiter-engine-5.10.2.jar:5.10.2]
	at org.junit.jupiter.engine.descriptor.TestMethodTestDescriptor.lambda$prepare$0(TestMethodTestDescriptor.java:106) ~[junit-jupiter-engine-5.10.2.jar:5.10.2]
	at org.junit.platform.engine.support.hierarchical.ThrowableCollector.execute(ThrowableCollector.java:73) ~[junit-platform-engine-1.10.2.jar:1.10.2]
	at org.junit.jupiter.engine.descriptor.TestMethodTestDescriptor.prepare(TestMethodTestDescriptor.java:105) ~[junit-jupiter-engine-5.10.2.jar:5.10.2]
	at org.junit.jupiter.engine.descriptor.TestMethodTestDescriptor.prepare(TestMethodTestDescriptor.java:69) ~[junit-jupiter-engine-5.10.2.jar:5.10.2]
	at org.junit.platform.engine.support.hierarchical.NodeTestTask.lambda$prepare$2(NodeTestTask.java:123) ~[junit-platform-engine-1.10.2.jar:1.10.2]
	at org.junit.platform.engine.support.hierarchical.ThrowableCollector.execute(ThrowableCollector.java:73) ~[junit-platform-engine-1.10.2.jar:1.10.2]
	at org.junit.platform.engine.support.hierarchical.NodeTestTask.prepare(NodeTestTask.java:123) ~[junit-platform-engine-1.10.2.jar:1.10.2]
	at org.junit.platform.engine.support.hierarchical.NodeTestTask.execute(NodeTestTask.java:90) ~[junit-platform-engine-1.10.2.jar:1.10.2]
	at java.base/java.util.ArrayList.forEach(ArrayList.java:1596) ~[na:na]
	at org.junit.platform.engine.support.hierarchical.SameThreadHierarchicalTestExecutorService.invokeAll(SameThreadHierarchicalTestExecutorService.java:41) ~[junit-platform-engine-1.10.2.jar:1.10.2]
	at org.junit.platform.engine.support.hierarchical.NodeTestTask.lambda$executeRecursively$6(NodeTestTask.java:155) ~[junit-platform-engine-1.10.2.jar:1.10.2]
	at org.junit.platform.engine.support.hierarchical.ThrowableCollector.execute(ThrowableCollector.java:73) ~[junit-platform-engine-1.10.2.jar:1.10.2]
	at org.junit.platform.engine.support.hierarchical.NodeTestTask.lambda$executeRecursively$8(NodeTestTask.java:141) ~[junit-platform-engine-1.10.2.jar:1.10.2]
	at org.junit.platform.engine.support.hierarchical.Node.around(Node.java:137) ~[junit-platform-engine-1.10.2.jar:1.10.2]
	at org.junit.platform.engine.support.hierarchical.NodeTestTask.lambda$executeRecursively$9(NodeTestTask.java:139) ~[junit-platform-engine-1.10.2.jar:1.10.2]
	at org.junit.platform.engine.support.hierarchical.ThrowableCollector.execute(ThrowableCollector.java:73) ~[junit-platform-engine-1.10.2.jar:1.10.2]
	at org.junit.platform.engine.support.hierarchical.NodeTestTask.executeRecursively(NodeTestTask.java:138) ~[junit-platform-engine-1.10.2.jar:1.10.2]
	at org.junit.platform.engine.support.hierarchical.NodeTestTask.execute(NodeTestTask.java:95) ~[junit-platform-engine-1.10.2.jar:1.10.2]
	at java.base/java.util.ArrayList.forEach(ArrayList.java:1596) ~[na:na]
	at org.junit.platform.engine.support.hierarchical.SameThreadHierarchicalTestExecutorService.invokeAll(SameThreadHierarchicalTestExecutorService.java:41) ~[junit-platform-engine-1.10.2.jar:1.10.2]
	at org.junit.platform.engine.support.hierarchical.NodeTestTask.lambda$executeRecursively$6(NodeTestTask.java:155) ~[junit-platform-engine-1.10.2.jar:1.10.2]
	at org.junit.platform.engine.support.hierarchical.ThrowableCollector.execute(ThrowableCollector.java:73) ~[junit-platform-engine-1.10.2.jar:1.10.2]
	at org.junit.platform.engine.support.hierarchical.NodeTestTask.lambda$executeRecursively$8(NodeTestTask.java:141) ~[junit-platform-engine-1.10.2.jar:1.10.2]
	at org.junit.platform.engine.support.hierarchical.Node.around(Node.java:137) ~[junit-platform-engine-1.10.2.jar:1.10.2]
	at org.junit.platform.engine.support.hierarchical.NodeTestTask.lambda$executeRecursively$9(NodeTestTask.java:139) ~[junit-platform-engine-1.10.2.jar:1.10.2]
	at org.junit.platform.engine.support.hierarchical.ThrowableCollector.execute(ThrowableCollector.java:73) ~[junit-platform-engine-1.10.2.jar:1.10.2]
	at org.junit.platform.engine.support.hierarchical.NodeTestTask.executeRecursively(NodeTestTask.java:138) ~[junit-platform-engine-1.10.2.jar:1.10.2]
	at org.junit.platform.engine.support.hierarchical.NodeTestTask.execute(NodeTestTask.java:95) ~[junit-platform-engine-1.10.2.jar:1.10.2]
	at org.junit.platform.engine.support.hierarchical.SameThreadHierarchicalTestExecutorService.submit(SameThreadHierarchicalTestExecutorService.java:35) ~[junit-platform-engine-1.10.2.jar:1.10.2]
	at org.junit.platform.engine.support.hierarchical.HierarchicalTestExecutor.execute(HierarchicalTestExecutor.java:57) ~[junit-platform-engine-1.10.2.jar:1.10.2]
	at org.junit.platform.engine.support.hierarchical.HierarchicalTestEngine.execute(HierarchicalTestEngine.java:54) ~[junit-platform-engine-1.10.2.jar:1.10.2]
	at org.junit.platform.launcher.core.EngineExecutionOrchestrator.execute(EngineExecutionOrchestrator.java:198) ~[junit-platform-launcher-1.10.2.jar:1.10.2]
	at org.junit.platform.launcher.core.EngineExecutionOrchestrator.execute(EngineExecutionOrchestrator.java:169) ~[junit-platform-launcher-1.10.2.jar:1.10.2]
	at org.junit.platform.launcher.core.EngineExecutionOrchestrator.execute(EngineExecutionOrchestrator.java:93) ~[junit-platform-launcher-1.10.2.jar:1.10.2]
	at org.junit.platform.launcher.core.EngineExecutionOrchestrator.lambda$execute$0(EngineExecutionOrchestrator.java:58) ~[junit-platform-launcher-1.10.2.jar:1.10.2]
	at org.junit.platform.launcher.core.EngineExecutionOrchestrator.withInterceptedStreams(EngineExecutionOrchestrator.java:141) ~[junit-platform-launcher-1.10.2.jar:1.10.2]
	at org.junit.platform.launcher.core.EngineExecutionOrchestrator.execute(EngineExecutionOrchestrator.java:57) ~[junit-platform-launcher-1.10.2.jar:1.10.2]
	at org.junit.platform.launcher.core.DefaultLauncher.execute(DefaultLauncher.java:103) ~[junit-platform-launcher-1.10.2.jar:1.10.2]
	at org.junit.platform.launcher.core.DefaultLauncher.execute(DefaultLauncher.java:85) ~[junit-platform-launcher-1.10.2.jar:1.10.2]
	at org.junit.platform.launcher.core.DelegatingLauncher.execute(DelegatingLauncher.java:47) ~[junit-platform-launcher-1.10.2.jar:1.10.2]
	at org.apache.maven.surefire.junitplatform.LazyLauncher.execute(LazyLauncher.java:56) ~[surefire-junit-platform-3.2.5.jar:3.2.5]
	at org.apache.maven.surefire.junitplatform.JUnitPlatformProvider.execute(JUnitPlatformProvider.java:184) ~[surefire-junit-platform-3.2.5.jar:3.2.5]
	at org.apache.maven.surefire.junitplatform.JUnitPlatformProvider.invokeAllTests(JUnitPlatformProvider.java:148) ~[surefire-junit-platform-3.2.5.jar:3.2.5]
	at org.apache.maven.surefire.junitplatform.JUnitPlatformProvider.invoke(JUnitPlatformProvider.java:122) ~[surefire-junit-platform-3.2.5.jar:3.2.5]
	at org.apache.maven.surefire.booter.ForkedBooter.runSuitesInProcess(ForkedBooter.java:385) ~[surefire-booter-3.2.5.jar:3.2.5]
	at org.apache.maven.surefire.booter.ForkedBooter.execute(ForkedBooter.java:162) ~[surefire-booter-3.2.5.jar:3.2.5]
	at org.apache.maven.surefire.booter.ForkedBooter.run(ForkedBooter.java:507) ~[surefire-booter-3.2.5.jar:3.2.5]
	at org.apache.maven.surefire.booter.ForkedBooter.main(ForkedBooter.java:495) ~[surefire-booter-3.2.5.jar:3.2.5]

2024-12-18T10:31:16.710+09:00 DEBUG 14335 --- [coupon-api] [           main] o.s.d.jpa.repository.query.NamedQuery    : Did not find named query UserCoupon.updateExpiredCoupons.count
2024-12-18T10:31:16.710+09:00 DEBUG 14335 --- [coupon-api] [           main] tor$SharedEntityManagerInvocationHandler : Creating new EntityManager for shared EntityManager invocation
2024-12-18T10:31:16.712+09:00 DEBUG 14335 --- [coupon-api] [           main] org.hibernate.orm.query.hql              : HQL : UPDATE UserCoupon u SET u.couponState = 'timeout',     u.changedDate = CURRENT_DATE WHERE u.endDate < CURRENT_DATE AND u.couponState = 'live'
2024-12-18T10:31:16.731+09:00 DEBUG 14335 --- [coupon-api] [           main] org.hibernate.orm.query.sqm.ast          : SqmStatement Tree :
    -> [update]
      [target = store.aurora.entity.UserCoupon(u)]
      -> [set]
        -> [assignment]
          =
            [store.aurora.entity.UserCoupon(u).couponState]
        <- [assignment]
        -> [assignment]
          =
            [store.aurora.entity.UserCoupon(u).changedDate]
        <- [assignment]
      <- [set]
      -> [where]
        -> [and]
          -> [LESS_THAN]
              -> [basic-path] - `store.aurora.entity.UserCoupon(u).endDate`
          <- [LESS_THAN]
          -> [EQUAL]
              -> [basic-path] - `store.aurora.entity.UserCoupon(u).couponState`
          <- [EQUAL]
        <- [and]
      <- [where]
    <- [update]

2024-12-18T10:31:16.750+09:00 DEBUG 14335 --- [coupon-api] [           main] cResourceLocalTransactionCoordinatorImpl : JDBC transaction marked for rollback-only (exception provided for stack trace)

java.lang.Exception: exception just for purpose of providing stack trace
	at org.hibernate.resource.transaction.backend.jdbc.internal.JdbcResourceLocalTransactionCoordinatorImpl$TransactionDriverControlImpl.markRollbackOnly(JdbcResourceLocalTransactionCoordinatorImpl.java:309) ~[hibernate-core-6.5.2.Final.jar:6.5.2.Final]
	at org.hibernate.internal.AbstractSharedSessionContract.buildNamedQuery(AbstractSharedSessionContract.java:1109) ~[hibernate-core-6.5.2.Final.jar:6.5.2.Final]
	at org.hibernate.internal.AbstractSharedSessionContract.createNamedQuery(AbstractSharedSessionContract.java:987) ~[hibernate-core-6.5.2.Final.jar:6.5.2.Final]
	at org.hibernate.internal.AbstractSharedSessionContract.createNamedQuery(AbstractSharedSessionContract.java:140) ~[hibernate-core-6.5.2.Final.jar:6.5.2.Final]
	at java.base/jdk.internal.reflect.DirectMethodHandleAccessor.invoke(DirectMethodHandleAccessor.java:103) ~[na:na]
	at java.base/java.lang.reflect.Method.invoke(Method.java:580) ~[na:na]
	at org.springframework.orm.jpa.ExtendedEntityManagerCreator$ExtendedEntityManagerInvocationHandler.invoke(ExtendedEntityManagerCreator.java:364) ~[spring-orm-6.1.8.jar:6.1.8]
	at jdk.proxy2/jdk.proxy2.$Proxy120.createNamedQuery(Unknown Source) ~[na:na]
	at org.springframework.data.jpa.repository.query.NamedQuery.hasNamedQuery(NamedQuery.java:112) ~[spring-data-jpa-3.3.0.jar:3.3.0]
	at org.springframework.data.jpa.repository.query.JpaQueryLookupStrategy$DeclaredQueryLookupStrategy.getCountQuery(JpaQueryLookupStrategy.java:204) ~[spring-data-jpa-3.3.0.jar:3.3.0]
	at org.springframework.data.jpa.repository.query.JpaQueryLookupStrategy$DeclaredQueryLookupStrategy.resolveQuery(JpaQueryLookupStrategy.java:171) ~[spring-data-jpa-3.3.0.jar:3.3.0]
	at org.springframework.data.jpa.repository.query.JpaQueryLookupStrategy$CreateIfNotFoundQueryLookupStrategy.resolveQuery(JpaQueryLookupStrategy.java:252) ~[spring-data-jpa-3.3.0.jar:3.3.0]
	at org.springframework.data.jpa.repository.query.JpaQueryLookupStrategy$AbstractQueryLookupStrategy.resolveQuery(JpaQueryLookupStrategy.java:95) ~[spring-data-jpa-3.3.0.jar:3.3.0]
	at org.springframework.data.repository.core.support.QueryExecutorMethodInterceptor.lookupQuery(QueryExecutorMethodInterceptor.java:111) ~[spring-data-commons-3.3.0.jar:3.3.0]
	at org.springframework.data.repository.core.support.QueryExecutorMethodInterceptor.mapMethodsToQuery(QueryExecutorMethodInterceptor.java:99) ~[spring-data-commons-3.3.0.jar:3.3.0]
	at org.springframework.data.repository.core.support.QueryExecutorMethodInterceptor.lambda$new$0(QueryExecutorMethodInterceptor.java:88) ~[spring-data-commons-3.3.0.jar:3.3.0]
	at java.base/java.util.Optional.map(Optional.java:260) ~[na:na]
	at org.springframework.data.repository.core.support.QueryExecutorMethodInterceptor.<init>(QueryExecutorMethodInterceptor.java:88) ~[spring-data-commons-3.3.0.jar:3.3.0]
	at org.springframework.data.repository.core.support.RepositoryFactorySupport.getRepository(RepositoryFactorySupport.java:357) ~[spring-data-commons-3.3.0.jar:3.3.0]
	at org.springframework.data.repository.core.support.RepositoryFactoryBeanSupport.lambda$afterPropertiesSet$5(RepositoryFactoryBeanSupport.java:286) ~[spring-data-commons-3.3.0.jar:3.3.0]
	at org.springframework.data.util.Lazy.getNullable(Lazy.java:135) ~[spring-data-commons-3.3.0.jar:3.3.0]
	at org.springframework.data.util.Lazy.get(Lazy.java:113) ~[spring-data-commons-3.3.0.jar:3.3.0]
	at org.springframework.data.repository.core.support.RepositoryFactoryBeanSupport.afterPropertiesSet(RepositoryFactoryBeanSupport.java:292) ~[spring-data-commons-3.3.0.jar:3.3.0]
	at org.springframework.data.jpa.repository.support.JpaRepositoryFactoryBean.afterPropertiesSet(JpaRepositoryFactoryBean.java:132) ~[spring-data-jpa-3.3.0.jar:3.3.0]
	at org.springframework.beans.factory.support.AbstractAutowireCapableBeanFactory.invokeInitMethods(AbstractAutowireCapableBeanFactory.java:1835) ~[spring-beans-6.1.8.jar:6.1.8]
	at org.springframework.beans.factory.support.AbstractAutowireCapableBeanFactory.initializeBean(AbstractAutowireCapableBeanFactory.java:1784) ~[spring-beans-6.1.8.jar:6.1.8]
	at org.springframework.beans.factory.support.AbstractAutowireCapableBeanFactory.doCreateBean(AbstractAutowireCapableBeanFactory.java:600) ~[spring-beans-6.1.8.jar:6.1.8]
	at org.springframework.beans.factory.support.AbstractAutowireCapableBeanFactory.createBean(AbstractAutowireCapableBeanFactory.java:522) ~[spring-beans-6.1.8.jar:6.1.8]
	at org.springframework.beans.factory.support.AbstractBeanFactory.lambda$doGetBean$0(AbstractBeanFactory.java:337) ~[spring-beans-6.1.8.jar:6.1.8]
	at org.springframework.beans.factory.support.DefaultSingletonBeanRegistry.getSingleton(DefaultSingletonBeanRegistry.java:234) ~[spring-beans-6.1.8.jar:6.1.8]
	at org.springframework.beans.factory.support.AbstractBeanFactory.doGetBean(AbstractBeanFactory.java:335) ~[spring-beans-6.1.8.jar:6.1.8]
	at org.springframework.beans.factory.support.AbstractBeanFactory.getBean(AbstractBeanFactory.java:200) ~[spring-beans-6.1.8.jar:6.1.8]
	at org.springframework.beans.factory.support.DefaultListableBeanFactory.preInstantiateSingletons(DefaultListableBeanFactory.java:969) ~[spring-beans-6.1.8.jar:6.1.8]
	at org.springframework.context.support.AbstractApplicationContext.finishBeanFactoryInitialization(AbstractApplicationContext.java:962) ~[spring-context-6.1.8.jar:6.1.8]
	at org.springframework.context.support.AbstractApplicationContext.refresh(AbstractApplicationContext.java:624) ~[spring-context-6.1.8.jar:6.1.8]
	at org.springframework.boot.SpringApplication.refresh(SpringApplication.java:754) ~[spring-boot-3.3.0.jar:3.3.0]
	at org.springframework.boot.SpringApplication.refreshContext(SpringApplication.java:456) ~[spring-boot-3.3.0.jar:3.3.0]
	at org.springframework.boot.SpringApplication.run(SpringApplication.java:335) ~[spring-boot-3.3.0.jar:3.3.0]
	at org.springframework.boot.test.context.SpringBootContextLoader.lambda$loadContext$3(SpringBootContextLoader.java:137) ~[spring-boot-test-3.3.0.jar:3.3.0]
	at org.springframework.util.function.ThrowingSupplier.get(ThrowingSupplier.java:58) ~[spring-core-6.1.8.jar:6.1.8]
	at org.springframework.util.function.ThrowingSupplier.get(ThrowingSupplier.java:46) ~[spring-core-6.1.8.jar:6.1.8]
	at org.springframework.boot.SpringApplication.withHook(SpringApplication.java:1463) ~[spring-boot-3.3.0.jar:3.3.0]
	at org.springframework.boot.test.context.SpringBootContextLoader$ContextLoaderHook.run(SpringBootContextLoader.java:553) ~[spring-boot-test-3.3.0.jar:3.3.0]
	at org.springframework.boot.test.context.SpringBootContextLoader.loadContext(SpringBootContextLoader.java:137) ~[spring-boot-test-3.3.0.jar:3.3.0]
	at org.springframework.boot.test.context.SpringBootContextLoader.loadContext(SpringBootContextLoader.java:108) ~[spring-boot-test-3.3.0.jar:3.3.0]
	at org.springframework.test.context.cache.DefaultCacheAwareContextLoaderDelegate.loadContextInternal(DefaultCacheAwareContextLoaderDelegate.java:225) ~[spring-test-6.1.8.jar:6.1.8]
	at org.springframework.test.context.cache.DefaultCacheAwareContextLoaderDelegate.loadContext(DefaultCacheAwareContextLoaderDelegate.java:152) ~[spring-test-6.1.8.jar:6.1.8]
	at org.springframework.test.context.support.DefaultTestContext.getApplicationContext(DefaultTestContext.java:130) ~[spring-test-6.1.8.jar:6.1.8]
	at org.springframework.test.context.support.DependencyInjectionTestExecutionListener.injectDependencies(DependencyInjectionTestExecutionListener.java:142) ~[spring-test-6.1.8.jar:6.1.8]
	at org.springframework.test.context.support.DependencyInjectionTestExecutionListener.prepareTestInstance(DependencyInjectionTestExecutionListener.java:98) ~[spring-test-6.1.8.jar:6.1.8]
	at org.springframework.test.context.TestContextManager.prepareTestInstance(TestContextManager.java:260) ~[spring-test-6.1.8.jar:6.1.8]
	at org.springframework.test.context.junit.jupiter.SpringExtension.postProcessTestInstance(SpringExtension.java:163) ~[spring-test-6.1.8.jar:6.1.8]
	at org.junit.jupiter.engine.descriptor.ClassBasedTestDescriptor.lambda$invokeTestInstancePostProcessors$10(ClassBasedTestDescriptor.java:378) ~[junit-jupiter-engine-5.10.2.jar:5.10.2]
	at org.junit.jupiter.engine.descriptor.ClassBasedTestDescriptor.executeAndMaskThrowable(ClassBasedTestDescriptor.java:383) ~[junit-jupiter-engine-5.10.2.jar:5.10.2]
	at org.junit.jupiter.engine.descriptor.ClassBasedTestDescriptor.lambda$invokeTestInstancePostProcessors$11(ClassBasedTestDescriptor.java:378) ~[junit-jupiter-engine-5.10.2.jar:5.10.2]
	at java.base/java.util.stream.ReferencePipeline$3$1.accept(ReferencePipeline.java:197) ~[na:na]
	at java.base/java.util.stream.ReferencePipeline$2$1.accept(ReferencePipeline.java:179) ~[na:na]
	at java.base/java.util.ArrayList$ArrayListSpliterator.forEachRemaining(ArrayList.java:1708) ~[na:na]
	at java.base/java.util.stream.AbstractPipeline.copyInto(AbstractPipeline.java:509) ~[na:na]
	at java.base/java.util.stream.AbstractPipeline.wrapAndCopyInto(AbstractPipeline.java:499) ~[na:na]
	at java.base/java.util.stream.StreamSpliterators$WrappingSpliterator.forEachRemaining(StreamSpliterators.java:310) ~[na:na]
	at java.base/java.util.stream.Streams$ConcatSpliterator.forEachRemaining(Streams.java:735) ~[na:na]
	at java.base/java.util.stream.Streams$ConcatSpliterator.forEachRemaining(Streams.java:734) ~[na:na]
	at java.base/java.util.stream.ReferencePipeline$Head.forEach(ReferencePipeline.java:762) ~[na:na]
	at org.junit.jupiter.engine.descriptor.ClassBasedTestDescriptor.invokeTestInstancePostProcessors(ClassBasedTestDescriptor.java:377) ~[junit-jupiter-engine-5.10.2.jar:5.10.2]
	at org.junit.jupiter.engine.descriptor.ClassBasedTestDescriptor.lambda$instantiateAndPostProcessTestInstance$6(ClassBasedTestDescriptor.java:290) ~[junit-jupiter-engine-5.10.2.jar:5.10.2]
	at org.junit.platform.engine.support.hierarchical.ThrowableCollector.execute(ThrowableCollector.java:73) ~[junit-platform-engine-1.10.2.jar:1.10.2]
	at org.junit.jupiter.engine.descriptor.ClassBasedTestDescriptor.instantiateAndPostProcessTestInstance(ClassBasedTestDescriptor.java:289) ~[junit-jupiter-engine-5.10.2.jar:5.10.2]
	at org.junit.jupiter.engine.descriptor.ClassBasedTestDescriptor.lambda$testInstancesProvider$4(ClassBasedTestDescriptor.java:279) ~[junit-jupiter-engine-5.10.2.jar:5.10.2]
	at java.base/java.util.Optional.orElseGet(Optional.java:364) ~[na:na]
	at org.junit.jupiter.engine.descriptor.ClassBasedTestDescriptor.lambda$testInstancesProvider$5(ClassBasedTestDescriptor.java:278) ~[junit-jupiter-engine-5.10.2.jar:5.10.2]
	at org.junit.jupiter.engine.execution.TestInstancesProvider.getTestInstances(TestInstancesProvider.java:31) ~[junit-jupiter-engine-5.10.2.jar:5.10.2]
	at org.junit.jupiter.engine.descriptor.TestMethodTestDescriptor.lambda$prepare$0(TestMethodTestDescriptor.java:106) ~[junit-jupiter-engine-5.10.2.jar:5.10.2]
	at org.junit.platform.engine.support.hierarchical.ThrowableCollector.execute(ThrowableCollector.java:73) ~[junit-platform-engine-1.10.2.jar:1.10.2]
	at org.junit.jupiter.engine.descriptor.TestMethodTestDescriptor.prepare(TestMethodTestDescriptor.java:105) ~[junit-jupiter-engine-5.10.2.jar:5.10.2]
	at org.junit.jupiter.engine.descriptor.TestMethodTestDescriptor.prepare(TestMethodTestDescriptor.java:69) ~[junit-jupiter-engine-5.10.2.jar:5.10.2]
	at org.junit.platform.engine.support.hierarchical.NodeTestTask.lambda$prepare$2(NodeTestTask.java:123) ~[junit-platform-engine-1.10.2.jar:1.10.2]
	at org.junit.platform.engine.support.hierarchical.ThrowableCollector.execute(ThrowableCollector.java:73) ~[junit-platform-engine-1.10.2.jar:1.10.2]
	at org.junit.platform.engine.support.hierarchical.NodeTestTask.prepare(NodeTestTask.java:123) ~[junit-platform-engine-1.10.2.jar:1.10.2]
	at org.junit.platform.engine.support.hierarchical.NodeTestTask.execute(NodeTestTask.java:90) ~[junit-platform-engine-1.10.2.jar:1.10.2]
	at java.base/java.util.ArrayList.forEach(ArrayList.java:1596) ~[na:na]
	at org.junit.platform.engine.support.hierarchical.SameThreadHierarchicalTestExecutorService.invokeAll(SameThreadHierarchicalTestExecutorService.java:41) ~[junit-platform-engine-1.10.2.jar:1.10.2]
	at org.junit.platform.engine.support.hierarchical.NodeTestTask.lambda$executeRecursively$6(NodeTestTask.java:155) ~[junit-platform-engine-1.10.2.jar:1.10.2]
	at org.junit.platform.engine.support.hierarchical.ThrowableCollector.execute(ThrowableCollector.java:73) ~[junit-platform-engine-1.10.2.jar:1.10.2]
	at org.junit.platform.engine.support.hierarchical.NodeTestTask.lambda$executeRecursively$8(NodeTestTask.java:141) ~[junit-platform-engine-1.10.2.jar:1.10.2]
	at org.junit.platform.engine.support.hierarchical.Node.around(Node.java:137) ~[junit-platform-engine-1.10.2.jar:1.10.2]
	at org.junit.platform.engine.support.hierarchical.NodeTestTask.lambda$executeRecursively$9(NodeTestTask.java:139) ~[junit-platform-engine-1.10.2.jar:1.10.2]
	at org.junit.platform.engine.support.hierarchical.ThrowableCollector.execute(ThrowableCollector.java:73) ~[junit-platform-engine-1.10.2.jar:1.10.2]
	at org.junit.platform.engine.support.hierarchical.NodeTestTask.executeRecursively(NodeTestTask.java:138) ~[junit-platform-engine-1.10.2.jar:1.10.2]
	at org.junit.platform.engine.support.hierarchical.NodeTestTask.execute(NodeTestTask.java:95) ~[junit-platform-engine-1.10.2.jar:1.10.2]
	at java.base/java.util.ArrayList.forEach(ArrayList.java:1596) ~[na:na]
	at org.junit.platform.engine.support.hierarchical.SameThreadHierarchicalTestExecutorService.invokeAll(SameThreadHierarchicalTestExecutorService.java:41) ~[junit-platform-engine-1.10.2.jar:1.10.2]
	at org.junit.platform.engine.support.hierarchical.NodeTestTask.lambda$executeRecursively$6(NodeTestTask.java:155) ~[junit-platform-engine-1.10.2.jar:1.10.2]
	at org.junit.platform.engine.support.hierarchical.ThrowableCollector.execute(ThrowableCollector.java:73) ~[junit-platform-engine-1.10.2.jar:1.10.2]
	at org.junit.platform.engine.support.hierarchical.NodeTestTask.lambda$executeRecursively$8(NodeTestTask.java:141) ~[junit-platform-engine-1.10.2.jar:1.10.2]
	at org.junit.platform.engine.support.hierarchical.Node.around(Node.java:137) ~[junit-platform-engine-1.10.2.jar:1.10.2]
	at org.junit.platform.engine.support.hierarchical.NodeTestTask.lambda$executeRecursively$9(NodeTestTask.java:139) ~[junit-platform-engine-1.10.2.jar:1.10.2]
	at org.junit.platform.engine.support.hierarchical.ThrowableCollector.execute(ThrowableCollector.java:73) ~[junit-platform-engine-1.10.2.jar:1.10.2]
	at org.junit.platform.engine.support.hierarchical.NodeTestTask.executeRecursively(NodeTestTask.java:138) ~[junit-platform-engine-1.10.2.jar:1.10.2]
	at org.junit.platform.engine.support.hierarchical.NodeTestTask.execute(NodeTestTask.java:95) ~[junit-platform-engine-1.10.2.jar:1.10.2]
	at org.junit.platform.engine.support.hierarchical.SameThreadHierarchicalTestExecutorService.submit(SameThreadHierarchicalTestExecutorService.java:35) ~[junit-platform-engine-1.10.2.jar:1.10.2]
	at org.junit.platform.engine.support.hierarchical.HierarchicalTestExecutor.execute(HierarchicalTestExecutor.java:57) ~[junit-platform-engine-1.10.2.jar:1.10.2]
	at org.junit.platform.engine.support.hierarchical.HierarchicalTestEngine.execute(HierarchicalTestEngine.java:54) ~[junit-platform-engine-1.10.2.jar:1.10.2]
	at org.junit.platform.launcher.core.EngineExecutionOrchestrator.execute(EngineExecutionOrchestrator.java:198) ~[junit-platform-launcher-1.10.2.jar:1.10.2]
	at org.junit.platform.launcher.core.EngineExecutionOrchestrator.execute(EngineExecutionOrchestrator.java:169) ~[junit-platform-launcher-1.10.2.jar:1.10.2]
	at org.junit.platform.launcher.core.EngineExecutionOrchestrator.execute(EngineExecutionOrchestrator.java:93) ~[junit-platform-launcher-1.10.2.jar:1.10.2]
	at org.junit.platform.launcher.core.EngineExecutionOrchestrator.lambda$execute$0(EngineExecutionOrchestrator.java:58) ~[junit-platform-launcher-1.10.2.jar:1.10.2]
	at org.junit.platform.launcher.core.EngineExecutionOrchestrator.withInterceptedStreams(EngineExecutionOrchestrator.java:141) ~[junit-platform-launcher-1.10.2.jar:1.10.2]
	at org.junit.platform.launcher.core.EngineExecutionOrchestrator.execute(EngineExecutionOrchestrator.java:57) ~[junit-platform-launcher-1.10.2.jar:1.10.2]
	at org.junit.platform.launcher.core.DefaultLauncher.execute(DefaultLauncher.java:103) ~[junit-platform-launcher-1.10.2.jar:1.10.2]
	at org.junit.platform.launcher.core.DefaultLauncher.execute(DefaultLauncher.java:85) ~[junit-platform-launcher-1.10.2.jar:1.10.2]
	at org.junit.platform.launcher.core.DelegatingLauncher.execute(DelegatingLauncher.java:47) ~[junit-platform-launcher-1.10.2.jar:1.10.2]
	at org.apache.maven.surefire.junitplatform.LazyLauncher.execute(LazyLauncher.java:56) ~[surefire-junit-platform-3.2.5.jar:3.2.5]
	at org.apache.maven.surefire.junitplatform.JUnitPlatformProvider.execute(JUnitPlatformProvider.java:184) ~[surefire-junit-platform-3.2.5.jar:3.2.5]
	at org.apache.maven.surefire.junitplatform.JUnitPlatformProvider.invokeAllTests(JUnitPlatformProvider.java:148) ~[surefire-junit-platform-3.2.5.jar:3.2.5]
	at org.apache.maven.surefire.junitplatform.JUnitPlatformProvider.invoke(JUnitPlatformProvider.java:122) ~[surefire-junit-platform-3.2.5.jar:3.2.5]
	at org.apache.maven.surefire.booter.ForkedBooter.runSuitesInProcess(ForkedBooter.java:385) ~[surefire-booter-3.2.5.jar:3.2.5]
	at org.apache.maven.surefire.booter.ForkedBooter.execute(ForkedBooter.java:162) ~[surefire-booter-3.2.5.jar:3.2.5]
	at org.apache.maven.surefire.booter.ForkedBooter.run(ForkedBooter.java:507) ~[surefire-booter-3.2.5.jar:3.2.5]
	at org.apache.maven.surefire.booter.ForkedBooter.main(ForkedBooter.java:495) ~[surefire-booter-3.2.5.jar:3.2.5]

2024-12-18T10:31:16.756+09:00 DEBUG 14335 --- [coupon-api] [           main] o.s.d.jpa.repository.query.NamedQuery    : Did not find named query UserCoupon.deleteExpiredCoupons.count
2024-12-18T10:31:16.756+09:00 DEBUG 14335 --- [coupon-api] [           main] tor$SharedEntityManagerInvocationHandler : Creating new EntityManager for shared EntityManager invocation
2024-12-18T10:31:16.763+09:00 DEBUG 14335 --- [coupon-api] [           main] org.hibernate.orm.query.hql              : HQL : DELETE FROM UserCoupon u WHERE u.couponState IN (:usedState, :timeoutState) AND u.changedDate < :ninetyDaysAgo
2024-12-18T10:31:16.770+09:00 DEBUG 14335 --- [coupon-api] [           main] org.hibernate.orm.query.sqm.creation     : Applying inferable type to SqmExpression [SqmNamedParameter(usedState)] : null -> SqmBasicValuedSimplePath(store.aurora.entity.UserCoupon(u).couponState)
2024-12-18T10:31:16.770+09:00 DEBUG 14335 --- [coupon-api] [           main] org.hibernate.orm.query.sqm.creation     : Applying inferable type to SqmExpression [SqmNamedParameter(timeoutState)] : null -> SqmBasicValuedSimplePath(store.aurora.entity.UserCoupon(u).couponState)
2024-12-18T10:31:16.770+09:00 DEBUG 14335 --- [coupon-api] [           main] org.hibernate.orm.query.sqm.creation     : Applying inferable type to SqmExpression [SqmNamedParameter(ninetyDaysAgo)] : null -> SqmBasicValuedSimplePath(store.aurora.entity.UserCoupon(u).changedDate)
2024-12-18T10:31:16.771+09:00 DEBUG 14335 --- [coupon-api] [           main] org.hibernate.orm.query.sqm.ast          : SqmStatement Tree :
    -> [delete]
      [target = store.aurora.entity.UserCoupon(u)]
      -> [where]
        -> [and]
          -> [LESS_THAN]
              -> [basic-path] - `store.aurora.entity.UserCoupon(u).changedDate`
              :ninetyDaysAgo
          <- [LESS_THAN]
        <- [and]
      <- [where]
    <- [delete]

2024-12-18T10:31:16.777+09:00 DEBUG 14335 --- [coupon-api] [           main] o.s.d.jpa.repository.query.NamedQuery    : Looking up named query UserCoupon.findByUserId
2024-12-18T10:31:16.777+09:00 DEBUG 14335 --- [coupon-api] [           main] cResourceLocalTransactionCoordinatorImpl : JDBC transaction marked for rollback-only (exception provided for stack trace)

java.lang.Exception: exception just for purpose of providing stack trace
	at org.hibernate.resource.transaction.backend.jdbc.internal.JdbcResourceLocalTransactionCoordinatorImpl$TransactionDriverControlImpl.markRollbackOnly(JdbcResourceLocalTransactionCoordinatorImpl.java:309) ~[hibernate-core-6.5.2.Final.jar:6.5.2.Final]
	at org.hibernate.internal.AbstractSharedSessionContract.buildNamedQuery(AbstractSharedSessionContract.java:1109) ~[hibernate-core-6.5.2.Final.jar:6.5.2.Final]
	at org.hibernate.internal.AbstractSharedSessionContract.createNamedQuery(AbstractSharedSessionContract.java:987) ~[hibernate-core-6.5.2.Final.jar:6.5.2.Final]
	at org.hibernate.internal.AbstractSharedSessionContract.createNamedQuery(AbstractSharedSessionContract.java:140) ~[hibernate-core-6.5.2.Final.jar:6.5.2.Final]
	at java.base/jdk.internal.reflect.DirectMethodHandleAccessor.invoke(DirectMethodHandleAccessor.java:103) ~[na:na]
	at java.base/java.lang.reflect.Method.invoke(Method.java:580) ~[na:na]
	at org.springframework.orm.jpa.ExtendedEntityManagerCreator$ExtendedEntityManagerInvocationHandler.invoke(ExtendedEntityManagerCreator.java:364) ~[spring-orm-6.1.8.jar:6.1.8]
	at jdk.proxy2/jdk.proxy2.$Proxy120.createNamedQuery(Unknown Source) ~[na:na]
	at org.springframework.data.jpa.repository.query.NamedQuery.hasNamedQuery(NamedQuery.java:112) ~[spring-data-jpa-3.3.0.jar:3.3.0]
	at org.springframework.data.jpa.repository.query.NamedQuery.lookupFrom(NamedQuery.java:138) ~[spring-data-jpa-3.3.0.jar:3.3.0]
	at org.springframework.data.jpa.repository.query.JpaQueryLookupStrategy$DeclaredQueryLookupStrategy.resolveQuery(JpaQueryLookupStrategy.java:180) ~[spring-data-jpa-3.3.0.jar:3.3.0]
	at org.springframework.data.jpa.repository.query.JpaQueryLookupStrategy$CreateIfNotFoundQueryLookupStrategy.resolveQuery(JpaQueryLookupStrategy.java:252) ~[spring-data-jpa-3.3.0.jar:3.3.0]
	at org.springframework.data.jpa.repository.query.JpaQueryLookupStrategy$AbstractQueryLookupStrategy.resolveQuery(JpaQueryLookupStrategy.java:95) ~[spring-data-jpa-3.3.0.jar:3.3.0]
	at org.springframework.data.repository.core.support.QueryExecutorMethodInterceptor.lookupQuery(QueryExecutorMethodInterceptor.java:111) ~[spring-data-commons-3.3.0.jar:3.3.0]
	at org.springframework.data.repository.core.support.QueryExecutorMethodInterceptor.mapMethodsToQuery(QueryExecutorMethodInterceptor.java:99) ~[spring-data-commons-3.3.0.jar:3.3.0]
	at org.springframework.data.repository.core.support.QueryExecutorMethodInterceptor.lambda$new$0(QueryExecutorMethodInterceptor.java:88) ~[spring-data-commons-3.3.0.jar:3.3.0]
	at java.base/java.util.Optional.map(Optional.java:260) ~[na:na]
	at org.springframework.data.repository.core.support.QueryExecutorMethodInterceptor.<init>(QueryExecutorMethodInterceptor.java:88) ~[spring-data-commons-3.3.0.jar:3.3.0]
	at org.springframework.data.repository.core.support.RepositoryFactorySupport.getRepository(RepositoryFactorySupport.java:357) ~[spring-data-commons-3.3.0.jar:3.3.0]
	at org.springframework.data.repository.core.support.RepositoryFactoryBeanSupport.lambda$afterPropertiesSet$5(RepositoryFactoryBeanSupport.java:286) ~[spring-data-commons-3.3.0.jar:3.3.0]
	at org.springframework.data.util.Lazy.getNullable(Lazy.java:135) ~[spring-data-commons-3.3.0.jar:3.3.0]
	at org.springframework.data.util.Lazy.get(Lazy.java:113) ~[spring-data-commons-3.3.0.jar:3.3.0]
	at org.springframework.data.repository.core.support.RepositoryFactoryBeanSupport.afterPropertiesSet(RepositoryFactoryBeanSupport.java:292) ~[spring-data-commons-3.3.0.jar:3.3.0]
	at org.springframework.data.jpa.repository.support.JpaRepositoryFactoryBean.afterPropertiesSet(JpaRepositoryFactoryBean.java:132) ~[spring-data-jpa-3.3.0.jar:3.3.0]
	at org.springframework.beans.factory.support.AbstractAutowireCapableBeanFactory.invokeInitMethods(AbstractAutowireCapableBeanFactory.java:1835) ~[spring-beans-6.1.8.jar:6.1.8]
	at org.springframework.beans.factory.support.AbstractAutowireCapableBeanFactory.initializeBean(AbstractAutowireCapableBeanFactory.java:1784) ~[spring-beans-6.1.8.jar:6.1.8]
	at org.springframework.beans.factory.support.AbstractAutowireCapableBeanFactory.doCreateBean(AbstractAutowireCapableBeanFactory.java:600) ~[spring-beans-6.1.8.jar:6.1.8]
	at org.springframework.beans.factory.support.AbstractAutowireCapableBeanFactory.createBean(AbstractAutowireCapableBeanFactory.java:522) ~[spring-beans-6.1.8.jar:6.1.8]
	at org.springframework.beans.factory.support.AbstractBeanFactory.lambda$doGetBean$0(AbstractBeanFactory.java:337) ~[spring-beans-6.1.8.jar:6.1.8]
	at org.springframework.beans.factory.support.DefaultSingletonBeanRegistry.getSingleton(DefaultSingletonBeanRegistry.java:234) ~[spring-beans-6.1.8.jar:6.1.8]
	at org.springframework.beans.factory.support.AbstractBeanFactory.doGetBean(AbstractBeanFactory.java:335) ~[spring-beans-6.1.8.jar:6.1.8]
	at org.springframework.beans.factory.support.AbstractBeanFactory.getBean(AbstractBeanFactory.java:200) ~[spring-beans-6.1.8.jar:6.1.8]
	at org.springframework.beans.factory.support.DefaultListableBeanFactory.preInstantiateSingletons(DefaultListableBeanFactory.java:969) ~[spring-beans-6.1.8.jar:6.1.8]
	at org.springframework.context.support.AbstractApplicationContext.finishBeanFactoryInitialization(AbstractApplicationContext.java:962) ~[spring-context-6.1.8.jar:6.1.8]
	at org.springframework.context.support.AbstractApplicationContext.refresh(AbstractApplicationContext.java:624) ~[spring-context-6.1.8.jar:6.1.8]
	at org.springframework.boot.SpringApplication.refresh(SpringApplication.java:754) ~[spring-boot-3.3.0.jar:3.3.0]
	at org.springframework.boot.SpringApplication.refreshContext(SpringApplication.java:456) ~[spring-boot-3.3.0.jar:3.3.0]
	at org.springframework.boot.SpringApplication.run(SpringApplication.java:335) ~[spring-boot-3.3.0.jar:3.3.0]
	at org.springframework.boot.test.context.SpringBootContextLoader.lambda$loadContext$3(SpringBootContextLoader.java:137) ~[spring-boot-test-3.3.0.jar:3.3.0]
	at org.springframework.util.function.ThrowingSupplier.get(ThrowingSupplier.java:58) ~[spring-core-6.1.8.jar:6.1.8]
	at org.springframework.util.function.ThrowingSupplier.get(ThrowingSupplier.java:46) ~[spring-core-6.1.8.jar:6.1.8]
	at org.springframework.boot.SpringApplication.withHook(SpringApplication.java:1463) ~[spring-boot-3.3.0.jar:3.3.0]
	at org.springframework.boot.test.context.SpringBootContextLoader$ContextLoaderHook.run(SpringBootContextLoader.java:553) ~[spring-boot-test-3.3.0.jar:3.3.0]
	at org.springframework.boot.test.context.SpringBootContextLoader.loadContext(SpringBootContextLoader.java:137) ~[spring-boot-test-3.3.0.jar:3.3.0]
	at org.springframework.boot.test.context.SpringBootContextLoader.loadContext(SpringBootContextLoader.java:108) ~[spring-boot-test-3.3.0.jar:3.3.0]
	at org.springframework.test.context.cache.DefaultCacheAwareContextLoaderDelegate.loadContextInternal(DefaultCacheAwareContextLoaderDelegate.java:225) ~[spring-test-6.1.8.jar:6.1.8]
	at org.springframework.test.context.cache.DefaultCacheAwareContextLoaderDelegate.loadContext(DefaultCacheAwareContextLoaderDelegate.java:152) ~[spring-test-6.1.8.jar:6.1.8]
	at org.springframework.test.context.support.DefaultTestContext.getApplicationContext(DefaultTestContext.java:130) ~[spring-test-6.1.8.jar:6.1.8]
	at org.springframework.test.context.support.DependencyInjectionTestExecutionListener.injectDependencies(DependencyInjectionTestExecutionListener.java:142) ~[spring-test-6.1.8.jar:6.1.8]
	at org.springframework.test.context.support.DependencyInjectionTestExecutionListener.prepareTestInstance(DependencyInjectionTestExecutionListener.java:98) ~[spring-test-6.1.8.jar:6.1.8]
	at org.springframework.test.context.TestContextManager.prepareTestInstance(TestContextManager.java:260) ~[spring-test-6.1.8.jar:6.1.8]
	at org.springframework.test.context.junit.jupiter.SpringExtension.postProcessTestInstance(SpringExtension.java:163) ~[spring-test-6.1.8.jar:6.1.8]
	at org.junit.jupiter.engine.descriptor.ClassBasedTestDescriptor.lambda$invokeTestInstancePostProcessors$10(ClassBasedTestDescriptor.java:378) ~[junit-jupiter-engine-5.10.2.jar:5.10.2]
	at org.junit.jupiter.engine.descriptor.ClassBasedTestDescriptor.executeAndMaskThrowable(ClassBasedTestDescriptor.java:383) ~[junit-jupiter-engine-5.10.2.jar:5.10.2]
	at org.junit.jupiter.engine.descriptor.ClassBasedTestDescriptor.lambda$invokeTestInstancePostProcessors$11(ClassBasedTestDescriptor.java:378) ~[junit-jupiter-engine-5.10.2.jar:5.10.2]
	at java.base/java.util.stream.ReferencePipeline$3$1.accept(ReferencePipeline.java:197) ~[na:na]
	at java.base/java.util.stream.ReferencePipeline$2$1.accept(ReferencePipeline.java:179) ~[na:na]
	at java.base/java.util.ArrayList$ArrayListSpliterator.forEachRemaining(ArrayList.java:1708) ~[na:na]
	at java.base/java.util.stream.AbstractPipeline.copyInto(AbstractPipeline.java:509) ~[na:na]
	at java.base/java.util.stream.AbstractPipeline.wrapAndCopyInto(AbstractPipeline.java:499) ~[na:na]
	at java.base/java.util.stream.StreamSpliterators$WrappingSpliterator.forEachRemaining(StreamSpliterators.java:310) ~[na:na]
	at java.base/java.util.stream.Streams$ConcatSpliterator.forEachRemaining(Streams.java:735) ~[na:na]
	at java.base/java.util.stream.Streams$ConcatSpliterator.forEachRemaining(Streams.java:734) ~[na:na]
	at java.base/java.util.stream.ReferencePipeline$Head.forEach(ReferencePipeline.java:762) ~[na:na]
	at org.junit.jupiter.engine.descriptor.ClassBasedTestDescriptor.invokeTestInstancePostProcessors(ClassBasedTestDescriptor.java:377) ~[junit-jupiter-engine-5.10.2.jar:5.10.2]
	at org.junit.jupiter.engine.descriptor.ClassBasedTestDescriptor.lambda$instantiateAndPostProcessTestInstance$6(ClassBasedTestDescriptor.java:290) ~[junit-jupiter-engine-5.10.2.jar:5.10.2]
	at org.junit.platform.engine.support.hierarchical.ThrowableCollector.execute(ThrowableCollector.java:73) ~[junit-platform-engine-1.10.2.jar:1.10.2]
	at org.junit.jupiter.engine.descriptor.ClassBasedTestDescriptor.instantiateAndPostProcessTestInstance(ClassBasedTestDescriptor.java:289) ~[junit-jupiter-engine-5.10.2.jar:5.10.2]
	at org.junit.jupiter.engine.descriptor.ClassBasedTestDescriptor.lambda$testInstancesProvider$4(ClassBasedTestDescriptor.java:279) ~[junit-jupiter-engine-5.10.2.jar:5.10.2]
	at java.base/java.util.Optional.orElseGet(Optional.java:364) ~[na:na]
	at org.junit.jupiter.engine.descriptor.ClassBasedTestDescriptor.lambda$testInstancesProvider$5(ClassBasedTestDescriptor.java:278) ~[junit-jupiter-engine-5.10.2.jar:5.10.2]
	at org.junit.jupiter.engine.execution.TestInstancesProvider.getTestInstances(TestInstancesProvider.java:31) ~[junit-jupiter-engine-5.10.2.jar:5.10.2]
	at org.junit.jupiter.engine.descriptor.TestMethodTestDescriptor.lambda$prepare$0(TestMethodTestDescriptor.java:106) ~[junit-jupiter-engine-5.10.2.jar:5.10.2]
	at org.junit.platform.engine.support.hierarchical.ThrowableCollector.execute(ThrowableCollector.java:73) ~[junit-platform-engine-1.10.2.jar:1.10.2]
	at org.junit.jupiter.engine.descriptor.TestMethodTestDescriptor.prepare(TestMethodTestDescriptor.java:105) ~[junit-jupiter-engine-5.10.2.jar:5.10.2]
	at org.junit.jupiter.engine.descriptor.TestMethodTestDescriptor.prepare(TestMethodTestDescriptor.java:69) ~[junit-jupiter-engine-5.10.2.jar:5.10.2]
	at org.junit.platform.engine.support.hierarchical.NodeTestTask.lambda$prepare$2(NodeTestTask.java:123) ~[junit-platform-engine-1.10.2.jar:1.10.2]
	at org.junit.platform.engine.support.hierarchical.ThrowableCollector.execute(ThrowableCollector.java:73) ~[junit-platform-engine-1.10.2.jar:1.10.2]
	at org.junit.platform.engine.support.hierarchical.NodeTestTask.prepare(NodeTestTask.java:123) ~[junit-platform-engine-1.10.2.jar:1.10.2]
	at org.junit.platform.engine.support.hierarchical.NodeTestTask.execute(NodeTestTask.java:90) ~[junit-platform-engine-1.10.2.jar:1.10.2]
	at java.base/java.util.ArrayList.forEach(ArrayList.java:1596) ~[na:na]
	at org.junit.platform.engine.support.hierarchical.SameThreadHierarchicalTestExecutorService.invokeAll(SameThreadHierarchicalTestExecutorService.java:41) ~[junit-platform-engine-1.10.2.jar:1.10.2]
	at org.junit.platform.engine.support.hierarchical.NodeTestTask.lambda$executeRecursively$6(NodeTestTask.java:155) ~[junit-platform-engine-1.10.2.jar:1.10.2]
	at org.junit.platform.engine.support.hierarchical.ThrowableCollector.execute(ThrowableCollector.java:73) ~[junit-platform-engine-1.10.2.jar:1.10.2]
	at org.junit.platform.engine.support.hierarchical.NodeTestTask.lambda$executeRecursively$8(NodeTestTask.java:141) ~[junit-platform-engine-1.10.2.jar:1.10.2]
	at org.junit.platform.engine.support.hierarchical.Node.around(Node.java:137) ~[junit-platform-engine-1.10.2.jar:1.10.2]
	at org.junit.platform.engine.support.hierarchical.NodeTestTask.lambda$executeRecursively$9(NodeTestTask.java:139) ~[junit-platform-engine-1.10.2.jar:1.10.2]
	at org.junit.platform.engine.support.hierarchical.ThrowableCollector.execute(ThrowableCollector.java:73) ~[junit-platform-engine-1.10.2.jar:1.10.2]
	at org.junit.platform.engine.support.hierarchical.NodeTestTask.executeRecursively(NodeTestTask.java:138) ~[junit-platform-engine-1.10.2.jar:1.10.2]
	at org.junit.platform.engine.support.hierarchical.NodeTestTask.execute(NodeTestTask.java:95) ~[junit-platform-engine-1.10.2.jar:1.10.2]
	at java.base/java.util.ArrayList.forEach(ArrayList.java:1596) ~[na:na]
	at org.junit.platform.engine.support.hierarchical.SameThreadHierarchicalTestExecutorService.invokeAll(SameThreadHierarchicalTestExecutorService.java:41) ~[junit-platform-engine-1.10.2.jar:1.10.2]
	at org.junit.platform.engine.support.hierarchical.NodeTestTask.lambda$executeRecursively$6(NodeTestTask.java:155) ~[junit-platform-engine-1.10.2.jar:1.10.2]
	at org.junit.platform.engine.support.hierarchical.ThrowableCollector.execute(ThrowableCollector.java:73) ~[junit-platform-engine-1.10.2.jar:1.10.2]
	at org.junit.platform.engine.support.hierarchical.NodeTestTask.lambda$executeRecursively$8(NodeTestTask.java:141) ~[junit-platform-engine-1.10.2.jar:1.10.2]
	at org.junit.platform.engine.support.hierarchical.Node.around(Node.java:137) ~[junit-platform-engine-1.10.2.jar:1.10.2]
	at org.junit.platform.engine.support.hierarchical.NodeTestTask.lambda$executeRecursively$9(NodeTestTask.java:139) ~[junit-platform-engine-1.10.2.jar:1.10.2]
	at org.junit.platform.engine.support.hierarchical.ThrowableCollector.execute(ThrowableCollector.java:73) ~[junit-platform-engine-1.10.2.jar:1.10.2]
	at org.junit.platform.engine.support.hierarchical.NodeTestTask.executeRecursively(NodeTestTask.java:138) ~[junit-platform-engine-1.10.2.jar:1.10.2]
	at org.junit.platform.engine.support.hierarchical.NodeTestTask.execute(NodeTestTask.java:95) ~[junit-platform-engine-1.10.2.jar:1.10.2]
	at org.junit.platform.engine.support.hierarchical.SameThreadHierarchicalTestExecutorService.submit(SameThreadHierarchicalTestExecutorService.java:35) ~[junit-platform-engine-1.10.2.jar:1.10.2]
	at org.junit.platform.engine.support.hierarchical.HierarchicalTestExecutor.execute(HierarchicalTestExecutor.java:57) ~[junit-platform-engine-1.10.2.jar:1.10.2]
	at org.junit.platform.engine.support.hierarchical.HierarchicalTestEngine.execute(HierarchicalTestEngine.java:54) ~[junit-platform-engine-1.10.2.jar:1.10.2]
	at org.junit.platform.launcher.core.EngineExecutionOrchestrator.execute(EngineExecutionOrchestrator.java:198) ~[junit-platform-launcher-1.10.2.jar:1.10.2]
	at org.junit.platform.launcher.core.EngineExecutionOrchestrator.execute(EngineExecutionOrchestrator.java:169) ~[junit-platform-launcher-1.10.2.jar:1.10.2]
	at org.junit.platform.launcher.core.EngineExecutionOrchestrator.execute(EngineExecutionOrchestrator.java:93) ~[junit-platform-launcher-1.10.2.jar:1.10.2]
	at org.junit.platform.launcher.core.EngineExecutionOrchestrator.lambda$execute$0(EngineExecutionOrchestrator.java:58) ~[junit-platform-launcher-1.10.2.jar:1.10.2]
	at org.junit.platform.launcher.core.EngineExecutionOrchestrator.withInterceptedStreams(EngineExecutionOrchestrator.java:141) ~[junit-platform-launcher-1.10.2.jar:1.10.2]
	at org.junit.platform.launcher.core.EngineExecutionOrchestrator.execute(EngineExecutionOrchestrator.java:57) ~[junit-platform-launcher-1.10.2.jar:1.10.2]
	at org.junit.platform.launcher.core.DefaultLauncher.execute(DefaultLauncher.java:103) ~[junit-platform-launcher-1.10.2.jar:1.10.2]
	at org.junit.platform.launcher.core.DefaultLauncher.execute(DefaultLauncher.java:85) ~[junit-platform-launcher-1.10.2.jar:1.10.2]
	at org.junit.platform.launcher.core.DelegatingLauncher.execute(DelegatingLauncher.java:47) ~[junit-platform-launcher-1.10.2.jar:1.10.2]
	at org.apache.maven.surefire.junitplatform.LazyLauncher.execute(LazyLauncher.java:56) ~[surefire-junit-platform-3.2.5.jar:3.2.5]
	at org.apache.maven.surefire.junitplatform.JUnitPlatformProvider.execute(JUnitPlatformProvider.java:184) ~[surefire-junit-platform-3.2.5.jar:3.2.5]
	at org.apache.maven.surefire.junitplatform.JUnitPlatformProvider.invokeAllTests(JUnitPlatformProvider.java:148) ~[surefire-junit-platform-3.2.5.jar:3.2.5]
	at org.apache.maven.surefire.junitplatform.JUnitPlatformProvider.invoke(JUnitPlatformProvider.java:122) ~[surefire-junit-platform-3.2.5.jar:3.2.5]
	at org.apache.maven.surefire.booter.ForkedBooter.runSuitesInProcess(ForkedBooter.java:385) ~[surefire-booter-3.2.5.jar:3.2.5]
	at org.apache.maven.surefire.booter.ForkedBooter.execute(ForkedBooter.java:162) ~[surefire-booter-3.2.5.jar:3.2.5]
	at org.apache.maven.surefire.booter.ForkedBooter.run(ForkedBooter.java:507) ~[surefire-booter-3.2.5.jar:3.2.5]
	at org.apache.maven.surefire.booter.ForkedBooter.main(ForkedBooter.java:495) ~[surefire-booter-3.2.5.jar:3.2.5]

2024-12-18T10:31:16.780+09:00 DEBUG 14335 --- [coupon-api] [           main] o.s.d.jpa.repository.query.NamedQuery    : Did not find named query UserCoupon.findByUserId
2024-12-18T10:31:16.782+09:00 DEBUG 14335 --- [coupon-api] [           main] tor$SharedEntityManagerInvocationHandler : Creating new EntityManager for shared EntityManager invocation
2024-12-18T10:31:16.810+09:00 DEBUG 14335 --- [coupon-api] [           main] o.s.d.jpa.repository.query.NamedQuery    : Looking up named query UserCoupon.findByUserIdIn
2024-12-18T10:31:16.811+09:00 DEBUG 14335 --- [coupon-api] [           main] cResourceLocalTransactionCoordinatorImpl : JDBC transaction marked for rollback-only (exception provided for stack trace)

java.lang.Exception: exception just for purpose of providing stack trace
	at org.hibernate.resource.transaction.backend.jdbc.internal.JdbcResourceLocalTransactionCoordinatorImpl$TransactionDriverControlImpl.markRollbackOnly(JdbcResourceLocalTransactionCoordinatorImpl.java:309) ~[hibernate-core-6.5.2.Final.jar:6.5.2.Final]
	at org.hibernate.internal.AbstractSharedSessionContract.buildNamedQuery(AbstractSharedSessionContract.java:1109) ~[hibernate-core-6.5.2.Final.jar:6.5.2.Final]
	at org.hibernate.internal.AbstractSharedSessionContract.createNamedQuery(AbstractSharedSessionContract.java:987) ~[hibernate-core-6.5.2.Final.jar:6.5.2.Final]
	at org.hibernate.internal.AbstractSharedSessionContract.createNamedQuery(AbstractSharedSessionContract.java:140) ~[hibernate-core-6.5.2.Final.jar:6.5.2.Final]
	at java.base/jdk.internal.reflect.DirectMethodHandleAccessor.invoke(DirectMethodHandleAccessor.java:103) ~[na:na]
	at java.base/java.lang.reflect.Method.invoke(Method.java:580) ~[na:na]
	at org.springframework.orm.jpa.ExtendedEntityManagerCreator$ExtendedEntityManagerInvocationHandler.invoke(ExtendedEntityManagerCreator.java:364) ~[spring-orm-6.1.8.jar:6.1.8]
	at jdk.proxy2/jdk.proxy2.$Proxy120.createNamedQuery(Unknown Source) ~[na:na]
	at org.springframework.data.jpa.repository.query.NamedQuery.hasNamedQuery(NamedQuery.java:112) ~[spring-data-jpa-3.3.0.jar:3.3.0]
	at org.springframework.data.jpa.repository.query.NamedQuery.lookupFrom(NamedQuery.java:138) ~[spring-data-jpa-3.3.0.jar:3.3.0]
	at org.springframework.data.jpa.repository.query.JpaQueryLookupStrategy$DeclaredQueryLookupStrategy.resolveQuery(JpaQueryLookupStrategy.java:180) ~[spring-data-jpa-3.3.0.jar:3.3.0]
	at org.springframework.data.jpa.repository.query.JpaQueryLookupStrategy$CreateIfNotFoundQueryLookupStrategy.resolveQuery(JpaQueryLookupStrategy.java:252) ~[spring-data-jpa-3.3.0.jar:3.3.0]
	at org.springframework.data.jpa.repository.query.JpaQueryLookupStrategy$AbstractQueryLookupStrategy.resolveQuery(JpaQueryLookupStrategy.java:95) ~[spring-data-jpa-3.3.0.jar:3.3.0]
	at org.springframework.data.repository.core.support.QueryExecutorMethodInterceptor.lookupQuery(QueryExecutorMethodInterceptor.java:111) ~[spring-data-commons-3.3.0.jar:3.3.0]
	at org.springframework.data.repository.core.support.QueryExecutorMethodInterceptor.mapMethodsToQuery(QueryExecutorMethodInterceptor.java:99) ~[spring-data-commons-3.3.0.jar:3.3.0]
	at org.springframework.data.repository.core.support.QueryExecutorMethodInterceptor.lambda$new$0(QueryExecutorMethodInterceptor.java:88) ~[spring-data-commons-3.3.0.jar:3.3.0]
	at java.base/java.util.Optional.map(Optional.java:260) ~[na:na]
	at org.springframework.data.repository.core.support.QueryExecutorMethodInterceptor.<init>(QueryExecutorMethodInterceptor.java:88) ~[spring-data-commons-3.3.0.jar:3.3.0]
	at org.springframework.data.repository.core.support.RepositoryFactorySupport.getRepository(RepositoryFactorySupport.java:357) ~[spring-data-commons-3.3.0.jar:3.3.0]
	at org.springframework.data.repository.core.support.RepositoryFactoryBeanSupport.lambda$afterPropertiesSet$5(RepositoryFactoryBeanSupport.java:286) ~[spring-data-commons-3.3.0.jar:3.3.0]
	at org.springframework.data.util.Lazy.getNullable(Lazy.java:135) ~[spring-data-commons-3.3.0.jar:3.3.0]
	at org.springframework.data.util.Lazy.get(Lazy.java:113) ~[spring-data-commons-3.3.0.jar:3.3.0]
	at org.springframework.data.repository.core.support.RepositoryFactoryBeanSupport.afterPropertiesSet(RepositoryFactoryBeanSupport.java:292) ~[spring-data-commons-3.3.0.jar:3.3.0]
	at org.springframework.data.jpa.repository.support.JpaRepositoryFactoryBean.afterPropertiesSet(JpaRepositoryFactoryBean.java:132) ~[spring-data-jpa-3.3.0.jar:3.3.0]
	at org.springframework.beans.factory.support.AbstractAutowireCapableBeanFactory.invokeInitMethods(AbstractAutowireCapableBeanFactory.java:1835) ~[spring-beans-6.1.8.jar:6.1.8]
	at org.springframework.beans.factory.support.AbstractAutowireCapableBeanFactory.initializeBean(AbstractAutowireCapableBeanFactory.java:1784) ~[spring-beans-6.1.8.jar:6.1.8]
	at org.springframework.beans.factory.support.AbstractAutowireCapableBeanFactory.doCreateBean(AbstractAutowireCapableBeanFactory.java:600) ~[spring-beans-6.1.8.jar:6.1.8]
	at org.springframework.beans.factory.support.AbstractAutowireCapableBeanFactory.createBean(AbstractAutowireCapableBeanFactory.java:522) ~[spring-beans-6.1.8.jar:6.1.8]
	at org.springframework.beans.factory.support.AbstractBeanFactory.lambda$doGetBean$0(AbstractBeanFactory.java:337) ~[spring-beans-6.1.8.jar:6.1.8]
	at org.springframework.beans.factory.support.DefaultSingletonBeanRegistry.getSingleton(DefaultSingletonBeanRegistry.java:234) ~[spring-beans-6.1.8.jar:6.1.8]
	at org.springframework.beans.factory.support.AbstractBeanFactory.doGetBean(AbstractBeanFactory.java:335) ~[spring-beans-6.1.8.jar:6.1.8]
	at org.springframework.beans.factory.support.AbstractBeanFactory.getBean(AbstractBeanFactory.java:200) ~[spring-beans-6.1.8.jar:6.1.8]
	at org.springframework.beans.factory.support.DefaultListableBeanFactory.preInstantiateSingletons(DefaultListableBeanFactory.java:969) ~[spring-beans-6.1.8.jar:6.1.8]
	at org.springframework.context.support.AbstractApplicationContext.finishBeanFactoryInitialization(AbstractApplicationContext.java:962) ~[spring-context-6.1.8.jar:6.1.8]
	at org.springframework.context.support.AbstractApplicationContext.refresh(AbstractApplicationContext.java:624) ~[spring-context-6.1.8.jar:6.1.8]
	at org.springframework.boot.SpringApplication.refresh(SpringApplication.java:754) ~[spring-boot-3.3.0.jar:3.3.0]
	at org.springframework.boot.SpringApplication.refreshContext(SpringApplication.java:456) ~[spring-boot-3.3.0.jar:3.3.0]
	at org.springframework.boot.SpringApplication.run(SpringApplication.java:335) ~[spring-boot-3.3.0.jar:3.3.0]
	at org.springframework.boot.test.context.SpringBootContextLoader.lambda$loadContext$3(SpringBootContextLoader.java:137) ~[spring-boot-test-3.3.0.jar:3.3.0]
	at org.springframework.util.function.ThrowingSupplier.get(ThrowingSupplier.java:58) ~[spring-core-6.1.8.jar:6.1.8]
	at org.springframework.util.function.ThrowingSupplier.get(ThrowingSupplier.java:46) ~[spring-core-6.1.8.jar:6.1.8]
	at org.springframework.boot.SpringApplication.withHook(SpringApplication.java:1463) ~[spring-boot-3.3.0.jar:3.3.0]
	at org.springframework.boot.test.context.SpringBootContextLoader$ContextLoaderHook.run(SpringBootContextLoader.java:553) ~[spring-boot-test-3.3.0.jar:3.3.0]
	at org.springframework.boot.test.context.SpringBootContextLoader.loadContext(SpringBootContextLoader.java:137) ~[spring-boot-test-3.3.0.jar:3.3.0]
	at org.springframework.boot.test.context.SpringBootContextLoader.loadContext(SpringBootContextLoader.java:108) ~[spring-boot-test-3.3.0.jar:3.3.0]
	at org.springframework.test.context.cache.DefaultCacheAwareContextLoaderDelegate.loadContextInternal(DefaultCacheAwareContextLoaderDelegate.java:225) ~[spring-test-6.1.8.jar:6.1.8]
	at org.springframework.test.context.cache.DefaultCacheAwareContextLoaderDelegate.loadContext(DefaultCacheAwareContextLoaderDelegate.java:152) ~[spring-test-6.1.8.jar:6.1.8]
	at org.springframework.test.context.support.DefaultTestContext.getApplicationContext(DefaultTestContext.java:130) ~[spring-test-6.1.8.jar:6.1.8]
	at org.springframework.test.context.support.DependencyInjectionTestExecutionListener.injectDependencies(DependencyInjectionTestExecutionListener.java:142) ~[spring-test-6.1.8.jar:6.1.8]
	at org.springframework.test.context.support.DependencyInjectionTestExecutionListener.prepareTestInstance(DependencyInjectionTestExecutionListener.java:98) ~[spring-test-6.1.8.jar:6.1.8]
	at org.springframework.test.context.TestContextManager.prepareTestInstance(TestContextManager.java:260) ~[spring-test-6.1.8.jar:6.1.8]
	at org.springframework.test.context.junit.jupiter.SpringExtension.postProcessTestInstance(SpringExtension.java:163) ~[spring-test-6.1.8.jar:6.1.8]
	at org.junit.jupiter.engine.descriptor.ClassBasedTestDescriptor.lambda$invokeTestInstancePostProcessors$10(ClassBasedTestDescriptor.java:378) ~[junit-jupiter-engine-5.10.2.jar:5.10.2]
	at org.junit.jupiter.engine.descriptor.ClassBasedTestDescriptor.executeAndMaskThrowable(ClassBasedTestDescriptor.java:383) ~[junit-jupiter-engine-5.10.2.jar:5.10.2]
	at org.junit.jupiter.engine.descriptor.ClassBasedTestDescriptor.lambda$invokeTestInstancePostProcessors$11(ClassBasedTestDescriptor.java:378) ~[junit-jupiter-engine-5.10.2.jar:5.10.2]
	at java.base/java.util.stream.ReferencePipeline$3$1.accept(ReferencePipeline.java:197) ~[na:na]
	at java.base/java.util.stream.ReferencePipeline$2$1.accept(ReferencePipeline.java:179) ~[na:na]
	at java.base/java.util.ArrayList$ArrayListSpliterator.forEachRemaining(ArrayList.java:1708) ~[na:na]
	at java.base/java.util.stream.AbstractPipeline.copyInto(AbstractPipeline.java:509) ~[na:na]
	at java.base/java.util.stream.AbstractPipeline.wrapAndCopyInto(AbstractPipeline.java:499) ~[na:na]
	at java.base/java.util.stream.StreamSpliterators$WrappingSpliterator.forEachRemaining(StreamSpliterators.java:310) ~[na:na]
	at java.base/java.util.stream.Streams$ConcatSpliterator.forEachRemaining(Streams.java:735) ~[na:na]
	at java.base/java.util.stream.Streams$ConcatSpliterator.forEachRemaining(Streams.java:734) ~[na:na]
	at java.base/java.util.stream.ReferencePipeline$Head.forEach(ReferencePipeline.java:762) ~[na:na]
	at org.junit.jupiter.engine.descriptor.ClassBasedTestDescriptor.invokeTestInstancePostProcessors(ClassBasedTestDescriptor.java:377) ~[junit-jupiter-engine-5.10.2.jar:5.10.2]
	at org.junit.jupiter.engine.descriptor.ClassBasedTestDescriptor.lambda$instantiateAndPostProcessTestInstance$6(ClassBasedTestDescriptor.java:290) ~[junit-jupiter-engine-5.10.2.jar:5.10.2]
	at org.junit.platform.engine.support.hierarchical.ThrowableCollector.execute(ThrowableCollector.java:73) ~[junit-platform-engine-1.10.2.jar:1.10.2]
	at org.junit.jupiter.engine.descriptor.ClassBasedTestDescriptor.instantiateAndPostProcessTestInstance(ClassBasedTestDescriptor.java:289) ~[junit-jupiter-engine-5.10.2.jar:5.10.2]
	at org.junit.jupiter.engine.descriptor.ClassBasedTestDescriptor.lambda$testInstancesProvider$4(ClassBasedTestDescriptor.java:279) ~[junit-jupiter-engine-5.10.2.jar:5.10.2]
	at java.base/java.util.Optional.orElseGet(Optional.java:364) ~[na:na]
	at org.junit.jupiter.engine.descriptor.ClassBasedTestDescriptor.lambda$testInstancesProvider$5(ClassBasedTestDescriptor.java:278) ~[junit-jupiter-engine-5.10.2.jar:5.10.2]
	at org.junit.jupiter.engine.execution.TestInstancesProvider.getTestInstances(TestInstancesProvider.java:31) ~[junit-jupiter-engine-5.10.2.jar:5.10.2]
	at org.junit.jupiter.engine.descriptor.TestMethodTestDescriptor.lambda$prepare$0(TestMethodTestDescriptor.java:106) ~[junit-jupiter-engine-5.10.2.jar:5.10.2]
	at org.junit.platform.engine.support.hierarchical.ThrowableCollector.execute(ThrowableCollector.java:73) ~[junit-platform-engine-1.10.2.jar:1.10.2]
	at org.junit.jupiter.engine.descriptor.TestMethodTestDescriptor.prepare(TestMethodTestDescriptor.java:105) ~[junit-jupiter-engine-5.10.2.jar:5.10.2]
	at org.junit.jupiter.engine.descriptor.TestMethodTestDescriptor.prepare(TestMethodTestDescriptor.java:69) ~[junit-jupiter-engine-5.10.2.jar:5.10.2]
	at org.junit.platform.engine.support.hierarchical.NodeTestTask.lambda$prepare$2(NodeTestTask.java:123) ~[junit-platform-engine-1.10.2.jar:1.10.2]
	at org.junit.platform.engine.support.hierarchical.ThrowableCollector.execute(ThrowableCollector.java:73) ~[junit-platform-engine-1.10.2.jar:1.10.2]
	at org.junit.platform.engine.support.hierarchical.NodeTestTask.prepare(NodeTestTask.java:123) ~[junit-platform-engine-1.10.2.jar:1.10.2]
	at org.junit.platform.engine.support.hierarchical.NodeTestTask.execute(NodeTestTask.java:90) ~[junit-platform-engine-1.10.2.jar:1.10.2]
	at java.base/java.util.ArrayList.forEach(ArrayList.java:1596) ~[na:na]
	at org.junit.platform.engine.support.hierarchical.SameThreadHierarchicalTestExecutorService.invokeAll(SameThreadHierarchicalTestExecutorService.java:41) ~[junit-platform-engine-1.10.2.jar:1.10.2]
	at org.junit.platform.engine.support.hierarchical.NodeTestTask.lambda$executeRecursively$6(NodeTestTask.java:155) ~[junit-platform-engine-1.10.2.jar:1.10.2]
	at org.junit.platform.engine.support.hierarchical.ThrowableCollector.execute(ThrowableCollector.java:73) ~[junit-platform-engine-1.10.2.jar:1.10.2]
	at org.junit.platform.engine.support.hierarchical.NodeTestTask.lambda$executeRecursively$8(NodeTestTask.java:141) ~[junit-platform-engine-1.10.2.jar:1.10.2]
	at org.junit.platform.engine.support.hierarchical.Node.around(Node.java:137) ~[junit-platform-engine-1.10.2.jar:1.10.2]
	at org.junit.platform.engine.support.hierarchical.NodeTestTask.lambda$executeRecursively$9(NodeTestTask.java:139) ~[junit-platform-engine-1.10.2.jar:1.10.2]
	at org.junit.platform.engine.support.hierarchical.ThrowableCollector.execute(ThrowableCollector.java:73) ~[junit-platform-engine-1.10.2.jar:1.10.2]
	at org.junit.platform.engine.support.hierarchical.NodeTestTask.executeRecursively(NodeTestTask.java:138) ~[junit-platform-engine-1.10.2.jar:1.10.2]
	at org.junit.platform.engine.support.hierarchical.NodeTestTask.execute(NodeTestTask.java:95) ~[junit-platform-engine-1.10.2.jar:1.10.2]
	at java.base/java.util.ArrayList.forEach(ArrayList.java:1596) ~[na:na]
	at org.junit.platform.engine.support.hierarchical.SameThreadHierarchicalTestExecutorService.invokeAll(SameThreadHierarchicalTestExecutorService.java:41) ~[junit-platform-engine-1.10.2.jar:1.10.2]
	at org.junit.platform.engine.support.hierarchical.NodeTestTask.lambda$executeRecursively$6(NodeTestTask.java:155) ~[junit-platform-engine-1.10.2.jar:1.10.2]
	at org.junit.platform.engine.support.hierarchical.ThrowableCollector.execute(ThrowableCollector.java:73) ~[junit-platform-engine-1.10.2.jar:1.10.2]
	at org.junit.platform.engine.support.hierarchical.NodeTestTask.lambda$executeRecursively$8(NodeTestTask.java:141) ~[junit-platform-engine-1.10.2.jar:1.10.2]
	at org.junit.platform.engine.support.hierarchical.Node.around(Node.java:137) ~[junit-platform-engine-1.10.2.jar:1.10.2]
	at org.junit.platform.engine.support.hierarchical.NodeTestTask.lambda$executeRecursively$9(NodeTestTask.java:139) ~[junit-platform-engine-1.10.2.jar:1.10.2]
	at org.junit.platform.engine.support.hierarchical.ThrowableCollector.execute(ThrowableCollector.java:73) ~[junit-platform-engine-1.10.2.jar:1.10.2]
	at org.junit.platform.engine.support.hierarchical.NodeTestTask.executeRecursively(NodeTestTask.java:138) ~[junit-platform-engine-1.10.2.jar:1.10.2]
	at org.junit.platform.engine.support.hierarchical.NodeTestTask.execute(NodeTestTask.java:95) ~[junit-platform-engine-1.10.2.jar:1.10.2]
	at org.junit.platform.engine.support.hierarchical.SameThreadHierarchicalTestExecutorService.submit(SameThreadHierarchicalTestExecutorService.java:35) ~[junit-platform-engine-1.10.2.jar:1.10.2]
	at org.junit.platform.engine.support.hierarchical.HierarchicalTestExecutor.execute(HierarchicalTestExecutor.java:57) ~[junit-platform-engine-1.10.2.jar:1.10.2]
	at org.junit.platform.engine.support.hierarchical.HierarchicalTestEngine.execute(HierarchicalTestEngine.java:54) ~[junit-platform-engine-1.10.2.jar:1.10.2]
	at org.junit.platform.launcher.core.EngineExecutionOrchestrator.execute(EngineExecutionOrchestrator.java:198) ~[junit-platform-launcher-1.10.2.jar:1.10.2]
	at org.junit.platform.launcher.core.EngineExecutionOrchestrator.execute(EngineExecutionOrchestrator.java:169) ~[junit-platform-launcher-1.10.2.jar:1.10.2]
	at org.junit.platform.launcher.core.EngineExecutionOrchestrator.execute(EngineExecutionOrchestrator.java:93) ~[junit-platform-launcher-1.10.2.jar:1.10.2]
	at org.junit.platform.launcher.core.EngineExecutionOrchestrator.lambda$execute$0(EngineExecutionOrchestrator.java:58) ~[junit-platform-launcher-1.10.2.jar:1.10.2]
	at org.junit.platform.launcher.core.EngineExecutionOrchestrator.withInterceptedStreams(EngineExecutionOrchestrator.java:141) ~[junit-platform-launcher-1.10.2.jar:1.10.2]
	at org.junit.platform.launcher.core.EngineExecutionOrchestrator.execute(EngineExecutionOrchestrator.java:57) ~[junit-platform-launcher-1.10.2.jar:1.10.2]
	at org.junit.platform.launcher.core.DefaultLauncher.execute(DefaultLauncher.java:103) ~[junit-platform-launcher-1.10.2.jar:1.10.2]
	at org.junit.platform.launcher.core.DefaultLauncher.execute(DefaultLauncher.java:85) ~[junit-platform-launcher-1.10.2.jar:1.10.2]
	at org.junit.platform.launcher.core.DelegatingLauncher.execute(DelegatingLauncher.java:47) ~[junit-platform-launcher-1.10.2.jar:1.10.2]
	at org.apache.maven.surefire.junitplatform.LazyLauncher.execute(LazyLauncher.java:56) ~[surefire-junit-platform-3.2.5.jar:3.2.5]
	at org.apache.maven.surefire.junitplatform.JUnitPlatformProvider.execute(JUnitPlatformProvider.java:184) ~[surefire-junit-platform-3.2.5.jar:3.2.5]
	at org.apache.maven.surefire.junitplatform.JUnitPlatformProvider.invokeAllTests(JUnitPlatformProvider.java:148) ~[surefire-junit-platform-3.2.5.jar:3.2.5]
	at org.apache.maven.surefire.junitplatform.JUnitPlatformProvider.invoke(JUnitPlatformProvider.java:122) ~[surefire-junit-platform-3.2.5.jar:3.2.5]
	at org.apache.maven.surefire.booter.ForkedBooter.runSuitesInProcess(ForkedBooter.java:385) ~[surefire-booter-3.2.5.jar:3.2.5]
	at org.apache.maven.surefire.booter.ForkedBooter.execute(ForkedBooter.java:162) ~[surefire-booter-3.2.5.jar:3.2.5]
	at org.apache.maven.surefire.booter.ForkedBooter.run(ForkedBooter.java:507) ~[surefire-booter-3.2.5.jar:3.2.5]
	at org.apache.maven.surefire.booter.ForkedBooter.main(ForkedBooter.java:495) ~[surefire-booter-3.2.5.jar:3.2.5]

2024-12-18T10:31:16.812+09:00 DEBUG 14335 --- [coupon-api] [           main] o.s.d.jpa.repository.query.NamedQuery    : Did not find named query UserCoupon.findByUserIdIn
2024-12-18T10:31:16.813+09:00 DEBUG 14335 --- [coupon-api] [           main] tor$SharedEntityManagerInvocationHandler : Creating new EntityManager for shared EntityManager invocation
2024-12-18T10:31:16.821+09:00 DEBUG 14335 --- [coupon-api] [           main] o.s.d.r.c.s.RepositoryFactorySupport     : Finished creation of repository instance for store.aurora.repository.CouponRepository.
2024-12-18T10:31:16.833+09:00 DEBUG 14335 --- [coupon-api] [           main] o.s.b.f.s.DefaultListableBeanFactory     : Creating shared instance of singleton bean 'jpa.named-queries#1'
2024-12-18T10:31:16.838+09:00 DEBUG 14335 --- [coupon-api] [           main] o.s.b.f.s.DefaultListableBeanFactory     : Creating shared instance of singleton bean 'jpa.BookPolicyRepository.fragments#0'
2024-12-18T10:31:16.839+09:00 DEBUG 14335 --- [coupon-api] [           main] o.s.b.f.s.DefaultListableBeanFactory     : Creating shared instance of singleton bean 'bookPolicyRepository'
2024-12-18T10:31:16.855+09:00 DEBUG 14335 --- [coupon-api] [           main] tor$SharedEntityManagerInvocationHandler : Creating new EntityManager for shared EntityManager invocation
2024-12-18T10:31:16.868+09:00 DEBUG 14335 --- [coupon-api] [           main] o.s.d.r.c.s.RepositoryFactorySupport     : Initializing repository instance for store.aurora.repository.BookPolicyRepository…
2024-12-18T10:31:16.871+09:00 DEBUG 14335 --- [coupon-api] [           main] tor$SharedEntityManagerInvocationHandler : Creating new EntityManager for shared EntityManager invocation
2024-12-18T10:31:16.878+09:00 DEBUG 14335 --- [coupon-api] [           main] o.s.d.r.c.s.RepositoryFactorySupport     : Finished creation of repository instance for store.aurora.repository.BookPolicyRepository.
2024-12-18T10:31:16.879+09:00 DEBUG 14335 --- [coupon-api] [           main] o.s.b.f.s.DefaultListableBeanFactory     : Creating shared instance of singleton bean 'jpa.named-queries#2'
2024-12-18T10:31:16.880+09:00 DEBUG 14335 --- [coupon-api] [           main] o.s.b.f.s.DefaultListableBeanFactory     : Creating shared instance of singleton bean 'jpa.CategoryPolicyRepository.fragments#0'
2024-12-18T10:31:16.880+09:00 DEBUG 14335 --- [coupon-api] [           main] o.s.b.f.s.DefaultListableBeanFactory     : Creating shared instance of singleton bean 'categoryPolicyRepository'
2024-12-18T10:31:16.882+09:00 DEBUG 14335 --- [coupon-api] [           main] tor$SharedEntityManagerInvocationHandler : Creating new EntityManager for shared EntityManager invocation
2024-12-18T10:31:16.885+09:00 DEBUG 14335 --- [coupon-api] [           main] o.s.d.r.c.s.RepositoryFactorySupport     : Initializing repository instance for store.aurora.repository.CategoryPolicyRepository…
2024-12-18T10:31:16.886+09:00 DEBUG 14335 --- [coupon-api] [           main] tor$SharedEntityManagerInvocationHandler : Creating new EntityManager for shared EntityManager invocation
2024-12-18T10:31:16.896+09:00 DEBUG 14335 --- [coupon-api] [           main] o.s.d.r.c.s.RepositoryFactorySupport     : Finished creation of repository instance for store.aurora.repository.CategoryPolicyRepository.
2024-12-18T10:31:16.896+09:00 DEBUG 14335 --- [coupon-api] [           main] o.s.b.f.s.DefaultListableBeanFactory     : Creating shared instance of singleton bean 'jpa.named-queries#3'
2024-12-18T10:31:16.898+09:00 DEBUG 14335 --- [coupon-api] [           main] o.s.b.f.s.DefaultListableBeanFactory     : Creating shared instance of singleton bean 'jpa.DisCountRuleRepository.fragments#0'
2024-12-18T10:31:16.900+09:00 DEBUG 14335 --- [coupon-api] [           main] o.s.b.f.s.DefaultListableBeanFactory     : Creating shared instance of singleton bean 'disCountRuleRepository'
2024-12-18T10:31:16.903+09:00 DEBUG 14335 --- [coupon-api] [           main] tor$SharedEntityManagerInvocationHandler : Creating new EntityManager for shared EntityManager invocation
2024-12-18T10:31:16.904+09:00 DEBUG 14335 --- [coupon-api] [           main] o.s.d.r.c.s.RepositoryFactorySupport     : Initializing repository instance for store.aurora.repository.DisCountRuleRepository…
2024-12-18T10:31:16.904+09:00 DEBUG 14335 --- [coupon-api] [           main] tor$SharedEntityManagerInvocationHandler : Creating new EntityManager for shared EntityManager invocation
2024-12-18T10:31:16.911+09:00 DEBUG 14335 --- [coupon-api] [           main] o.s.d.r.c.s.RepositoryFactorySupport     : Finished creation of repository instance for store.aurora.repository.DisCountRuleRepository.
2024-12-18T10:31:16.911+09:00 DEBUG 14335 --- [coupon-api] [           main] o.s.b.f.s.DefaultListableBeanFactory     : Creating shared instance of singleton bean 'jpa.named-queries#4'
2024-12-18T10:31:16.911+09:00 DEBUG 14335 --- [coupon-api] [           main] o.s.b.f.s.DefaultListableBeanFactory     : Creating shared instance of singleton bean 'jpa.CouponPolicyRepository.fragments#0'
2024-12-18T10:31:16.912+09:00 DEBUG 14335 --- [coupon-api] [           main] o.s.b.f.s.DefaultListableBeanFactory     : Creating shared instance of singleton bean 'couponPolicyRepository'
2024-12-18T10:31:16.916+09:00 DEBUG 14335 --- [coupon-api] [           main] tor$SharedEntityManagerInvocationHandler : Creating new EntityManager for shared EntityManager invocation
2024-12-18T10:31:16.916+09:00 DEBUG 14335 --- [coupon-api] [           main] o.s.d.r.c.s.RepositoryFactorySupport     : Initializing repository instance for store.aurora.repository.CouponPolicyRepository…
2024-12-18T10:31:16.917+09:00 DEBUG 14335 --- [coupon-api] [           main] tor$SharedEntityManagerInvocationHandler : Creating new EntityManager for shared EntityManager invocation
2024-12-18T10:31:16.926+09:00 DEBUG 14335 --- [coupon-api] [           main] o.s.d.r.c.s.RepositoryFactorySupport     : Finished creation of repository instance for store.aurora.repository.CouponPolicyRepository.
2024-12-18T10:31:16.926+09:00 DEBUG 14335 --- [coupon-api] [           main] o.s.b.f.s.DefaultListableBeanFactory     : Creating shared instance of singleton bean 'data-jpa.repository-aot-processor#0'
2024-12-18T10:31:16.935+09:00 DEBUG 14335 --- [coupon-api] [           main] o.s.b.f.s.DefaultListableBeanFactory     : Creating shared instance of singleton bean 'org.springframework.boot.autoconfigure.jdbc.JdbcTemplateConfiguration'
2024-12-18T10:31:16.935+09:00 DEBUG 14335 --- [coupon-api] [           main] o.s.b.f.s.DefaultListableBeanFactory     : Creating shared instance of singleton bean 'jdbcTemplate'
2024-12-18T10:31:16.941+09:00 DEBUG 14335 --- [coupon-api] [           main] o.s.b.f.s.DefaultListableBeanFactory     : Creating shared instance of singleton bean 'spring.jdbc-org.springframework.boot.autoconfigure.jdbc.JdbcProperties'
2024-12-18T10:31:16.955+09:00 DEBUG 14335 --- [coupon-api] [           main] o.s.b.f.s.DefaultListableBeanFactory     : Autowiring by type from bean name 'jdbcTemplate' via factory method to bean named 'dataSource'
2024-12-18T10:31:16.957+09:00 DEBUG 14335 --- [coupon-api] [           main] o.s.b.f.s.DefaultListableBeanFactory     : Autowiring by type from bean name 'jdbcTemplate' via factory method to bean named 'spring.jdbc-org.springframework.boot.autoconfigure.jdbc.JdbcProperties'
2024-12-18T10:31:16.981+09:00 DEBUG 14335 --- [coupon-api] [           main] o.s.b.f.s.DefaultListableBeanFactory     : Creating shared instance of singleton bean 'org.springframework.boot.autoconfigure.jdbc.NamedParameterJdbcTemplateConfiguration'
2024-12-18T10:31:16.983+09:00 DEBUG 14335 --- [coupon-api] [           main] o.s.b.f.s.DefaultListableBeanFactory     : Creating shared instance of singleton bean 'namedParameterJdbcTemplate'
2024-12-18T10:31:16.983+09:00 DEBUG 14335 --- [coupon-api] [           main] o.s.b.f.s.DefaultListableBeanFactory     : Autowiring by type from bean name 'namedParameterJdbcTemplate' via factory method to bean named 'jdbcTemplate'
2024-12-18T10:31:16.992+09:00 DEBUG 14335 --- [coupon-api] [           main] o.s.b.f.s.DefaultListableBeanFactory     : Creating shared instance of singleton bean 'org.springframework.boot.autoconfigure.jdbc.JdbcTemplateAutoConfiguration'
2024-12-18T10:31:16.993+09:00 DEBUG 14335 --- [coupon-api] [           main] o.s.b.f.s.DefaultListableBeanFactory     : Creating shared instance of singleton bean 'org.springframework.boot.autoconfigure.jdbc.JdbcClientAutoConfiguration'
2024-12-18T10:31:16.993+09:00 DEBUG 14335 --- [coupon-api] [           main] o.s.b.f.s.DefaultListableBeanFactory     : Creating shared instance of singleton bean 'jdbcClient'
2024-12-18T10:31:16.994+09:00 DEBUG 14335 --- [coupon-api] [           main] o.s.b.f.s.DefaultListableBeanFactory     : Autowiring by type from bean name 'jdbcClient' via factory method to bean named 'namedParameterJdbcTemplate'
2024-12-18T10:31:16.995+09:00 DEBUG 14335 --- [coupon-api] [           main] o.s.b.f.s.DefaultListableBeanFactory     : Creating shared instance of singleton bean 'org.springframework.boot.autoconfigure.sql.init.SqlInitializationAutoConfiguration'
2024-12-18T10:31:16.995+09:00 DEBUG 14335 --- [coupon-api] [           main] o.s.b.f.s.DefaultListableBeanFactory     : Creating shared instance of singleton bean 'org.springframework.boot.autoconfigure.jdbc.DataSourceTransactionManagerAutoConfiguration$JdbcTransactionManagerConfiguration'
2024-12-18T10:31:16.996+09:00 DEBUG 14335 --- [coupon-api] [           main] o.s.b.f.s.DefaultListableBeanFactory     : Creating shared instance of singleton bean 'org.springframework.boot.autoconfigure.jdbc.DataSourceTransactionManagerAutoConfiguration'
2024-12-18T10:31:16.996+09:00 DEBUG 14335 --- [coupon-api] [           main] o.s.b.f.s.DefaultListableBeanFactory     : Creating shared instance of singleton bean 'org.springframework.boot.autoconfigure.transaction.TransactionAutoConfiguration$EnableTransactionManagementConfiguration$CglibAutoProxyConfiguration'
2024-12-18T10:31:16.996+09:00 DEBUG 14335 --- [coupon-api] [           main] o.s.b.f.s.DefaultListableBeanFactory     : Creating shared instance of singleton bean 'org.springframework.boot.autoconfigure.transaction.TransactionAutoConfiguration$EnableTransactionManagementConfiguration'
2024-12-18T10:31:16.996+09:00 DEBUG 14335 --- [coupon-api] [           main] o.s.b.f.s.DefaultListableBeanFactory     : Creating shared instance of singleton bean 'org.springframework.boot.autoconfigure.transaction.TransactionAutoConfiguration$TransactionTemplateConfiguration'
2024-12-18T10:31:16.997+09:00 DEBUG 14335 --- [coupon-api] [           main] o.s.b.f.s.DefaultListableBeanFactory     : Creating shared instance of singleton bean 'transactionTemplate'
2024-12-18T10:31:16.998+09:00 DEBUG 14335 --- [coupon-api] [           main] o.s.b.f.s.DefaultListableBeanFactory     : Autowiring by type from bean name 'transactionTemplate' via factory method to bean named 'transactionManager'
2024-12-18T10:31:17.001+09:00 DEBUG 14335 --- [coupon-api] [           main] o.s.b.f.s.DefaultListableBeanFactory     : Creating shared instance of singleton bean 'org.springframework.boot.autoconfigure.transaction.TransactionAutoConfiguration'
2024-12-18T10:31:17.003+09:00 DEBUG 14335 --- [coupon-api] [           main] o.s.b.f.s.DefaultListableBeanFactory     : Creating shared instance of singleton bean 'org.springframework.boot.test.autoconfigure.orm.jpa.TestEntityManagerAutoConfiguration'
2024-12-18T10:31:17.003+09:00 DEBUG 14335 --- [coupon-api] [           main] o.s.b.f.s.DefaultListableBeanFactory     : Creating shared instance of singleton bean 'testEntityManager'
2024-12-18T10:31:17.003+09:00 DEBUG 14335 --- [coupon-api] [           main] o.s.b.f.s.DefaultListableBeanFactory     : Autowiring by type from bean name 'testEntityManager' via factory method to bean named 'entityManagerFactory'
2024-12-18T10:31:17.030+09:00 DEBUG 14335 --- [coupon-api] [           main] o.s.c.support.DefaultLifecycleProcessor  : Starting beans in phase -2147483647
2024-12-18T10:31:17.030+09:00 DEBUG 14335 --- [coupon-api] [           main] o.s.c.support.DefaultLifecycleProcessor  : Successfully started bean 'springBootLoggingLifecycle'
2024-12-18T10:31:17.038+09:00 DEBUG 14335 --- [coupon-api] [           main] .s.b.a.l.ConditionEvaluationReportLogger : 


============================
CONDITIONS EVALUATION REPORT
============================


Positive matches:
-----------------

   DataSourceAutoConfiguration matched:
      - @ConditionalOnClass found required classes 'javax.sql.DataSource', 'org.springframework.jdbc.datasource.embedded.EmbeddedDatabaseType' (OnClassCondition)
      - @ConditionalOnMissingBean (types: io.r2dbc.spi.ConnectionFactory; SearchStrategy: all) did not find any beans (OnBeanCondition)

   DataSourceAutoConfiguration.PooledDataSourceConfiguration matched:
      - AnyNestedCondition 1 matched 1 did not; NestedCondition on DataSourceAutoConfiguration.PooledDataSourceCondition.PooledDataSourceAvailable PooledDataSource found supported DataSource; NestedCondition on DataSourceAutoConfiguration.PooledDataSourceCondition.ExplicitType @ConditionalOnProperty (spring.datasource.type) did not find property 'type' (DataSourceAutoConfiguration.PooledDataSourceCondition)
      - @ConditionalOnMissingBean (types: javax.sql.DataSource,javax.sql.XADataSource; SearchStrategy: all) did not find any beans (OnBeanCondition)

   DataSourceAutoConfiguration.PooledDataSourceConfiguration#jdbcConnectionDetails matched:
      - @ConditionalOnMissingBean (types: org.springframework.boot.autoconfigure.jdbc.JdbcConnectionDetails; SearchStrategy: all) did not find any beans (OnBeanCondition)

   DataSourceConfiguration.Hikari matched:
      - @ConditionalOnClass found required class 'com.zaxxer.hikari.HikariDataSource' (OnClassCondition)
      - @ConditionalOnProperty (spring.datasource.type=com.zaxxer.hikari.HikariDataSource) matched (OnPropertyCondition)
      - @ConditionalOnMissingBean (types: javax.sql.DataSource; SearchStrategy: all) did not find any beans (OnBeanCondition)

   DataSourceInitializationConfiguration matched:
      - @ConditionalOnClass found required class 'org.springframework.jdbc.datasource.init.DatabasePopulator' (OnClassCondition)
      - @ConditionalOnSingleCandidate (types: javax.sql.DataSource; SearchStrategy: all) found a single bean 'dataSource'; @ConditionalOnMissingBean (types: org.springframework.boot.autoconfigure.sql.init.SqlDataSourceScriptDatabaseInitializer,org.springframework.boot.autoconfigure.sql.init.SqlR2dbcScriptDatabaseInitializer; SearchStrategy: all) did not find any beans (OnBeanCondition)

   DataSourcePoolMetadataProvidersConfiguration.HikariPoolDataSourceMetadataProviderConfiguration matched:
      - @ConditionalOnClass found required class 'com.zaxxer.hikari.HikariDataSource' (OnClassCondition)

   DataSourceTransactionManagerAutoConfiguration matched:
      - @ConditionalOnClass found required classes 'org.springframework.jdbc.core.JdbcTemplate', 'org.springframework.transaction.TransactionManager' (OnClassCondition)

   DataSourceTransactionManagerAutoConfiguration.JdbcTransactionManagerConfiguration matched:
      - @ConditionalOnSingleCandidate (types: javax.sql.DataSource; SearchStrategy: all) found a single bean 'dataSource' (OnBeanCondition)

   HibernateJpaAutoConfiguration matched:
      - @ConditionalOnClass found required classes 'org.springframework.orm.jpa.LocalContainerEntityManagerFactoryBean', 'jakarta.persistence.EntityManager', 'org.hibernate.engine.spi.SessionImplementor' (OnClassCondition)

   HibernateJpaConfiguration matched:
      - @ConditionalOnSingleCandidate (types: javax.sql.DataSource; SearchStrategy: all) found a single bean 'dataSource' (OnBeanCondition)

   JdbcClientAutoConfiguration matched:
      - @ConditionalOnSingleCandidate (types: org.springframework.jdbc.core.namedparam.NamedParameterJdbcTemplate; SearchStrategy: all) found a single bean 'namedParameterJdbcTemplate'; @ConditionalOnMissingBean (types: org.springframework.jdbc.core.simple.JdbcClient; SearchStrategy: all) did not find any beans (OnBeanCondition)

   JdbcTemplateAutoConfiguration matched:
      - @ConditionalOnClass found required classes 'javax.sql.DataSource', 'org.springframework.jdbc.core.JdbcTemplate' (OnClassCondition)
      - @ConditionalOnSingleCandidate (types: javax.sql.DataSource; SearchStrategy: all) found a single bean 'dataSource' (OnBeanCondition)

   JdbcTemplateConfiguration matched:
      - @ConditionalOnMissingBean (types: org.springframework.jdbc.core.JdbcOperations; SearchStrategy: all) did not find any beans (OnBeanCondition)

   JpaBaseConfiguration#entityManagerFactory matched:
      - @ConditionalOnMissingBean (types: org.springframework.orm.jpa.LocalContainerEntityManagerFactoryBean,jakarta.persistence.EntityManagerFactory; SearchStrategy: all) did not find any beans (OnBeanCondition)

   JpaBaseConfiguration#entityManagerFactoryBuilder matched:
      - @ConditionalOnMissingBean (types: org.springframework.boot.orm.jpa.EntityManagerFactoryBuilder; SearchStrategy: all) did not find any beans (OnBeanCondition)

   JpaBaseConfiguration#jpaVendorAdapter matched:
      - @ConditionalOnMissingBean (types: org.springframework.orm.jpa.JpaVendorAdapter; SearchStrategy: all) did not find any beans (OnBeanCondition)

   JpaBaseConfiguration#transactionManager matched:
      - @ConditionalOnMissingBean (types: org.springframework.transaction.TransactionManager; SearchStrategy: all) did not find any beans (OnBeanCondition)

   JpaBaseConfiguration.PersistenceManagedTypesConfiguration matched:
      - @ConditionalOnMissingBean (types: org.springframework.orm.jpa.LocalContainerEntityManagerFactoryBean,jakarta.persistence.EntityManagerFactory; SearchStrategy: all) did not find any beans (OnBeanCondition)

   JpaBaseConfiguration.PersistenceManagedTypesConfiguration#persistenceManagedTypes matched:
      - @ConditionalOnMissingBean (types: org.springframework.orm.jpa.persistenceunit.PersistenceManagedTypes; SearchStrategy: all) did not find any beans (OnBeanCondition)

   JpaRepositoriesAutoConfiguration matched:
      - @ConditionalOnClass found required class 'org.springframework.data.jpa.repository.JpaRepository' (OnClassCondition)
      - @ConditionalOnProperty (spring.data.jpa.repositories.enabled=true) matched (OnPropertyCondition)
      - @ConditionalOnBean (types: javax.sql.DataSource; SearchStrategy: all) found bean 'dataSource'; @ConditionalOnMissingBean (types: org.springframework.data.jpa.repository.support.JpaRepositoryFactoryBean,org.springframework.data.jpa.repository.config.JpaRepositoryConfigExtension; SearchStrategy: all) did not find any beans (OnBeanCondition)

   NamedParameterJdbcTemplateConfiguration matched:
      - @ConditionalOnSingleCandidate (types: org.springframework.jdbc.core.JdbcTemplate; SearchStrategy: all) found a single bean 'jdbcTemplate'; @ConditionalOnMissingBean (types: org.springframework.jdbc.core.namedparam.NamedParameterJdbcOperations; SearchStrategy: all) did not find any beans (OnBeanCondition)

   NoOpCacheConfiguration matched:
      - Cache org.springframework.boot.autoconfigure.cache.NoOpCacheConfiguration NONE cache type (CacheCondition)

   SqlInitializationAutoConfiguration matched:
      - @ConditionalOnProperty (spring.sql.init.enabled) matched (OnPropertyCondition)
      - NoneNestedConditions 0 matched 1 did not; NestedCondition on SqlInitializationAutoConfiguration.SqlInitializationModeCondition.ModeIsNever @ConditionalOnProperty (spring.sql.init.mode=never) did not find property 'mode' (SqlInitializationAutoConfiguration.SqlInitializationModeCondition)

   TestDatabaseAutoConfiguration#embeddedDataSourceBeanFactoryPostProcessor matched:
      - @ConditionalOnProperty (spring.test.database.replace=ANY) matched (OnPropertyCondition)

   TestEntityManagerAutoConfiguration matched:
      - @ConditionalOnClass found required class 'jakarta.persistence.EntityManagerFactory' (OnClassCondition)

   TestEntityManagerAutoConfiguration#testEntityManager matched:
      - @ConditionalOnMissingBean (types: org.springframework.boot.test.autoconfigure.orm.jpa.TestEntityManager; SearchStrategy: all) did not find any beans (OnBeanCondition)

   TransactionAutoConfiguration matched:
      - @ConditionalOnClass found required class 'org.springframework.transaction.PlatformTransactionManager' (OnClassCondition)

   TransactionAutoConfiguration.EnableTransactionManagementConfiguration matched:
      - @ConditionalOnBean (types: org.springframework.transaction.TransactionManager; SearchStrategy: all) found bean 'transactionManager'; @ConditionalOnMissingBean (types: org.springframework.transaction.annotation.AbstractTransactionManagementConfiguration; SearchStrategy: all) did not find any beans (OnBeanCondition)

   TransactionAutoConfiguration.EnableTransactionManagementConfiguration.CglibAutoProxyConfiguration matched:
      - @ConditionalOnProperty (spring.aop.proxy-target-class=true) matched (OnPropertyCondition)

   TransactionAutoConfiguration.TransactionTemplateConfiguration matched:
      - @ConditionalOnSingleCandidate (types: org.springframework.transaction.PlatformTransactionManager; SearchStrategy: all) found a single bean 'transactionManager' (OnBeanCondition)

   TransactionAutoConfiguration.TransactionTemplateConfiguration#transactionTemplate matched:
      - @ConditionalOnMissingBean (types: org.springframework.transaction.support.TransactionOperations; SearchStrategy: all) did not find any beans (OnBeanCondition)


Negative matches:
-----------------

   Cache2kCacheConfiguration:
      Did not match:
         - @ConditionalOnClass did not find required class 'org.cache2k.Cache2kBuilder' (OnClassCondition)

   CacheAutoConfiguration:
      Did not match:
         - @ConditionalOnBean (types: org.springframework.cache.interceptor.CacheAspectSupport; SearchStrategy: all) did not find any beans of type org.springframework.cache.interceptor.CacheAspectSupport (OnBeanCondition)
      Matched:
         - @ConditionalOnClass found required class 'org.springframework.cache.CacheManager' (OnClassCondition)

   CacheAutoConfiguration.CacheManagerEntityManagerFactoryDependsOnPostProcessor:
      Did not match:
         - Ancestor org.springframework.boot.autoconfigure.cache.CacheAutoConfiguration did not match (ConditionEvaluationReport.AncestorsMatchedCondition)
      Matched:
         - @ConditionalOnClass found required class 'org.springframework.orm.jpa.LocalContainerEntityManagerFactoryBean' (OnClassCondition)

   CaffeineCacheConfiguration:
      Did not match:
         - @ConditionalOnClass did not find required class 'com.github.benmanes.caffeine.cache.Caffeine' (OnClassCondition)

   CouchbaseCacheConfiguration:
      Did not match:
         - @ConditionalOnClass did not find required class 'com.couchbase.client.java.Cluster' (OnClassCondition)

   DataSourceAutoConfiguration.EmbeddedDatabaseConfiguration:
      Did not match:
         - EmbeddedDataSource found supported pooled data source (DataSourceAutoConfiguration.EmbeddedDatabaseCondition)

   DataSourceCheckpointRestoreConfiguration:
      Did not match:
         - @ConditionalOnClass did not find required class 'org.crac.Resource' (OnClassCondition)

   DataSourceConfiguration.Dbcp2:
      Did not match:
         - @ConditionalOnClass did not find required class 'org.apache.commons.dbcp2.BasicDataSource' (OnClassCondition)

   DataSourceConfiguration.Generic:
      Did not match:
         - @ConditionalOnProperty (spring.datasource.type) did not find property 'spring.datasource.type' (OnPropertyCondition)

   DataSourceConfiguration.OracleUcp:
      Did not match:
         - @ConditionalOnClass did not find required classes 'oracle.ucp.jdbc.PoolDataSourceImpl', 'oracle.jdbc.OracleConnection' (OnClassCondition)

   DataSourceConfiguration.Tomcat:
      Did not match:
         - @ConditionalOnClass did not find required class 'org.apache.tomcat.jdbc.pool.DataSource' (OnClassCondition)

   DataSourceJmxConfiguration:
      Did not match:
         - @ConditionalOnProperty (spring.jmx.enabled=true) found different value in property 'enabled' (OnPropertyCondition)

   DataSourcePoolMetadataProvidersConfiguration.CommonsDbcp2PoolDataSourceMetadataProviderConfiguration:
      Did not match:
         - @ConditionalOnClass did not find required class 'org.apache.commons.dbcp2.BasicDataSource' (OnClassCondition)

   DataSourcePoolMetadataProvidersConfiguration.OracleUcpPoolDataSourceMetadataProviderConfiguration:
      Did not match:
         - @ConditionalOnClass did not find required classes 'oracle.ucp.jdbc.PoolDataSource', 'oracle.jdbc.OracleConnection' (OnClassCondition)

   DataSourcePoolMetadataProvidersConfiguration.TomcatDataSourcePoolMetadataProviderConfiguration:
      Did not match:
         - @ConditionalOnClass did not find required class 'org.apache.tomcat.jdbc.pool.DataSource' (OnClassCondition)

   DataSourceTransactionManagerAutoConfiguration.JdbcTransactionManagerConfiguration#transactionManager:
      Did not match:
         - @ConditionalOnMissingBean (types: org.springframework.transaction.TransactionManager; SearchStrategy: all) found beans of type 'org.springframework.transaction.TransactionManager' transactionManager (OnBeanCondition)

   FlywayAutoConfiguration:
      Did not match:
         - @ConditionalOnClass did not find required class 'org.flywaydb.core.Flyway' (OnClassCondition)

   GenericCacheConfiguration:
      Did not match:
         - Cache org.springframework.boot.autoconfigure.cache.GenericCacheConfiguration unknown cache type (CacheCondition)

   HazelcastCacheConfiguration:
      Did not match:
         - @ConditionalOnClass did not find required class 'com.hazelcast.core.HazelcastInstance' (OnClassCondition)

   InfinispanCacheConfiguration:
      Did not match:
         - @ConditionalOnClass did not find required class 'org.infinispan.spring.embedded.provider.SpringEmbeddedCacheManager' (OnClassCondition)

   JCacheCacheConfiguration:
      Did not match:
         - @ConditionalOnClass did not find required class 'javax.cache.Caching' (OnClassCondition)

   JpaBaseConfiguration.JpaWebConfiguration:
      Did not match:
         - not a servlet web application (OnWebApplicationCondition)
      Matched:
         - @ConditionalOnClass found required class 'org.springframework.web.servlet.config.annotation.WebMvcConfigurer' (OnClassCondition)

   JpaRepositoriesAutoConfiguration#entityManagerFactoryBootstrapExecutorCustomizer:
      Did not match:
         - AnyNestedCondition 0 matched 2 did not; NestedCondition on JpaRepositoriesAutoConfiguration.BootstrapExecutorCondition.LazyBootstrapMode @ConditionalOnProperty (spring.data.jpa.repositories.bootstrap-mode=lazy) found different value in property 'bootstrap-mode'; NestedCondition on JpaRepositoriesAutoConfiguration.BootstrapExecutorCondition.DeferredBootstrapMode @ConditionalOnProperty (spring.data.jpa.repositories.bootstrap-mode=deferred) found different value in property 'bootstrap-mode' (JpaRepositoriesAutoConfiguration.BootstrapExecutorCondition)

   LiquibaseAutoConfiguration:
      Did not match:
         - @ConditionalOnClass did not find required class 'liquibase.change.DatabaseChange' (OnClassCondition)

   R2dbcInitializationConfiguration:
      Did not match:
         - @ConditionalOnClass did not find required classes 'io.r2dbc.spi.ConnectionFactory', 'org.springframework.r2dbc.connection.init.DatabasePopulator' (OnClassCondition)

   RedisCacheConfiguration:
      Did not match:
         - @ConditionalOnClass did not find required class 'org.springframework.data.redis.connection.RedisConnectionFactory' (OnClassCondition)

   SimpleCacheConfiguration:
      Did not match:
         - Cache org.springframework.boot.autoconfigure.cache.SimpleCacheConfiguration unknown cache type (CacheCondition)

   TestDatabaseAutoConfiguration#dataSource:
      Did not match:
         - @ConditionalOnProperty (spring.test.database.replace=AUTO_CONFIGURED) did not find property 'replace' (OnPropertyCondition)

   TransactionAutoConfiguration#transactionalOperator:
      Did not match:
         - @ConditionalOnSingleCandidate (types: org.springframework.transaction.ReactiveTransactionManager; SearchStrategy: all) did not find any beans (OnBeanCondition)

   TransactionAutoConfiguration.AspectJTransactionManagementConfiguration:
      Did not match:
         - @ConditionalOnBean (types: org.springframework.transaction.aspectj.AbstractTransactionAspect; SearchStrategy: all) did not find any beans of type org.springframework.transaction.aspectj.AbstractTransactionAspect (OnBeanCondition)

   TransactionAutoConfiguration.EnableTransactionManagementConfiguration.JdkDynamicAutoProxyConfiguration:
      Did not match:
         - @ConditionalOnProperty (spring.aop.proxy-target-class=false) did not find property 'proxy-target-class' (OnPropertyCondition)


Exclusions:
-----------

    None


Unconditional classes:
----------------------

    org.springframework.boot.test.autoconfigure.jdbc.TestDatabaseAutoConfiguration



2024-12-18T10:31:17.042+09:00  INFO 14335 --- [coupon-api] [           main] store.aurora.CouponRepositoryTest        : Started CouponRepositoryTest in 8.698 seconds (process running for 11.119)
2024-12-18T10:31:17.048+09:00 DEBUG 14335 --- [coupon-api] [           main] org.springframework.test.context.cache   : Spring test ApplicationContext cache statistics: [DefaultContextCache@47c019d7 size = 1, maxSize = 32, parentContextCount = 0, hitCount = 0, missCount = 1, failureCount = 0]
2024-12-18T10:31:17.058+09:00 DEBUG 14335 --- [coupon-api] [           main] o.s.b.f.s.DefaultListableBeanFactory     : Creating shared instance of singleton bean 'jpaSharedEM_AWC_entityManagerFactory'
2024-12-18T10:31:17.066+09:00 DEBUG 14335 --- [coupon-api] [           main] org.springframework.test.context.cache   : Spring test ApplicationContext cache statistics: [DefaultContextCache@47c019d7 size = 1, maxSize = 32, parentContextCount = 0, hitCount = 1, missCount = 1, failureCount = 0]
2024-12-18T10:31:17.083+09:00 DEBUG 14335 --- [coupon-api] [           main] sContextBeforeModesTestExecutionListener : Before test method: class [CouponRepositoryTest], method [testFindByUserId], class annotated with @DirtiesContext [false] with mode [null], method annotated with @DirtiesContext [false] with mode [null]
2024-12-18T10:31:17.093+09:00 DEBUG 14335 --- [coupon-api] [           main] t.c.t.TransactionalTestExecutionListener : Explicit transaction definition [PROPAGATION_REQUIRED,ISOLATION_DEFAULT] found for test class [store.aurora.CouponRepositoryTest] and test method [testFindByUserId]
2024-12-18T10:31:17.093+09:00 DEBUG 14335 --- [coupon-api] [           main] org.springframework.test.context.cache   : Spring test ApplicationContext cache statistics: [DefaultContextCache@47c019d7 size = 1, maxSize = 32, parentContextCount = 0, hitCount = 2, missCount = 1, failureCount = 0]
2024-12-18T10:31:17.094+09:00 DEBUG 14335 --- [coupon-api] [           main] t.c.t.TransactionalTestExecutionListener : No method-level @Rollback override: using default rollback [true] for test method [void store.aurora.CouponRepositoryTest.testFindByUserId()]
2024-12-18T10:31:17.096+09:00 DEBUG 14335 --- [coupon-api] [           main] o.s.orm.jpa.JpaTransactionManager        : Creating new transaction with name [store.aurora.CouponRepositoryTest.testFindByUserId]: PROPAGATION_REQUIRED,ISOLATION_DEFAULT
2024-12-18T10:31:17.097+09:00 DEBUG 14335 --- [coupon-api] [           main] o.s.orm.jpa.JpaTransactionManager        : Opened new EntityManager [SessionImpl(935699399<open>)] for JPA transaction
2024-12-18T10:31:17.099+09:00 DEBUG 14335 --- [coupon-api] [           main] o.h.e.t.internal.TransactionImpl         : On TransactionImpl creation, JpaCompliance#isJpaTransactionComplianceEnabled == false
2024-12-18T10:31:17.099+09:00 DEBUG 14335 --- [coupon-api] [           main] o.h.e.t.internal.TransactionImpl         : begin
2024-12-18T10:31:17.099+09:00 DEBUG 14335 --- [coupon-api] [           main] o.s.j.datasource.SimpleDriverDataSource  : Creating new JDBC Driver Connection to [jdbc:h2:mem:c3b79b7d-e3f9-425b-a5f5-d700e326368f;DB_CLOSE_DELAY=-1;DB_CLOSE_ON_EXIT=false]
2024-12-18T10:31:17.103+09:00 DEBUG 14335 --- [coupon-api] [           main] o.s.orm.jpa.JpaTransactionManager        : Exposing JPA transaction as JDBC [org.springframework.orm.jpa.vendor.HibernateJpaDialect$HibernateConnectionHandle@32787dee]
2024-12-18T10:31:17.104+09:00 DEBUG 14335 --- [coupon-api] [           main] o.s.t.c.transaction.TransactionContext   : Began transaction (1) for test class [store.aurora.CouponRepositoryTest]; test method [testFindByUserId]; transaction manager [org.springframework.orm.jpa.JpaTransactionManager@4e25282d]; rollback [true]
2024-12-18T10:31:17.105+09:00 DEBUG 14335 --- [coupon-api] [           main] org.springframework.test.context.cache   : Spring test ApplicationContext cache statistics: [DefaultContextCache@47c019d7 size = 1, maxSize = 32, parentContextCount = 0, hitCount = 3, missCount = 1, failureCount = 0]
2024-12-18T10:31:17.105+09:00 DEBUG 14335 --- [coupon-api] [           main] org.springframework.test.context.cache   : Spring test ApplicationContext cache statistics: [DefaultContextCache@47c019d7 size = 1, maxSize = 32, parentContextCount = 0, hitCount = 4, missCount = 1, failureCount = 0]
2024-12-18T10:31:17.173+09:00 DEBUG 14335 --- [coupon-api] [           main] java.lang.ProcessBuilder                 : ProcessBuilder.start(): pid: 14337, dir: null, cmd: "/Library/Java/JavaVirtualMachines/temurin-21.jdk/Contents/Home/bin/java"

java.lang.RuntimeException: ProcessBuilder.start() debug
	at java.base/java.lang.ProcessBuilder.start(ProcessBuilder.java:1147) ~[na:na]
	at java.base/java.lang.ProcessBuilder.start(ProcessBuilder.java:1089) ~[na:na]
	at net.bytebuddy.agent.ByteBuddyAgent.installExternal(ByteBuddyAgent.java:705) ~[byte-buddy-agent-1.14.16.jar:na]
	at net.bytebuddy.agent.ByteBuddyAgent.install(ByteBuddyAgent.java:636) ~[byte-buddy-agent-1.14.16.jar:na]
	at net.bytebuddy.agent.ByteBuddyAgent.install(ByteBuddyAgent.java:616) ~[byte-buddy-agent-1.14.16.jar:na]
	at net.bytebuddy.agent.ByteBuddyAgent.install(ByteBuddyAgent.java:568) ~[byte-buddy-agent-1.14.16.jar:na]
	at net.bytebuddy.agent.ByteBuddyAgent.install(ByteBuddyAgent.java:545) ~[byte-buddy-agent-1.14.16.jar:na]
	at org.mockito.internal.creation.bytebuddy.InlineDelegateByteBuddyMockMaker.<clinit>(InlineDelegateByteBuddyMockMaker.java:133) ~[mockito-core-5.11.0.jar:na]
	at org.mockito.internal.creation.bytebuddy.InlineByteBuddyMockMaker.<init>(InlineByteBuddyMockMaker.java:23) ~[mockito-core-5.11.0.jar:na]
	at java.base/jdk.internal.reflect.DirectConstructorHandleAccessor.newInstance(DirectConstructorHandleAccessor.java:62) ~[na:na]
	at java.base/java.lang.reflect.Constructor.newInstanceWithCaller(Constructor.java:502) ~[na:na]
	at java.base/java.lang.reflect.Constructor.newInstance(Constructor.java:486) ~[na:na]
	at org.mockito.internal.configuration.plugins.DefaultMockitoPlugins.create(DefaultMockitoPlugins.java:103) ~[mockito-core-5.11.0.jar:na]
	at org.mockito.internal.configuration.plugins.DefaultMockitoPlugins.getDefaultPlugin(DefaultMockitoPlugins.java:79) ~[mockito-core-5.11.0.jar:na]
	at org.mockito.internal.configuration.plugins.PluginLoader.loadPlugin(PluginLoader.java:75) ~[mockito-core-5.11.0.jar:na]
	at org.mockito.internal.configuration.plugins.PluginLoader.loadPlugin(PluginLoader.java:49) ~[mockito-core-5.11.0.jar:na]
	at org.mockito.internal.configuration.plugins.PluginRegistry.<init>(PluginRegistry.java:29) ~[mockito-core-5.11.0.jar:na]
	at org.mockito.internal.configuration.plugins.Plugins.<clinit>(Plugins.java:26) ~[mockito-core-5.11.0.jar:na]
	at org.mockito.internal.MockitoCore.<clinit>(MockitoCore.java:71) ~[mockito-core-5.11.0.jar:na]
	at org.mockito.Mockito.<clinit>(Mockito.java:1683) ~[mockito-core-5.11.0.jar:na]
	at org.springframework.boot.test.mock.mockito.MockReset.get(MockReset.java:105) ~[spring-boot-test-3.3.0.jar:3.3.0]
	at org.springframework.boot.test.mock.mockito.ResetMocksTestExecutionListener.resetMocks(ResetMocksTestExecutionListener.java:85) ~[spring-boot-test-3.3.0.jar:3.3.0]
	at org.springframework.boot.test.mock.mockito.ResetMocksTestExecutionListener.resetMocks(ResetMocksTestExecutionListener.java:73) ~[spring-boot-test-3.3.0.jar:3.3.0]
	at org.springframework.boot.test.mock.mockito.ResetMocksTestExecutionListener.beforeTestMethod(ResetMocksTestExecutionListener.java:60) ~[spring-boot-test-3.3.0.jar:3.3.0]
	at org.springframework.test.context.TestContextManager.beforeTestMethod(TestContextManager.java:320) ~[spring-test-6.1.8.jar:6.1.8]
	at org.springframework.test.context.junit.jupiter.SpringExtension.beforeEach(SpringExtension.java:240) ~[spring-test-6.1.8.jar:6.1.8]
	at org.junit.jupiter.engine.descriptor.TestMethodTestDescriptor.lambda$invokeBeforeEachCallbacks$2(TestMethodTestDescriptor.java:167) ~[junit-jupiter-engine-5.10.2.jar:5.10.2]
	at org.junit.jupiter.engine.descriptor.TestMethodTestDescriptor.lambda$invokeBeforeMethodsOrCallbacksUntilExceptionOccurs$6(TestMethodTestDescriptor.java:203) ~[junit-jupiter-engine-5.10.2.jar:5.10.2]
	at org.junit.platform.engine.support.hierarchical.ThrowableCollector.execute(ThrowableCollector.java:73) ~[junit-platform-engine-1.10.2.jar:1.10.2]
	at org.junit.jupiter.engine.descriptor.TestMethodTestDescriptor.invokeBeforeMethodsOrCallbacksUntilExceptionOccurs(TestMethodTestDescriptor.java:203) ~[junit-jupiter-engine-5.10.2.jar:5.10.2]
	at org.junit.jupiter.engine.descriptor.TestMethodTestDescriptor.invokeBeforeEachCallbacks(TestMethodTestDescriptor.java:166) ~[junit-jupiter-engine-5.10.2.jar:5.10.2]
	at org.junit.jupiter.engine.descriptor.TestMethodTestDescriptor.execute(TestMethodTestDescriptor.java:133) ~[junit-jupiter-engine-5.10.2.jar:5.10.2]
	at org.junit.jupiter.engine.descriptor.TestMethodTestDescriptor.execute(TestMethodTestDescriptor.java:69) ~[junit-jupiter-engine-5.10.2.jar:5.10.2]
	at org.junit.platform.engine.support.hierarchical.NodeTestTask.lambda$executeRecursively$6(NodeTestTask.java:151) ~[junit-platform-engine-1.10.2.jar:1.10.2]
	at org.junit.platform.engine.support.hierarchical.ThrowableCollector.execute(ThrowableCollector.java:73) ~[junit-platform-engine-1.10.2.jar:1.10.2]
	at org.junit.platform.engine.support.hierarchical.NodeTestTask.lambda$executeRecursively$8(NodeTestTask.java:141) ~[junit-platform-engine-1.10.2.jar:1.10.2]
	at org.junit.platform.engine.support.hierarchical.Node.around(Node.java:137) ~[junit-platform-engine-1.10.2.jar:1.10.2]
	at org.junit.platform.engine.support.hierarchical.NodeTestTask.lambda$executeRecursively$9(NodeTestTask.java:139) ~[junit-platform-engine-1.10.2.jar:1.10.2]
	at org.junit.platform.engine.support.hierarchical.ThrowableCollector.execute(ThrowableCollector.java:73) ~[junit-platform-engine-1.10.2.jar:1.10.2]
	at org.junit.platform.engine.support.hierarchical.NodeTestTask.executeRecursively(NodeTestTask.java:138) ~[junit-platform-engine-1.10.2.jar:1.10.2]
	at org.junit.platform.engine.support.hierarchical.NodeTestTask.execute(NodeTestTask.java:95) ~[junit-platform-engine-1.10.2.jar:1.10.2]
	at java.base/java.util.ArrayList.forEach(ArrayList.java:1596) ~[na:na]
	at org.junit.platform.engine.support.hierarchical.SameThreadHierarchicalTestExecutorService.invokeAll(SameThreadHierarchicalTestExecutorService.java:41) ~[junit-platform-engine-1.10.2.jar:1.10.2]
	at org.junit.platform.engine.support.hierarchical.NodeTestTask.lambda$executeRecursively$6(NodeTestTask.java:155) ~[junit-platform-engine-1.10.2.jar:1.10.2]
	at org.junit.platform.engine.support.hierarchical.ThrowableCollector.execute(ThrowableCollector.java:73) ~[junit-platform-engine-1.10.2.jar:1.10.2]
	at org.junit.platform.engine.support.hierarchical.NodeTestTask.lambda$executeRecursively$8(NodeTestTask.java:141) ~[junit-platform-engine-1.10.2.jar:1.10.2]
	at org.junit.platform.engine.support.hierarchical.Node.around(Node.java:137) ~[junit-platform-engine-1.10.2.jar:1.10.2]
	at org.junit.platform.engine.support.hierarchical.NodeTestTask.lambda$executeRecursively$9(NodeTestTask.java:139) ~[junit-platform-engine-1.10.2.jar:1.10.2]
	at org.junit.platform.engine.support.hierarchical.ThrowableCollector.execute(ThrowableCollector.java:73) ~[junit-platform-engine-1.10.2.jar:1.10.2]
	at org.junit.platform.engine.support.hierarchical.NodeTestTask.executeRecursively(NodeTestTask.java:138) ~[junit-platform-engine-1.10.2.jar:1.10.2]
	at org.junit.platform.engine.support.hierarchical.NodeTestTask.execute(NodeTestTask.java:95) ~[junit-platform-engine-1.10.2.jar:1.10.2]
	at java.base/java.util.ArrayList.forEach(ArrayList.java:1596) ~[na:na]
	at org.junit.platform.engine.support.hierarchical.SameThreadHierarchicalTestExecutorService.invokeAll(SameThreadHierarchicalTestExecutorService.java:41) ~[junit-platform-engine-1.10.2.jar:1.10.2]
	at org.junit.platform.engine.support.hierarchical.NodeTestTask.lambda$executeRecursively$6(NodeTestTask.java:155) ~[junit-platform-engine-1.10.2.jar:1.10.2]
	at org.junit.platform.engine.support.hierarchical.ThrowableCollector.execute(ThrowableCollector.java:73) ~[junit-platform-engine-1.10.2.jar:1.10.2]
	at org.junit.platform.engine.support.hierarchical.NodeTestTask.lambda$executeRecursively$8(NodeTestTask.java:141) ~[junit-platform-engine-1.10.2.jar:1.10.2]
	at org.junit.platform.engine.support.hierarchical.Node.around(Node.java:137) ~[junit-platform-engine-1.10.2.jar:1.10.2]
	at org.junit.platform.engine.support.hierarchical.NodeTestTask.lambda$executeRecursively$9(NodeTestTask.java:139) ~[junit-platform-engine-1.10.2.jar:1.10.2]
	at org.junit.platform.engine.support.hierarchical.ThrowableCollector.execute(ThrowableCollector.java:73) ~[junit-platform-engine-1.10.2.jar:1.10.2]
	at org.junit.platform.engine.support.hierarchical.NodeTestTask.executeRecursively(NodeTestTask.java:138) ~[junit-platform-engine-1.10.2.jar:1.10.2]
	at org.junit.platform.engine.support.hierarchical.NodeTestTask.execute(NodeTestTask.java:95) ~[junit-platform-engine-1.10.2.jar:1.10.2]
	at org.junit.platform.engine.support.hierarchical.SameThreadHierarchicalTestExecutorService.submit(SameThreadHierarchicalTestExecutorService.java:35) ~[junit-platform-engine-1.10.2.jar:1.10.2]
	at org.junit.platform.engine.support.hierarchical.HierarchicalTestExecutor.execute(HierarchicalTestExecutor.java:57) ~[junit-platform-engine-1.10.2.jar:1.10.2]
	at org.junit.platform.engine.support.hierarchical.HierarchicalTestEngine.execute(HierarchicalTestEngine.java:54) ~[junit-platform-engine-1.10.2.jar:1.10.2]
	at org.junit.platform.launcher.core.EngineExecutionOrchestrator.execute(EngineExecutionOrchestrator.java:198) ~[junit-platform-launcher-1.10.2.jar:1.10.2]
	at org.junit.platform.launcher.core.EngineExecutionOrchestrator.execute(EngineExecutionOrchestrator.java:169) ~[junit-platform-launcher-1.10.2.jar:1.10.2]
	at org.junit.platform.launcher.core.EngineExecutionOrchestrator.execute(EngineExecutionOrchestrator.java:93) ~[junit-platform-launcher-1.10.2.jar:1.10.2]
	at org.junit.platform.launcher.core.EngineExecutionOrchestrator.lambda$execute$0(EngineExecutionOrchestrator.java:58) ~[junit-platform-launcher-1.10.2.jar:1.10.2]
	at org.junit.platform.launcher.core.EngineExecutionOrchestrator.withInterceptedStreams(EngineExecutionOrchestrator.java:141) ~[junit-platform-launcher-1.10.2.jar:1.10.2]
	at org.junit.platform.launcher.core.EngineExecutionOrchestrator.execute(EngineExecutionOrchestrator.java:57) ~[junit-platform-launcher-1.10.2.jar:1.10.2]
	at org.junit.platform.launcher.core.DefaultLauncher.execute(DefaultLauncher.java:103) ~[junit-platform-launcher-1.10.2.jar:1.10.2]
	at org.junit.platform.launcher.core.DefaultLauncher.execute(DefaultLauncher.java:85) ~[junit-platform-launcher-1.10.2.jar:1.10.2]
	at org.junit.platform.launcher.core.DelegatingLauncher.execute(DelegatingLauncher.java:47) ~[junit-platform-launcher-1.10.2.jar:1.10.2]
	at org.apache.maven.surefire.junitplatform.LazyLauncher.execute(LazyLauncher.java:56) ~[surefire-junit-platform-3.2.5.jar:3.2.5]
	at org.apache.maven.surefire.junitplatform.JUnitPlatformProvider.execute(JUnitPlatformProvider.java:184) ~[surefire-junit-platform-3.2.5.jar:3.2.5]
	at org.apache.maven.surefire.junitplatform.JUnitPlatformProvider.invokeAllTests(JUnitPlatformProvider.java:148) ~[surefire-junit-platform-3.2.5.jar:3.2.5]
	at org.apache.maven.surefire.junitplatform.JUnitPlatformProvider.invoke(JUnitPlatformProvider.java:122) ~[surefire-junit-platform-3.2.5.jar:3.2.5]
	at org.apache.maven.surefire.booter.ForkedBooter.runSuitesInProcess(ForkedBooter.java:385) ~[surefire-booter-3.2.5.jar:3.2.5]
	at org.apache.maven.surefire.booter.ForkedBooter.execute(ForkedBooter.java:162) ~[surefire-booter-3.2.5.jar:3.2.5]
	at org.apache.maven.surefire.booter.ForkedBooter.run(ForkedBooter.java:507) ~[surefire-booter-3.2.5.jar:3.2.5]
	at org.apache.maven.surefire.booter.ForkedBooter.main(ForkedBooter.java:495) ~[surefire-booter-3.2.5.jar:3.2.5]

2024-12-18T10:31:18.293+09:00 DEBUG 14335 --- [coupon-api] [           main] o.s.orm.jpa.JpaTransactionManager        : Found thread-bound EntityManager [SessionImpl(935699399<open>)] for JPA transaction
2024-12-18T10:31:18.294+09:00 DEBUG 14335 --- [coupon-api] [           main] o.s.orm.jpa.JpaTransactionManager        : Participating in existing transaction
2024-12-18T10:31:18.301+09:00 DEBUG 14335 --- [coupon-api] [           main] o.h.j.internal.PersistenceUnitUtilImpl   : jakarta.persistence.PersistenceUnitUtil.getIdentifier is only intended to work with enhanced entities (although Hibernate also adapts this support to its proxies); however the passed entity was not enhanced (nor a proxy).. may not be able to read identifier
2024-12-18T10:31:18.317+09:00 DEBUG 14335 --- [coupon-api] [           main] org.hibernate.engine.spi.ActionQueue     : Executing identity-insert immediately
2024-12-18T10:31:18.326+09:00 DEBUG 14335 --- [coupon-api] [           main] org.hibernate.SQL                        : insert into discount_rule (max_sale,need_cost,sale_amount,sale_percent,discount_id) values (?,?,?,?,default)
Hibernate: insert into discount_rule (max_sale,need_cost,sale_amount,sale_percent,discount_id) values (?,?,?,?,default)
2024-12-18T10:31:18.355+09:00 DEBUG 14335 --- [coupon-api] [           main] org.hibernate.orm.results                : Initializer list is empty
2024-12-18T10:31:18.360+09:00 DEBUG 14335 --- [coupon-api] [           main] org.hibernate.orm.results.loading        : Calling top-level assembler (0 / 1) : org.hibernate.sql.results.graph.basic.BasicResultAssembler@37846cc2
2024-12-18T10:31:18.361+09:00 DEBUG 14335 --- [coupon-api] [           main] org.hibernate.orm.results                : Extracted JDBC value [0] - [1]
2024-12-18T10:31:18.363+09:00 DEBUG 14335 --- [coupon-api] [           main] o.h.id.IdentifierGeneratorHelper         : Extracted generated values [store.aurora.entity.DiscountRule]: [Ljava.lang.Object;@4873d4cb
2024-12-18T10:31:18.380+09:00 DEBUG 14335 --- [coupon-api] [           main] o.s.orm.jpa.JpaTransactionManager        : Found thread-bound EntityManager [SessionImpl(935699399<open>)] for JPA transaction
2024-12-18T10:31:18.380+09:00 DEBUG 14335 --- [coupon-api] [           main] o.s.orm.jpa.JpaTransactionManager        : Participating in existing transaction
2024-12-18T10:31:18.381+09:00 DEBUG 14335 --- [coupon-api] [           main] o.h.j.internal.PersistenceUnitUtilImpl   : jakarta.persistence.PersistenceUnitUtil.getIdentifier is only intended to work with enhanced entities (although Hibernate also adapts this support to its proxies); however the passed entity was not enhanced (nor a proxy).. may not be able to read identifier
2024-12-18T10:31:18.381+09:00 DEBUG 14335 --- [coupon-api] [           main] org.hibernate.engine.spi.ActionQueue     : Executing identity-insert immediately
2024-12-18T10:31:18.382+09:00 DEBUG 14335 --- [coupon-api] [           main] org.hibernate.SQL                        : insert into coupon_policy (discount_id,policy_name,sale_type,policy_id) values (?,?,?,default)
Hibernate: insert into coupon_policy (discount_id,policy_name,sale_type,policy_id) values (?,?,?,default)
2024-12-18T10:31:18.383+09:00 DEBUG 14335 --- [coupon-api] [           main] org.hibernate.orm.results                : Initializer list is empty
2024-12-18T10:31:18.383+09:00 DEBUG 14335 --- [coupon-api] [           main] org.hibernate.orm.results.loading        : Calling top-level assembler (0 / 1) : org.hibernate.sql.results.graph.basic.BasicResultAssembler@115b0bf5
2024-12-18T10:31:18.384+09:00 DEBUG 14335 --- [coupon-api] [           main] org.hibernate.orm.results                : Extracted JDBC value [0] - [1]
2024-12-18T10:31:18.384+09:00 DEBUG 14335 --- [coupon-api] [           main] o.h.id.IdentifierGeneratorHelper         : Extracted generated values [store.aurora.entity.CouponPolicy]: [Ljava.lang.Object;@21f134a2
2024-12-18T10:31:18.386+09:00 DEBUG 14335 --- [coupon-api] [           main] o.s.orm.jpa.JpaTransactionManager        : Found thread-bound EntityManager [SessionImpl(935699399<open>)] for JPA transaction
2024-12-18T10:31:18.387+09:00 DEBUG 14335 --- [coupon-api] [           main] o.s.orm.jpa.JpaTransactionManager        : Participating in existing transaction
2024-12-18T10:31:18.387+09:00 DEBUG 14335 --- [coupon-api] [           main] o.h.j.internal.PersistenceUnitUtilImpl   : jakarta.persistence.PersistenceUnitUtil.getIdentifier is only intended to work with enhanced entities (although Hibernate also adapts this support to its proxies); however the passed entity was not enhanced (nor a proxy).. may not be able to read identifier
2024-12-18T10:31:18.387+09:00 DEBUG 14335 --- [coupon-api] [           main] org.hibernate.engine.spi.ActionQueue     : Executing identity-insert immediately
2024-12-18T10:31:18.388+09:00 DEBUG 14335 --- [coupon-api] [           main] org.hibernate.SQL                        : insert into user_coupon (change_period,coupon_state,end_date,policy_id,start_date,user_id,coupon_id) values (?,?,?,?,?,?,default)
Hibernate: insert into user_coupon (change_period,coupon_state,end_date,policy_id,start_date,user_id,coupon_id) values (?,?,?,?,?,?,default)
2024-12-18T10:31:18.390+09:00 DEBUG 14335 --- [coupon-api] [           main] org.hibernate.orm.results                : Initializer list is empty
2024-12-18T10:31:18.390+09:00 DEBUG 14335 --- [coupon-api] [           main] org.hibernate.orm.results.loading        : Calling top-level assembler (0 / 1) : org.hibernate.sql.results.graph.basic.BasicResultAssembler@64d128d0
2024-12-18T10:31:18.390+09:00 DEBUG 14335 --- [coupon-api] [           main] org.hibernate.orm.results                : Extracted JDBC value [0] - [1]
2024-12-18T10:31:18.390+09:00 DEBUG 14335 --- [coupon-api] [           main] o.h.id.IdentifierGeneratorHelper         : Extracted generated values [store.aurora.entity.UserCoupon]: [Ljava.lang.Object;@4f755506
2024-12-18T10:31:18.391+09:00 DEBUG 14335 --- [coupon-api] [           main] o.s.orm.jpa.JpaTransactionManager        : Found thread-bound EntityManager [SessionImpl(935699399<open>)] for JPA transaction
2024-12-18T10:31:18.391+09:00 DEBUG 14335 --- [coupon-api] [           main] o.s.orm.jpa.JpaTransactionManager        : Participating in existing transaction
2024-12-18T10:31:18.391+09:00 DEBUG 14335 --- [coupon-api] [           main] o.h.j.internal.PersistenceUnitUtilImpl   : jakarta.persistence.PersistenceUnitUtil.getIdentifier is only intended to work with enhanced entities (although Hibernate also adapts this support to its proxies); however the passed entity was not enhanced (nor a proxy).. may not be able to read identifier
2024-12-18T10:31:18.391+09:00 DEBUG 14335 --- [coupon-api] [           main] org.hibernate.engine.spi.ActionQueue     : Executing identity-insert immediately
2024-12-18T10:31:18.391+09:00 DEBUG 14335 --- [coupon-api] [           main] org.hibernate.SQL                        : insert into user_coupon (change_period,coupon_state,end_date,policy_id,start_date,user_id,coupon_id) values (?,?,?,?,?,?,default)
Hibernate: insert into user_coupon (change_period,coupon_state,end_date,policy_id,start_date,user_id,coupon_id) values (?,?,?,?,?,?,default)
2024-12-18T10:31:18.392+09:00 DEBUG 14335 --- [coupon-api] [           main] org.hibernate.orm.results                : Initializer list is empty
2024-12-18T10:31:18.392+09:00 DEBUG 14335 --- [coupon-api] [           main] org.hibernate.orm.results.loading        : Calling top-level assembler (0 / 1) : org.hibernate.sql.results.graph.basic.BasicResultAssembler@13668c8b
2024-12-18T10:31:18.392+09:00 DEBUG 14335 --- [coupon-api] [           main] org.hibernate.orm.results                : Extracted JDBC value [0] - [2]
2024-12-18T10:31:18.392+09:00 DEBUG 14335 --- [coupon-api] [           main] o.h.id.IdentifierGeneratorHelper         : Extracted generated values [store.aurora.entity.UserCoupon]: [Ljava.lang.Object;@10ecdd85
2024-12-18T10:31:18.394+09:00 DEBUG 14335 --- [coupon-api] [           main] org.springframework.test.context.cache   : Spring test ApplicationContext cache statistics: [DefaultContextCache@47c019d7 size = 1, maxSize = 32, parentContextCount = 0, hitCount = 5, missCount = 1, failureCount = 0]
2024-12-18T10:31:18.421+09:00 DEBUG 14335 --- [coupon-api] [           main] o.h.e.i.AbstractFlushingEventListener    : Processing flush-time cascades
2024-12-18T10:31:18.422+09:00 DEBUG 14335 --- [coupon-api] [           main] o.h.e.i.AbstractFlushingEventListener    : Dirty checking collections
2024-12-18T10:31:18.438+09:00 DEBUG 14335 --- [coupon-api] [           main] org.hibernate.orm.sql.ast.create         : Created new SQL alias : uc1_0
2024-12-18T10:31:18.439+09:00 DEBUG 14335 --- [coupon-api] [           main] org.hibernate.orm.sql.ast.create         : Registration of TableGroup [StandardTableGroup(store.aurora.entity.UserCoupon(48100378336917))] with identifierForTableGroup [store.aurora.entity.UserCoupon] for NavigablePath [store.aurora.entity.UserCoupon] 
2024-12-18T10:31:18.443+09:00 DEBUG 14335 --- [coupon-api] [           main] org.hibernate.orm.sql.ast.create         : Registration of TableGroup [org.hibernate.sql.ast.tree.from.LazyTableGroup@18791f7b] with identifierForTableGroup [store.aurora.entity.UserCoupon.policy] for NavigablePath [store.aurora.entity.UserCoupon.policy] 
2024-12-18T10:31:18.446+09:00 DEBUG 14335 --- [coupon-api] [           main] o.h.q.sqm.sql.BaseSqmToSqlAstConverter   : Determining mapping-model type for SqmParameter : org.hibernate.query.sqm.tree.expression.SqmJpaCriteriaParameterWrapper@f5b08d4
2024-12-18T10:31:18.446+09:00 DEBUG 14335 --- [coupon-api] [           main] o.h.q.sqm.sql.BaseSqmToSqlAstConverter   : Determining mapping-model type for SqmPath : SqmBasicValuedSimplePath(store.aurora.entity.UserCoupon(48100378336917).userId) 
2024-12-18T10:31:18.451+09:00 DEBUG 14335 --- [coupon-api] [           main] org.hibernate.orm.results.graph.AST      : DomainResult Graph:
 \-EntityResultImpl [store.aurora.entity.UserCoupon(48100378336917)]
 |  +-BasicFetch [store.aurora.entity.UserCoupon(48100378336917).changedDate]
 |  +-BasicFetch [store.aurora.entity.UserCoupon(48100378336917).couponState]
 |  +-BasicFetch [store.aurora.entity.UserCoupon(48100378336917).endDate]
 |  +-EntityDelayedFetchImpl [store.aurora.entity.UserCoupon(48100378336917).policy]
 |  +-BasicFetch [store.aurora.entity.UserCoupon(48100378336917).startDate]
 |  \-BasicFetch [store.aurora.entity.UserCoupon(48100378336917).userId]

2024-12-18T10:31:18.453+09:00 DEBUG 14335 --- [coupon-api] [           main] org.hibernate.orm.sql.ast.tree           : SQL AST Tree:
    SelectStatement {
      FromClause {
        StandardTableGroup (uc1 : store.aurora.entity.UserCoupon(48100378336917)) {
          primaryTableReference : user_coupon as uc1_0
          TableGroupJoins {
            left  join LazyTableGroup (p1 : store.aurora.entity.UserCoupon(48100378336917).policy) {
            }
          }
        }
      }
    }

2024-12-18T10:31:18.459+09:00 DEBUG 14335 --- [coupon-api] [           main] o.h.e.i.AbstractFlushingEventListener    : Flushed: 0 insertions, 0 updates, 0 deletions to 4 objects
2024-12-18T10:31:18.459+09:00 DEBUG 14335 --- [coupon-api] [           main] o.h.e.i.AbstractFlushingEventListener    : Flushed: 0 (re)creations, 0 updates, 0 removals to 0 collections
2024-12-18T10:31:18.460+09:00 DEBUG 14335 --- [coupon-api] [           main] o.hibernate.internal.util.EntityPrinter  : Listing entities:
2024-12-18T10:31:18.461+09:00 DEBUG 14335 --- [coupon-api] [           main] o.hibernate.internal.util.EntityPrinter  : store.aurora.entity.DiscountRule{saleAmount=10000, needCost=null, maxSale=null, salePercent=null, id=1}
2024-12-18T10:31:18.461+09:00 DEBUG 14335 --- [coupon-api] [           main] o.hibernate.internal.util.EntityPrinter  : store.aurora.entity.UserCoupon{changedDate=null, endDate=2024-12-17, couponId=1, userId=1, startDate=2024-12-08, couponState=LIVE, policy=store.aurora.entity.CouponPolicy#1}
2024-12-18T10:31:18.461+09:00 DEBUG 14335 --- [coupon-api] [           main] o.hibernate.internal.util.EntityPrinter  : store.aurora.entity.CouponPolicy{saleType=AMOUNT, name=Test Policy, id=1, discountRule=store.aurora.entity.DiscountRule#1}
2024-12-18T10:31:18.461+09:00 DEBUG 14335 --- [coupon-api] [           main] o.hibernate.internal.util.EntityPrinter  : store.aurora.entity.UserCoupon{changedDate=null, endDate=2024-12-23, couponId=2, userId=2, startDate=2024-12-08, couponState=LIVE, policy=store.aurora.entity.CouponPolicy#1}
2024-12-18T10:31:18.470+09:00 DEBUG 14335 --- [coupon-api] [           main] org.hibernate.orm.sql.exec               : Skipping reading Query result cache data: cache-enabled = false, cache-mode = NORMAL
2024-12-18T10:31:18.477+09:00 DEBUG 14335 --- [coupon-api] [           main] org.hibernate.orm.results                : Initializer list:
	  store.aurora.entity.UserCoupon(48100378336917) -> EntityResultInitializer(store.aurora.entity.UserCoupon(48100378336917))@2054315145 (SingleTableEntityPersister(store.aurora.entity.UserCoupon))
	  store.aurora.entity.UserCoupon(48100378336917).policy -> EntityDelayedFetchInitializer(store.aurora.entity.UserCoupon(48100378336917).policy)@331433976 (ToOneAttributeMapping(NavigableRole[store.aurora.entity.UserCoupon.policy])@296904339)

2024-12-18T10:31:18.479+09:00 DEBUG 14335 --- [coupon-api] [           main] org.hibernate.SQL                        : select uc1_0.coupon_id,uc1_0.change_period,uc1_0.coupon_state,uc1_0.end_date,uc1_0.policy_id,uc1_0.start_date,uc1_0.user_id from user_coupon uc1_0 where uc1_0.user_id=?
Hibernate: select uc1_0.coupon_id,uc1_0.change_period,uc1_0.coupon_state,uc1_0.end_date,uc1_0.policy_id,uc1_0.start_date,uc1_0.user_id from user_coupon uc1_0 where uc1_0.user_id=?
2024-12-18T10:31:18.480+09:00 DEBUG 14335 --- [coupon-api] [           main] org.hibernate.orm.results                : Extracted JDBC value [0] - [1]
2024-12-18T10:31:18.480+09:00 DEBUG 14335 --- [coupon-api] [           main] o.hibernate.orm.results.loading.entity   : (EntityResultInitializer) Hydrated EntityKey (store.aurora.entity.UserCoupon(48100378336917)): 1
2024-12-18T10:31:18.481+09:00 DEBUG 14335 --- [coupon-api] [           main] org.hibernate.orm.results.loading        : Calling top-level assembler (0 / 1) : org.hibernate.sql.results.graph.entity.internal.EntityAssembler@4ad113d6
2024-12-18T10:31:18.537+09:00 DEBUG 14335 --- [coupon-api] [           main] org.springframework.test.context.cache   : Spring test ApplicationContext cache statistics: [DefaultContextCache@47c019d7 size = 1, maxSize = 32, parentContextCount = 0, hitCount = 6, missCount = 1, failureCount = 0]
2024-12-18T10:31:18.538+09:00 DEBUG 14335 --- [coupon-api] [           main] org.springframework.test.context.cache   : Spring test ApplicationContext cache statistics: [DefaultContextCache@47c019d7 size = 1, maxSize = 32, parentContextCount = 0, hitCount = 7, missCount = 1, failureCount = 0]
2024-12-18T10:31:18.538+09:00 DEBUG 14335 --- [coupon-api] [           main] org.springframework.test.context.cache   : Spring test ApplicationContext cache statistics: [DefaultContextCache@47c019d7 size = 1, maxSize = 32, parentContextCount = 0, hitCount = 8, missCount = 1, failureCount = 0]
2024-12-18T10:31:18.539+09:00 DEBUG 14335 --- [coupon-api] [           main] org.springframework.test.context.cache   : Spring test ApplicationContext cache statistics: [DefaultContextCache@47c019d7 size = 1, maxSize = 32, parentContextCount = 0, hitCount = 9, missCount = 1, failureCount = 0]
2024-12-18T10:31:18.550+09:00 DEBUG 14335 --- [coupon-api] [           main] org.springframework.test.context.cache   : Spring test ApplicationContext cache statistics: [DefaultContextCache@47c019d7 size = 1, maxSize = 32, parentContextCount = 0, hitCount = 10, missCount = 1, failureCount = 0]
2024-12-18T10:31:18.554+09:00 DEBUG 14335 --- [coupon-api] [           main] org.springframework.test.context.cache   : Spring test ApplicationContext cache statistics: [DefaultContextCache@47c019d7 size = 1, maxSize = 32, parentContextCount = 0, hitCount = 11, missCount = 1, failureCount = 0]
2024-12-18T10:31:18.558+09:00 DEBUG 14335 --- [coupon-api] [           main] o.s.orm.jpa.JpaTransactionManager        : Initiating transaction rollback
2024-12-18T10:31:18.559+09:00 DEBUG 14335 --- [coupon-api] [           main] o.s.orm.jpa.JpaTransactionManager        : Rolling back JPA transaction on EntityManager [SessionImpl(935699399<open>)]
2024-12-18T10:31:18.559+09:00 DEBUG 14335 --- [coupon-api] [           main] o.h.e.t.internal.TransactionImpl         : rolling back
2024-12-18T10:31:18.562+09:00 DEBUG 14335 --- [coupon-api] [           main] o.s.orm.jpa.JpaTransactionManager        : Closing JPA EntityManager [SessionImpl(935699399<open>)] after transaction
2024-12-18T10:31:18.562+09:00 DEBUG 14335 --- [coupon-api] [           main] o.s.t.c.transaction.TransactionContext   : Rolled back transaction (1) for test class [store.aurora.CouponRepositoryTest]; test method [testFindByUserId]
2024-12-18T10:31:18.564+09:00 DEBUG 14335 --- [coupon-api] [           main] .c.s.DirtiesContextTestExecutionListener : After test method: class [CouponRepositoryTest], method [testFindByUserId], class annotated with @DirtiesContext [false] with mode [null], method annotated with @DirtiesContext [false] with mode [null]
]]></system-out>
    <system-err><![CDATA[WARNING: A Java agent has been loaded dynamically (/Users/asdf/.m2/repository/net/bytebuddy/byte-buddy-agent/1.14.16/byte-buddy-agent-1.14.16.jar)
WARNING: If a serviceability tool is in use, please run with -XX:+EnableDynamicAgentLoading to hide this warning
WARNING: If a serviceability tool is not in use, please run with -Djdk.instrument.traceUsage for more information
WARNING: Dynamic loading of agents will be disallowed by default in a future release
]]></system-err>
  </testcase>
  <testcase name="testUpdateCouponStateByUserIds" classname="store.aurora.CouponRepositoryTest" time="0.089">
    <system-out><![CDATA[2024-12-18T10:31:18.575+09:00 DEBUG 14335 --- [coupon-api] [           main] DependencyInjectionTestExecutionListener : Performing dependency injection for test class store.aurora.CouponRepositoryTest
2024-12-18T10:31:18.576+09:00 DEBUG 14335 --- [coupon-api] [           main] org.springframework.test.context.cache   : Spring test ApplicationContext cache statistics: [DefaultContextCache@47c019d7 size = 1, maxSize = 32, parentContextCount = 0, hitCount = 12, missCount = 1, failureCount = 0]
2024-12-18T10:31:18.579+09:00 DEBUG 14335 --- [coupon-api] [           main] org.springframework.test.context.cache   : Spring test ApplicationContext cache statistics: [DefaultContextCache@47c019d7 size = 1, maxSize = 32, parentContextCount = 0, hitCount = 13, missCount = 1, failureCount = 0]
2024-12-18T10:31:18.582+09:00 DEBUG 14335 --- [coupon-api] [           main] sContextBeforeModesTestExecutionListener : Before test method: class [CouponRepositoryTest], method [testUpdateCouponStateByUserIds], class annotated with @DirtiesContext [false] with mode [null], method annotated with @DirtiesContext [false] with mode [null]
2024-12-18T10:31:18.583+09:00 DEBUG 14335 --- [coupon-api] [           main] t.c.t.TransactionalTestExecutionListener : Explicit transaction definition [PROPAGATION_REQUIRED,ISOLATION_DEFAULT] found for test class [store.aurora.CouponRepositoryTest] and test method [testUpdateCouponStateByUserIds]
2024-12-18T10:31:18.584+09:00 DEBUG 14335 --- [coupon-api] [           main] org.springframework.test.context.cache   : Spring test ApplicationContext cache statistics: [DefaultContextCache@47c019d7 size = 1, maxSize = 32, parentContextCount = 0, hitCount = 14, missCount = 1, failureCount = 0]
2024-12-18T10:31:18.584+09:00 DEBUG 14335 --- [coupon-api] [           main] t.c.t.TransactionalTestExecutionListener : No method-level @Rollback override: using default rollback [true] for test method [void store.aurora.CouponRepositoryTest.testUpdateCouponStateByUserIds()]
2024-12-18T10:31:18.584+09:00 DEBUG 14335 --- [coupon-api] [           main] o.s.orm.jpa.JpaTransactionManager        : Creating new transaction with name [store.aurora.CouponRepositoryTest.testUpdateCouponStateByUserIds]: PROPAGATION_REQUIRED,ISOLATION_DEFAULT
2024-12-18T10:31:18.585+09:00 DEBUG 14335 --- [coupon-api] [           main] o.s.orm.jpa.JpaTransactionManager        : Opened new EntityManager [SessionImpl(1928401617<open>)] for JPA transaction
2024-12-18T10:31:18.585+09:00 DEBUG 14335 --- [coupon-api] [           main] o.h.e.t.internal.TransactionImpl         : On TransactionImpl creation, JpaCompliance#isJpaTransactionComplianceEnabled == false
2024-12-18T10:31:18.585+09:00 DEBUG 14335 --- [coupon-api] [           main] o.h.e.t.internal.TransactionImpl         : begin
2024-12-18T10:31:18.585+09:00 DEBUG 14335 --- [coupon-api] [           main] o.s.j.datasource.SimpleDriverDataSource  : Creating new JDBC Driver Connection to [jdbc:h2:mem:c3b79b7d-e3f9-425b-a5f5-d700e326368f;DB_CLOSE_DELAY=-1;DB_CLOSE_ON_EXIT=false]
2024-12-18T10:31:18.587+09:00 DEBUG 14335 --- [coupon-api] [           main] o.s.orm.jpa.JpaTransactionManager        : Exposing JPA transaction as JDBC [org.springframework.orm.jpa.vendor.HibernateJpaDialect$HibernateConnectionHandle@3927de0e]
2024-12-18T10:31:18.587+09:00 DEBUG 14335 --- [coupon-api] [           main] o.s.t.c.transaction.TransactionContext   : Began transaction (1) for test class [store.aurora.CouponRepositoryTest]; test method [testUpdateCouponStateByUserIds]; transaction manager [org.springframework.orm.jpa.JpaTransactionManager@4e25282d]; rollback [true]
2024-12-18T10:31:18.588+09:00 DEBUG 14335 --- [coupon-api] [           main] org.springframework.test.context.cache   : Spring test ApplicationContext cache statistics: [DefaultContextCache@47c019d7 size = 1, maxSize = 32, parentContextCount = 0, hitCount = 15, missCount = 1, failureCount = 0]
2024-12-18T10:31:18.588+09:00 DEBUG 14335 --- [coupon-api] [           main] org.springframework.test.context.cache   : Spring test ApplicationContext cache statistics: [DefaultContextCache@47c019d7 size = 1, maxSize = 32, parentContextCount = 0, hitCount = 16, missCount = 1, failureCount = 0]
2024-12-18T10:31:18.592+09:00 DEBUG 14335 --- [coupon-api] [           main] o.s.orm.jpa.JpaTransactionManager        : Found thread-bound EntityManager [SessionImpl(1928401617<open>)] for JPA transaction
2024-12-18T10:31:18.592+09:00 DEBUG 14335 --- [coupon-api] [           main] o.s.orm.jpa.JpaTransactionManager        : Participating in existing transaction
2024-12-18T10:31:18.592+09:00 DEBUG 14335 --- [coupon-api] [           main] o.h.j.internal.PersistenceUnitUtilImpl   : jakarta.persistence.PersistenceUnitUtil.getIdentifier is only intended to work with enhanced entities (although Hibernate also adapts this support to its proxies); however the passed entity was not enhanced (nor a proxy).. may not be able to read identifier
2024-12-18T10:31:18.593+09:00 DEBUG 14335 --- [coupon-api] [           main] org.hibernate.engine.spi.ActionQueue     : Executing identity-insert immediately
2024-12-18T10:31:18.594+09:00 DEBUG 14335 --- [coupon-api] [           main] org.hibernate.SQL                        : insert into discount_rule (max_sale,need_cost,sale_amount,sale_percent,discount_id) values (?,?,?,?,default)
Hibernate: insert into discount_rule (max_sale,need_cost,sale_amount,sale_percent,discount_id) values (?,?,?,?,default)
2024-12-18T10:31:18.595+09:00 DEBUG 14335 --- [coupon-api] [           main] org.hibernate.orm.results                : Initializer list is empty
2024-12-18T10:31:18.595+09:00 DEBUG 14335 --- [coupon-api] [           main] org.hibernate.orm.results.loading        : Calling top-level assembler (0 / 1) : org.hibernate.sql.results.graph.basic.BasicResultAssembler@7505ef47
2024-12-18T10:31:18.595+09:00 DEBUG 14335 --- [coupon-api] [           main] org.hibernate.orm.results                : Extracted JDBC value [0] - [2]
2024-12-18T10:31:18.595+09:00 DEBUG 14335 --- [coupon-api] [           main] o.h.id.IdentifierGeneratorHelper         : Extracted generated values [store.aurora.entity.DiscountRule]: [Ljava.lang.Object;@2a6f3ac7
2024-12-18T10:31:18.600+09:00 DEBUG 14335 --- [coupon-api] [           main] o.s.orm.jpa.JpaTransactionManager        : Found thread-bound EntityManager [SessionImpl(1928401617<open>)] for JPA transaction
2024-12-18T10:31:18.600+09:00 DEBUG 14335 --- [coupon-api] [           main] o.s.orm.jpa.JpaTransactionManager        : Participating in existing transaction
2024-12-18T10:31:18.601+09:00 DEBUG 14335 --- [coupon-api] [           main] o.h.j.internal.PersistenceUnitUtilImpl   : jakarta.persistence.PersistenceUnitUtil.getIdentifier is only intended to work with enhanced entities (although Hibernate also adapts this support to its proxies); however the passed entity was not enhanced (nor a proxy).. may not be able to read identifier
2024-12-18T10:31:18.601+09:00 DEBUG 14335 --- [coupon-api] [           main] org.hibernate.engine.spi.ActionQueue     : Executing identity-insert immediately
2024-12-18T10:31:18.602+09:00 DEBUG 14335 --- [coupon-api] [           main] org.hibernate.SQL                        : insert into coupon_policy (discount_id,policy_name,sale_type,policy_id) values (?,?,?,default)
Hibernate: insert into coupon_policy (discount_id,policy_name,sale_type,policy_id) values (?,?,?,default)
2024-12-18T10:31:18.603+09:00 DEBUG 14335 --- [coupon-api] [           main] org.hibernate.orm.results                : Initializer list is empty
2024-12-18T10:31:18.603+09:00 DEBUG 14335 --- [coupon-api] [           main] org.hibernate.orm.results.loading        : Calling top-level assembler (0 / 1) : org.hibernate.sql.results.graph.basic.BasicResultAssembler@4460edf
2024-12-18T10:31:18.603+09:00 DEBUG 14335 --- [coupon-api] [           main] org.hibernate.orm.results                : Extracted JDBC value [0] - [2]
2024-12-18T10:31:18.603+09:00 DEBUG 14335 --- [coupon-api] [           main] o.h.id.IdentifierGeneratorHelper         : Extracted generated values [store.aurora.entity.CouponPolicy]: [Ljava.lang.Object;@4a48fe63
2024-12-18T10:31:18.604+09:00 DEBUG 14335 --- [coupon-api] [           main] o.s.orm.jpa.JpaTransactionManager        : Found thread-bound EntityManager [SessionImpl(1928401617<open>)] for JPA transaction
2024-12-18T10:31:18.604+09:00 DEBUG 14335 --- [coupon-api] [           main] o.s.orm.jpa.JpaTransactionManager        : Participating in existing transaction
2024-12-18T10:31:18.604+09:00 DEBUG 14335 --- [coupon-api] [           main] o.h.j.internal.PersistenceUnitUtilImpl   : jakarta.persistence.PersistenceUnitUtil.getIdentifier is only intended to work with enhanced entities (although Hibernate also adapts this support to its proxies); however the passed entity was not enhanced (nor a proxy).. may not be able to read identifier
2024-12-18T10:31:18.604+09:00 DEBUG 14335 --- [coupon-api] [           main] org.hibernate.engine.spi.ActionQueue     : Executing identity-insert immediately
2024-12-18T10:31:18.604+09:00 DEBUG 14335 --- [coupon-api] [           main] org.hibernate.SQL                        : insert into user_coupon (change_period,coupon_state,end_date,policy_id,start_date,user_id,coupon_id) values (?,?,?,?,?,?,default)
Hibernate: insert into user_coupon (change_period,coupon_state,end_date,policy_id,start_date,user_id,coupon_id) values (?,?,?,?,?,?,default)
2024-12-18T10:31:18.607+09:00 DEBUG 14335 --- [coupon-api] [           main] org.hibernate.orm.results                : Initializer list is empty
2024-12-18T10:31:18.608+09:00 DEBUG 14335 --- [coupon-api] [           main] org.hibernate.orm.results.loading        : Calling top-level assembler (0 / 1) : org.hibernate.sql.results.graph.basic.BasicResultAssembler@377bc8da
2024-12-18T10:31:18.608+09:00 DEBUG 14335 --- [coupon-api] [           main] org.hibernate.orm.results                : Extracted JDBC value [0] - [3]
2024-12-18T10:31:18.608+09:00 DEBUG 14335 --- [coupon-api] [           main] o.h.id.IdentifierGeneratorHelper         : Extracted generated values [store.aurora.entity.UserCoupon]: [Ljava.lang.Object;@522db06e
2024-12-18T10:31:18.608+09:00 DEBUG 14335 --- [coupon-api] [           main] o.s.orm.jpa.JpaTransactionManager        : Found thread-bound EntityManager [SessionImpl(1928401617<open>)] for JPA transaction
2024-12-18T10:31:18.608+09:00 DEBUG 14335 --- [coupon-api] [           main] o.s.orm.jpa.JpaTransactionManager        : Participating in existing transaction
2024-12-18T10:31:18.608+09:00 DEBUG 14335 --- [coupon-api] [           main] o.h.j.internal.PersistenceUnitUtilImpl   : jakarta.persistence.PersistenceUnitUtil.getIdentifier is only intended to work with enhanced entities (although Hibernate also adapts this support to its proxies); however the passed entity was not enhanced (nor a proxy).. may not be able to read identifier
2024-12-18T10:31:18.609+09:00 DEBUG 14335 --- [coupon-api] [           main] org.hibernate.engine.spi.ActionQueue     : Executing identity-insert immediately
2024-12-18T10:31:18.609+09:00 DEBUG 14335 --- [coupon-api] [           main] org.hibernate.SQL                        : insert into user_coupon (change_period,coupon_state,end_date,policy_id,start_date,user_id,coupon_id) values (?,?,?,?,?,?,default)
Hibernate: insert into user_coupon (change_period,coupon_state,end_date,policy_id,start_date,user_id,coupon_id) values (?,?,?,?,?,?,default)
2024-12-18T10:31:18.610+09:00 DEBUG 14335 --- [coupon-api] [           main] org.hibernate.orm.results                : Initializer list is empty
2024-12-18T10:31:18.610+09:00 DEBUG 14335 --- [coupon-api] [           main] org.hibernate.orm.results.loading        : Calling top-level assembler (0 / 1) : org.hibernate.sql.results.graph.basic.BasicResultAssembler@23df16cf
2024-12-18T10:31:18.610+09:00 DEBUG 14335 --- [coupon-api] [           main] org.hibernate.orm.results                : Extracted JDBC value [0] - [4]
2024-12-18T10:31:18.610+09:00 DEBUG 14335 --- [coupon-api] [           main] o.h.id.IdentifierGeneratorHelper         : Extracted generated values [store.aurora.entity.UserCoupon]: [Ljava.lang.Object;@3d980928
2024-12-18T10:31:18.611+09:00 DEBUG 14335 --- [coupon-api] [           main] org.springframework.test.context.cache   : Spring test ApplicationContext cache statistics: [DefaultContextCache@47c019d7 size = 1, maxSize = 32, parentContextCount = 0, hitCount = 17, missCount = 1, failureCount = 0]
2024-12-18T10:31:18.615+09:00 DEBUG 14335 --- [coupon-api] [           main] o.s.orm.jpa.JpaTransactionManager        : Found thread-bound EntityManager [SessionImpl(1928401617<open>)] for JPA transaction
2024-12-18T10:31:18.615+09:00 DEBUG 14335 --- [coupon-api] [           main] o.s.orm.jpa.JpaTransactionManager        : Participating in existing transaction
2024-12-18T10:31:18.622+09:00 DEBUG 14335 --- [coupon-api] [           main] org.hibernate.orm.sql.ast.create         : Created new SQL alias : uc1_0
2024-12-18T10:31:18.622+09:00 DEBUG 14335 --- [coupon-api] [           main] org.hibernate.orm.sql.ast.create         : Registration of TableGroup [StandardTableGroup(store.aurora.entity.UserCoupon(uc))] with identifierForTableGroup [store.aurora.entity.UserCoupon] for NavigablePath [store.aurora.entity.UserCoupon] 
2024-12-18T10:31:18.624+09:00 DEBUG 14335 --- [coupon-api] [           main] o.h.q.sqm.sql.BaseSqmToSqlAstConverter   : Determining mapping-model type for SqmParameter : SqmNamedParameter(userIds)
2024-12-18T10:31:18.624+09:00 DEBUG 14335 --- [coupon-api] [           main] o.h.q.sqm.sql.BaseSqmToSqlAstConverter   : Determining mapping-model type for SqmPath : SqmBasicValuedSimplePath(store.aurora.entity.UserCoupon(uc).userId) 
2024-12-18T10:31:18.624+09:00 DEBUG 14335 --- [coupon-api] [           main] org.hibernate.orm.query.sqm.transform    : Adding domain-param xref expansion : SqmNamedParameter(userIds)
2024-12-18T10:31:18.624+09:00 DEBUG 14335 --- [coupon-api] [           main] o.h.q.sqm.sql.BaseSqmToSqlAstConverter   : Determining mapping-model type for SqmParameter : SqmNamedParameter(userIds)
2024-12-18T10:31:18.624+09:00 DEBUG 14335 --- [coupon-api] [           main] o.h.q.sqm.sql.BaseSqmToSqlAstConverter   : Determining mapping-model type for SqmPath : SqmBasicValuedSimplePath(store.aurora.entity.UserCoupon(uc).userId) 
2024-12-18T10:31:18.628+09:00 DEBUG 14335 --- [coupon-api] [           main] o.h.e.i.AbstractFlushingEventListener    : Processing flush-time cascades
2024-12-18T10:31:18.628+09:00 DEBUG 14335 --- [coupon-api] [           main] o.h.e.i.AbstractFlushingEventListener    : Dirty checking collections
2024-12-18T10:31:18.628+09:00 DEBUG 14335 --- [coupon-api] [           main] o.h.e.i.AbstractFlushingEventListener    : Flushed: 0 insertions, 0 updates, 0 deletions to 4 objects
2024-12-18T10:31:18.628+09:00 DEBUG 14335 --- [coupon-api] [           main] o.h.e.i.AbstractFlushingEventListener    : Flushed: 0 (re)creations, 0 updates, 0 removals to 0 collections
2024-12-18T10:31:18.628+09:00 DEBUG 14335 --- [coupon-api] [           main] o.hibernate.internal.util.EntityPrinter  : Listing entities:
2024-12-18T10:31:18.629+09:00 DEBUG 14335 --- [coupon-api] [           main] o.hibernate.internal.util.EntityPrinter  : store.aurora.entity.DiscountRule{saleAmount=10000, needCost=null, maxSale=null, salePercent=null, id=2}
2024-12-18T10:31:18.629+09:00 DEBUG 14335 --- [coupon-api] [           main] o.hibernate.internal.util.EntityPrinter  : store.aurora.entity.CouponPolicy{saleType=AMOUNT, name=Test Policy, id=2, discountRule=store.aurora.entity.DiscountRule#2}
2024-12-18T10:31:18.629+09:00 DEBUG 14335 --- [coupon-api] [           main] o.hibernate.internal.util.EntityPrinter  : store.aurora.entity.UserCoupon{changedDate=null, endDate=2024-12-17, couponId=3, userId=1, startDate=2024-12-08, couponState=LIVE, policy=store.aurora.entity.CouponPolicy#2}
2024-12-18T10:31:18.629+09:00 DEBUG 14335 --- [coupon-api] [           main] o.hibernate.internal.util.EntityPrinter  : store.aurora.entity.UserCoupon{changedDate=null, endDate=2024-12-23, couponId=4, userId=2, startDate=2024-12-08, couponState=LIVE, policy=store.aurora.entity.CouponPolicy#2}
2024-12-18T10:31:18.629+09:00 DEBUG 14335 --- [coupon-api] [           main] org.hibernate.SQL                        : update user_coupon uc1_0 set coupon_state=? where uc1_0.user_id in (?,?)
Hibernate: update user_coupon uc1_0 set coupon_state=? where uc1_0.user_id in (?,?)
2024-12-18T10:31:18.634+09:00 DEBUG 14335 --- [coupon-api] [           main] o.h.e.i.AbstractFlushingEventListener    : Processing flush-time cascades
2024-12-18T10:31:18.635+09:00 DEBUG 14335 --- [coupon-api] [           main] o.h.e.i.AbstractFlushingEventListener    : Dirty checking collections
2024-12-18T10:31:18.636+09:00 DEBUG 14335 --- [coupon-api] [           main] o.h.e.i.AbstractFlushingEventListener    : Flushed: 0 insertions, 0 updates, 0 deletions to 4 objects
2024-12-18T10:31:18.637+09:00 DEBUG 14335 --- [coupon-api] [           main] o.h.e.i.AbstractFlushingEventListener    : Flushed: 0 (re)creations, 0 updates, 0 removals to 0 collections
2024-12-18T10:31:18.637+09:00 DEBUG 14335 --- [coupon-api] [           main] o.hibernate.internal.util.EntityPrinter  : Listing entities:
2024-12-18T10:31:18.637+09:00 DEBUG 14335 --- [coupon-api] [           main] o.hibernate.internal.util.EntityPrinter  : store.aurora.entity.DiscountRule{saleAmount=10000, needCost=null, maxSale=null, salePercent=null, id=2}
2024-12-18T10:31:18.637+09:00 DEBUG 14335 --- [coupon-api] [           main] o.hibernate.internal.util.EntityPrinter  : store.aurora.entity.CouponPolicy{saleType=AMOUNT, name=Test Policy, id=2, discountRule=store.aurora.entity.DiscountRule#2}
2024-12-18T10:31:18.637+09:00 DEBUG 14335 --- [coupon-api] [           main] o.hibernate.internal.util.EntityPrinter  : store.aurora.entity.UserCoupon{changedDate=null, endDate=2024-12-17, couponId=3, userId=1, startDate=2024-12-08, couponState=LIVE, policy=store.aurora.entity.CouponPolicy#2}
2024-12-18T10:31:18.637+09:00 DEBUG 14335 --- [coupon-api] [           main] o.hibernate.internal.util.EntityPrinter  : store.aurora.entity.UserCoupon{changedDate=null, endDate=2024-12-23, couponId=4, userId=2, startDate=2024-12-08, couponState=LIVE, policy=store.aurora.entity.CouponPolicy#2}
2024-12-18T10:31:18.641+09:00 DEBUG 14335 --- [coupon-api] [           main] org.hibernate.orm.sql.ast.create         : Created new SQL alias : uc1_0
2024-12-18T10:31:18.641+09:00 DEBUG 14335 --- [coupon-api] [           main] org.hibernate.orm.sql.ast.create         : Registration of TableGroup [StandardTableGroup(store.aurora.entity.UserCoupon(48100384747458))] with identifierForTableGroup [store.aurora.entity.UserCoupon] for NavigablePath [store.aurora.entity.UserCoupon] 
2024-12-18T10:31:18.643+09:00 DEBUG 14335 --- [coupon-api] [           main] org.hibernate.orm.sql.ast.create         : Registration of TableGroup [org.hibernate.sql.ast.tree.from.LazyTableGroup@1512a767] with identifierForTableGroup [store.aurora.entity.UserCoupon.policy] for NavigablePath [store.aurora.entity.UserCoupon.policy] 
2024-12-18T10:31:18.643+09:00 DEBUG 14335 --- [coupon-api] [           main] o.h.q.sqm.sql.BaseSqmToSqlAstConverter   : Determining mapping-model type for SqmParameter : org.hibernate.query.sqm.tree.expression.SqmJpaCriteriaParameterWrapper@35d128fd
2024-12-18T10:31:18.643+09:00 DEBUG 14335 --- [coupon-api] [           main] o.h.q.sqm.sql.BaseSqmToSqlAstConverter   : Determining mapping-model type for SqmPath : SqmBasicValuedSimplePath(store.aurora.entity.UserCoupon(48100384747458).userId) 
2024-12-18T10:31:18.643+09:00 DEBUG 14335 --- [coupon-api] [           main] org.hibernate.orm.query.sqm.transform    : Adding domain-param xref expansion : org.hibernate.query.sqm.tree.expression.SqmJpaCriteriaParameterWrapper@35d128fd
2024-12-18T10:31:18.643+09:00 DEBUG 14335 --- [coupon-api] [           main] o.h.q.sqm.sql.BaseSqmToSqlAstConverter   : Determining mapping-model type for SqmParameter : org.hibernate.query.sqm.tree.expression.SqmJpaCriteriaParameterWrapper@4001dc35
2024-12-18T10:31:18.643+09:00 DEBUG 14335 --- [coupon-api] [           main] o.h.q.sqm.sql.BaseSqmToSqlAstConverter   : Determining mapping-model type for SqmPath : SqmBasicValuedSimplePath(store.aurora.entity.UserCoupon(48100384747458).userId) 
2024-12-18T10:31:18.644+09:00 DEBUG 14335 --- [coupon-api] [           main] org.hibernate.orm.results.graph.AST      : DomainResult Graph:
 \-EntityResultImpl [store.aurora.entity.UserCoupon(48100384747458)]
 |  +-BasicFetch [store.aurora.entity.UserCoupon(48100384747458).changedDate]
 |  +-BasicFetch [store.aurora.entity.UserCoupon(48100384747458).couponState]
 |  +-BasicFetch [store.aurora.entity.UserCoupon(48100384747458).endDate]
 |  +-EntityDelayedFetchImpl [store.aurora.entity.UserCoupon(48100384747458).policy]
 |  +-BasicFetch [store.aurora.entity.UserCoupon(48100384747458).startDate]
 |  \-BasicFetch [store.aurora.entity.UserCoupon(48100384747458).userId]

2024-12-18T10:31:18.644+09:00 DEBUG 14335 --- [coupon-api] [           main] org.hibernate.orm.sql.ast.tree           : SQL AST Tree:
    SelectStatement {
      FromClause {
        StandardTableGroup (uc1 : store.aurora.entity.UserCoupon(48100384747458)) {
          primaryTableReference : user_coupon as uc1_0
          TableGroupJoins {
            left  join LazyTableGroup (p1 : store.aurora.entity.UserCoupon(48100384747458).policy) {
            }
          }
        }
      }
    }

2024-12-18T10:31:18.644+09:00 DEBUG 14335 --- [coupon-api] [           main] org.hibernate.orm.sql.exec               : Skipping reading Query result cache data: cache-enabled = false, cache-mode = NORMAL
2024-12-18T10:31:18.644+09:00 DEBUG 14335 --- [coupon-api] [           main] org.hibernate.orm.results                : Initializer list:
	  store.aurora.entity.UserCoupon(48100384747458).policy -> EntityDelayedFetchInitializer(store.aurora.entity.UserCoupon(48100384747458).policy)@968315636 (ToOneAttributeMapping(NavigableRole[store.aurora.entity.UserCoupon.policy])@296904339)
	  store.aurora.entity.UserCoupon(48100384747458) -> EntityResultInitializer(store.aurora.entity.UserCoupon(48100384747458))@428912546 (SingleTableEntityPersister(store.aurora.entity.UserCoupon))

2024-12-18T10:31:18.644+09:00 DEBUG 14335 --- [coupon-api] [           main] org.hibernate.SQL                        : select uc1_0.coupon_id,uc1_0.change_period,uc1_0.coupon_state,uc1_0.end_date,uc1_0.policy_id,uc1_0.start_date,uc1_0.user_id from user_coupon uc1_0 where uc1_0.user_id in (?,?)
Hibernate: select uc1_0.coupon_id,uc1_0.change_period,uc1_0.coupon_state,uc1_0.end_date,uc1_0.policy_id,uc1_0.start_date,uc1_0.user_id from user_coupon uc1_0 where uc1_0.user_id in (?,?)
2024-12-18T10:31:18.645+09:00 DEBUG 14335 --- [coupon-api] [           main] org.hibernate.orm.results                : Extracted JDBC value [0] - [3]
2024-12-18T10:31:18.645+09:00 DEBUG 14335 --- [coupon-api] [           main] o.hibernate.orm.results.loading.entity   : (EntityResultInitializer) Hydrated EntityKey (store.aurora.entity.UserCoupon(48100384747458)): 3
2024-12-18T10:31:18.645+09:00 DEBUG 14335 --- [coupon-api] [           main] o.hibernate.orm.results.loading.entity   : (EntityResultInitializer) Created new entity instance [store.aurora.entity.UserCoupon(48100384747458)#3] : 1036802549
2024-12-18T10:31:18.646+09:00 DEBUG 14335 --- [coupon-api] [           main] org.hibernate.orm.results                : Extracted JDBC value [4] - [2]
2024-12-18T10:31:18.650+09:00 DEBUG 14335 --- [coupon-api] [           main] org.hibernate.orm.results                : Extracted JDBC value [1] - [null]
2024-12-18T10:31:18.650+09:00 DEBUG 14335 --- [coupon-api] [           main] org.hibernate.orm.results                : Extracted JDBC value [2] - [TIMEOUT]
2024-12-18T10:31:18.651+09:00 DEBUG 14335 --- [coupon-api] [           main] org.hibernate.orm.results                : Extracted JDBC value [3] - [2024-12-17]
2024-12-18T10:31:18.651+09:00 DEBUG 14335 --- [coupon-api] [           main] org.hibernate.orm.results                : Extracted JDBC value [5] - [2024-12-08]
2024-12-18T10:31:18.651+09:00 DEBUG 14335 --- [coupon-api] [           main] org.hibernate.orm.results                : Extracted JDBC value [6] - [1]
2024-12-18T10:31:18.652+09:00 DEBUG 14335 --- [coupon-api] [           main] o.hibernate.orm.results.loading.entity   : (EntityResultInitializer) Done materializing entityInstance : store.aurora.entity.UserCoupon(48100384747458)#3
2024-12-18T10:31:18.652+09:00 DEBUG 14335 --- [coupon-api] [           main] org.hibernate.orm.results.loading        : Calling top-level assembler (0 / 1) : org.hibernate.sql.results.graph.entity.internal.EntityAssembler@7bfc7533
2024-12-18T10:31:18.652+09:00 DEBUG 14335 --- [coupon-api] [           main] org.hibernate.orm.results                : Extracted JDBC value [0] - [4]
2024-12-18T10:31:18.652+09:00 DEBUG 14335 --- [coupon-api] [           main] o.hibernate.orm.results.loading.entity   : (EntityResultInitializer) Hydrated EntityKey (store.aurora.entity.UserCoupon(48100384747458)): 4
2024-12-18T10:31:18.652+09:00 DEBUG 14335 --- [coupon-api] [           main] o.hibernate.orm.results.loading.entity   : (EntityResultInitializer) Created new entity instance [store.aurora.entity.UserCoupon(48100384747458)#4] : 1962559633
2024-12-18T10:31:18.652+09:00 DEBUG 14335 --- [coupon-api] [           main] org.hibernate.orm.results                : Extracted JDBC value [4] - [2]
2024-12-18T10:31:18.652+09:00 DEBUG 14335 --- [coupon-api] [           main] org.hibernate.orm.results                : Extracted JDBC value [1] - [null]
2024-12-18T10:31:18.652+09:00 DEBUG 14335 --- [coupon-api] [           main] org.hibernate.orm.results                : Extracted JDBC value [2] - [TIMEOUT]
2024-12-18T10:31:18.652+09:00 DEBUG 14335 --- [coupon-api] [           main] org.hibernate.orm.results                : Extracted JDBC value [3] - [2024-12-23]
2024-12-18T10:31:18.652+09:00 DEBUG 14335 --- [coupon-api] [           main] org.hibernate.orm.results                : Extracted JDBC value [5] - [2024-12-08]
2024-12-18T10:31:18.652+09:00 DEBUG 14335 --- [coupon-api] [           main] org.hibernate.orm.results                : Extracted JDBC value [6] - [2]
2024-12-18T10:31:18.652+09:00 DEBUG 14335 --- [coupon-api] [           main] o.hibernate.orm.results.loading.entity   : (EntityResultInitializer) Done materializing entityInstance : store.aurora.entity.UserCoupon(48100384747458)#4
2024-12-18T10:31:18.654+09:00 DEBUG 14335 --- [coupon-api] [           main] org.hibernate.orm.results.loading        : Calling top-level assembler (0 / 1) : org.hibernate.sql.results.graph.entity.internal.EntityAssembler@7bfc7533
2024-12-18T10:31:18.659+09:00 DEBUG 14335 --- [coupon-api] [           main] org.springframework.test.context.cache   : Spring test ApplicationContext cache statistics: [DefaultContextCache@47c019d7 size = 1, maxSize = 32, parentContextCount = 0, hitCount = 18, missCount = 1, failureCount = 0]
2024-12-18T10:31:18.659+09:00 DEBUG 14335 --- [coupon-api] [           main] org.springframework.test.context.cache   : Spring test ApplicationContext cache statistics: [DefaultContextCache@47c019d7 size = 1, maxSize = 32, parentContextCount = 0, hitCount = 19, missCount = 1, failureCount = 0]
2024-12-18T10:31:18.660+09:00 DEBUG 14335 --- [coupon-api] [           main] org.springframework.test.context.cache   : Spring test ApplicationContext cache statistics: [DefaultContextCache@47c019d7 size = 1, maxSize = 32, parentContextCount = 0, hitCount = 20, missCount = 1, failureCount = 0]
2024-12-18T10:31:18.660+09:00 DEBUG 14335 --- [coupon-api] [           main] org.springframework.test.context.cache   : Spring test ApplicationContext cache statistics: [DefaultContextCache@47c019d7 size = 1, maxSize = 32, parentContextCount = 0, hitCount = 21, missCount = 1, failureCount = 0]
2024-12-18T10:31:18.661+09:00 DEBUG 14335 --- [coupon-api] [           main] org.springframework.test.context.cache   : Spring test ApplicationContext cache statistics: [DefaultContextCache@47c019d7 size = 1, maxSize = 32, parentContextCount = 0, hitCount = 22, missCount = 1, failureCount = 0]
2024-12-18T10:31:18.665+09:00 DEBUG 14335 --- [coupon-api] [           main] org.springframework.test.context.cache   : Spring test ApplicationContext cache statistics: [DefaultContextCache@47c019d7 size = 1, maxSize = 32, parentContextCount = 0, hitCount = 23, missCount = 1, failureCount = 0]
2024-12-18T10:31:18.666+09:00 DEBUG 14335 --- [coupon-api] [           main] o.s.orm.jpa.JpaTransactionManager        : Initiating transaction rollback
2024-12-18T10:31:18.666+09:00 DEBUG 14335 --- [coupon-api] [           main] o.s.orm.jpa.JpaTransactionManager        : Rolling back JPA transaction on EntityManager [SessionImpl(1928401617<open>)]
2024-12-18T10:31:18.666+09:00 DEBUG 14335 --- [coupon-api] [           main] o.h.e.t.internal.TransactionImpl         : rolling back
2024-12-18T10:31:18.669+09:00 DEBUG 14335 --- [coupon-api] [           main] o.s.orm.jpa.JpaTransactionManager        : Closing JPA EntityManager [SessionImpl(1928401617<open>)] after transaction
2024-12-18T10:31:18.669+09:00 DEBUG 14335 --- [coupon-api] [           main] o.s.t.c.transaction.TransactionContext   : Rolled back transaction (1) for test class [store.aurora.CouponRepositoryTest]; test method [testUpdateCouponStateByUserIds]
2024-12-18T10:31:18.670+09:00 DEBUG 14335 --- [coupon-api] [           main] .c.s.DirtiesContextTestExecutionListener : After test method: class [CouponRepositoryTest], method [testUpdateCouponStateByUserIds], class annotated with @DirtiesContext [false] with mode [null], method annotated with @DirtiesContext [false] with mode [null]
]]></system-out>
  </testcase>
  <testcase name="testUpdateExpiredCoupons" classname="store.aurora.CouponRepositoryTest" time="0.057">
    <system-out><![CDATA[2024-12-18T10:31:18.672+09:00 DEBUG 14335 --- [coupon-api] [           main] DependencyInjectionTestExecutionListener : Performing dependency injection for test class store.aurora.CouponRepositoryTest
2024-12-18T10:31:18.672+09:00 DEBUG 14335 --- [coupon-api] [           main] org.springframework.test.context.cache   : Spring test ApplicationContext cache statistics: [DefaultContextCache@47c019d7 size = 1, maxSize = 32, parentContextCount = 0, hitCount = 24, missCount = 1, failureCount = 0]
2024-12-18T10:31:18.673+09:00 DEBUG 14335 --- [coupon-api] [           main] org.springframework.test.context.cache   : Spring test ApplicationContext cache statistics: [DefaultContextCache@47c019d7 size = 1, maxSize = 32, parentContextCount = 0, hitCount = 25, missCount = 1, failureCount = 0]
2024-12-18T10:31:18.675+09:00 DEBUG 14335 --- [coupon-api] [           main] sContextBeforeModesTestExecutionListener : Before test method: class [CouponRepositoryTest], method [testUpdateExpiredCoupons], class annotated with @DirtiesContext [false] with mode [null], method annotated with @DirtiesContext [false] with mode [null]
2024-12-18T10:31:18.676+09:00 DEBUG 14335 --- [coupon-api] [           main] t.c.t.TransactionalTestExecutionListener : Explicit transaction definition [PROPAGATION_REQUIRED,ISOLATION_DEFAULT] found for test class [store.aurora.CouponRepositoryTest] and test method [testUpdateExpiredCoupons]
2024-12-18T10:31:18.676+09:00 DEBUG 14335 --- [coupon-api] [           main] org.springframework.test.context.cache   : Spring test ApplicationContext cache statistics: [DefaultContextCache@47c019d7 size = 1, maxSize = 32, parentContextCount = 0, hitCount = 26, missCount = 1, failureCount = 0]
2024-12-18T10:31:18.676+09:00 DEBUG 14335 --- [coupon-api] [           main] t.c.t.TransactionalTestExecutionListener : No method-level @Rollback override: using default rollback [true] for test method [void store.aurora.CouponRepositoryTest.testUpdateExpiredCoupons()]
2024-12-18T10:31:18.676+09:00 DEBUG 14335 --- [coupon-api] [           main] o.s.orm.jpa.JpaTransactionManager        : Creating new transaction with name [store.aurora.CouponRepositoryTest.testUpdateExpiredCoupons]: PROPAGATION_REQUIRED,ISOLATION_DEFAULT
2024-12-18T10:31:18.676+09:00 DEBUG 14335 --- [coupon-api] [           main] o.s.orm.jpa.JpaTransactionManager        : Opened new EntityManager [SessionImpl(264913810<open>)] for JPA transaction
2024-12-18T10:31:18.676+09:00 DEBUG 14335 --- [coupon-api] [           main] o.h.e.t.internal.TransactionImpl         : On TransactionImpl creation, JpaCompliance#isJpaTransactionComplianceEnabled == false
2024-12-18T10:31:18.676+09:00 DEBUG 14335 --- [coupon-api] [           main] o.h.e.t.internal.TransactionImpl         : begin
2024-12-18T10:31:18.677+09:00 DEBUG 14335 --- [coupon-api] [           main] o.s.j.datasource.SimpleDriverDataSource  : Creating new JDBC Driver Connection to [jdbc:h2:mem:c3b79b7d-e3f9-425b-a5f5-d700e326368f;DB_CLOSE_DELAY=-1;DB_CLOSE_ON_EXIT=false]
2024-12-18T10:31:18.678+09:00 DEBUG 14335 --- [coupon-api] [           main] o.s.orm.jpa.JpaTransactionManager        : Exposing JPA transaction as JDBC [org.springframework.orm.jpa.vendor.HibernateJpaDialect$HibernateConnectionHandle@6924ff83]
2024-12-18T10:31:18.678+09:00 DEBUG 14335 --- [coupon-api] [           main] o.s.t.c.transaction.TransactionContext   : Began transaction (1) for test class [store.aurora.CouponRepositoryTest]; test method [testUpdateExpiredCoupons]; transaction manager [org.springframework.orm.jpa.JpaTransactionManager@4e25282d]; rollback [true]
2024-12-18T10:31:18.678+09:00 DEBUG 14335 --- [coupon-api] [           main] org.springframework.test.context.cache   : Spring test ApplicationContext cache statistics: [DefaultContextCache@47c019d7 size = 1, maxSize = 32, parentContextCount = 0, hitCount = 27, missCount = 1, failureCount = 0]
2024-12-18T10:31:18.679+09:00 DEBUG 14335 --- [coupon-api] [           main] org.springframework.test.context.cache   : Spring test ApplicationContext cache statistics: [DefaultContextCache@47c019d7 size = 1, maxSize = 32, parentContextCount = 0, hitCount = 28, missCount = 1, failureCount = 0]
2024-12-18T10:31:18.679+09:00 DEBUG 14335 --- [coupon-api] [           main] o.s.orm.jpa.JpaTransactionManager        : Found thread-bound EntityManager [SessionImpl(264913810<open>)] for JPA transaction
2024-12-18T10:31:18.679+09:00 DEBUG 14335 --- [coupon-api] [           main] o.s.orm.jpa.JpaTransactionManager        : Participating in existing transaction
2024-12-18T10:31:18.679+09:00 DEBUG 14335 --- [coupon-api] [           main] o.h.j.internal.PersistenceUnitUtilImpl   : jakarta.persistence.PersistenceUnitUtil.getIdentifier is only intended to work with enhanced entities (although Hibernate also adapts this support to its proxies); however the passed entity was not enhanced (nor a proxy).. may not be able to read identifier
2024-12-18T10:31:18.680+09:00 DEBUG 14335 --- [coupon-api] [           main] org.hibernate.engine.spi.ActionQueue     : Executing identity-insert immediately
2024-12-18T10:31:18.681+09:00 DEBUG 14335 --- [coupon-api] [           main] org.hibernate.SQL                        : insert into discount_rule (max_sale,need_cost,sale_amount,sale_percent,discount_id) values (?,?,?,?,default)
Hibernate: insert into discount_rule (max_sale,need_cost,sale_amount,sale_percent,discount_id) values (?,?,?,?,default)
2024-12-18T10:31:18.682+09:00 DEBUG 14335 --- [coupon-api] [           main] org.hibernate.orm.results                : Initializer list is empty
2024-12-18T10:31:18.682+09:00 DEBUG 14335 --- [coupon-api] [           main] org.hibernate.orm.results.loading        : Calling top-level assembler (0 / 1) : org.hibernate.sql.results.graph.basic.BasicResultAssembler@79b3f1c6
2024-12-18T10:31:18.682+09:00 DEBUG 14335 --- [coupon-api] [           main] org.hibernate.orm.results                : Extracted JDBC value [0] - [3]
2024-12-18T10:31:18.682+09:00 DEBUG 14335 --- [coupon-api] [           main] o.h.id.IdentifierGeneratorHelper         : Extracted generated values [store.aurora.entity.DiscountRule]: [Ljava.lang.Object;@3cc148d
2024-12-18T10:31:18.685+09:00 DEBUG 14335 --- [coupon-api] [           main] o.s.orm.jpa.JpaTransactionManager        : Found thread-bound EntityManager [SessionImpl(264913810<open>)] for JPA transaction
2024-12-18T10:31:18.685+09:00 DEBUG 14335 --- [coupon-api] [           main] o.s.orm.jpa.JpaTransactionManager        : Participating in existing transaction
2024-12-18T10:31:18.686+09:00 DEBUG 14335 --- [coupon-api] [           main] o.h.j.internal.PersistenceUnitUtilImpl   : jakarta.persistence.PersistenceUnitUtil.getIdentifier is only intended to work with enhanced entities (although Hibernate also adapts this support to its proxies); however the passed entity was not enhanced (nor a proxy).. may not be able to read identifier
2024-12-18T10:31:18.686+09:00 DEBUG 14335 --- [coupon-api] [           main] org.hibernate.engine.spi.ActionQueue     : Executing identity-insert immediately
2024-12-18T10:31:18.686+09:00 DEBUG 14335 --- [coupon-api] [           main] org.hibernate.SQL                        : insert into coupon_policy (discount_id,policy_name,sale_type,policy_id) values (?,?,?,default)
Hibernate: insert into coupon_policy (discount_id,policy_name,sale_type,policy_id) values (?,?,?,default)
2024-12-18T10:31:18.689+09:00 DEBUG 14335 --- [coupon-api] [           main] org.hibernate.orm.results                : Initializer list is empty
2024-12-18T10:31:18.689+09:00 DEBUG 14335 --- [coupon-api] [           main] org.hibernate.orm.results.loading        : Calling top-level assembler (0 / 1) : org.hibernate.sql.results.graph.basic.BasicResultAssembler@6608072d
2024-12-18T10:31:18.691+09:00 DEBUG 14335 --- [coupon-api] [           main] org.hibernate.orm.results                : Extracted JDBC value [0] - [3]
2024-12-18T10:31:18.691+09:00 DEBUG 14335 --- [coupon-api] [           main] o.h.id.IdentifierGeneratorHelper         : Extracted generated values [store.aurora.entity.CouponPolicy]: [Ljava.lang.Object;@38f12596
2024-12-18T10:31:18.692+09:00 DEBUG 14335 --- [coupon-api] [           main] o.s.orm.jpa.JpaTransactionManager        : Found thread-bound EntityManager [SessionImpl(264913810<open>)] for JPA transaction
2024-12-18T10:31:18.692+09:00 DEBUG 14335 --- [coupon-api] [           main] o.s.orm.jpa.JpaTransactionManager        : Participating in existing transaction
2024-12-18T10:31:18.692+09:00 DEBUG 14335 --- [coupon-api] [           main] o.h.j.internal.PersistenceUnitUtilImpl   : jakarta.persistence.PersistenceUnitUtil.getIdentifier is only intended to work with enhanced entities (although Hibernate also adapts this support to its proxies); however the passed entity was not enhanced (nor a proxy).. may not be able to read identifier
2024-12-18T10:31:18.692+09:00 DEBUG 14335 --- [coupon-api] [           main] org.hibernate.engine.spi.ActionQueue     : Executing identity-insert immediately
2024-12-18T10:31:18.692+09:00 DEBUG 14335 --- [coupon-api] [           main] org.hibernate.SQL                        : insert into user_coupon (change_period,coupon_state,end_date,policy_id,start_date,user_id,coupon_id) values (?,?,?,?,?,?,default)
Hibernate: insert into user_coupon (change_period,coupon_state,end_date,policy_id,start_date,user_id,coupon_id) values (?,?,?,?,?,?,default)
2024-12-18T10:31:18.694+09:00 DEBUG 14335 --- [coupon-api] [           main] org.hibernate.orm.results                : Initializer list is empty
2024-12-18T10:31:18.694+09:00 DEBUG 14335 --- [coupon-api] [           main] org.hibernate.orm.results.loading        : Calling top-level assembler (0 / 1) : org.hibernate.sql.results.graph.basic.BasicResultAssembler@42d8b670
2024-12-18T10:31:18.694+09:00 DEBUG 14335 --- [coupon-api] [           main] org.hibernate.orm.results                : Extracted JDBC value [0] - [5]
2024-12-18T10:31:18.695+09:00 DEBUG 14335 --- [coupon-api] [           main] o.h.id.IdentifierGeneratorHelper         : Extracted generated values [store.aurora.entity.UserCoupon]: [Ljava.lang.Object;@7f15639c
2024-12-18T10:31:18.695+09:00 DEBUG 14335 --- [coupon-api] [           main] o.s.orm.jpa.JpaTransactionManager        : Found thread-bound EntityManager [SessionImpl(264913810<open>)] for JPA transaction
2024-12-18T10:31:18.695+09:00 DEBUG 14335 --- [coupon-api] [           main] o.s.orm.jpa.JpaTransactionManager        : Participating in existing transaction
2024-12-18T10:31:18.695+09:00 DEBUG 14335 --- [coupon-api] [           main] o.h.j.internal.PersistenceUnitUtilImpl   : jakarta.persistence.PersistenceUnitUtil.getIdentifier is only intended to work with enhanced entities (although Hibernate also adapts this support to its proxies); however the passed entity was not enhanced (nor a proxy).. may not be able to read identifier
2024-12-18T10:31:18.695+09:00 DEBUG 14335 --- [coupon-api] [           main] org.hibernate.engine.spi.ActionQueue     : Executing identity-insert immediately
2024-12-18T10:31:18.695+09:00 DEBUG 14335 --- [coupon-api] [           main] org.hibernate.SQL                        : insert into user_coupon (change_period,coupon_state,end_date,policy_id,start_date,user_id,coupon_id) values (?,?,?,?,?,?,default)
Hibernate: insert into user_coupon (change_period,coupon_state,end_date,policy_id,start_date,user_id,coupon_id) values (?,?,?,?,?,?,default)
2024-12-18T10:31:18.696+09:00 DEBUG 14335 --- [coupon-api] [           main] org.hibernate.orm.results                : Initializer list is empty
2024-12-18T10:31:18.696+09:00 DEBUG 14335 --- [coupon-api] [           main] org.hibernate.orm.results.loading        : Calling top-level assembler (0 / 1) : org.hibernate.sql.results.graph.basic.BasicResultAssembler@1215982f
2024-12-18T10:31:18.696+09:00 DEBUG 14335 --- [coupon-api] [           main] org.hibernate.orm.results                : Extracted JDBC value [0] - [6]
2024-12-18T10:31:18.696+09:00 DEBUG 14335 --- [coupon-api] [           main] o.h.id.IdentifierGeneratorHelper         : Extracted generated values [store.aurora.entity.UserCoupon]: [Ljava.lang.Object;@233202aa
2024-12-18T10:31:18.700+09:00 DEBUG 14335 --- [coupon-api] [           main] org.springframework.test.context.cache   : Spring test ApplicationContext cache statistics: [DefaultContextCache@47c019d7 size = 1, maxSize = 32, parentContextCount = 0, hitCount = 29, missCount = 1, failureCount = 0]
2024-12-18T10:31:18.701+09:00 DEBUG 14335 --- [coupon-api] [           main] o.s.orm.jpa.JpaTransactionManager        : Found thread-bound EntityManager [SessionImpl(264913810<open>)] for JPA transaction
2024-12-18T10:31:18.701+09:00 DEBUG 14335 --- [coupon-api] [           main] o.s.orm.jpa.JpaTransactionManager        : Participating in existing transaction
2024-12-18T10:31:18.702+09:00 DEBUG 14335 --- [coupon-api] [           main] org.hibernate.orm.sql.ast.create         : Created new SQL alias : uc1_0
2024-12-18T10:31:18.702+09:00 DEBUG 14335 --- [coupon-api] [           main] org.hibernate.orm.sql.ast.create         : Registration of TableGroup [StandardTableGroup(store.aurora.entity.UserCoupon(u))] with identifierForTableGroup [store.aurora.entity.UserCoupon] for NavigablePath [store.aurora.entity.UserCoupon] 
2024-12-18T10:31:18.705+09:00 DEBUG 14335 --- [coupon-api] [           main] o.h.q.sqm.sql.BaseSqmToSqlAstConverter   : Determining mapping-model type for SqmPath : SqmBasicValuedSimplePath(store.aurora.entity.UserCoupon(u).couponState) 
2024-12-18T10:31:18.709+09:00 DEBUG 14335 --- [coupon-api] [           main] o.h.e.i.AbstractFlushingEventListener    : Processing flush-time cascades
2024-12-18T10:31:18.709+09:00 DEBUG 14335 --- [coupon-api] [           main] o.h.e.i.AbstractFlushingEventListener    : Dirty checking collections
2024-12-18T10:31:18.709+09:00 DEBUG 14335 --- [coupon-api] [           main] o.h.e.i.AbstractFlushingEventListener    : Flushed: 0 insertions, 0 updates, 0 deletions to 4 objects
2024-12-18T10:31:18.709+09:00 DEBUG 14335 --- [coupon-api] [           main] o.h.e.i.AbstractFlushingEventListener    : Flushed: 0 (re)creations, 0 updates, 0 removals to 0 collections
2024-12-18T10:31:18.709+09:00 DEBUG 14335 --- [coupon-api] [           main] o.hibernate.internal.util.EntityPrinter  : Listing entities:
2024-12-18T10:31:18.710+09:00 DEBUG 14335 --- [coupon-api] [           main] o.hibernate.internal.util.EntityPrinter  : store.aurora.entity.DiscountRule{saleAmount=10000, needCost=null, maxSale=null, salePercent=null, id=3}
2024-12-18T10:31:18.710+09:00 DEBUG 14335 --- [coupon-api] [           main] o.hibernate.internal.util.EntityPrinter  : store.aurora.entity.CouponPolicy{saleType=AMOUNT, name=Test Policy, id=3, discountRule=store.aurora.entity.DiscountRule#3}
2024-12-18T10:31:18.710+09:00 DEBUG 14335 --- [coupon-api] [           main] o.hibernate.internal.util.EntityPrinter  : store.aurora.entity.UserCoupon{changedDate=null, endDate=2024-12-17, couponId=5, userId=1, startDate=2024-12-08, couponState=LIVE, policy=store.aurora.entity.CouponPolicy#3}
2024-12-18T10:31:18.710+09:00 DEBUG 14335 --- [coupon-api] [           main] o.hibernate.internal.util.EntityPrinter  : store.aurora.entity.UserCoupon{changedDate=null, endDate=2024-12-23, couponId=6, userId=2, startDate=2024-12-08, couponState=LIVE, policy=store.aurora.entity.CouponPolicy#3}
2024-12-18T10:31:18.710+09:00 DEBUG 14335 --- [coupon-api] [           main] org.hibernate.SQL                        : update user_coupon uc1_0 set coupon_state='timeout',change_period=current_date where uc1_0.end_date<current_date and uc1_0.coupon_state='live'
Hibernate: update user_coupon uc1_0 set coupon_state='timeout',change_period=current_date where uc1_0.end_date<current_date and uc1_0.coupon_state='live'
2024-12-18T10:31:18.712+09:00 DEBUG 14335 --- [coupon-api] [           main] o.h.e.i.AbstractFlushingEventListener    : Processing flush-time cascades
2024-12-18T10:31:18.713+09:00 DEBUG 14335 --- [coupon-api] [           main] o.h.e.i.AbstractFlushingEventListener    : Dirty checking collections
2024-12-18T10:31:18.714+09:00 DEBUG 14335 --- [coupon-api] [           main] o.h.e.i.AbstractFlushingEventListener    : Flushed: 0 insertions, 0 updates, 0 deletions to 4 objects
2024-12-18T10:31:18.714+09:00 DEBUG 14335 --- [coupon-api] [           main] o.h.e.i.AbstractFlushingEventListener    : Flushed: 0 (re)creations, 0 updates, 0 removals to 0 collections
2024-12-18T10:31:18.714+09:00 DEBUG 14335 --- [coupon-api] [           main] o.hibernate.internal.util.EntityPrinter  : Listing entities:
2024-12-18T10:31:18.714+09:00 DEBUG 14335 --- [coupon-api] [           main] o.hibernate.internal.util.EntityPrinter  : store.aurora.entity.DiscountRule{saleAmount=10000, needCost=null, maxSale=null, salePercent=null, id=3}
2024-12-18T10:31:18.714+09:00 DEBUG 14335 --- [coupon-api] [           main] o.hibernate.internal.util.EntityPrinter  : store.aurora.entity.CouponPolicy{saleType=AMOUNT, name=Test Policy, id=3, discountRule=store.aurora.entity.DiscountRule#3}
2024-12-18T10:31:18.714+09:00 DEBUG 14335 --- [coupon-api] [           main] o.hibernate.internal.util.EntityPrinter  : store.aurora.entity.UserCoupon{changedDate=null, endDate=2024-12-17, couponId=5, userId=1, startDate=2024-12-08, couponState=LIVE, policy=store.aurora.entity.CouponPolicy#3}
2024-12-18T10:31:18.714+09:00 DEBUG 14335 --- [coupon-api] [           main] o.hibernate.internal.util.EntityPrinter  : store.aurora.entity.UserCoupon{changedDate=null, endDate=2024-12-23, couponId=6, userId=2, startDate=2024-12-08, couponState=LIVE, policy=store.aurora.entity.CouponPolicy#3}
2024-12-18T10:31:18.716+09:00 DEBUG 14335 --- [coupon-api] [           main] o.s.orm.jpa.JpaTransactionManager        : Found thread-bound EntityManager [SessionImpl(264913810<open>)] for JPA transaction
2024-12-18T10:31:18.716+09:00 DEBUG 14335 --- [coupon-api] [           main] o.s.orm.jpa.JpaTransactionManager        : Participating in existing transaction
2024-12-18T10:31:18.720+09:00 DEBUG 14335 --- [coupon-api] [           main] org.hibernate.orm.sql.ast.create         : Created new SQL alias : uc1_0
2024-12-18T10:31:18.720+09:00 DEBUG 14335 --- [coupon-api] [           main] org.hibernate.orm.sql.ast.create         : Registration of TableGroup [StandardTableGroup(store.aurora.entity.UserCoupon(48102286397292))] with identifierForTableGroup [store.aurora.entity.UserCoupon] for NavigablePath [store.aurora.entity.UserCoupon] 
2024-12-18T10:31:18.721+09:00 DEBUG 14335 --- [coupon-api] [           main] org.hibernate.orm.sql.ast.create         : Registration of TableGroup [org.hibernate.sql.ast.tree.from.LazyTableGroup@68fce3e5] with identifierForTableGroup [store.aurora.entity.UserCoupon.policy] for NavigablePath [store.aurora.entity.UserCoupon.policy] 
2024-12-18T10:31:18.721+09:00 DEBUG 14335 --- [coupon-api] [           main] org.hibernate.orm.results.graph.AST      : DomainResult Graph:
 \-EntityResultImpl [store.aurora.entity.UserCoupon(48102286397292)]
 |  +-BasicFetch [store.aurora.entity.UserCoupon(48102286397292).changedDate]
 |  +-BasicFetch [store.aurora.entity.UserCoupon(48102286397292).couponState]
 |  +-BasicFetch [store.aurora.entity.UserCoupon(48102286397292).endDate]
 |  +-EntityDelayedFetchImpl [store.aurora.entity.UserCoupon(48102286397292).policy]
 |  +-BasicFetch [store.aurora.entity.UserCoupon(48102286397292).startDate]
 |  \-BasicFetch [store.aurora.entity.UserCoupon(48102286397292).userId]

2024-12-18T10:31:18.721+09:00 DEBUG 14335 --- [coupon-api] [           main] org.hibernate.orm.sql.ast.tree           : SQL AST Tree:
    SelectStatement {
      FromClause {
        StandardTableGroup (uc1 : store.aurora.entity.UserCoupon(48102286397292)) {
          primaryTableReference : user_coupon as uc1_0
          TableGroupJoins {
            left  join LazyTableGroup (p1 : store.aurora.entity.UserCoupon(48102286397292).policy) {
            }
          }
        }
      }
    }

2024-12-18T10:31:18.722+09:00 DEBUG 14335 --- [coupon-api] [           main] org.hibernate.orm.sql.exec               : Skipping reading Query result cache data: cache-enabled = false, cache-mode = NORMAL
2024-12-18T10:31:18.722+09:00 DEBUG 14335 --- [coupon-api] [           main] org.hibernate.orm.results                : Initializer list:
	  store.aurora.entity.UserCoupon(48102286397292) -> EntityResultInitializer(store.aurora.entity.UserCoupon(48102286397292))@221175234 (SingleTableEntityPersister(store.aurora.entity.UserCoupon))
	  store.aurora.entity.UserCoupon(48102286397292).policy -> EntityDelayedFetchInitializer(store.aurora.entity.UserCoupon(48102286397292).policy)@328628836 (ToOneAttributeMapping(NavigableRole[store.aurora.entity.UserCoupon.policy])@296904339)

2024-12-18T10:31:18.722+09:00 DEBUG 14335 --- [coupon-api] [           main] org.hibernate.SQL                        : select uc1_0.coupon_id,uc1_0.change_period,uc1_0.coupon_state,uc1_0.end_date,uc1_0.policy_id,uc1_0.start_date,uc1_0.user_id from user_coupon uc1_0
Hibernate: select uc1_0.coupon_id,uc1_0.change_period,uc1_0.coupon_state,uc1_0.end_date,uc1_0.policy_id,uc1_0.start_date,uc1_0.user_id from user_coupon uc1_0
2024-12-18T10:31:18.723+09:00 DEBUG 14335 --- [coupon-api] [           main] org.hibernate.orm.results                : Extracted JDBC value [0] - [5]
2024-12-18T10:31:18.723+09:00 DEBUG 14335 --- [coupon-api] [           main] o.hibernate.orm.results.loading.entity   : (EntityResultInitializer) Hydrated EntityKey (store.aurora.entity.UserCoupon(48102286397292)): 5
2024-12-18T10:31:18.723+09:00 DEBUG 14335 --- [coupon-api] [           main] o.hibernate.orm.results.loading.entity   : (EntityResultInitializer) Created new entity instance [store.aurora.entity.UserCoupon(48102286397292)#5] : 1149493815
2024-12-18T10:31:18.723+09:00 DEBUG 14335 --- [coupon-api] [           main] org.hibernate.orm.results                : Extracted JDBC value [4] - [3]
2024-12-18T10:31:18.723+09:00 DEBUG 14335 --- [coupon-api] [           main] org.hibernate.orm.results                : Extracted JDBC value [1] - [2024-12-18]
2024-12-18T10:31:18.723+09:00 DEBUG 14335 --- [coupon-api] [           main] org.hibernate.orm.results                : Extracted JDBC value [2] - [TIMEOUT]
2024-12-18T10:31:18.723+09:00 DEBUG 14335 --- [coupon-api] [           main] org.hibernate.orm.results                : Extracted JDBC value [3] - [2024-12-17]
2024-12-18T10:31:18.723+09:00 DEBUG 14335 --- [coupon-api] [           main] org.hibernate.orm.results                : Extracted JDBC value [5] - [2024-12-08]
2024-12-18T10:31:18.723+09:00 DEBUG 14335 --- [coupon-api] [           main] org.hibernate.orm.results                : Extracted JDBC value [6] - [1]
2024-12-18T10:31:18.724+09:00 DEBUG 14335 --- [coupon-api] [           main] o.hibernate.orm.results.loading.entity   : (EntityResultInitializer) Done materializing entityInstance : store.aurora.entity.UserCoupon(48102286397292)#5
2024-12-18T10:31:18.724+09:00 DEBUG 14335 --- [coupon-api] [           main] org.hibernate.orm.results.loading        : Calling top-level assembler (0 / 1) : org.hibernate.sql.results.graph.entity.internal.EntityAssembler@6466e599
2024-12-18T10:31:18.724+09:00 DEBUG 14335 --- [coupon-api] [           main] org.hibernate.orm.results                : Extracted JDBC value [0] - [6]
2024-12-18T10:31:18.724+09:00 DEBUG 14335 --- [coupon-api] [           main] o.hibernate.orm.results.loading.entity   : (EntityResultInitializer) Hydrated EntityKey (store.aurora.entity.UserCoupon(48102286397292)): 6
2024-12-18T10:31:18.724+09:00 DEBUG 14335 --- [coupon-api] [           main] o.hibernate.orm.results.loading.entity   : (EntityResultInitializer) Created new entity instance [store.aurora.entity.UserCoupon(48102286397292)#6] : 1913881824
2024-12-18T10:31:18.724+09:00 DEBUG 14335 --- [coupon-api] [           main] org.hibernate.orm.results                : Extracted JDBC value [4] - [3]
2024-12-18T10:31:18.724+09:00 DEBUG 14335 --- [coupon-api] [           main] org.hibernate.orm.results                : Extracted JDBC value [1] - [null]
2024-12-18T10:31:18.724+09:00 DEBUG 14335 --- [coupon-api] [           main] org.hibernate.orm.results                : Extracted JDBC value [2] - [LIVE]
2024-12-18T10:31:18.724+09:00 DEBUG 14335 --- [coupon-api] [           main] org.hibernate.orm.results                : Extracted JDBC value [3] - [2024-12-23]
2024-12-18T10:31:18.724+09:00 DEBUG 14335 --- [coupon-api] [           main] org.hibernate.orm.results                : Extracted JDBC value [5] - [2024-12-08]
2024-12-18T10:31:18.724+09:00 DEBUG 14335 --- [coupon-api] [           main] org.hibernate.orm.results                : Extracted JDBC value [6] - [2]
2024-12-18T10:31:18.724+09:00 DEBUG 14335 --- [coupon-api] [           main] o.hibernate.orm.results.loading.entity   : (EntityResultInitializer) Done materializing entityInstance : store.aurora.entity.UserCoupon(48102286397292)#6
2024-12-18T10:31:18.724+09:00 DEBUG 14335 --- [coupon-api] [           main] org.hibernate.orm.results.loading        : Calling top-level assembler (0 / 1) : org.hibernate.sql.results.graph.entity.internal.EntityAssembler@6466e599
2024-12-18T10:31:18.727+09:00 DEBUG 14335 --- [coupon-api] [           main] org.springframework.test.context.cache   : Spring test ApplicationContext cache statistics: [DefaultContextCache@47c019d7 size = 1, maxSize = 32, parentContextCount = 0, hitCount = 30, missCount = 1, failureCount = 0]
2024-12-18T10:31:18.727+09:00 DEBUG 14335 --- [coupon-api] [           main] org.springframework.test.context.cache   : Spring test ApplicationContext cache statistics: [DefaultContextCache@47c019d7 size = 1, maxSize = 32, parentContextCount = 0, hitCount = 31, missCount = 1, failureCount = 0]
2024-12-18T10:31:18.727+09:00 DEBUG 14335 --- [coupon-api] [           main] org.springframework.test.context.cache   : Spring test ApplicationContext cache statistics: [DefaultContextCache@47c019d7 size = 1, maxSize = 32, parentContextCount = 0, hitCount = 32, missCount = 1, failureCount = 0]
2024-12-18T10:31:18.727+09:00 DEBUG 14335 --- [coupon-api] [           main] org.springframework.test.context.cache   : Spring test ApplicationContext cache statistics: [DefaultContextCache@47c019d7 size = 1, maxSize = 32, parentContextCount = 0, hitCount = 33, missCount = 1, failureCount = 0]
2024-12-18T10:31:18.728+09:00 DEBUG 14335 --- [coupon-api] [           main] org.springframework.test.context.cache   : Spring test ApplicationContext cache statistics: [DefaultContextCache@47c019d7 size = 1, maxSize = 32, parentContextCount = 0, hitCount = 34, missCount = 1, failureCount = 0]
2024-12-18T10:31:18.729+09:00 DEBUG 14335 --- [coupon-api] [           main] org.springframework.test.context.cache   : Spring test ApplicationContext cache statistics: [DefaultContextCache@47c019d7 size = 1, maxSize = 32, parentContextCount = 0, hitCount = 35, missCount = 1, failureCount = 0]
2024-12-18T10:31:18.729+09:00 DEBUG 14335 --- [coupon-api] [           main] o.s.orm.jpa.JpaTransactionManager        : Initiating transaction rollback
2024-12-18T10:31:18.729+09:00 DEBUG 14335 --- [coupon-api] [           main] o.s.orm.jpa.JpaTransactionManager        : Rolling back JPA transaction on EntityManager [SessionImpl(264913810<open>)]
2024-12-18T10:31:18.729+09:00 DEBUG 14335 --- [coupon-api] [           main] o.h.e.t.internal.TransactionImpl         : rolling back
2024-12-18T10:31:18.730+09:00 DEBUG 14335 --- [coupon-api] [           main] o.s.orm.jpa.JpaTransactionManager        : Closing JPA EntityManager [SessionImpl(264913810<open>)] after transaction
2024-12-18T10:31:18.730+09:00 DEBUG 14335 --- [coupon-api] [           main] o.s.t.c.transaction.TransactionContext   : Rolled back transaction (1) for test class [store.aurora.CouponRepositoryTest]; test method [testUpdateExpiredCoupons]
2024-12-18T10:31:18.730+09:00 DEBUG 14335 --- [coupon-api] [           main] .c.s.DirtiesContextTestExecutionListener : After test method: class [CouponRepositoryTest], method [testUpdateExpiredCoupons], class annotated with @DirtiesContext [false] with mode [null], method annotated with @DirtiesContext [false] with mode [null]
]]></system-out>
  </testcase>
  <testcase name="testUpdateCouponAttributesByUserIds" classname="store.aurora.CouponRepositoryTest" time="0.056">
    <system-out><![CDATA[2024-12-18T10:31:18.733+09:00 DEBUG 14335 --- [coupon-api] [           main] DependencyInjectionTestExecutionListener : Performing dependency injection for test class store.aurora.CouponRepositoryTest
2024-12-18T10:31:18.733+09:00 DEBUG 14335 --- [coupon-api] [           main] org.springframework.test.context.cache   : Spring test ApplicationContext cache statistics: [DefaultContextCache@47c019d7 size = 1, maxSize = 32, parentContextCount = 0, hitCount = 36, missCount = 1, failureCount = 0]
2024-12-18T10:31:18.734+09:00 DEBUG 14335 --- [coupon-api] [           main] org.springframework.test.context.cache   : Spring test ApplicationContext cache statistics: [DefaultContextCache@47c019d7 size = 1, maxSize = 32, parentContextCount = 0, hitCount = 37, missCount = 1, failureCount = 0]
2024-12-18T10:31:18.735+09:00 DEBUG 14335 --- [coupon-api] [           main] sContextBeforeModesTestExecutionListener : Before test method: class [CouponRepositoryTest], method [testUpdateCouponAttributesByUserIds], class annotated with @DirtiesContext [false] with mode [null], method annotated with @DirtiesContext [false] with mode [null]
2024-12-18T10:31:18.737+09:00 DEBUG 14335 --- [coupon-api] [           main] t.c.t.TransactionalTestExecutionListener : Explicit transaction definition [PROPAGATION_REQUIRED,ISOLATION_DEFAULT] found for test class [store.aurora.CouponRepositoryTest] and test method [testUpdateCouponAttributesByUserIds]
2024-12-18T10:31:18.737+09:00 DEBUG 14335 --- [coupon-api] [           main] org.springframework.test.context.cache   : Spring test ApplicationContext cache statistics: [DefaultContextCache@47c019d7 size = 1, maxSize = 32, parentContextCount = 0, hitCount = 38, missCount = 1, failureCount = 0]
2024-12-18T10:31:18.738+09:00 DEBUG 14335 --- [coupon-api] [           main] t.c.t.TransactionalTestExecutionListener : No method-level @Rollback override: using default rollback [true] for test method [void store.aurora.CouponRepositoryTest.testUpdateCouponAttributesByUserIds()]
2024-12-18T10:31:18.738+09:00 DEBUG 14335 --- [coupon-api] [           main] o.s.orm.jpa.JpaTransactionManager        : Creating new transaction with name [store.aurora.CouponRepositoryTest.testUpdateCouponAttributesByUserIds]: PROPAGATION_REQUIRED,ISOLATION_DEFAULT
2024-12-18T10:31:18.738+09:00 DEBUG 14335 --- [coupon-api] [           main] o.s.orm.jpa.JpaTransactionManager        : Opened new EntityManager [SessionImpl(1364999634<open>)] for JPA transaction
2024-12-18T10:31:18.738+09:00 DEBUG 14335 --- [coupon-api] [           main] o.h.e.t.internal.TransactionImpl         : On TransactionImpl creation, JpaCompliance#isJpaTransactionComplianceEnabled == false
2024-12-18T10:31:18.738+09:00 DEBUG 14335 --- [coupon-api] [           main] o.h.e.t.internal.TransactionImpl         : begin
2024-12-18T10:31:18.738+09:00 DEBUG 14335 --- [coupon-api] [           main] o.s.j.datasource.SimpleDriverDataSource  : Creating new JDBC Driver Connection to [jdbc:h2:mem:c3b79b7d-e3f9-425b-a5f5-d700e326368f;DB_CLOSE_DELAY=-1;DB_CLOSE_ON_EXIT=false]
2024-12-18T10:31:18.739+09:00 DEBUG 14335 --- [coupon-api] [           main] o.s.orm.jpa.JpaTransactionManager        : Exposing JPA transaction as JDBC [org.springframework.orm.jpa.vendor.HibernateJpaDialect$HibernateConnectionHandle@6c9fe061]
2024-12-18T10:31:18.739+09:00 DEBUG 14335 --- [coupon-api] [           main] o.s.t.c.transaction.TransactionContext   : Began transaction (1) for test class [store.aurora.CouponRepositoryTest]; test method [testUpdateCouponAttributesByUserIds]; transaction manager [org.springframework.orm.jpa.JpaTransactionManager@4e25282d]; rollback [true]
2024-12-18T10:31:18.739+09:00 DEBUG 14335 --- [coupon-api] [           main] org.springframework.test.context.cache   : Spring test ApplicationContext cache statistics: [DefaultContextCache@47c019d7 size = 1, maxSize = 32, parentContextCount = 0, hitCount = 39, missCount = 1, failureCount = 0]
2024-12-18T10:31:18.739+09:00 DEBUG 14335 --- [coupon-api] [           main] org.springframework.test.context.cache   : Spring test ApplicationContext cache statistics: [DefaultContextCache@47c019d7 size = 1, maxSize = 32, parentContextCount = 0, hitCount = 40, missCount = 1, failureCount = 0]
2024-12-18T10:31:18.743+09:00 DEBUG 14335 --- [coupon-api] [           main] o.s.orm.jpa.JpaTransactionManager        : Found thread-bound EntityManager [SessionImpl(1364999634<open>)] for JPA transaction
2024-12-18T10:31:18.744+09:00 DEBUG 14335 --- [coupon-api] [           main] o.s.orm.jpa.JpaTransactionManager        : Participating in existing transaction
2024-12-18T10:31:18.744+09:00 DEBUG 14335 --- [coupon-api] [           main] o.h.j.internal.PersistenceUnitUtilImpl   : jakarta.persistence.PersistenceUnitUtil.getIdentifier is only intended to work with enhanced entities (although Hibernate also adapts this support to its proxies); however the passed entity was not enhanced (nor a proxy).. may not be able to read identifier
2024-12-18T10:31:18.744+09:00 DEBUG 14335 --- [coupon-api] [           main] org.hibernate.engine.spi.ActionQueue     : Executing identity-insert immediately
2024-12-18T10:31:18.745+09:00 DEBUG 14335 --- [coupon-api] [           main] org.hibernate.SQL                        : insert into discount_rule (max_sale,need_cost,sale_amount,sale_percent,discount_id) values (?,?,?,?,default)
Hibernate: insert into discount_rule (max_sale,need_cost,sale_amount,sale_percent,discount_id) values (?,?,?,?,default)
2024-12-18T10:31:18.747+09:00 DEBUG 14335 --- [coupon-api] [           main] org.hibernate.orm.results                : Initializer list is empty
2024-12-18T10:31:18.747+09:00 DEBUG 14335 --- [coupon-api] [           main] org.hibernate.orm.results.loading        : Calling top-level assembler (0 / 1) : org.hibernate.sql.results.graph.basic.BasicResultAssembler@6fb9dab6
2024-12-18T10:31:18.747+09:00 DEBUG 14335 --- [coupon-api] [           main] org.hibernate.orm.results                : Extracted JDBC value [0] - [4]
2024-12-18T10:31:18.747+09:00 DEBUG 14335 --- [coupon-api] [           main] o.h.id.IdentifierGeneratorHelper         : Extracted generated values [store.aurora.entity.DiscountRule]: [Ljava.lang.Object;@5d12fa92
2024-12-18T10:31:18.750+09:00 DEBUG 14335 --- [coupon-api] [           main] o.s.orm.jpa.JpaTransactionManager        : Found thread-bound EntityManager [SessionImpl(1364999634<open>)] for JPA transaction
2024-12-18T10:31:18.750+09:00 DEBUG 14335 --- [coupon-api] [           main] o.s.orm.jpa.JpaTransactionManager        : Participating in existing transaction
2024-12-18T10:31:18.750+09:00 DEBUG 14335 --- [coupon-api] [           main] o.h.j.internal.PersistenceUnitUtilImpl   : jakarta.persistence.PersistenceUnitUtil.getIdentifier is only intended to work with enhanced entities (although Hibernate also adapts this support to its proxies); however the passed entity was not enhanced (nor a proxy).. may not be able to read identifier
2024-12-18T10:31:18.750+09:00 DEBUG 14335 --- [coupon-api] [           main] org.hibernate.engine.spi.ActionQueue     : Executing identity-insert immediately
2024-12-18T10:31:18.750+09:00 DEBUG 14335 --- [coupon-api] [           main] org.hibernate.SQL                        : insert into coupon_policy (discount_id,policy_name,sale_type,policy_id) values (?,?,?,default)
Hibernate: insert into coupon_policy (discount_id,policy_name,sale_type,policy_id) values (?,?,?,default)
2024-12-18T10:31:18.752+09:00 DEBUG 14335 --- [coupon-api] [           main] org.hibernate.orm.results                : Initializer list is empty
2024-12-18T10:31:18.752+09:00 DEBUG 14335 --- [coupon-api] [           main] org.hibernate.orm.results.loading        : Calling top-level assembler (0 / 1) : org.hibernate.sql.results.graph.basic.BasicResultAssembler@71a9e31b
2024-12-18T10:31:18.752+09:00 DEBUG 14335 --- [coupon-api] [           main] org.hibernate.orm.results                : Extracted JDBC value [0] - [4]
2024-12-18T10:31:18.752+09:00 DEBUG 14335 --- [coupon-api] [           main] o.h.id.IdentifierGeneratorHelper         : Extracted generated values [store.aurora.entity.CouponPolicy]: [Ljava.lang.Object;@18e7b33e
2024-12-18T10:31:18.753+09:00 DEBUG 14335 --- [coupon-api] [           main] o.s.orm.jpa.JpaTransactionManager        : Found thread-bound EntityManager [SessionImpl(1364999634<open>)] for JPA transaction
2024-12-18T10:31:18.753+09:00 DEBUG 14335 --- [coupon-api] [           main] o.s.orm.jpa.JpaTransactionManager        : Participating in existing transaction
2024-12-18T10:31:18.753+09:00 DEBUG 14335 --- [coupon-api] [           main] o.h.j.internal.PersistenceUnitUtilImpl   : jakarta.persistence.PersistenceUnitUtil.getIdentifier is only intended to work with enhanced entities (although Hibernate also adapts this support to its proxies); however the passed entity was not enhanced (nor a proxy).. may not be able to read identifier
2024-12-18T10:31:18.753+09:00 DEBUG 14335 --- [coupon-api] [           main] org.hibernate.engine.spi.ActionQueue     : Executing identity-insert immediately
2024-12-18T10:31:18.753+09:00 DEBUG 14335 --- [coupon-api] [           main] org.hibernate.SQL                        : insert into user_coupon (change_period,coupon_state,end_date,policy_id,start_date,user_id,coupon_id) values (?,?,?,?,?,?,default)
Hibernate: insert into user_coupon (change_period,coupon_state,end_date,policy_id,start_date,user_id,coupon_id) values (?,?,?,?,?,?,default)
2024-12-18T10:31:18.754+09:00 DEBUG 14335 --- [coupon-api] [           main] org.hibernate.orm.results                : Initializer list is empty
2024-12-18T10:31:18.754+09:00 DEBUG 14335 --- [coupon-api] [           main] org.hibernate.orm.results.loading        : Calling top-level assembler (0 / 1) : org.hibernate.sql.results.graph.basic.BasicResultAssembler@6ab4215d
2024-12-18T10:31:18.754+09:00 DEBUG 14335 --- [coupon-api] [           main] org.hibernate.orm.results                : Extracted JDBC value [0] - [7]
2024-12-18T10:31:18.754+09:00 DEBUG 14335 --- [coupon-api] [           main] o.h.id.IdentifierGeneratorHelper         : Extracted generated values [store.aurora.entity.UserCoupon]: [Ljava.lang.Object;@57dee2b9
2024-12-18T10:31:18.755+09:00 DEBUG 14335 --- [coupon-api] [           main] o.s.orm.jpa.JpaTransactionManager        : Found thread-bound EntityManager [SessionImpl(1364999634<open>)] for JPA transaction
2024-12-18T10:31:18.755+09:00 DEBUG 14335 --- [coupon-api] [           main] o.s.orm.jpa.JpaTransactionManager        : Participating in existing transaction
2024-12-18T10:31:18.755+09:00 DEBUG 14335 --- [coupon-api] [           main] o.h.j.internal.PersistenceUnitUtilImpl   : jakarta.persistence.PersistenceUnitUtil.getIdentifier is only intended to work with enhanced entities (although Hibernate also adapts this support to its proxies); however the passed entity was not enhanced (nor a proxy).. may not be able to read identifier
2024-12-18T10:31:18.756+09:00 DEBUG 14335 --- [coupon-api] [           main] org.hibernate.engine.spi.ActionQueue     : Executing identity-insert immediately
2024-12-18T10:31:18.757+09:00 DEBUG 14335 --- [coupon-api] [           main] org.hibernate.SQL                        : insert into user_coupon (change_period,coupon_state,end_date,policy_id,start_date,user_id,coupon_id) values (?,?,?,?,?,?,default)
Hibernate: insert into user_coupon (change_period,coupon_state,end_date,policy_id,start_date,user_id,coupon_id) values (?,?,?,?,?,?,default)
2024-12-18T10:31:18.759+09:00 DEBUG 14335 --- [coupon-api] [           main] org.hibernate.orm.results                : Initializer list is empty
2024-12-18T10:31:18.759+09:00 DEBUG 14335 --- [coupon-api] [           main] org.hibernate.orm.results.loading        : Calling top-level assembler (0 / 1) : org.hibernate.sql.results.graph.basic.BasicResultAssembler@27dfd939
2024-12-18T10:31:18.759+09:00 DEBUG 14335 --- [coupon-api] [           main] org.hibernate.orm.results                : Extracted JDBC value [0] - [8]
2024-12-18T10:31:18.759+09:00 DEBUG 14335 --- [coupon-api] [           main] o.h.id.IdentifierGeneratorHelper         : Extracted generated values [store.aurora.entity.UserCoupon]: [Ljava.lang.Object;@7ec9d826
2024-12-18T10:31:18.761+09:00 DEBUG 14335 --- [coupon-api] [           main] org.springframework.test.context.cache   : Spring test ApplicationContext cache statistics: [DefaultContextCache@47c019d7 size = 1, maxSize = 32, parentContextCount = 0, hitCount = 41, missCount = 1, failureCount = 0]
2024-12-18T10:31:18.763+09:00 DEBUG 14335 --- [coupon-api] [           main] o.s.orm.jpa.JpaTransactionManager        : Found thread-bound EntityManager [SessionImpl(1364999634<open>)] for JPA transaction
2024-12-18T10:31:18.763+09:00 DEBUG 14335 --- [coupon-api] [           main] o.s.orm.jpa.JpaTransactionManager        : Participating in existing transaction
2024-12-18T10:31:18.765+09:00 DEBUG 14335 --- [coupon-api] [           main] org.hibernate.orm.sql.ast.create         : Created new SQL alias : uc1_0
2024-12-18T10:31:18.765+09:00 DEBUG 14335 --- [coupon-api] [           main] org.hibernate.orm.sql.ast.create         : Registration of TableGroup [StandardTableGroup(store.aurora.entity.UserCoupon(uc))] with identifierForTableGroup [store.aurora.entity.UserCoupon] for NavigablePath [store.aurora.entity.UserCoupon] 
2024-12-18T10:31:18.766+09:00 DEBUG 14335 --- [coupon-api] [           main] org.hibernate.orm.sql.ast.create         : Registration of TableGroup [org.hibernate.sql.ast.tree.from.LazyTableGroup@441e789e] with identifierForTableGroup [store.aurora.entity.UserCoupon.policy] for NavigablePath [store.aurora.entity.UserCoupon.policy] 
2024-12-18T10:31:18.767+09:00 DEBUG 14335 --- [coupon-api] [           main] org.hibernate.orm.sql.ast.create         : Created new SQL alias : cp1_0
2024-12-18T10:31:18.767+09:00 DEBUG 14335 --- [coupon-api] [           main] org.hibernate.orm.sql.ast.create         : Registration of TableGroup [StandardTableGroup(store.aurora.entity.CouponPolicy(p))] with identifierForTableGroup [store.aurora.entity.CouponPolicy] for NavigablePath [store.aurora.entity.CouponPolicy] 
2024-12-18T10:31:18.768+09:00 DEBUG 14335 --- [coupon-api] [           main] o.h.q.sqm.sql.BaseSqmToSqlAstConverter   : Determining mapping-model type for SqmParameter : SqmNamedParameter(policyId)
2024-12-18T10:31:18.768+09:00 DEBUG 14335 --- [coupon-api] [           main] o.h.q.sqm.sql.BaseSqmToSqlAstConverter   : Determining mapping-model type for SqmPath : SqmBasicValuedSimplePath(store.aurora.entity.CouponPolicy(p).id) 
2024-12-18T10:31:18.768+09:00 DEBUG 14335 --- [coupon-api] [           main] o.h.q.sqm.sql.BaseSqmToSqlAstConverter   : Determining mapping-model type for SqmParameter : SqmNamedParameter(userIds)
2024-12-18T10:31:18.768+09:00 DEBUG 14335 --- [coupon-api] [           main] o.h.q.sqm.sql.BaseSqmToSqlAstConverter   : Determining mapping-model type for SqmPath : SqmBasicValuedSimplePath(store.aurora.entity.UserCoupon(uc).userId) 
2024-12-18T10:31:18.769+09:00 DEBUG 14335 --- [coupon-api] [           main] o.h.e.i.AbstractFlushingEventListener    : Processing flush-time cascades
2024-12-18T10:31:18.770+09:00 DEBUG 14335 --- [coupon-api] [           main] o.h.e.i.AbstractFlushingEventListener    : Dirty checking collections
2024-12-18T10:31:18.770+09:00 DEBUG 14335 --- [coupon-api] [           main] o.h.e.i.AbstractFlushingEventListener    : Flushed: 0 insertions, 0 updates, 0 deletions to 4 objects
2024-12-18T10:31:18.770+09:00 DEBUG 14335 --- [coupon-api] [           main] o.h.e.i.AbstractFlushingEventListener    : Flushed: 0 (re)creations, 0 updates, 0 removals to 0 collections
2024-12-18T10:31:18.770+09:00 DEBUG 14335 --- [coupon-api] [           main] o.hibernate.internal.util.EntityPrinter  : Listing entities:
2024-12-18T10:31:18.770+09:00 DEBUG 14335 --- [coupon-api] [           main] o.hibernate.internal.util.EntityPrinter  : store.aurora.entity.UserCoupon{changedDate=null, endDate=2024-12-23, couponId=8, userId=2, startDate=2024-12-08, couponState=LIVE, policy=store.aurora.entity.CouponPolicy#4}
2024-12-18T10:31:18.770+09:00 DEBUG 14335 --- [coupon-api] [           main] o.hibernate.internal.util.EntityPrinter  : store.aurora.entity.CouponPolicy{saleType=AMOUNT, name=Test Policy, id=4, discountRule=store.aurora.entity.DiscountRule#4}
2024-12-18T10:31:18.770+09:00 DEBUG 14335 --- [coupon-api] [           main] o.hibernate.internal.util.EntityPrinter  : store.aurora.entity.DiscountRule{saleAmount=10000, needCost=null, maxSale=null, salePercent=null, id=4}
2024-12-18T10:31:18.770+09:00 DEBUG 14335 --- [coupon-api] [           main] o.hibernate.internal.util.EntityPrinter  : store.aurora.entity.UserCoupon{changedDate=null, endDate=2024-12-17, couponId=7, userId=1, startDate=2024-12-08, couponState=LIVE, policy=store.aurora.entity.CouponPolicy#4}
2024-12-18T10:31:18.770+09:00 DEBUG 14335 --- [coupon-api] [           main] org.hibernate.SQL                        : update user_coupon uc1_0 set coupon_state=?,policy_id=(select cp1_0.policy_id from coupon_policy cp1_0 where cp1_0.policy_id=?),start_date=?,end_date=? where uc1_0.user_id in (?)
Hibernate: update user_coupon uc1_0 set coupon_state=?,policy_id=(select cp1_0.policy_id from coupon_policy cp1_0 where cp1_0.policy_id=?),start_date=?,end_date=? where uc1_0.user_id in (?)
2024-12-18T10:31:18.775+09:00 DEBUG 14335 --- [coupon-api] [           main] o.h.e.i.AbstractFlushingEventListener    : Processing flush-time cascades
2024-12-18T10:31:18.775+09:00 DEBUG 14335 --- [coupon-api] [           main] o.h.e.i.AbstractFlushingEventListener    : Dirty checking collections
2024-12-18T10:31:18.776+09:00 DEBUG 14335 --- [coupon-api] [           main] o.h.e.i.AbstractFlushingEventListener    : Flushed: 0 insertions, 0 updates, 0 deletions to 4 objects
2024-12-18T10:31:18.776+09:00 DEBUG 14335 --- [coupon-api] [           main] o.h.e.i.AbstractFlushingEventListener    : Flushed: 0 (re)creations, 0 updates, 0 removals to 0 collections
2024-12-18T10:31:18.776+09:00 DEBUG 14335 --- [coupon-api] [           main] o.hibernate.internal.util.EntityPrinter  : Listing entities:
2024-12-18T10:31:18.776+09:00 DEBUG 14335 --- [coupon-api] [           main] o.hibernate.internal.util.EntityPrinter  : store.aurora.entity.UserCoupon{changedDate=null, endDate=2024-12-23, couponId=8, userId=2, startDate=2024-12-08, couponState=LIVE, policy=store.aurora.entity.CouponPolicy#4}
2024-12-18T10:31:18.776+09:00 DEBUG 14335 --- [coupon-api] [           main] o.hibernate.internal.util.EntityPrinter  : store.aurora.entity.CouponPolicy{saleType=AMOUNT, name=Test Policy, id=4, discountRule=store.aurora.entity.DiscountRule#4}
2024-12-18T10:31:18.776+09:00 DEBUG 14335 --- [coupon-api] [           main] o.hibernate.internal.util.EntityPrinter  : store.aurora.entity.DiscountRule{saleAmount=10000, needCost=null, maxSale=null, salePercent=null, id=4}
2024-12-18T10:31:18.776+09:00 DEBUG 14335 --- [coupon-api] [           main] o.hibernate.internal.util.EntityPrinter  : store.aurora.entity.UserCoupon{changedDate=null, endDate=2024-12-17, couponId=7, userId=1, startDate=2024-12-08, couponState=LIVE, policy=store.aurora.entity.CouponPolicy#4}
2024-12-18T10:31:18.777+09:00 DEBUG 14335 --- [coupon-api] [           main] org.hibernate.orm.sql.ast.create         : Created new SQL alias : uc1_0
2024-12-18T10:31:18.777+09:00 DEBUG 14335 --- [coupon-api] [           main] org.hibernate.orm.sql.ast.create         : Registration of TableGroup [StandardTableGroup(store.aurora.entity.UserCoupon(48100378336917))] with identifierForTableGroup [store.aurora.entity.UserCoupon] for NavigablePath [store.aurora.entity.UserCoupon] 
2024-12-18T10:31:18.777+09:00 DEBUG 14335 --- [coupon-api] [           main] org.hibernate.orm.sql.ast.create         : Registration of TableGroup [org.hibernate.sql.ast.tree.from.LazyTableGroup@7b2f18cd] with identifierForTableGroup [store.aurora.entity.UserCoupon.policy] for NavigablePath [store.aurora.entity.UserCoupon.policy] 
2024-12-18T10:31:18.777+09:00 DEBUG 14335 --- [coupon-api] [           main] o.h.q.sqm.sql.BaseSqmToSqlAstConverter   : Determining mapping-model type for SqmParameter : org.hibernate.query.sqm.tree.expression.SqmJpaCriteriaParameterWrapper@3df88502
2024-12-18T10:31:18.777+09:00 DEBUG 14335 --- [coupon-api] [           main] o.h.q.sqm.sql.BaseSqmToSqlAstConverter   : Determining mapping-model type for SqmPath : SqmBasicValuedSimplePath(store.aurora.entity.UserCoupon(48100378336917).userId) 
2024-12-18T10:31:18.778+09:00 DEBUG 14335 --- [coupon-api] [           main] org.hibernate.orm.results.graph.AST      : DomainResult Graph:
 \-EntityResultImpl [store.aurora.entity.UserCoupon(48100378336917)]
 |  +-BasicFetch [store.aurora.entity.UserCoupon(48100378336917).changedDate]
 |  +-BasicFetch [store.aurora.entity.UserCoupon(48100378336917).couponState]
 |  +-BasicFetch [store.aurora.entity.UserCoupon(48100378336917).endDate]
 |  +-EntityDelayedFetchImpl [store.aurora.entity.UserCoupon(48100378336917).policy]
 |  +-BasicFetch [store.aurora.entity.UserCoupon(48100378336917).startDate]
 |  \-BasicFetch [store.aurora.entity.UserCoupon(48100378336917).userId]

2024-12-18T10:31:18.778+09:00 DEBUG 14335 --- [coupon-api] [           main] org.hibernate.orm.sql.ast.tree           : SQL AST Tree:
    SelectStatement {
      FromClause {
        StandardTableGroup (uc1 : store.aurora.entity.UserCoupon(48100378336917)) {
          primaryTableReference : user_coupon as uc1_0
          TableGroupJoins {
            left  join LazyTableGroup (p1 : store.aurora.entity.UserCoupon(48100378336917).policy) {
            }
          }
        }
      }
    }

2024-12-18T10:31:18.778+09:00 DEBUG 14335 --- [coupon-api] [           main] org.hibernate.orm.sql.exec               : Skipping reading Query result cache data: cache-enabled = false, cache-mode = NORMAL
2024-12-18T10:31:18.778+09:00 DEBUG 14335 --- [coupon-api] [           main] org.hibernate.orm.results                : Initializer list:
	  store.aurora.entity.UserCoupon(48100378336917) -> EntityResultInitializer(store.aurora.entity.UserCoupon(48100378336917))@1642004219 (SingleTableEntityPersister(store.aurora.entity.UserCoupon))
	  store.aurora.entity.UserCoupon(48100378336917).policy -> EntityDelayedFetchInitializer(store.aurora.entity.UserCoupon(48100378336917).policy)@1686175966 (ToOneAttributeMapping(NavigableRole[store.aurora.entity.UserCoupon.policy])@296904339)

2024-12-18T10:31:18.778+09:00 DEBUG 14335 --- [coupon-api] [           main] org.hibernate.SQL                        : select uc1_0.coupon_id,uc1_0.change_period,uc1_0.coupon_state,uc1_0.end_date,uc1_0.policy_id,uc1_0.start_date,uc1_0.user_id from user_coupon uc1_0 where uc1_0.user_id=?
Hibernate: select uc1_0.coupon_id,uc1_0.change_period,uc1_0.coupon_state,uc1_0.end_date,uc1_0.policy_id,uc1_0.start_date,uc1_0.user_id from user_coupon uc1_0 where uc1_0.user_id=?
2024-12-18T10:31:18.779+09:00 DEBUG 14335 --- [coupon-api] [           main] org.hibernate.orm.results                : Extracted JDBC value [0] - [7]
2024-12-18T10:31:18.779+09:00 DEBUG 14335 --- [coupon-api] [           main] o.hibernate.orm.results.loading.entity   : (EntityResultInitializer) Hydrated EntityKey (store.aurora.entity.UserCoupon(48100378336917)): 7
2024-12-18T10:31:18.779+09:00 DEBUG 14335 --- [coupon-api] [           main] o.hibernate.orm.results.loading.entity   : (EntityResultInitializer) Created new entity instance [store.aurora.entity.UserCoupon(48100378336917)#7] : 1413808854
2024-12-18T10:31:18.779+09:00 DEBUG 14335 --- [coupon-api] [           main] org.hibernate.orm.results                : Extracted JDBC value [4] - [4]
2024-12-18T10:31:18.779+09:00 DEBUG 14335 --- [coupon-api] [           main] org.hibernate.orm.results                : Extracted JDBC value [1] - [null]
2024-12-18T10:31:18.779+09:00 DEBUG 14335 --- [coupon-api] [           main] org.hibernate.orm.results                : Extracted JDBC value [2] - [USED]
2024-12-18T10:31:18.779+09:00 DEBUG 14335 --- [coupon-api] [           main] org.hibernate.orm.results                : Extracted JDBC value [3] - [2024-12-28]
2024-12-18T10:31:18.779+09:00 DEBUG 14335 --- [coupon-api] [           main] org.hibernate.orm.results                : Extracted JDBC value [5] - [2024-12-13]
2024-12-18T10:31:18.779+09:00 DEBUG 14335 --- [coupon-api] [           main] org.hibernate.orm.results                : Extracted JDBC value [6] - [1]
2024-12-18T10:31:18.780+09:00 DEBUG 14335 --- [coupon-api] [           main] o.hibernate.orm.results.loading.entity   : (EntityResultInitializer) Done materializing entityInstance : store.aurora.entity.UserCoupon(48100378336917)#7
2024-12-18T10:31:18.780+09:00 DEBUG 14335 --- [coupon-api] [           main] org.hibernate.orm.results.loading        : Calling top-level assembler (0 / 1) : org.hibernate.sql.results.graph.entity.internal.EntityAssembler@382e7f70
2024-12-18T10:31:18.782+09:00 DEBUG 14335 --- [coupon-api] [           main] org.springframework.test.context.cache   : Spring test ApplicationContext cache statistics: [DefaultContextCache@47c019d7 size = 1, maxSize = 32, parentContextCount = 0, hitCount = 42, missCount = 1, failureCount = 0]
2024-12-18T10:31:18.784+09:00 DEBUG 14335 --- [coupon-api] [           main] org.springframework.test.context.cache   : Spring test ApplicationContext cache statistics: [DefaultContextCache@47c019d7 size = 1, maxSize = 32, parentContextCount = 0, hitCount = 43, missCount = 1, failureCount = 0]
2024-12-18T10:31:18.784+09:00 DEBUG 14335 --- [coupon-api] [           main] org.springframework.test.context.cache   : Spring test ApplicationContext cache statistics: [DefaultContextCache@47c019d7 size = 1, maxSize = 32, parentContextCount = 0, hitCount = 44, missCount = 1, failureCount = 0]
2024-12-18T10:31:18.784+09:00 DEBUG 14335 --- [coupon-api] [           main] org.springframework.test.context.cache   : Spring test ApplicationContext cache statistics: [DefaultContextCache@47c019d7 size = 1, maxSize = 32, parentContextCount = 0, hitCount = 45, missCount = 1, failureCount = 0]
2024-12-18T10:31:18.784+09:00 DEBUG 14335 --- [coupon-api] [           main] org.springframework.test.context.cache   : Spring test ApplicationContext cache statistics: [DefaultContextCache@47c019d7 size = 1, maxSize = 32, parentContextCount = 0, hitCount = 46, missCount = 1, failureCount = 0]
2024-12-18T10:31:18.786+09:00 DEBUG 14335 --- [coupon-api] [           main] org.springframework.test.context.cache   : Spring test ApplicationContext cache statistics: [DefaultContextCache@47c019d7 size = 1, maxSize = 32, parentContextCount = 0, hitCount = 47, missCount = 1, failureCount = 0]
2024-12-18T10:31:18.786+09:00 DEBUG 14335 --- [coupon-api] [           main] o.s.orm.jpa.JpaTransactionManager        : Initiating transaction rollback
2024-12-18T10:31:18.786+09:00 DEBUG 14335 --- [coupon-api] [           main] o.s.orm.jpa.JpaTransactionManager        : Rolling back JPA transaction on EntityManager [SessionImpl(1364999634<open>)]
2024-12-18T10:31:18.786+09:00 DEBUG 14335 --- [coupon-api] [           main] o.h.e.t.internal.TransactionImpl         : rolling back
2024-12-18T10:31:18.788+09:00 DEBUG 14335 --- [coupon-api] [           main] o.s.orm.jpa.JpaTransactionManager        : Closing JPA EntityManager [SessionImpl(1364999634<open>)] after transaction
2024-12-18T10:31:18.789+09:00 DEBUG 14335 --- [coupon-api] [           main] o.s.t.c.transaction.TransactionContext   : Rolled back transaction (1) for test class [store.aurora.CouponRepositoryTest]; test method [testUpdateCouponAttributesByUserIds]
2024-12-18T10:31:18.790+09:00 DEBUG 14335 --- [coupon-api] [           main] .c.s.DirtiesContextTestExecutionListener : After test method: class [CouponRepositoryTest], method [testUpdateCouponAttributesByUserIds], class annotated with @DirtiesContext [false] with mode [null], method annotated with @DirtiesContext [false] with mode [null]
]]></system-out>
  </testcase>
  <testcase name="testDeleteExpiredCoupons" classname="store.aurora.CouponRepositoryTest" time="0.043">
    <system-out><![CDATA[2024-12-18T10:31:18.791+09:00 DEBUG 14335 --- [coupon-api] [           main] DependencyInjectionTestExecutionListener : Performing dependency injection for test class store.aurora.CouponRepositoryTest
2024-12-18T10:31:18.791+09:00 DEBUG 14335 --- [coupon-api] [           main] org.springframework.test.context.cache   : Spring test ApplicationContext cache statistics: [DefaultContextCache@47c019d7 size = 1, maxSize = 32, parentContextCount = 0, hitCount = 48, missCount = 1, failureCount = 0]
2024-12-18T10:31:18.792+09:00 DEBUG 14335 --- [coupon-api] [           main] org.springframework.test.context.cache   : Spring test ApplicationContext cache statistics: [DefaultContextCache@47c019d7 size = 1, maxSize = 32, parentContextCount = 0, hitCount = 49, missCount = 1, failureCount = 0]
2024-12-18T10:31:18.793+09:00 DEBUG 14335 --- [coupon-api] [           main] sContextBeforeModesTestExecutionListener : Before test method: class [CouponRepositoryTest], method [testDeleteExpiredCoupons], class annotated with @DirtiesContext [false] with mode [null], method annotated with @DirtiesContext [false] with mode [null]
2024-12-18T10:31:18.793+09:00 DEBUG 14335 --- [coupon-api] [           main] t.c.t.TransactionalTestExecutionListener : Explicit transaction definition [PROPAGATION_REQUIRED,ISOLATION_DEFAULT] found for test class [store.aurora.CouponRepositoryTest] and test method [testDeleteExpiredCoupons]
2024-12-18T10:31:18.793+09:00 DEBUG 14335 --- [coupon-api] [           main] org.springframework.test.context.cache   : Spring test ApplicationContext cache statistics: [DefaultContextCache@47c019d7 size = 1, maxSize = 32, parentContextCount = 0, hitCount = 50, missCount = 1, failureCount = 0]
2024-12-18T10:31:18.793+09:00 DEBUG 14335 --- [coupon-api] [           main] t.c.t.TransactionalTestExecutionListener : No method-level @Rollback override: using default rollback [true] for test method [void store.aurora.CouponRepositoryTest.testDeleteExpiredCoupons()]
2024-12-18T10:31:18.793+09:00 DEBUG 14335 --- [coupon-api] [           main] o.s.orm.jpa.JpaTransactionManager        : Creating new transaction with name [store.aurora.CouponRepositoryTest.testDeleteExpiredCoupons]: PROPAGATION_REQUIRED,ISOLATION_DEFAULT
2024-12-18T10:31:18.793+09:00 DEBUG 14335 --- [coupon-api] [           main] o.s.orm.jpa.JpaTransactionManager        : Opened new EntityManager [SessionImpl(648155246<open>)] for JPA transaction
2024-12-18T10:31:18.793+09:00 DEBUG 14335 --- [coupon-api] [           main] o.h.e.t.internal.TransactionImpl         : On TransactionImpl creation, JpaCompliance#isJpaTransactionComplianceEnabled == false
2024-12-18T10:31:18.793+09:00 DEBUG 14335 --- [coupon-api] [           main] o.h.e.t.internal.TransactionImpl         : begin
2024-12-18T10:31:18.793+09:00 DEBUG 14335 --- [coupon-api] [           main] o.s.j.datasource.SimpleDriverDataSource  : Creating new JDBC Driver Connection to [jdbc:h2:mem:c3b79b7d-e3f9-425b-a5f5-d700e326368f;DB_CLOSE_DELAY=-1;DB_CLOSE_ON_EXIT=false]
2024-12-18T10:31:18.795+09:00 DEBUG 14335 --- [coupon-api] [           main] o.s.orm.jpa.JpaTransactionManager        : Exposing JPA transaction as JDBC [org.springframework.orm.jpa.vendor.HibernateJpaDialect$HibernateConnectionHandle@23c95292]
2024-12-18T10:31:18.795+09:00 DEBUG 14335 --- [coupon-api] [           main] o.s.t.c.transaction.TransactionContext   : Began transaction (1) for test class [store.aurora.CouponRepositoryTest]; test method [testDeleteExpiredCoupons]; transaction manager [org.springframework.orm.jpa.JpaTransactionManager@4e25282d]; rollback [true]
2024-12-18T10:31:18.795+09:00 DEBUG 14335 --- [coupon-api] [           main] org.springframework.test.context.cache   : Spring test ApplicationContext cache statistics: [DefaultContextCache@47c019d7 size = 1, maxSize = 32, parentContextCount = 0, hitCount = 51, missCount = 1, failureCount = 0]
2024-12-18T10:31:18.795+09:00 DEBUG 14335 --- [coupon-api] [           main] org.springframework.test.context.cache   : Spring test ApplicationContext cache statistics: [DefaultContextCache@47c019d7 size = 1, maxSize = 32, parentContextCount = 0, hitCount = 52, missCount = 1, failureCount = 0]
2024-12-18T10:31:18.797+09:00 DEBUG 14335 --- [coupon-api] [           main] o.s.orm.jpa.JpaTransactionManager        : Found thread-bound EntityManager [SessionImpl(648155246<open>)] for JPA transaction
2024-12-18T10:31:18.797+09:00 DEBUG 14335 --- [coupon-api] [           main] o.s.orm.jpa.JpaTransactionManager        : Participating in existing transaction
2024-12-18T10:31:18.797+09:00 DEBUG 14335 --- [coupon-api] [           main] o.h.j.internal.PersistenceUnitUtilImpl   : jakarta.persistence.PersistenceUnitUtil.getIdentifier is only intended to work with enhanced entities (although Hibernate also adapts this support to its proxies); however the passed entity was not enhanced (nor a proxy).. may not be able to read identifier
2024-12-18T10:31:18.797+09:00 DEBUG 14335 --- [coupon-api] [           main] org.hibernate.engine.spi.ActionQueue     : Executing identity-insert immediately
2024-12-18T10:31:18.798+09:00 DEBUG 14335 --- [coupon-api] [           main] org.hibernate.SQL                        : insert into discount_rule (max_sale,need_cost,sale_amount,sale_percent,discount_id) values (?,?,?,?,default)
Hibernate: insert into discount_rule (max_sale,need_cost,sale_amount,sale_percent,discount_id) values (?,?,?,?,default)
2024-12-18T10:31:18.801+09:00 DEBUG 14335 --- [coupon-api] [           main] org.hibernate.orm.results                : Initializer list is empty
2024-12-18T10:31:18.802+09:00 DEBUG 14335 --- [coupon-api] [           main] org.hibernate.orm.results.loading        : Calling top-level assembler (0 / 1) : org.hibernate.sql.results.graph.basic.BasicResultAssembler@3b035d0c
2024-12-18T10:31:18.802+09:00 DEBUG 14335 --- [coupon-api] [           main] org.hibernate.orm.results                : Extracted JDBC value [0] - [5]
2024-12-18T10:31:18.802+09:00 DEBUG 14335 --- [coupon-api] [           main] o.h.id.IdentifierGeneratorHelper         : Extracted generated values [store.aurora.entity.DiscountRule]: [Ljava.lang.Object;@304f4888
2024-12-18T10:31:18.805+09:00 DEBUG 14335 --- [coupon-api] [           main] o.s.orm.jpa.JpaTransactionManager        : Found thread-bound EntityManager [SessionImpl(648155246<open>)] for JPA transaction
2024-12-18T10:31:18.805+09:00 DEBUG 14335 --- [coupon-api] [           main] o.s.orm.jpa.JpaTransactionManager        : Participating in existing transaction
2024-12-18T10:31:18.805+09:00 DEBUG 14335 --- [coupon-api] [           main] o.h.j.internal.PersistenceUnitUtilImpl   : jakarta.persistence.PersistenceUnitUtil.getIdentifier is only intended to work with enhanced entities (although Hibernate also adapts this support to its proxies); however the passed entity was not enhanced (nor a proxy).. may not be able to read identifier
2024-12-18T10:31:18.805+09:00 DEBUG 14335 --- [coupon-api] [           main] org.hibernate.engine.spi.ActionQueue     : Executing identity-insert immediately
2024-12-18T10:31:18.806+09:00 DEBUG 14335 --- [coupon-api] [           main] org.hibernate.SQL                        : insert into coupon_policy (discount_id,policy_name,sale_type,policy_id) values (?,?,?,default)
Hibernate: insert into coupon_policy (discount_id,policy_name,sale_type,policy_id) values (?,?,?,default)
2024-12-18T10:31:18.807+09:00 DEBUG 14335 --- [coupon-api] [           main] org.hibernate.orm.results                : Initializer list is empty
2024-12-18T10:31:18.808+09:00 DEBUG 14335 --- [coupon-api] [           main] org.hibernate.orm.results.loading        : Calling top-level assembler (0 / 1) : org.hibernate.sql.results.graph.basic.BasicResultAssembler@13448d2d
2024-12-18T10:31:18.808+09:00 DEBUG 14335 --- [coupon-api] [           main] org.hibernate.orm.results                : Extracted JDBC value [0] - [5]
2024-12-18T10:31:18.808+09:00 DEBUG 14335 --- [coupon-api] [           main] o.h.id.IdentifierGeneratorHelper         : Extracted generated values [store.aurora.entity.CouponPolicy]: [Ljava.lang.Object;@3444ac8f
2024-12-18T10:31:18.808+09:00 DEBUG 14335 --- [coupon-api] [           main] o.s.orm.jpa.JpaTransactionManager        : Found thread-bound EntityManager [SessionImpl(648155246<open>)] for JPA transaction
2024-12-18T10:31:18.808+09:00 DEBUG 14335 --- [coupon-api] [           main] o.s.orm.jpa.JpaTransactionManager        : Participating in existing transaction
2024-12-18T10:31:18.808+09:00 DEBUG 14335 --- [coupon-api] [           main] o.h.j.internal.PersistenceUnitUtilImpl   : jakarta.persistence.PersistenceUnitUtil.getIdentifier is only intended to work with enhanced entities (although Hibernate also adapts this support to its proxies); however the passed entity was not enhanced (nor a proxy).. may not be able to read identifier
2024-12-18T10:31:18.808+09:00 DEBUG 14335 --- [coupon-api] [           main] org.hibernate.engine.spi.ActionQueue     : Executing identity-insert immediately
2024-12-18T10:31:18.808+09:00 DEBUG 14335 --- [coupon-api] [           main] org.hibernate.SQL                        : insert into user_coupon (change_period,coupon_state,end_date,policy_id,start_date,user_id,coupon_id) values (?,?,?,?,?,?,default)
Hibernate: insert into user_coupon (change_period,coupon_state,end_date,policy_id,start_date,user_id,coupon_id) values (?,?,?,?,?,?,default)
2024-12-18T10:31:18.810+09:00 DEBUG 14335 --- [coupon-api] [           main] org.hibernate.orm.results                : Initializer list is empty
2024-12-18T10:31:18.810+09:00 DEBUG 14335 --- [coupon-api] [           main] org.hibernate.orm.results.loading        : Calling top-level assembler (0 / 1) : org.hibernate.sql.results.graph.basic.BasicResultAssembler@7ab5b01a
2024-12-18T10:31:18.810+09:00 DEBUG 14335 --- [coupon-api] [           main] org.hibernate.orm.results                : Extracted JDBC value [0] - [9]
2024-12-18T10:31:18.810+09:00 DEBUG 14335 --- [coupon-api] [           main] o.h.id.IdentifierGeneratorHelper         : Extracted generated values [store.aurora.entity.UserCoupon]: [Ljava.lang.Object;@25fa5c0c
2024-12-18T10:31:18.810+09:00 DEBUG 14335 --- [coupon-api] [           main] o.s.orm.jpa.JpaTransactionManager        : Found thread-bound EntityManager [SessionImpl(648155246<open>)] for JPA transaction
2024-12-18T10:31:18.810+09:00 DEBUG 14335 --- [coupon-api] [           main] o.s.orm.jpa.JpaTransactionManager        : Participating in existing transaction
2024-12-18T10:31:18.810+09:00 DEBUG 14335 --- [coupon-api] [           main] o.h.j.internal.PersistenceUnitUtilImpl   : jakarta.persistence.PersistenceUnitUtil.getIdentifier is only intended to work with enhanced entities (although Hibernate also adapts this support to its proxies); however the passed entity was not enhanced (nor a proxy).. may not be able to read identifier
2024-12-18T10:31:18.811+09:00 DEBUG 14335 --- [coupon-api] [           main] org.hibernate.engine.spi.ActionQueue     : Executing identity-insert immediately
2024-12-18T10:31:18.811+09:00 DEBUG 14335 --- [coupon-api] [           main] org.hibernate.SQL                        : insert into user_coupon (change_period,coupon_state,end_date,policy_id,start_date,user_id,coupon_id) values (?,?,?,?,?,?,default)
Hibernate: insert into user_coupon (change_period,coupon_state,end_date,policy_id,start_date,user_id,coupon_id) values (?,?,?,?,?,?,default)
2024-12-18T10:31:18.811+09:00 DEBUG 14335 --- [coupon-api] [           main] org.hibernate.orm.results                : Initializer list is empty
2024-12-18T10:31:18.811+09:00 DEBUG 14335 --- [coupon-api] [           main] org.hibernate.orm.results.loading        : Calling top-level assembler (0 / 1) : org.hibernate.sql.results.graph.basic.BasicResultAssembler@30f74965
2024-12-18T10:31:18.811+09:00 DEBUG 14335 --- [coupon-api] [           main] org.hibernate.orm.results                : Extracted JDBC value [0] - [10]
2024-12-18T10:31:18.811+09:00 DEBUG 14335 --- [coupon-api] [           main] o.h.id.IdentifierGeneratorHelper         : Extracted generated values [store.aurora.entity.UserCoupon]: [Ljava.lang.Object;@65c75870
2024-12-18T10:31:18.813+09:00 DEBUG 14335 --- [coupon-api] [           main] org.springframework.test.context.cache   : Spring test ApplicationContext cache statistics: [DefaultContextCache@47c019d7 size = 1, maxSize = 32, parentContextCount = 0, hitCount = 53, missCount = 1, failureCount = 0]
2024-12-18T10:31:18.814+09:00 DEBUG 14335 --- [coupon-api] [           main] o.s.orm.jpa.JpaTransactionManager        : Found thread-bound EntityManager [SessionImpl(648155246<open>)] for JPA transaction
2024-12-18T10:31:18.814+09:00 DEBUG 14335 --- [coupon-api] [           main] o.s.orm.jpa.JpaTransactionManager        : Participating in existing transaction
2024-12-18T10:31:18.817+09:00 DEBUG 14335 --- [coupon-api] [           main] org.hibernate.orm.sql.ast.create         : Created new SQL alias : uc1_0
2024-12-18T10:31:18.817+09:00 DEBUG 14335 --- [coupon-api] [           main] org.hibernate.orm.sql.ast.create         : Registration of TableGroup [StandardTableGroup(store.aurora.entity.UserCoupon(u))] with identifierForTableGroup [store.aurora.entity.UserCoupon] for NavigablePath [store.aurora.entity.UserCoupon] 
2024-12-18T10:31:18.818+09:00 DEBUG 14335 --- [coupon-api] [           main] o.h.q.sqm.sql.BaseSqmToSqlAstConverter   : Determining mapping-model type for SqmParameter : SqmNamedParameter(usedState)
2024-12-18T10:31:18.818+09:00 DEBUG 14335 --- [coupon-api] [           main] o.h.q.sqm.sql.BaseSqmToSqlAstConverter   : Determining mapping-model type for SqmPath : SqmBasicValuedSimplePath(store.aurora.entity.UserCoupon(u).couponState) 
2024-12-18T10:31:18.819+09:00 DEBUG 14335 --- [coupon-api] [           main] o.h.q.sqm.sql.BaseSqmToSqlAstConverter   : Determining mapping-model type for SqmParameter : SqmNamedParameter(timeoutState)
2024-12-18T10:31:18.819+09:00 DEBUG 14335 --- [coupon-api] [           main] o.h.q.sqm.sql.BaseSqmToSqlAstConverter   : Determining mapping-model type for SqmPath : SqmBasicValuedSimplePath(store.aurora.entity.UserCoupon(u).couponState) 
2024-12-18T10:31:18.819+09:00 DEBUG 14335 --- [coupon-api] [           main] o.h.q.sqm.sql.BaseSqmToSqlAstConverter   : Determining mapping-model type for SqmParameter : SqmNamedParameter(ninetyDaysAgo)
2024-12-18T10:31:18.819+09:00 DEBUG 14335 --- [coupon-api] [           main] o.h.q.sqm.sql.BaseSqmToSqlAstConverter   : Determining mapping-model type for SqmPath : SqmBasicValuedSimplePath(store.aurora.entity.UserCoupon(u).changedDate) 
2024-12-18T10:31:18.823+09:00 DEBUG 14335 --- [coupon-api] [           main] o.h.e.i.AbstractFlushingEventListener    : Processing flush-time cascades
2024-12-18T10:31:18.824+09:00 DEBUG 14335 --- [coupon-api] [           main] o.h.e.i.AbstractFlushingEventListener    : Dirty checking collections
2024-12-18T10:31:18.824+09:00 DEBUG 14335 --- [coupon-api] [           main] o.h.e.i.AbstractFlushingEventListener    : Flushed: 0 insertions, 0 updates, 0 deletions to 4 objects
2024-12-18T10:31:18.824+09:00 DEBUG 14335 --- [coupon-api] [           main] o.h.e.i.AbstractFlushingEventListener    : Flushed: 0 (re)creations, 0 updates, 0 removals to 0 collections
2024-12-18T10:31:18.824+09:00 DEBUG 14335 --- [coupon-api] [           main] o.hibernate.internal.util.EntityPrinter  : Listing entities:
2024-12-18T10:31:18.825+09:00 DEBUG 14335 --- [coupon-api] [           main] o.hibernate.internal.util.EntityPrinter  : store.aurora.entity.UserCoupon{changedDate=null, endDate=2024-12-17, couponId=9, userId=1, startDate=2024-12-08, couponState=LIVE, policy=store.aurora.entity.CouponPolicy#5}
2024-12-18T10:31:18.825+09:00 DEBUG 14335 --- [coupon-api] [           main] o.hibernate.internal.util.EntityPrinter  : store.aurora.entity.UserCoupon{changedDate=null, endDate=2024-12-23, couponId=10, userId=2, startDate=2024-12-08, couponState=LIVE, policy=store.aurora.entity.CouponPolicy#5}
2024-12-18T10:31:18.825+09:00 DEBUG 14335 --- [coupon-api] [           main] o.hibernate.internal.util.EntityPrinter  : store.aurora.entity.CouponPolicy{saleType=AMOUNT, name=Test Policy, id=5, discountRule=store.aurora.entity.DiscountRule#5}
2024-12-18T10:31:18.825+09:00 DEBUG 14335 --- [coupon-api] [           main] o.hibernate.internal.util.EntityPrinter  : store.aurora.entity.DiscountRule{saleAmount=10000, needCost=null, maxSale=null, salePercent=null, id=5}
2024-12-18T10:31:18.825+09:00 DEBUG 14335 --- [coupon-api] [           main] org.hibernate.SQL                        : delete from user_coupon uc1_0 where uc1_0.coupon_state in (?,?) and uc1_0.change_period<?
Hibernate: delete from user_coupon uc1_0 where uc1_0.coupon_state in (?,?) and uc1_0.change_period<?
2024-12-18T10:31:18.827+09:00 DEBUG 14335 --- [coupon-api] [           main] o.h.e.i.AbstractFlushingEventListener    : Processing flush-time cascades
2024-12-18T10:31:18.827+09:00 DEBUG 14335 --- [coupon-api] [           main] o.h.e.i.AbstractFlushingEventListener    : Dirty checking collections
2024-12-18T10:31:18.827+09:00 DEBUG 14335 --- [coupon-api] [           main] o.h.e.i.AbstractFlushingEventListener    : Flushed: 0 insertions, 0 updates, 0 deletions to 4 objects
2024-12-18T10:31:18.827+09:00 DEBUG 14335 --- [coupon-api] [           main] o.h.e.i.AbstractFlushingEventListener    : Flushed: 0 (re)creations, 0 updates, 0 removals to 0 collections
2024-12-18T10:31:18.827+09:00 DEBUG 14335 --- [coupon-api] [           main] o.hibernate.internal.util.EntityPrinter  : Listing entities:
2024-12-18T10:31:18.827+09:00 DEBUG 14335 --- [coupon-api] [           main] o.hibernate.internal.util.EntityPrinter  : store.aurora.entity.UserCoupon{changedDate=null, endDate=2024-12-17, couponId=9, userId=1, startDate=2024-12-08, couponState=LIVE, policy=store.aurora.entity.CouponPolicy#5}
2024-12-18T10:31:18.827+09:00 DEBUG 14335 --- [coupon-api] [           main] o.hibernate.internal.util.EntityPrinter  : store.aurora.entity.UserCoupon{changedDate=null, endDate=2024-12-23, couponId=10, userId=2, startDate=2024-12-08, couponState=LIVE, policy=store.aurora.entity.CouponPolicy#5}
2024-12-18T10:31:18.827+09:00 DEBUG 14335 --- [coupon-api] [           main] o.hibernate.internal.util.EntityPrinter  : store.aurora.entity.CouponPolicy{saleType=AMOUNT, name=Test Policy, id=5, discountRule=store.aurora.entity.DiscountRule#5}
2024-12-18T10:31:18.828+09:00 DEBUG 14335 --- [coupon-api] [           main] o.hibernate.internal.util.EntityPrinter  : store.aurora.entity.DiscountRule{saleAmount=10000, needCost=null, maxSale=null, salePercent=null, id=5}
2024-12-18T10:31:18.828+09:00 DEBUG 14335 --- [coupon-api] [           main] o.s.orm.jpa.JpaTransactionManager        : Found thread-bound EntityManager [SessionImpl(648155246<open>)] for JPA transaction
2024-12-18T10:31:18.828+09:00 DEBUG 14335 --- [coupon-api] [           main] o.s.orm.jpa.JpaTransactionManager        : Participating in existing transaction
2024-12-18T10:31:18.829+09:00 DEBUG 14335 --- [coupon-api] [           main] org.hibernate.orm.sql.ast.create         : Created new SQL alias : uc1_0
2024-12-18T10:31:18.829+09:00 DEBUG 14335 --- [coupon-api] [           main] org.hibernate.orm.sql.ast.create         : Registration of TableGroup [StandardTableGroup(store.aurora.entity.UserCoupon(48102396858625))] with identifierForTableGroup [store.aurora.entity.UserCoupon] for NavigablePath [store.aurora.entity.UserCoupon] 
2024-12-18T10:31:18.829+09:00 DEBUG 14335 --- [coupon-api] [           main] org.hibernate.orm.sql.ast.create         : Registration of TableGroup [org.hibernate.sql.ast.tree.from.LazyTableGroup@2e78213c] with identifierForTableGroup [store.aurora.entity.UserCoupon.policy] for NavigablePath [store.aurora.entity.UserCoupon.policy] 
2024-12-18T10:31:18.829+09:00 DEBUG 14335 --- [coupon-api] [           main] org.hibernate.orm.results.graph.AST      : DomainResult Graph:
 \-EntityResultImpl [store.aurora.entity.UserCoupon(48102396858625)]
 |  +-BasicFetch [store.aurora.entity.UserCoupon(48102396858625).changedDate]
 |  +-BasicFetch [store.aurora.entity.UserCoupon(48102396858625).couponState]
 |  +-BasicFetch [store.aurora.entity.UserCoupon(48102396858625).endDate]
 |  +-EntityDelayedFetchImpl [store.aurora.entity.UserCoupon(48102396858625).policy]
 |  +-BasicFetch [store.aurora.entity.UserCoupon(48102396858625).startDate]
 |  \-BasicFetch [store.aurora.entity.UserCoupon(48102396858625).userId]

2024-12-18T10:31:18.829+09:00 DEBUG 14335 --- [coupon-api] [           main] org.hibernate.orm.sql.ast.tree           : SQL AST Tree:
    SelectStatement {
      FromClause {
        StandardTableGroup (uc1 : store.aurora.entity.UserCoupon(48102396858625)) {
          primaryTableReference : user_coupon as uc1_0
          TableGroupJoins {
            left  join LazyTableGroup (p1 : store.aurora.entity.UserCoupon(48102396858625).policy) {
            }
          }
        }
      }
    }

2024-12-18T10:31:18.829+09:00 DEBUG 14335 --- [coupon-api] [           main] org.hibernate.orm.sql.exec               : Skipping reading Query result cache data: cache-enabled = false, cache-mode = NORMAL
2024-12-18T10:31:18.829+09:00 DEBUG 14335 --- [coupon-api] [           main] org.hibernate.orm.results                : Initializer list:
	  store.aurora.entity.UserCoupon(48102396858625) -> EntityResultInitializer(store.aurora.entity.UserCoupon(48102396858625))@2042923733 (SingleTableEntityPersister(store.aurora.entity.UserCoupon))
	  store.aurora.entity.UserCoupon(48102396858625).policy -> EntityDelayedFetchInitializer(store.aurora.entity.UserCoupon(48102396858625).policy)@970274668 (ToOneAttributeMapping(NavigableRole[store.aurora.entity.UserCoupon.policy])@296904339)

2024-12-18T10:31:18.829+09:00 DEBUG 14335 --- [coupon-api] [           main] org.hibernate.SQL                        : select uc1_0.coupon_id,uc1_0.change_period,uc1_0.coupon_state,uc1_0.end_date,uc1_0.policy_id,uc1_0.start_date,uc1_0.user_id from user_coupon uc1_0
Hibernate: select uc1_0.coupon_id,uc1_0.change_period,uc1_0.coupon_state,uc1_0.end_date,uc1_0.policy_id,uc1_0.start_date,uc1_0.user_id from user_coupon uc1_0
2024-12-18T10:31:18.830+09:00 DEBUG 14335 --- [coupon-api] [           main] org.hibernate.orm.results                : Extracted JDBC value [0] - [9]
2024-12-18T10:31:18.830+09:00 DEBUG 14335 --- [coupon-api] [           main] o.hibernate.orm.results.loading.entity   : (EntityResultInitializer) Hydrated EntityKey (store.aurora.entity.UserCoupon(48102396858625)): 9
2024-12-18T10:31:18.830+09:00 DEBUG 14335 --- [coupon-api] [           main] o.hibernate.orm.results.loading.entity   : (EntityResultInitializer) Created new entity instance [store.aurora.entity.UserCoupon(48102396858625)#9] : 302757301
2024-12-18T10:31:18.830+09:00 DEBUG 14335 --- [coupon-api] [           main] org.hibernate.orm.results                : Extracted JDBC value [4] - [5]
2024-12-18T10:31:18.830+09:00 DEBUG 14335 --- [coupon-api] [           main] org.hibernate.orm.results                : Extracted JDBC value [1] - [null]
2024-12-18T10:31:18.830+09:00 DEBUG 14335 --- [coupon-api] [           main] org.hibernate.orm.results                : Extracted JDBC value [2] - [LIVE]
2024-12-18T10:31:18.830+09:00 DEBUG 14335 --- [coupon-api] [           main] org.hibernate.orm.results                : Extracted JDBC value [3] - [2024-12-17]
2024-12-18T10:31:18.831+09:00 DEBUG 14335 --- [coupon-api] [           main] org.hibernate.orm.results                : Extracted JDBC value [5] - [2024-12-08]
2024-12-18T10:31:18.831+09:00 DEBUG 14335 --- [coupon-api] [           main] org.hibernate.orm.results                : Extracted JDBC value [6] - [1]
2024-12-18T10:31:18.831+09:00 DEBUG 14335 --- [coupon-api] [           main] o.hibernate.orm.results.loading.entity   : (EntityResultInitializer) Done materializing entityInstance : store.aurora.entity.UserCoupon(48102396858625)#9
2024-12-18T10:31:18.831+09:00 DEBUG 14335 --- [coupon-api] [           main] org.hibernate.orm.results.loading        : Calling top-level assembler (0 / 1) : org.hibernate.sql.results.graph.entity.internal.EntityAssembler@2f59ecf
2024-12-18T10:31:18.831+09:00 DEBUG 14335 --- [coupon-api] [           main] org.hibernate.orm.results                : Extracted JDBC value [0] - [10]
2024-12-18T10:31:18.831+09:00 DEBUG 14335 --- [coupon-api] [           main] o.hibernate.orm.results.loading.entity   : (EntityResultInitializer) Hydrated EntityKey (store.aurora.entity.UserCoupon(48102396858625)): 10
2024-12-18T10:31:18.831+09:00 DEBUG 14335 --- [coupon-api] [           main] o.hibernate.orm.results.loading.entity   : (EntityResultInitializer) Created new entity instance [store.aurora.entity.UserCoupon(48102396858625)#10] : 2006507157
2024-12-18T10:31:18.831+09:00 DEBUG 14335 --- [coupon-api] [           main] org.hibernate.orm.results                : Extracted JDBC value [4] - [5]
2024-12-18T10:31:18.831+09:00 DEBUG 14335 --- [coupon-api] [           main] org.hibernate.orm.results                : Extracted JDBC value [1] - [null]
2024-12-18T10:31:18.831+09:00 DEBUG 14335 --- [coupon-api] [           main] org.hibernate.orm.results                : Extracted JDBC value [2] - [LIVE]
2024-12-18T10:31:18.832+09:00 DEBUG 14335 --- [coupon-api] [           main] org.hibernate.orm.results                : Extracted JDBC value [3] - [2024-12-23]
2024-12-18T10:31:18.832+09:00 DEBUG 14335 --- [coupon-api] [           main] org.hibernate.orm.results                : Extracted JDBC value [5] - [2024-12-08]
2024-12-18T10:31:18.832+09:00 DEBUG 14335 --- [coupon-api] [           main] org.hibernate.orm.results                : Extracted JDBC value [6] - [2]
2024-12-18T10:31:18.832+09:00 DEBUG 14335 --- [coupon-api] [           main] o.hibernate.orm.results.loading.entity   : (EntityResultInitializer) Done materializing entityInstance : store.aurora.entity.UserCoupon(48102396858625)#10
2024-12-18T10:31:18.832+09:00 DEBUG 14335 --- [coupon-api] [           main] org.hibernate.orm.results.loading        : Calling top-level assembler (0 / 1) : org.hibernate.sql.results.graph.entity.internal.EntityAssembler@2f59ecf
2024-12-18T10:31:18.832+09:00 DEBUG 14335 --- [coupon-api] [           main] org.springframework.test.context.cache   : Spring test ApplicationContext cache statistics: [DefaultContextCache@47c019d7 size = 1, maxSize = 32, parentContextCount = 0, hitCount = 54, missCount = 1, failureCount = 0]
2024-12-18T10:31:18.832+09:00 DEBUG 14335 --- [coupon-api] [           main] org.springframework.test.context.cache   : Spring test ApplicationContext cache statistics: [DefaultContextCache@47c019d7 size = 1, maxSize = 32, parentContextCount = 0, hitCount = 55, missCount = 1, failureCount = 0]
2024-12-18T10:31:18.833+09:00 DEBUG 14335 --- [coupon-api] [           main] org.springframework.test.context.cache   : Spring test ApplicationContext cache statistics: [DefaultContextCache@47c019d7 size = 1, maxSize = 32, parentContextCount = 0, hitCount = 56, missCount = 1, failureCount = 0]
2024-12-18T10:31:18.833+09:00 DEBUG 14335 --- [coupon-api] [           main] org.springframework.test.context.cache   : Spring test ApplicationContext cache statistics: [DefaultContextCache@47c019d7 size = 1, maxSize = 32, parentContextCount = 0, hitCount = 57, missCount = 1, failureCount = 0]
2024-12-18T10:31:18.833+09:00 DEBUG 14335 --- [coupon-api] [           main] org.springframework.test.context.cache   : Spring test ApplicationContext cache statistics: [DefaultContextCache@47c019d7 size = 1, maxSize = 32, parentContextCount = 0, hitCount = 58, missCount = 1, failureCount = 0]
2024-12-18T10:31:18.833+09:00 DEBUG 14335 --- [coupon-api] [           main] org.springframework.test.context.cache   : Spring test ApplicationContext cache statistics: [DefaultContextCache@47c019d7 size = 1, maxSize = 32, parentContextCount = 0, hitCount = 59, missCount = 1, failureCount = 0]
2024-12-18T10:31:18.833+09:00 DEBUG 14335 --- [coupon-api] [           main] o.s.orm.jpa.JpaTransactionManager        : Initiating transaction rollback
2024-12-18T10:31:18.833+09:00 DEBUG 14335 --- [coupon-api] [           main] o.s.orm.jpa.JpaTransactionManager        : Rolling back JPA transaction on EntityManager [SessionImpl(648155246<open>)]
2024-12-18T10:31:18.833+09:00 DEBUG 14335 --- [coupon-api] [           main] o.h.e.t.internal.TransactionImpl         : rolling back
2024-12-18T10:31:18.835+09:00 DEBUG 14335 --- [coupon-api] [           main] o.s.orm.jpa.JpaTransactionManager        : Closing JPA EntityManager [SessionImpl(648155246<open>)] after transaction
2024-12-18T10:31:18.835+09:00 DEBUG 14335 --- [coupon-api] [           main] o.s.t.c.transaction.TransactionContext   : Rolled back transaction (1) for test class [store.aurora.CouponRepositoryTest]; test method [testDeleteExpiredCoupons]
2024-12-18T10:31:18.835+09:00 DEBUG 14335 --- [coupon-api] [           main] .c.s.DirtiesContextTestExecutionListener : After test method: class [CouponRepositoryTest], method [testDeleteExpiredCoupons], class annotated with @DirtiesContext [false] with mode [null], method annotated with @DirtiesContext [false] with mode [null]
]]></system-out>
  </testcase>
</testsuite>